[46303:46357:0927/022641.445912:ERROR:bus.cc(399)] Failed to connect to the bus: Failed to connect to socket /var/run/dbus/system_bus_socket: No such file or directory
[46303:46357:0927/022641.446076:ERROR:bus.cc(399)] Failed to connect to the bus: Failed to connect to socket /var/run/dbus/system_bus_socket: No such file or directory
[46303:46356:0927/022641.450433:ERROR:bus.cc(399)] Failed to connect to the bus: Could not parse server address: Unknown address type (examples of valid types are "tcp" and on UNIX "unix")
[46303:46356:0927/022641.450485:ERROR:bus.cc(399)] Failed to connect to the bus: Could not parse server address: Unknown address type (examples of valid types are "tcp" and on UNIX "unix")
[46303:46303:0927/022641.462730:ERROR:network_service_instance_impl.cc(459)] Deprecated value for --net-log-capture-mode. Use IncludeSensitive instead
[46365:46365:0927/022641.470736:WARNING:angle_platform_impl.cc(48)] vk_utils.cpp:353 (GetAvailableValidationLayers): Vulkan validation layers are missing.
[46303:46303:0927/022641.480266:WARNING:account_consistency_mode_manager.cc(70)] Desktop Identity Consistency cannot be enabled as no OAuth client ID and client secret have been configured.
[46303:46356:0927/022641.488033:ERROR:bus.cc(399)] Failed to connect to the bus: Could not parse server address: Unknown address type (examples of valid types are "tcp" and on UNIX "unix")
[46303:46356:0927/022641.488089:ERROR:bus.cc(399)] Failed to connect to the bus: Could not parse server address: Unknown address type (examples of valid types are "tcp" and on UNIX "unix")
[46365:46365:0927/022641.511210:WARNING:sandbox_linux.cc(380)] InitializeSandbox() called with multiple threads in process gpu-process.
[46303:46356:0927/022641.540636:ERROR:bus.cc(399)] Failed to connect to the bus: Could not parse server address: Unknown address type (examples of valid types are "tcp" and on UNIX "unix")
[46303:46356:0927/022641.540724:ERROR:bus.cc(399)] Failed to connect to the bus: Could not parse server address: Unknown address type (examples of valid types are "tcp" and on UNIX "unix")
[46365:46365:0927/022641.662836:ERROR:gpu_memory_buffer_support_x11.cc(44)] dri3 extension not supported.
[46409:46409:0927/022641.671144:ERROR:runtime_enabled_features.cc(2498)] RuntimeEnabledFeature not recognized: ShadowDOMV0
[46410:46410:0927/022641.672576:ERROR:runtime_enabled_features.cc(2498)] RuntimeEnabledFeature not recognized: ShadowDOMV0
[46303:46303:0927/022641.706964:WARNING:bluez_dbus_manager.cc(247)] Floss manager not present, cannot set Floss enable/disable.
[46303:46428:0927/022641.749662:ERROR:bus.cc(399)] Failed to connect to the bus: Failed to connect to socket /var/run/dbus/system_bus_socket: No such file or directory
[46303:46428:0927/022641.749731:ERROR:bus.cc(399)] Failed to connect to the bus: Failed to connect to socket /var/run/dbus/system_bus_socket: No such file or directory
[46303:46428:0927/022641.749802:ERROR:bus.cc(399)] Failed to connect to the bus: Failed to connect to socket /var/run/dbus/system_bus_socket: No such file or directory
[46303:46428:0927/022641.749818:WARNING:property.cc(144)] DaemonVersion: GetAndBlock: failed.
[46303:46428:0927/022641.749854:ERROR:bus.cc(399)] Failed to connect to the bus: Failed to connect to socket /var/run/dbus/system_bus_socket: No such file or directory
[46303:46428:0927/022641.749893:ERROR:bus.cc(399)] Failed to connect to the bus: Failed to connect to socket /var/run/dbus/system_bus_socket: No such file or directory
[46431:46431:0927/022642.555239:ERROR:runtime_enabled_features.cc(2498)] RuntimeEnabledFeature not recognized: ShadowDOMV0
[46451:46451:0927/022643.048338:ERROR:runtime_enabled_features.cc(2498)] RuntimeEnabledFeature not recognized: ShadowDOMV0
[46303:46303:0927/022643.116893:INFO:CONSOLE(0)] "Error with Permissions-Policy header: Unrecognized feature: 'ambient-light-sensor'.", source:  (0)
[46303:46303:0927/022643.117243:INFO:CONSOLE(0)] "Error with Permissions-Policy header: Unrecognized feature: 'bluetooth'.", source:  (0)
[46303:46303:0927/022644.376070:INFO:optimization_guide_logger.cc(42)] ../../components/optimization_guide/content/browser/salient_image_retriever.cc(92)  page_url=https://www.instagram.com/xqgtiti/ Salient Image URL: https://scontent-atl3-1.cdninstagram.com/v/t51.2885-19/375174621_2298294637225726_5144496426769592186_n.jpg?stp=dst-jpg_s100x100&_nc_cat=109&ccb=1-7&_nc_sid=8ae9d6&_nc_ohc=t1eSXmds74EAX8EH4sj&_nc_ht=scontent-atl3-1.cdninstagram.com&oh=00_AfCQmiM_xd9MuDqJyfxX7VRAV_J7JJnY4BkEPawc4-gn0A&oe=6508B468
[46303:46303:0927/022645.643421:INFO:optimization_guide_logger.cc(42)] ../../components/optimization_guide/content/browser/salient_image_retriever.cc(92)  page_url=https://www.instagram.com/xqgtiti/ Salient Image URL: https://scontent-atl3-1.cdninstagram.com/v/t51.2885-19/375174621_2298294637225726_5144496426769592186_n.jpg?stp=dst-jpg_s100x100&_nc_cat=109&ccb=1-7&_nc_sid=8ae9d6&_nc_ohc=t1eSXmds74EAX8EH4sj&_nc_ht=scontent-atl3-1.cdninstagram.com&oh=00_AfCQmiM_xd9MuDqJyfxX7VRAV_J7JJnY4BkEPawc4-gn0A&oe=6508B468
[46303:46303:0927/022650.447249:INFO:CONSOLE(59)] "ErrorUtils caught an error:

No hash for rsrcIndex 93 (rev: 1008662111, cohort: HYP:instagram_web_pkg). ["{\"hash\":\"csr:_a_0_3i\",\"rev\":1008662111,\"type\":\"csr\",\"src\":\":93,40\",\"c\":1,\"tsrc\":null}"]

Subsequent non-fatal errors won't be logged; see https://fburl.com/debugjs.", source: https://static.cdninstagram.com/rsrc.php/v3/ys/r/m-391j4JoBJ.js?_nc_x=Ij3Wp8lg5Kz (59)
[46303:46303:0927/022652.937684:INFO:CONSOLE(20)] "profile head ok", source: https://www.instagram.com/xqgtiti/ (20)
[46303:46303:0927/022652.939202:INFO:CONSOLE(24)] "xqgtiti
Edit Profile
View archive
2 posts
0 followers
13 following
Erin
 
she
This is me!!!!
google.com", source: https://www.instagram.com/xqgtiti/ (24)
[46303:46303:0927/022652.939685:INFO:CONSOLE(30)] "post list ok", source: https://www.instagram.com/xqgtiti/ (30)
[46303:46303:0927/022652.985972:INFO:optimization_guide_logger.cc(42)] ../../components/optimization_guide/content/browser/salient_image_retriever.cc(92)  page_url=https://www.instagram.com/xqgtiti/ Salient Image URL: https://scontent-atl3-1.cdninstagram.com/v/t51.2885-19/375174621_2298294637225726_5144496426769592186_n.jpg?stp=dst-jpg_s100x100&_nc_cat=109&ccb=1-7&_nc_sid=8ae9d6&_nc_ohc=t1eSXmds74EAX8EH4sj&_nc_ht=scontent-atl3-1.cdninstagram.com&oh=00_AfCQmiM_xd9MuDqJyfxX7VRAV_J7JJnY4BkEPawc4-gn0A&oe=6508B468
[46303:46303:0927/022653.051502:INFO:CONSOLE(0)] "Error with Permissions-Policy header: Unrecognized feature: 'ambient-light-sensor'.", source:  (0)
[46303:46303:0927/022653.052792:INFO:CONSOLE(0)] "Error with Permissions-Policy header: Unrecognized feature: 'bluetooth'.", source:  (0)
[46303:46303:0927/022653.246226:INFO:optimization_guide_logger.cc(42)] ../../components/optimization_guide/content/browser/salient_image_retriever.cc(92)  page_url=https://www.instagram.com/xqgtiti/ Salient Image URL: https://scontent-atl3-1.cdninstagram.com/v/t51.2885-19/375174621_2298294637225726_5144496426769592186_n.jpg?stp=dst-jpg_s100x100&_nc_cat=109&ccb=1-7&_nc_sid=8ae9d6&_nc_ohc=t1eSXmds74EAX8EH4sj&_nc_ht=scontent-atl3-1.cdninstagram.com&oh=00_AfCQmiM_xd9MuDqJyfxX7VRAV_J7JJnY4BkEPawc4-gn0A&oe=6508B468
[46303:46303:0927/022653.281033:INFO:CONSOLE(0)] "Error with Permissions-Policy header: Unrecognized feature: 'ambient-light-sensor'.", source:  (0)
[46303:46303:0927/022653.281461:INFO:CONSOLE(0)] "Error with Permissions-Policy header: Unrecognized feature: 'bluetooth'.", source:  (0)
[46303:46303:0927/022653.300355:INFO:CONSOLE(106)] "[Report Only] Refused to load the image 'https://googleads.g.doubleclick.net/pagead/viewthroughconversion/858885276/?value=1.00&currency_code=USD&label=qGVACPj3of0DEJyZxpkD&guid=ON&script=0' because it violates the following Content Security Policy directive: "img-src *.instagram.com *.facebook.com *.fbcdn.net data: blob: *.cdninstagram.com *.fbsbx.com android-webview-video-poster: *.giphy.com *.teststagram.com *.igsonar.com *.google-analytics.com".
", source: https://www.instagram.com/paid_ads/generete_pixels/? (106)
[46303:46303:0927/022653.363439:INFO:CONSOLE(0)] "[Report Only] Refused to load the image 'https://www.google.com/pagead/1p-user-list/858885276/?value=1.00&currency_code=USD&label=qGVACPj3of0DEJyZxpkD&guid=ON&script=0&is_vtc=1&random=2801012876' because it violates the following Content Security Policy directive: "img-src *.instagram.com *.facebook.com *.fbcdn.net data: blob: *.cdninstagram.com *.fbsbx.com android-webview-video-poster: *.giphy.com *.teststagram.com *.igsonar.com *.google-analytics.com".
", source: https://www.instagram.com/paid_ads/generete_pixels/? (0)
[46303:46303:0927/022653.580002:INFO:optimization_guide_logger.cc(42)] ../../components/optimization_guide/content/browser/salient_image_retriever.cc(92)  page_url=https://www.instagram.com/xqgtiti/ Salient Image URL: https://scontent-atl3-1.cdninstagram.com/v/t51.2885-19/375174621_2298294637225726_5144496426769592186_n.jpg?stp=dst-jpg_s100x100&_nc_cat=109&ccb=1-7&_nc_sid=8ae9d6&_nc_ohc=t1eSXmds74EAX8EH4sj&_nc_ht=scontent-atl3-1.cdninstagram.com&oh=00_AfCQmiM_xd9MuDqJyfxX7VRAV_J7JJnY4BkEPawc4-gn0A&oe=6508B468
[46431:46431:0927/022654.855314:INFO:local_window_proxy.cc(253)] MarkAsExtensionContext (Content Script): ["https://www.instagram.com/xqgtiti/"]
[46470:46470:0927/022657.075443:ERROR:runtime_enabled_features.cc(2498)] RuntimeEnabledFeature not recognized: ShadowDOMV0
[46303:46303:0927/022657.119550:INFO:CONSOLE(0)] "Error with Permissions-Policy header: Unrecognized feature: 'ambient-light-sensor'.", source:  (0)
[46303:46303:0927/022657.119750:INFO:CONSOLE(0)] "Error with Permissions-Policy header: Unrecognized feature: 'bluetooth'.", source:  (0)
[46303:46303:0927/022657.857107:INFO:optimization_guide_logger.cc(42)] ../../components/optimization_guide/content/browser/salient_image_retriever.cc(92)  page_url=https://www.instagram.com/xqgtiti/ Salient Image URL: https://scontent-atl3-1.cdninstagram.com/v/t51.2885-19/375174621_2298294637225726_5144496426769592186_n.jpg?stp=dst-jpg_s100x100&_nc_cat=109&ccb=1-7&_nc_sid=8ae9d6&_nc_ohc=t1eSXmds74EAX8EH4sj&_nc_ht=scontent-atl3-1.cdninstagram.com&oh=00_AfCQmiM_xd9MuDqJyfxX7VRAV_J7JJnY4BkEPawc4-gn0A&oe=6508B468
[46303:46303:0927/022700.613960:INFO:optimization_guide_logger.cc(42)] ../../components/optimization_guide/core/hints_manager.cc(523) Hint cache initialized
[46303:46303:0927/022742.807549:INFO:optimization_guide_logger.cc(42)] ../../components/optimization_guide/core/hints_manager.cc(388) Received OptimizationHints component version: 413
[46303:46303:0927/022742.807638:INFO:optimization_guide_logger.cc(42)] ../../components/optimization_guide/core/hints_manager.cc(433) Processing OptimizationHints component version: 413
[46303:46303:0927/022742.807859:INFO:optimization_guide_logger.cc(42)] ../../components/optimization_guide/core/hints_manager.cc(570) Component successfully processed
[46303:46303:0927/022742.807925:INFO:optimization_guide_logger.cc(42)] ../../components/optimization_guide/core/hints_manager.cc(505) Loaded optimization filter for HistoryClusters
