** Propagation paths: 

0x2c9746509411 <String[14]: u"\x8d8a\x57ce\x533a\x76db\x4e16\x540d\x82d100\x5e620120">:
>> IPC Object:
/ram/analysis/v8logs/00000012.log
>> END IPC Object


** Taint source objects:


** Propagation path functions: 

0x2c9746516bf9 <JSFunction (sfi = 0x83b33124f79)> ``: 8678
(resolve, reject) => {
        var myHeaders = new Headers();
        myHeaders.append("Accept", "application/json");
        myHeaders.append("Content-Type", "application/json");
        if (token) {
            myHeaders.append("Authorization", `Bearer ${token}`);
        }

        let raw = JSON.stringify({
            lines: data,
            url: url
        });

        let requestOptions = {
            method: "POST",
            headers: myHeaders,
            body: raw,
            redirect: "follow",
        };
        fetch(`${live_url}/api/extension/screenplay/match`, requestOptions)
            .then((response) => response.text())
            .then((result) => {
                let data = JSON.parse(result);
                if ("data" in data) {
                    resolve({ data: data.data, autoPop: data.autoPop });
                } else {
                    resolve([]);
                }
            })
            .catch((error) => console.log("error", error));
    }

** Taint source functions: 


