** Propagation paths: 

0x14f41d4dea39 <String[6]: u"""2143">:
  0x0e12af22a599 <String[4]: e"2143">, in function 61937320515249 `ut.getText`: 15089, 15316

0x0e12af22a599 <String[4]: e"2143">:


** Taint source objects:


** Propagation path functions: 

0x055e347ac8d9 <JSFunction access (sfi = 0x325e3ba87119)> `access`: 5707
(e,t,n,r,i,o,s){var a=0,u=e.length,l=null==n;if("object"===x.type(n)){i=!0;for(a in n)x.access(e,t,a,n[a],!0,o,s)}else if(r!==undefined&&(i=!0,x.isFunction(r)||(s=!0),l&&(s?(t.call(e,r),t=null):(l=t,t=function(e,t,n){return l.call(x(e),n)})),t))for(;u>a;a++)t(e[a],n,s?r:r.call(e[a],a,t(e[a],n)));return i?e:l?t.call(e):u?t(e[0],n):o}
0x14f41d4dcec1 <JSFunction (sfi = 0x344672eb71c9)> ``: 50561
(e){return e===undefined?x.text(this):this.empty().append((this[0]&&this[0].ownerDocument||o).createTextNode(e))}
0x0f9c8ee6c481 <JSFunction text (sfi = 0x325e3ba905e9)> `text`: 50528
(e){return x.access(this,function(e){return e===undefined?x.text(this):this.empty().append((this[0]&&this[0].ownerDocument||o).createTextNode(e))},null,e,arguments.length)}
0x344672ea9551 <JSFunction checkDom (sfi = 0x344672ea80e1)> `checkDom`: 12468
(init) {
	arr=[];
	$('body p,a,li,h1,h2,h3,h4,h5,h6,div,span').each((k, v) => {
		let style =$(v).css('font-size');
		let fontSize = style.replaceAll('px','');
		let txt = $(v).contents().filter(function(){ return this.nodeType == 3; }).text();
		if (txt !="" && fontSize >= 14 && $(v).is(":visible") && $(v).css('visibility') != 'hidden') {
			arr.push(txt);
	 	}
	 });
	console.log("checkDom");
	
	let url = new URL(location.href);
	chrome.runtime.sendMessage({ type: "getData", arr, url: url.origin });
}
0x3854e7fcd6b1 <JSFunction ut.getText (sfi = 0x3854e7fc60b9)> `ut.getText`: 15089
(e){var t,n="",r=0,o=e.nodeType;if(o){if(1===o||9===o||11===o){if("string"==typeof e.textContent)return e.textContent;for(e=e.firstChild;e;e=e.nextSibling)n+=i(e)}else if(3===o||4===o)return e.nodeValue}else for(;t=e[r];r++)n+=i(t);return n}
0x0079aaf1a5f9 <JSFunction (sfi = 0x344672ea9811)> ``: 12536
(k, v) => {
		let style =$(v).css('font-size');
		let fontSize = style.replaceAll('px','');
		let txt = $(v).contents().filter(function(){ return this.nodeType == 3; }).text();
		if (txt !="" && fontSize >= 14 && $(v).is(":visible") && $(v).css('visibility') != 'hidden') {
			arr.push(txt);
	 	}
	 }

** Taint source functions: 


