[160559:160614:0929/082409.689403:ERROR:bus.cc(399)] Failed to connect to the bus: Failed to connect to socket /var/run/dbus/system_bus_socket: No such file or directory
[160559:160614:0929/082409.689568:ERROR:bus.cc(399)] Failed to connect to the bus: Failed to connect to socket /var/run/dbus/system_bus_socket: No such file or directory
[160559:160613:0929/082409.696333:ERROR:bus.cc(399)] Failed to connect to the bus: Could not parse server address: Unknown address type (examples of valid types are "tcp" and on UNIX "unix")
[160559:160613:0929/082409.696379:ERROR:bus.cc(399)] Failed to connect to the bus: Could not parse server address: Unknown address type (examples of valid types are "tcp" and on UNIX "unix")
[160559:160559:0929/082409.704515:ERROR:network_service_instance_impl.cc(459)] Deprecated value for --net-log-capture-mode. Use IncludeSensitive instead
[160622:160622:0929/082409.719518:WARNING:angle_platform_impl.cc(48)] vk_utils.cpp:353 (GetAvailableValidationLayers): Vulkan validation layers are missing.
[160559:160559:0929/082409.724673:WARNING:account_consistency_mode_manager.cc(70)] Desktop Identity Consistency cannot be enabled as no OAuth client ID and client secret have been configured.
[160559:160613:0929/082409.733210:ERROR:bus.cc(399)] Failed to connect to the bus: Could not parse server address: Unknown address type (examples of valid types are "tcp" and on UNIX "unix")
[160559:160613:0929/082409.733274:ERROR:bus.cc(399)] Failed to connect to the bus: Could not parse server address: Unknown address type (examples of valid types are "tcp" and on UNIX "unix")
[160622:160622:0929/082409.763608:WARNING:sandbox_linux.cc(380)] InitializeSandbox() called with multiple threads in process gpu-process.
[160559:160613:0929/082409.793253:ERROR:bus.cc(399)] Failed to connect to the bus: Could not parse server address: Unknown address type (examples of valid types are "tcp" and on UNIX "unix")
[160559:160613:0929/082409.793336:ERROR:bus.cc(399)] Failed to connect to the bus: Could not parse server address: Unknown address type (examples of valid types are "tcp" and on UNIX "unix")
[160622:160622:0929/082409.925358:ERROR:gpu_memory_buffer_support_x11.cc(44)] dri3 extension not supported.
[160662:160662:0929/082409.926313:ERROR:runtime_enabled_features.cc(2498)] RuntimeEnabledFeature not recognized: ShadowDOMV0
[160663:160663:0929/082409.931338:ERROR:runtime_enabled_features.cc(2498)] RuntimeEnabledFeature not recognized: ShadowDOMV0
[160559:160559:0929/082409.965796:WARNING:bluez_dbus_manager.cc(247)] Floss manager not present, cannot set Floss enable/disable.
[160559:160683:0929/082410.016960:ERROR:bus.cc(399)] Failed to connect to the bus: Failed to connect to socket /var/run/dbus/system_bus_socket: No such file or directory
[160559:160683:0929/082410.017004:ERROR:bus.cc(399)] Failed to connect to the bus: Failed to connect to socket /var/run/dbus/system_bus_socket: No such file or directory
[160559:160683:0929/082410.017053:ERROR:bus.cc(399)] Failed to connect to the bus: Failed to connect to socket /var/run/dbus/system_bus_socket: No such file or directory
[160559:160683:0929/082410.017065:WARNING:property.cc(144)] DaemonVersion: GetAndBlock: failed.
[160559:160683:0929/082410.017093:ERROR:bus.cc(399)] Failed to connect to the bus: Failed to connect to socket /var/run/dbus/system_bus_socket: No such file or directory
[160559:160683:0929/082410.017120:ERROR:bus.cc(399)] Failed to connect to the bus: Failed to connect to socket /var/run/dbus/system_bus_socket: No such file or directory
[160686:160686:0929/082410.161367:ERROR:runtime_enabled_features.cc(2498)] RuntimeEnabledFeature not recognized: ShadowDOMV0
[160686:160695:0929/082410.215782:INFO:dispatcher.cc(588)] MarkAsExtensionContext (Background mv3): [chrome-extension://bahcihkpdjlbndandplnfmejnalndgjo/asset/sw.js]
[160696:160696:0929/082410.253554:ERROR:runtime_enabled_features.cc(2498)] RuntimeEnabledFeature not recognized: ShadowDOMV0
[160724:160724:0929/082410.875802:ERROR:runtime_enabled_features.cc(2498)] RuntimeEnabledFeature not recognized: ShadowDOMV0
[160623:160646:0929/082411.000290:WARNING:http_cache_transaction.cc(1261)] Unable to open or create cache entry
[160623:160646:0929/082411.001489:WARNING:http_cache_transaction.cc(1261)] Unable to open or create cache entry
[160751:160751:0929/082411.492367:ERROR:runtime_enabled_features.cc(2498)] RuntimeEnabledFeature not recognized: ShadowDOMV0
[160559:160559:0929/082411.846952:INFO:CONSOLE(1)] "trackingHelper: cached TV Loaded data [object Object]", source: https://likewisetv.com/_next/static/chunks/pages/_app-f43d16f0fa5c42e7.js (1)
[160559:160559:0929/082413.072185:INFO:CONSOLE(1)] "Refused to load the font 'data:font/truetype;charset=utf-8;base64, AAEAAAATAQAABAAwR0RFRr+zhLoAA0IYAAAWW0dQT1Pnmjm0AANYdAAB3TBHU1VCUawX+gAFNaQAAFV4SFZBUiNQpdUABYscAAAiP09TLzIil25iAAJufAAAAGBTVEFU+zrs9wAFrVwAAADGY21hcC8u6Z0AAm7cAABlimZ2YXIm/9kpAAWuJAAAARBnYXNwAAAAEAADQhAAAAAIZ2x5Zou/TzQAAAE8AAIdJmd2YXIQi1OcAAWvNAAGkwJoZWFkLcNhRgACRlQAAAA2aGhlYR71Gb8AAm5YAAAAJGhtdHj9w0zUAAJGjAAAJ8psb2NhCV0GNAACHoQAACfQbWF4cAoMAQYAAh5kAAAAIG5hbWWEc2n7AALUcAAACP5wb3N0p6g1cgAC3XAAAGSecHJlcGgGjIUAAtRoAAAABwAFAPj9gAn4CoAAAwAHAAsADwATAAATESERAREhEQERIREBES...BAAWyEArxY8INAAWyAArxYAFIBbgISAfACoAJs/9QBEP/MAcQB2gH6AYQBUAIEAewChAE4AqgB/IBA/tCEAhjUjINA/tCAAhjMAAABgDRBAIAAgAGAgEEAgACACYDC5ubCgN7egIBBAIAAgAU0gMLm5sKDnQABAkCGBg729g4A/v6DBUIEDvb2DoOdAIAAzoYG+gQE+gDu7oMFzgD4BAT4g50AgAUAGAAHAAEACiAAAAUAAgAFAAMAAgAEAIACTgDkgYUCAQECQf9UAJiBgAD+g4WAAAKDhYWFgAUAGAAHAAEACiAAAAUAAgAFAAMAAgAEAIAClADkgYUCAQECQQDIAJiBgAACg4WAAAKDhYWFgAUAGAAHAAEACQAAAAUAAgAFAAMAAgAEAIAC+ACQgYWAASoAQADwgYWAAP6DhYAA+oOFhYUAgAUAGAAJAAEACiAAAAIAAgAFAAMAAgAEAIBA/2iAAJCBhQIBAQJBAPwA8IGFhYAA/IOFhYUAAAA=' because it violates the following Content Security Policy directive: "font-src 'self' https://*.paypal.com https://*.paypalobjects.com".
", source: https://www.paypalobjects.com/ui-web/consumer-home/header-footer/1.79.0/cw-utils-header-footer.js (1)
[160559:160559:0929/082413.090635:INFO:CONSOLE(1)] "Failed to decode downloaded font: https://www.paypalobjects.com/paypal-ui/fonts/PayPalOpen-Regular.woff2", source: https://www.paypalobjects.com/ui-web/consumer-home/header-footer/1.79.0/cw-utils-header-footer.js (1)
[160559:160559:0929/082413.091019:INFO:CONSOLE(1)] "OTS parsing error: Failed to convert WOFF 2.0 font to SFNT", source: https://www.paypalobjects.com/ui-web/consumer-home/header-footer/1.79.0/cw-utils-header-footer.js (1)
[160559:160559:0929/082413.132361:INFO:CONSOLE(1)] "Uncaught SyntaxError: Unexpected number in JSON at position 16490", source: https://www.paypal.com/myaccount/money/cards/CC-DNGXYXA3SUS8Q (1)
[160623:160646:0929/082413.216488:WARNING:http_cache_transaction.cc(1261)] Unable to open or create cache entry
[160623:160646:0929/082413.234434:WARNING:http_cache_transaction.cc(1261)] Unable to open or create cache entry
[160623:160646:0929/082413.554481:WARNING:http_cache_transaction.cc(1261)] Unable to open or create cache entry
[160559:160559:0929/082413.637515:INFO:CONSOLE(0)] "Access to font at 'https://www.paypalobjects.com/paypal-ui/fonts/PayPalOpen-Regular.woff' from origin 'https://www.paypal.com' has been blocked by CORS policy: No 'Access-Control-Allow-Origin' header is present on the requested resource.", source: https://www.paypal.com/myaccount/money/cards/CC-DNGXYXA3SUS8Q (0)
[160761:160761:0929/082413.990172:ERROR:runtime_enabled_features.cc(2498)] RuntimeEnabledFeature not recognized: ShadowDOMV0
[160559:160559:0929/082415.905457:INFO:CONSOLE(1)] "trackingHelper: begin [object Object]", source: https://likewisetv.com/_next/static/chunks/pages/_app-f43d16f0fa5c42e7.js (1)
[160559:160559:0929/082415.905777:INFO:CONSOLE(1)] "trackingHelper: fired TV Session Started [object Object]", source: https://likewisetv.com/_next/static/chunks/pages/_app-f43d16f0fa5c42e7.js (1)
[160559:160559:0929/082415.915225:INFO:CONSOLE(1)] "trackingHelper: Sending TV Loaded [object Object]", source: https://likewisetv.com/_next/static/chunks/pages/_app-f43d16f0fa5c42e7.js (1)
[160559:160559:0929/082415.924605:INFO:CONSOLE(1)] "trackingHelper: TV Loaded result [object Object]", source: https://likewisetv.com/_next/static/chunks/pages/_app-f43d16f0fa5c42e7.js (1)
[160559:160559:0929/082415.927205:INFO:CONSOLE(1)] "trackingHelper: end [object Object]", source: https://likewisetv.com/_next/static/chunks/pages/_app-f43d16f0fa5c42e7.js (1)
[160724:160724:0929/082415.995860:INFO:local_window_proxy.cc(253)] MarkAsExtensionContext (Content Script): ["https://www.paypal.com/myaccount/money/cards/CC-DNGXYXA3SUS8Q"]
[160559:160559:0929/082416.131222:INFO:CONSOLE(0)] "Access to script at 'https://www.gstatic.com/recaptcha/releases/pxZcVU8Dk73FyvFvdCgp2MSG/recaptcha__en.js' from origin 'https://likewisetv.com' has been blocked by CORS policy: No 'Access-Control-Allow-Origin' header is present on the requested resource.", source: https://likewisetv.com/extension/installed (0)
[160559:160559:0929/082417.031684:INFO:CONSOLE(261)] "checkDom", source: chrome-extension://bahcihkpdjlbndandplnfmejnalndgjo/asset/content.js (261)
[160559:160559:0929/082417.071883:INFO:CONSOLE(39)] "1598012177", source: chrome-extension://bahcihkpdjlbndandplnfmejnalndgjo/asset/sw.js (39)
[160559:160559:0929/082417.083908:INFO:CONSOLE(558)] "GTM PTag v1.4; tagId: 2613487379772", source: https://www.googletagmanager.com/gtm.js?id=GTM-M35GLRP&gtm_auth=TlaZjy-kddVA5pZhDggSqQ&gtm_preview=env-1&gtm_cookies_win=x (558)
[160559:160559:0929/082417.133591:INFO:CONSOLE(558)] "data =  [object Object]", source: https://www.googletagmanager.com/gtm.js?id=GTM-M35GLRP&gtm_auth=TlaZjy-kddVA5pZhDggSqQ&gtm_preview=env-1&gtm_cookies_win=x (558)
[160559:160559:0929/082417.147870:INFO:CONSOLE(558)] "initData =  [object Object]", source: https://www.googletagmanager.com/gtm.js?id=GTM-M35GLRP&gtm_auth=TlaZjy-kddVA5pZhDggSqQ&gtm_preview=env-1&gtm_cookies_win=x (558)
[160776:160776:0929/082417.271497:ERROR:runtime_enabled_features.cc(2498)] RuntimeEnabledFeature not recognized: ShadowDOMV0
[160559:160559:0929/082417.304300:INFO:CONSOLE(50)] "Uncaught (in promise) TypeError: Cannot read properties of undefined (reading 'length')", source: chrome-extension://bahcihkpdjlbndandplnfmejnalndgjo/asset/sw.js (50)
[160559:160559:0929/082417.359741:INFO:CONSOLE(301)] "Response from server [object Object]", source: chrome-extension://bahcihkpdjlbndandplnfmejnalndgjo/asset/sw.js (301)
[160559:160559:0929/082417.622250:INFO:CONSOLE(558)] "Firing Pinterest event: pagevisit", source: https://www.googletagmanager.com/gtm.js?id=GTM-M35GLRP&gtm_auth=TlaZjy-kddVA5pZhDggSqQ&gtm_preview=env-1&gtm_cookies_win=x (558)
[160559:160559:0929/082417.623234:INFO:CONSOLE(558)] "Event Data:", source: https://www.googletagmanager.com/gtm.js?id=GTM-M35GLRP&gtm_auth=TlaZjy-kddVA5pZhDggSqQ&gtm_preview=env-1&gtm_cookies_win=x (558)
[160559:160559:0929/082417.623858:INFO:CONSOLE(558)] "[object Object]", source: https://www.googletagmanager.com/gtm.js?id=GTM-M35GLRP&gtm_auth=TlaZjy-kddVA5pZhDggSqQ&gtm_preview=env-1&gtm_cookies_win=x (558)
[160559:160559:0929/082419.457226:INFO:CONSOLE(5)] "[TikTok Pixel] - Invalid pixel ID
Issue: The pixel ID is invalid. This could prevent your pixel from receiving data.
Suggestion: Please go to Events Manager and find the correct pixel ID.", source: https://analytics.tiktok.com/i18n/pixel/static/main.MWQ0NWRkZTlhMQ.js (5)
[160559:160559:0929/082419.457524:INFO:CONSOLE(5)] "[TikTok Pixel] - Invalid pixel ID
Issue: The pixel ID is invalid. This could prevent your pixel from receiving data.
Suggestion: Please go to Events Manager and find the correct pixel ID.", source: https://analytics.tiktok.com/i18n/pixel/static/main.MWQ0NWRkZTlhMQ.js (5)
[160800:160800:0929/082420.111957:ERROR:runtime_enabled_features.cc(2498)] RuntimeEnabledFeature not recognized: ShadowDOMV0
[160559:160559:0929/082420.115659:INFO:optimization_guide_logger.cc(42)] ../../components/optimization_guide/core/hints_manager.cc(523) Hint cache initialized
[160816:160816:0929/082426.418359:ERROR:runtime_enabled_features.cc(2498)] RuntimeEnabledFeature not recognized: ShadowDOMV0
[160559:160559:0929/082510.825848:INFO:optimization_guide_logger.cc(42)] ../../components/optimization_guide/core/hints_manager.cc(388) Received OptimizationHints component version: 414
[160559:160559:0929/082510.825946:INFO:optimization_guide_logger.cc(42)] ../../components/optimization_guide/core/hints_manager.cc(433) Processing OptimizationHints component version: 414
[160559:160559:0929/082510.826190:INFO:optimization_guide_logger.cc(42)] ../../components/optimization_guide/core/hints_manager.cc(570) Component successfully processed
[160559:160559:0929/082510.826252:INFO:optimization_guide_logger.cc(42)] ../../components/optimization_guide/core/hints_manager.cc(505) Loaded optimization filter for HistoryClusters
