>>> TAINT SINK `XHR` REACHED (fetch-body-USVString) <<<
STACK TRACE START: 
0x2c97465205e9 <String[246]: c"chrome-extension://bahcihkpdjlbndandplnfmejnalndgjo/asset/sw.js:242:9new Promise (<anonymous>)getDataApi (chrome-extension://bahcihkpdjlbndandplnfmejnalndgjo/asset/sw.js:223:12)chrome-extension://bahcihkpdjlbndandplnfmejnalndgjo/asset/sw.js:49:30">
STACK TRACE END.

///////////////////////// Details /////////////////////////

** FETCH leak, request URL = https://api3.likewiseapp.net/api/extension/screenplay/match

** Tainted bytes: (nullptr=1): 

** Sink object: {"lines":[" ","Home","Send and Request","Wallet","Activity","Help","Notifications","Notifications","Settings","Log Out","Link a bank","Link a card","PayPal balance"," ","$0.00","Available","Visa","Credit ","••2143","PREFERRED","••2143","Visa Credit ••2143","Give it a nickname","This card is about to expire.","Expiration date","08/2023","Billing address","浙江 绍兴","越城区盛世名苑00幢0120","143210","Preferred when paying online","Change","We’ll use this when you shop or send payments for goods and services. ","More about payment preferences","Update card","Remove card","Help","Contact Us","Security"," PayPal, Inc. All rights reserved.","©1999-2023","Privacy","Cookies","Legal","PayPal Pte. Ltd. is licensed by the Monetary Authority of Singapore as a Major Payment Institution under the Payment Services Act 2019."],"url":"https://www.paypal.com/myaccount/money/cards/CC-DNGXYXA3SUS8Q"}

** Propagation paths: 

0x2c9746517f51 <String[882]: uc"{"lines":[" ","Home","Send and Request","Wallet","Activity","Help","Notifications","Notifications","Settings","Log Out","Link a bank","Link a card","PayPal balance"," ","$0.00","Available","Visa","Credit ","""2143","PREFERRED","""2143","Visa Credit ""2143","Give it a nickname","This card is about to expire.","Expiration date","08/2023","Billing address","\x6d59\x6c5f \x7ecd\x5174","\x8d8a\x57ce\x533a\x76db\x4e16\x540d\x82d100\x5e620120","143210","Preferred when paying online","Change","We\x2019ll use this when you shop or send payments for goods and services. ","More about payment preferences","Update card","Remove card","Help","Contact Us","Security"," PayPal, Inc. All rights reserved.","\xa91999-2023","Privacy","Cookies","Legal","PayPal Pte. Ltd. is licensed by the Monetary Authority of Singapore as a Major Payment Institution under the Payment Services Act 2019."],"url":"https://www.paypal.com/myaccount/money/cards/CC-DNGXYXA3SUS8Q"}">:
>> IPC Object:
{"details":"","tainted":false,"recursive":{"lines":{"details":"","tainted":false,"recursive":{"0":{"details":"/ram/analysis/v8logs/0000001b.log","tainted":true,"recursive":{}},"1":{"details":"","tainted":false,"recursive":{}},"2":{"details":"","tainted":false,"recursive":{}},"3":{"details":"","tainted":false,"recursive":{}},"4":{"details":"","tainted":false,"recursive":{}},"5":{"details":"","tainted":false,"recursive":{}},"6":{"details":"","tainted":false,"recursive":{}},"7":{"details":"","tainted":false,"recursive":{}},"8":{"details":"","tainted":false,"recursive":{}},"9":{"details":"","tainted":false,"recursive":{}},"10":{"details":"","tainted":false,"recursive":{}},"11":{"details":"","tainted":false,"recursive":{}},"12":{"details":"/ram/analysis/v8logs/0000001c.log","tainted":true,"recursive":{}},"14":{"details":"/ram/analysis/v8logs/0000001d.log","tainted":true,"recursive":{}},"15":{"details":"/ram/analysis/v8logs/0000001e.log","tainted":true,"recursive":{}},"16":{"details":"/ram/analysis/v8logs/0000001f.log","tainted":true,"recursive":{}},"17":{"details":"/ram/analysis/v8logs/00000020.log","tainted":true,"recursive":{}},"18":{"details":"/ram/analysis/v8logs/00000021.log","tainted":true,"recursive":{}},"19":{"details":"/ram/analysis/v8logs/00000022.log","tainted":true,"recursive":{}},"21":{"details":"/ram/analysis/v8logs/00000023.log","tainted":true,"recursive":{}},"22":{"details":"/ram/analysis/v8logs/00000024.log","tainted":true,"recursive":{}},"23":{"details":"/ram/analysis/v8logs/00000025.log","tainted":true,"recursive":{}},"24":{"details":"/ram/analysis/v8logs/00000026.log","tainted":true,"recursive":{}},"25":{"details":"/ram/analysis/v8logs/00000027.log","tainted":true,"recursive":{}},"26":{"details":"/ram/analysis/v8logs/00000028.log","tainted":true,"recursive":{}},"27":{"details":"/ram/analysis/v8logs/00000029.log","tainted":true,"recursive":{}},"28":{"details":"/ram/analysis/v8logs/0000002a.log","tainted":true,"recursive":{}},"29":{"details":"/ram/analysis/v8logs/0000002b.log","tainted":true,"recursive":{}},"30":{"details":"/ram/analysis/v8logs/0000002c.log","tainted":true,"recursive":{}},"31":{"details":"/ram/analysis/v8logs/0000002d.log","tainted":true,"recursive":{}},"32":{"details":"/ram/analysis/v8logs/0000002e.log","tainted":true,"recursive":{}},"33":{"details":"/ram/analysis/v8logs/0000002f.log","tainted":true,"recursive":{}},"34":{"details":"/ram/analysis/v8logs/00000030.log","tainted":true,"recursive":{}},"35":{"details":"/ram/analysis/v8logs/00000031.log","tainted":true,"recursive":{}},"37":{"details":"","tainted":false,"recursive":{}},"38":{"details":"","tainted":false,"recursive":{}},"39":{"details":"","tainted":false,"recursive":{}},"40":{"details":"","tainted":false,"recursive":{}},"41":{"details":"","tainted":false,"recursive":{}},"42":{"details":"","tainted":false,"recursive":{}},"43":{"details":"","tainted":false,"recursive":{}},"44":{"details":"","tainted":false,"recursive":{}},"length":{"details":"","tainted":false,"recursive":{}}}},"url":{"details":"","tainted":false,"recursive":{}}}}
>> END IPC Object


** Taint source objects:


** Propagation path functions: 

0x2c9746516bf9 <JSFunction (sfi = 0x83b33124f79)> ``: 8678
(resolve, reject) => {
        var myHeaders = new Headers();
        myHeaders.append("Accept", "application/json");
        myHeaders.append("Content-Type", "application/json");
        if (token) {
            myHeaders.append("Authorization", `Bearer ${token}`);
        }

        let raw = JSON.stringify({
            lines: data,
            url: url
        });

        let requestOptions = {
            method: "POST",
            headers: myHeaders,
            body: raw,
            redirect: "follow",
        };
        fetch(`${live_url}/api/extension/screenplay/match`, requestOptions)
            .then((response) => response.text())
            .then((result) => {
                let data = JSON.parse(result);
                if ("data" in data) {
                    resolve({ data: data.data, autoPop: data.autoPop });
                } else {
                    resolve([]);
                }
            })
            .catch((error) => console.log("error", error));
    }

** Taint source functions: 


>>> END TAINT SINK REPORT <<<
