[36178:36233:1002/151625.044867:ERROR:bus.cc(399)] Failed to connect to the bus: Failed to connect to socket /var/run/dbus/system_bus_socket: No such file or directory
[36178:36233:1002/151625.045045:ERROR:bus.cc(399)] Failed to connect to the bus: Failed to connect to socket /var/run/dbus/system_bus_socket: No such file or directory
[36178:36232:1002/151625.049914:ERROR:bus.cc(399)] Failed to connect to the bus: Could not parse server address: Unknown address type (examples of valid types are "tcp" and on UNIX "unix")
[36178:36232:1002/151625.049975:ERROR:bus.cc(399)] Failed to connect to the bus: Could not parse server address: Unknown address type (examples of valid types are "tcp" and on UNIX "unix")
[36178:36178:1002/151625.056992:ERROR:network_service_instance_impl.cc(459)] Deprecated value for --net-log-capture-mode. Use IncludeSensitive instead
[36240:36240:1002/151625.070369:WARNING:angle_platform_impl.cc(48)] vk_utils.cpp:353 (GetAvailableValidationLayers): Vulkan validation layers are missing.
[36178:36178:1002/151625.077739:WARNING:account_consistency_mode_manager.cc(70)] Desktop Identity Consistency cannot be enabled as no OAuth client ID and client secret have been configured.
[36178:36232:1002/151625.086488:ERROR:bus.cc(399)] Failed to connect to the bus: Could not parse server address: Unknown address type (examples of valid types are "tcp" and on UNIX "unix")
[36178:36232:1002/151625.086554:ERROR:bus.cc(399)] Failed to connect to the bus: Could not parse server address: Unknown address type (examples of valid types are "tcp" and on UNIX "unix")
[36240:36240:1002/151625.122364:WARNING:sandbox_linux.cc(380)] InitializeSandbox() called with multiple threads in process gpu-process.
[36178:36232:1002/151625.142025:ERROR:bus.cc(399)] Failed to connect to the bus: Could not parse server address: Unknown address type (examples of valid types are "tcp" and on UNIX "unix")
[36178:36232:1002/151625.142102:ERROR:bus.cc(399)] Failed to connect to the bus: Could not parse server address: Unknown address type (examples of valid types are "tcp" and on UNIX "unix")
[36240:36240:1002/151625.225608:ERROR:gpu_memory_buffer_support_x11.cc(44)] dri3 extension not supported.
[36281:36281:1002/151625.231865:ERROR:runtime_enabled_features.cc(2498)] RuntimeEnabledFeature not recognized: ShadowDOMV0
[36282:36282:1002/151625.235222:ERROR:runtime_enabled_features.cc(2498)] RuntimeEnabledFeature not recognized: ShadowDOMV0
[36178:36178:1002/151625.257649:WARNING:bluez_dbus_manager.cc(247)] Floss manager not present, cannot set Floss enable/disable.
[36178:36299:1002/151625.305119:ERROR:bus.cc(399)] Failed to connect to the bus: Failed to connect to socket /var/run/dbus/system_bus_socket: No such file or directory
[36178:36299:1002/151625.305174:ERROR:bus.cc(399)] Failed to connect to the bus: Failed to connect to socket /var/run/dbus/system_bus_socket: No such file or directory
[36178:36299:1002/151625.305224:ERROR:bus.cc(399)] Failed to connect to the bus: Failed to connect to socket /var/run/dbus/system_bus_socket: No such file or directory
[36178:36299:1002/151625.305236:WARNING:property.cc(144)] DaemonVersion: GetAndBlock: failed.
[36178:36299:1002/151625.305260:ERROR:bus.cc(399)] Failed to connect to the bus: Failed to connect to socket /var/run/dbus/system_bus_socket: No such file or directory
[36178:36299:1002/151625.305286:ERROR:bus.cc(399)] Failed to connect to the bus: Failed to connect to socket /var/run/dbus/system_bus_socket: No such file or directory
[36302:36302:1002/151625.420718:ERROR:runtime_enabled_features.cc(2498)] RuntimeEnabledFeature not recognized: ShadowDOMV0
[36302:36311:1002/151625.477467:INFO:dispatcher.cc(588)] MarkAsExtensionContext (Background mv3): [chrome-extension://kecadfolelkekbfmmfoifpfalfedeljo/background.bundle.js]
[36312:36312:1002/151625.528042:ERROR:runtime_enabled_features.cc(2498)] RuntimeEnabledFeature not recognized: ShadowDOMV0
[36337:36337:1002/151626.156388:ERROR:runtime_enabled_features.cc(2498)] RuntimeEnabledFeature not recognized: ShadowDOMV0
[36360:36360:1002/151626.745528:ERROR:runtime_enabled_features.cc(2498)] RuntimeEnabledFeature not recognized: ShadowDOMV0
[36178:36178:1002/151627.759038:INFO:CONSOLE(0)] "Uncaught (in promise) Error: Could not establish connection. Receiving end does not exist.", source: chrome-extension://kecadfolelkekbfmmfoifpfalfedeljo/background.bundle.js (0)
[36178:36178:1002/151631.932813:INFO:CONSOLE(4183)] "Uncaught TypeError: Failed to execute 'observe' on 'IntersectionObserver': parameter 1 is not of type 'Element'.", source: https://kendoemailapp.com/welcome (4183)
[36178:36178:1002/151632.067821:INFO:optimization_guide_logger.cc(42)] ../../components/optimization_guide/content/browser/salient_image_retriever.cc(92)  page_url=https://kendoemailapp.com/welcome Salient Image URL: https://kendoemailapp.com/images/kendo-facebook-logo.png
[36178:36178:1002/151634.334208:INFO:optimization_guide_logger.cc(42)] ../../components/optimization_guide/core/hints_manager.cc(523) Hint cache initialized
[36178:36178:1002/151644.040785:INFO:CONSOLE(0)] "Uncaught (in promise) Error: Could not establish connection. Receiving end does not exist.", source: chrome-extension://kecadfolelkekbfmmfoifpfalfedeljo/background.bundle.js (0)
[36178:36178:1002/151651.772262:INFO:CONSOLE(0)] "Uncaught (in promise) #<Object>", source: https://www.linkedin.com/in/amy-lee-gt/ (0)
[36375:36375:1002/151656.842036:ERROR:runtime_enabled_features.cc(2498)] RuntimeEnabledFeature not recognized: ShadowDOMV0
[36385:36385:1002/151656.881939:ERROR:runtime_enabled_features.cc(2498)] RuntimeEnabledFeature not recognized: ShadowDOMV0
[36178:36178:1002/151656.933802:INFO:CONSOLE(6748)] "crbug/1173575, non-JS module files deprecated.", source: chrome-error://chromewebdata/ (6748)
[36396:36396:1002/151656.944471:ERROR:runtime_enabled_features.cc(2498)] RuntimeEnabledFeature not recognized: ShadowDOMV0
[36375:36375:1002/151656.955649:ERROR:html_media_element.cc(4874)] SetError: {code=4, message="MEDIA_ELEMENT_ERROR: Media load rejected by URL safety check"}
[36375:36375:1002/151656.955906:ERROR:html_media_element.cc(4874)] SetError: {code=4, message="MEDIA_ELEMENT_ERROR: Media load rejected by URL safety check"}
[36375:36375:1002/151656.956063:ERROR:html_media_element.cc(4874)] SetError: {code=4, message="MEDIA_ELEMENT_ERROR: Media load rejected by URL safety check"}
[36396:36405:1002/151657.016838:INFO:dispatcher.cc(588)] MarkAsExtensionContext (Background mv3): [chrome-extension://kecadfolelkekbfmmfoifpfalfedeljo/background.bundle.js]
[36178:36178:1002/151659.046980:INFO:CONSOLE(0)] "Uncaught (in promise) Error: Could not establish connection. Receiving end does not exist.", source: chrome-extension://kecadfolelkekbfmmfoifpfalfedeljo/background.bundle.js (0)
[36178:36178:1002/151725.935610:INFO:optimization_guide_logger.cc(42)] ../../components/optimization_guide/core/hints_manager.cc(388) Received OptimizationHints component version: 414
[36178:36178:1002/151725.935715:INFO:optimization_guide_logger.cc(42)] ../../components/optimization_guide/core/hints_manager.cc(433) Processing OptimizationHints component version: 414
[36178:36178:1002/151725.935939:INFO:optimization_guide_logger.cc(42)] ../../components/optimization_guide/core/hints_manager.cc(570) Component successfully processed
[36178:36178:1002/151725.936007:INFO:optimization_guide_logger.cc(42)] ../../components/optimization_guide/core/hints_manager.cc(505) Loaded optimization filter for HistoryClusters
[36242:36268:1002/151801.050506:WARNING:http_cache_transaction.cc(1261)] Unable to open or create cache entry
[36178:36178:1002/151814.369505:INFO:CONSOLE(0)] "Uncaught (in promise) #<Object>", source: https://www.linkedin.com/in/amy-lee-gt/ (0)
[36178:36178:1002/151816.552331:INFO:CONSOLE(731)] "Uncaught (in promise) AbortError: Version change transaction was aborted in upgradeneeded event handler.", source: https://static.licdn.com/sc/h/elkx4yqpmhdbzsoniz2lt3lsp (731)
[36178:36178:1002/151819.428884:INFO:CONSOLE(23)] "right two", source: https://www.linkedin.com/in/amy-lee-gt/ (23)
[36178:36178:1002/151819.459598:INFO:CONSOLE(27)] "Amy Lee (She/Her)
Marketing Intern at Microsoft
Microsoft
Georgia Institute of Technology
Douglasville, Georgia, United States  Contact info
Open to
Add profile section
More
Open to work

Marketing Specialist roles

Show details

Edit

Share that you’re hiring and attract qualified candidates.

Get started

Showcase services you offer so you and your business can be found in search.

Get started", source: https://www.linkedin.com/in/amy-lee-gt/ (27)
[36178:36178:1002/151819.461011:INFO:CONSOLE(46)] "headers ok", source: https://www.linkedin.com/in/amy-lee-gt/ (46)
[36178:36178:1002/151819.462664:INFO:CONSOLE(54)] "headers count=19", source: https://www.linkedin.com/in/amy-lee-gt/ (54)
[36178:36178:1002/151819.463188:INFO:CONSOLE(61)] "list item ok", source: https://www.linkedin.com/in/amy-lee-gt/ (61)
[36178:36178:1002/151819.465969:INFO:CONSOLE(69)] "listitem count=25", source: https://www.linkedin.com/in/amy-lee-gt/ (69)
[36178:36178:1002/151819.466860:INFO:CONSOLE(76)] "see more ok", source: https://www.linkedin.com/in/amy-lee-gt/ (76)
[36178:36178:1002/151819.468075:INFO:CONSOLE(84)] "see more count=8", source: https://www.linkedin.com/in/amy-lee-gt/ (84)
[36178:36178:1002/151819.469087:INFO:CONSOLE(91)] "language_card ok", source: https://www.linkedin.com/in/amy-lee-gt/ (91)
[36178:36178:1002/151819.469730:INFO:CONSOLE(95)] "Profile language

English

Public profile & URL

www.linkedin.com/in/amy-lee-gt", source: https://www.linkedin.com/in/amy-lee-gt/ (95)
[36178:36178:1002/151819.470680:INFO:CONSOLE(103)] "reply ok", source: https://www.linkedin.com/in/amy-lee-gt/ (103)
[36178:36178:1002/151819.471056:INFO:CONSOLE(106)] "0", source: https://www.linkedin.com/in/amy-lee-gt/ (106)
[36178:36178:1002/151819.471600:INFO:CONSOLE(108)] "Amy Lee reposted this • 6mo
6mo
3,481
30 comments", source: https://www.linkedin.com/in/amy-lee-gt/ (108)
[36178:36178:1002/151819.471966:INFO:CONSOLE(106)] "1", source: https://www.linkedin.com/in/amy-lee-gt/ (106)
[36178:36178:1002/151819.472309:INFO:CONSOLE(108)] "Amy Lee posted this • 6mo • 
6mo
Hello World!", source: https://www.linkedin.com/in/amy-lee-gt/ (108)
[36178:36178:1002/151819.472709:INFO:CONSOLE(116)] "bar ok", source: https://www.linkedin.com/in/amy-lee-gt/ (116)
[36506:36506:1002/151819.536016:ERROR:runtime_enabled_features.cc(2498)] RuntimeEnabledFeature not recognized: ShadowDOMV0
[36506:36515:1002/151819.576881:INFO:dispatcher.cc(588)] MarkAsExtensionContext (Background mv3): [chrome-extension://kecadfolelkekbfmmfoifpfalfedeljo/background.bundle.js]
[36337:36337:1002/151825.227755:INFO:local_window_proxy.cc(253)] MarkAsExtensionContext (Content Script): ["https://www.linkedin.com/in/amy-lee-gt/"]
[36178:36178:1002/151839.388125:INFO:CONSOLE(35)] "message ok", source: https://www.linkedin.com/in/amy-lee-gt/ (35)
[36178:36178:1002/151846.708097:INFO:CONSOLE(126)] "days ok", source: https://www.linkedin.com/tscp-serving/dtag?sz=300x250&ti=1&p=1&c=1&z=profile&pk=d_flagship3_profile_view_base&pz=BR&vmid=ACoAAEE8wlYBhFSJLKFvgg6x7y4Z5fq9A-bmqCA&_x=company%3D1035 (126)
[36178:36178:1002/151846.713586:INFO:CONSOLE(129)] "Ad
Amy, unlock your full potential with LinkedIn Premium
LinkedIn Premium
See who's viewed your profile in the last 90 days
Try now for $0", source: https://www.linkedin.com/tscp-serving/dtag?sz=300x250&ti=1&p=1&c=1&z=profile&pk=d_flagship3_profile_view_base&pz=BR&vmid=ACoAAEE8wlYBhFSJLKFvgg6x7y4Z5fq9A-bmqCA&_x=company%3D1035 (129)
[36178:36178:1002/151846.714415:INFO:CONSOLE(135)] "promo ok", source: https://www.linkedin.com/tscp-serving/dtag?sz=300x250&ti=1&p=1&c=1&z=profile&pk=d_flagship3_profile_view_base&pz=BR&vmid=ACoAAEE8wlYBhFSJLKFvgg6x7y4Z5fq9A-bmqCA&_x=company%3D1035 (135)
[36178:36178:1002/151846.724203:INFO:CONSOLE(138)] "Ad
Amy, unlock your full potential with LinkedIn Premium
LinkedIn Premium
See who's viewed your profile in the last 90 days
Try now for $0", source: https://www.linkedin.com/tscp-serving/dtag?sz=300x250&ti=1&p=1&c=1&z=profile&pk=d_flagship3_profile_view_base&pz=BR&vmid=ACoAAEE8wlYBhFSJLKFvgg6x7y4Z5fq9A-bmqCA&_x=company%3D1035 (138)
[36337:36337:1002/151849.111188:INFO:navigator_ua.cc(35)] [SPECIFIC CHECK]##[NavigatorUA::userAgentData]
[36337:36337:1002/151849.114392:INFO:navigator_ua.cc(35)] [SPECIFIC CHECK]##[NavigatorUA::userAgentData]
[36337:36337:1002/151849.125449:INFO:navigator_ua.cc(35)] [SPECIFIC CHECK]##[NavigatorUA::userAgentData]
[36337:36337:1002/151849.131129:INFO:navigator_ua.cc(35)] [SPECIFIC CHECK]##[NavigatorUA::userAgentData]
[36337:36337:1002/151849.135367:INFO:navigator_ua.cc(35)] [SPECIFIC CHECK]##[NavigatorUA::userAgentData]
[36337:36337:1002/151849.172612:INFO:navigator_ua.cc(35)] [SPECIFIC CHECK]##[NavigatorUA::userAgentData]
[36337:36337:1002/151849.176078:INFO:navigator_ua.cc(35)] [SPECIFIC CHECK]##[NavigatorUA::userAgentData]
[36337:36337:1002/151849.191894:INFO:navigator_ua.cc(35)] [SPECIFIC CHECK]##[NavigatorUA::userAgentData]
[36337:36337:1002/151849.195766:INFO:navigator_ua.cc(35)] [SPECIFIC CHECK]##[NavigatorUA::userAgentData]
[36337:36337:1002/151849.200788:INFO:navigator_ua.cc(35)] [SPECIFIC CHECK]##[NavigatorUA::userAgentData]
[36337:36337:1002/151849.204362:INFO:navigator_ua.cc(35)] [SPECIFIC CHECK]##[NavigatorUA::userAgentData]
[36337:36337:1002/151849.209387:INFO:navigator_ua.cc(35)] [SPECIFIC CHECK]##[NavigatorUA::userAgentData]
[36337:36337:1002/151849.233570:INFO:navigator_ua.cc(35)] [SPECIFIC CHECK]##[NavigatorUA::userAgentData]
[36337:36337:1002/151849.236773:INFO:navigator_ua.cc(35)] [SPECIFIC CHECK]##[NavigatorUA::userAgentData]
[36337:36337:1002/151849.247398:INFO:navigator_ua.cc(35)] [SPECIFIC CHECK]##[NavigatorUA::userAgentData]
[36337:36337:1002/151849.251209:INFO:navigator_ua.cc(35)] [SPECIFIC CHECK]##[NavigatorUA::userAgentData]
[36337:36337:1002/151849.262360:INFO:navigator_ua.cc(35)] [SPECIFIC CHECK]##[NavigatorUA::userAgentData]
[36337:36337:1002/151849.267739:INFO:navigator_ua.cc(35)] [SPECIFIC CHECK]##[NavigatorUA::userAgentData]
[36337:36337:1002/151849.275678:INFO:navigator_ua.cc(35)] [SPECIFIC CHECK]##[NavigatorUA::userAgentData]
[36337:36337:1002/151849.315834:INFO:navigator_ua.cc(35)] [SPECIFIC CHECK]##[NavigatorUA::userAgentData]
[36337:36337:1002/151849.319153:INFO:navigator_ua.cc(35)] [SPECIFIC CHECK]##[NavigatorUA::userAgentData]
[36337:36337:1002/151849.329141:INFO:navigator_ua.cc(35)] [SPECIFIC CHECK]##[NavigatorUA::userAgentData]
[36337:36337:1002/151849.332645:INFO:navigator_ua.cc(35)] [SPECIFIC CHECK]##[NavigatorUA::userAgentData]
[36337:36337:1002/151849.337233:INFO:navigator_ua.cc(35)] [SPECIFIC CHECK]##[NavigatorUA::userAgentData]
[36337:36337:1002/151849.340859:INFO:navigator_ua.cc(35)] [SPECIFIC CHECK]##[NavigatorUA::userAgentData]
[36337:36337:1002/151849.346036:INFO:navigator_ua.cc(35)] [SPECIFIC CHECK]##[NavigatorUA::userAgentData]
[36337:36337:1002/151849.370001:INFO:navigator_ua.cc(35)] [SPECIFIC CHECK]##[NavigatorUA::userAgentData]
[36337:36337:1002/151849.374020:INFO:navigator_ua.cc(35)] [SPECIFIC CHECK]##[NavigatorUA::userAgentData]
[36337:36337:1002/151849.379918:INFO:navigator_ua.cc(35)] [SPECIFIC CHECK]##[NavigatorUA::userAgentData]
[36337:36337:1002/151849.383707:INFO:navigator_ua.cc(35)] [SPECIFIC CHECK]##[NavigatorUA::userAgentData]
[36337:36337:1002/151849.389025:INFO:navigator_ua.cc(35)] [SPECIFIC CHECK]##[NavigatorUA::userAgentData]
[36337:36337:1002/151849.405064:INFO:navigator_ua.cc(35)] [SPECIFIC CHECK]##[NavigatorUA::userAgentData]
[36337:36337:1002/151849.408760:INFO:navigator_ua.cc(35)] [SPECIFIC CHECK]##[NavigatorUA::userAgentData]
[36337:36337:1002/151849.413744:INFO:navigator_ua.cc(35)] [SPECIFIC CHECK]##[NavigatorUA::userAgentData]
[36337:36337:1002/151849.417498:INFO:navigator_ua.cc(35)] [SPECIFIC CHECK]##[NavigatorUA::userAgentData]
[36337:36337:1002/151849.565510:INFO:navigator_ua.cc(35)] [SPECIFIC CHECK]##[NavigatorUA::userAgentData]
[36337:36337:1002/151849.578404:INFO:navigator_ua.cc(35)] [SPECIFIC CHECK]##[NavigatorUA::userAgentData]
[36337:36337:1002/151849.581981:INFO:navigator_ua.cc(35)] [SPECIFIC CHECK]##[NavigatorUA::userAgentData]
[36517:36517:1002/151849.765526:ERROR:runtime_enabled_features.cc(2498)] RuntimeEnabledFeature not recognized: ShadowDOMV0
[36517:36526:1002/151849.804018:INFO:dispatcher.cc(588)] MarkAsExtensionContext (Background mv3): [chrome-extension://kecadfolelkekbfmmfoifpfalfedeljo/background.bundle.js]
[36337:36337:1002/151851.517732:INFO:navigator_ua.cc(35)] [SPECIFIC CHECK]##[NavigatorUA::userAgentData]
[36337:36337:1002/151851.520580:INFO:navigator_ua.cc(35)] [SPECIFIC CHECK]##[NavigatorUA::userAgentData]
[36337:36337:1002/151851.530277:INFO:navigator_ua.cc(35)] [SPECIFIC CHECK]##[NavigatorUA::userAgentData]
[36337:36337:1002/151851.534925:INFO:navigator_ua.cc(35)] [SPECIFIC CHECK]##[NavigatorUA::userAgentData]
[36337:36337:1002/151851.539389:INFO:navigator_ua.cc(35)] [SPECIFIC CHECK]##[NavigatorUA::userAgentData]
[36337:36337:1002/151851.569771:INFO:navigator_ua.cc(35)] [SPECIFIC CHECK]##[NavigatorUA::userAgentData]
[36337:36337:1002/151851.572898:INFO:navigator_ua.cc(35)] [SPECIFIC CHECK]##[NavigatorUA::userAgentData]
[36337:36337:1002/151851.583281:INFO:navigator_ua.cc(35)] [SPECIFIC CHECK]##[NavigatorUA::userAgentData]
[36337:36337:1002/151851.587236:INFO:navigator_ua.cc(35)] [SPECIFIC CHECK]##[NavigatorUA::userAgentData]
[36337:36337:1002/151851.592443:INFO:navigator_ua.cc(35)] [SPECIFIC CHECK]##[NavigatorUA::userAgentData]
[36337:36337:1002/151851.596446:INFO:navigator_ua.cc(35)] [SPECIFIC CHECK]##[NavigatorUA::userAgentData]
[36337:36337:1002/151851.602568:INFO:navigator_ua.cc(35)] [SPECIFIC CHECK]##[NavigatorUA::userAgentData]
[36337:36337:1002/151851.622725:INFO:navigator_ua.cc(35)] [SPECIFIC CHECK]##[NavigatorUA::userAgentData]
[36337:36337:1002/151851.625818:INFO:navigator_ua.cc(35)] [SPECIFIC CHECK]##[NavigatorUA::userAgentData]
[36337:36337:1002/151851.644837:INFO:navigator_ua.cc(35)] [SPECIFIC CHECK]##[NavigatorUA::userAgentData]
[36337:36337:1002/151851.653199:INFO:navigator_ua.cc(35)] [SPECIFIC CHECK]##[NavigatorUA::userAgentData]
[36337:36337:1002/151851.658413:INFO:navigator_ua.cc(35)] [SPECIFIC CHECK]##[NavigatorUA::userAgentData]
[36337:36337:1002/151851.662594:INFO:navigator_ua.cc(35)] [SPECIFIC CHECK]##[NavigatorUA::userAgentData]
[36337:36337:1002/151851.668868:INFO:navigator_ua.cc(35)] [SPECIFIC CHECK]##[NavigatorUA::userAgentData]
[36337:36337:1002/151851.702029:INFO:navigator_ua.cc(35)] [SPECIFIC CHECK]##[NavigatorUA::userAgentData]
[36337:36337:1002/151851.705334:INFO:navigator_ua.cc(35)] [SPECIFIC CHECK]##[NavigatorUA::userAgentData]
[36337:36337:1002/151851.716248:INFO:navigator_ua.cc(35)] [SPECIFIC CHECK]##[NavigatorUA::userAgentData]
[36337:36337:1002/151851.720348:INFO:navigator_ua.cc(35)] [SPECIFIC CHECK]##[NavigatorUA::userAgentData]
[36337:36337:1002/151851.725759:INFO:navigator_ua.cc(35)] [SPECIFIC CHECK]##[NavigatorUA::userAgentData]
[36337:36337:1002/151851.729984:INFO:navigator_ua.cc(35)] [SPECIFIC CHECK]##[NavigatorUA::userAgentData]
[36337:36337:1002/151851.736151:INFO:navigator_ua.cc(35)] [SPECIFIC CHECK]##[NavigatorUA::userAgentData]
[36337:36337:1002/151851.761355:INFO:navigator_ua.cc(35)] [SPECIFIC CHECK]##[NavigatorUA::userAgentData]
[36337:36337:1002/151851.765820:INFO:navigator_ua.cc(35)] [SPECIFIC CHECK]##[NavigatorUA::userAgentData]
[36337:36337:1002/151851.771358:INFO:navigator_ua.cc(35)] [SPECIFIC CHECK]##[NavigatorUA::userAgentData]
[36337:36337:1002/151851.776427:INFO:navigator_ua.cc(35)] [SPECIFIC CHECK]##[NavigatorUA::userAgentData]
[36337:36337:1002/151851.782926:INFO:navigator_ua.cc(35)] [SPECIFIC CHECK]##[NavigatorUA::userAgentData]
[36337:36337:1002/151851.800329:INFO:navigator_ua.cc(35)] [SPECIFIC CHECK]##[NavigatorUA::userAgentData]
[36337:36337:1002/151851.805096:INFO:navigator_ua.cc(35)] [SPECIFIC CHECK]##[NavigatorUA::userAgentData]
[36337:36337:1002/151851.810684:INFO:navigator_ua.cc(35)] [SPECIFIC CHECK]##[NavigatorUA::userAgentData]
[36337:36337:1002/151851.815156:INFO:navigator_ua.cc(35)] [SPECIFIC CHECK]##[NavigatorUA::userAgentData]
[36337:36337:1002/151851.821976:INFO:navigator_ua.cc(35)] [SPECIFIC CHECK]##[NavigatorUA::userAgentData]
[36337:36337:1002/151851.833680:INFO:navigator_ua.cc(35)] [SPECIFIC CHECK]##[NavigatorUA::userAgentData]
[36337:36337:1002/151851.837056:INFO:navigator_ua.cc(35)] [SPECIFIC CHECK]##[NavigatorUA::userAgentData]
[36527:36527:1002/151920.950647:ERROR:runtime_enabled_features.cc(2498)] RuntimeEnabledFeature not recognized: ShadowDOMV0
[36527:36536:1002/151920.995851:INFO:dispatcher.cc(588)] MarkAsExtensionContext (Background mv3): [chrome-extension://kecadfolelkekbfmmfoifpfalfedeljo/background.bundle.js]
[36337:36537:1002/151941.923770:WARNING:media_session.cc(949)] RED codec red is missing an associated payload type.
[36242:36268:1002/151944.589166:ERROR:socket_manager.cc(138)] Failed to resolve address for stun.l.google.com., errorcode: -105
[36337:36538:1002/151944.889719:WARNING:stun_port.cc(485)] Port[21338100:0:1:0:local:Net[any:0:0:0:x:x:x:x:x/0:Wildcard:id=0]]: StunPort: stun host lookup received error -1
[36337:36538:1002/151944.955057:ERROR:stun_request.cc(115)] CheckResponse called on a passwordless request. Fix test!
[36541:36541:1002/151950.592114:WARNING:audio_manager_linux.cc(60)] Falling back to ALSA for audio output. PulseAudio is not available or could not be initialized.
[36554:36554:1002/151951.675548:ERROR:runtime_enabled_features.cc(2498)] RuntimeEnabledFeature not recognized: ShadowDOMV0
[36554:36563:1002/151951.719946:INFO:dispatcher.cc(588)] MarkAsExtensionContext (Background mv3): [chrome-extension://kecadfolelkekbfmmfoifpfalfedeljo/background.bundle.js]
