[133971:134026:0922/215946.772511:ERROR:bus.cc(399)] Failed to connect to the bus: Failed to connect to socket /var/run/dbus/system_bus_socket: No such file or directory
[133971:134026:0922/215946.772681:ERROR:bus.cc(399)] Failed to connect to the bus: Failed to connect to socket /var/run/dbus/system_bus_socket: No such file or directory
[133971:134025:0922/215946.776980:ERROR:bus.cc(399)] Failed to connect to the bus: Could not parse server address: Unknown address type (examples of valid types are "tcp" and on UNIX "unix")
[133971:134025:0922/215946.777021:ERROR:bus.cc(399)] Failed to connect to the bus: Could not parse server address: Unknown address type (examples of valid types are "tcp" and on UNIX "unix")
[133971:133971:0922/215946.782841:ERROR:network_service_instance_impl.cc(459)] Deprecated value for --net-log-capture-mode. Use IncludeSensitive instead
[134033:134033:0922/215946.799200:WARNING:angle_platform_impl.cc(48)] vk_utils.cpp:353 (GetAvailableValidationLayers): Vulkan validation layers are missing.
[133971:133971:0922/215946.806218:WARNING:account_consistency_mode_manager.cc(70)] Desktop Identity Consistency cannot be enabled as no OAuth client ID and client secret have been configured.
[133971:134025:0922/215946.814767:ERROR:bus.cc(399)] Failed to connect to the bus: Could not parse server address: Unknown address type (examples of valid types are "tcp" and on UNIX "unix")
[133971:134025:0922/215946.814831:ERROR:bus.cc(399)] Failed to connect to the bus: Could not parse server address: Unknown address type (examples of valid types are "tcp" and on UNIX "unix")
[134033:134033:0922/215946.851033:WARNING:sandbox_linux.cc(380)] InitializeSandbox() called with multiple threads in process gpu-process.
[133971:134025:0922/215946.865111:ERROR:bus.cc(399)] Failed to connect to the bus: Could not parse server address: Unknown address type (examples of valid types are "tcp" and on UNIX "unix")
[133971:134025:0922/215946.865180:ERROR:bus.cc(399)] Failed to connect to the bus: Could not parse server address: Unknown address type (examples of valid types are "tcp" and on UNIX "unix")
[134033:134033:0922/215946.943515:ERROR:gpu_memory_buffer_support_x11.cc(44)] dri3 extension not supported.
[134073:134073:0922/215946.954542:ERROR:runtime_enabled_features.cc(2498)] RuntimeEnabledFeature not recognized: ShadowDOMV0
[134074:134074:0922/215946.955520:ERROR:runtime_enabled_features.cc(2498)] RuntimeEnabledFeature not recognized: ShadowDOMV0
[133971:133971:0922/215946.978679:WARNING:bluez_dbus_manager.cc(247)] Floss manager not present, cannot set Floss enable/disable.
[133971:134092:0922/215947.032075:ERROR:bus.cc(399)] Failed to connect to the bus: Failed to connect to socket /var/run/dbus/system_bus_socket: No such file or directory
[133971:134092:0922/215947.032138:ERROR:bus.cc(399)] Failed to connect to the bus: Failed to connect to socket /var/run/dbus/system_bus_socket: No such file or directory
[133971:134092:0922/215947.032199:ERROR:bus.cc(399)] Failed to connect to the bus: Failed to connect to socket /var/run/dbus/system_bus_socket: No such file or directory
[133971:134092:0922/215947.032213:WARNING:property.cc(144)] DaemonVersion: GetAndBlock: failed.
[133971:134092:0922/215947.032241:ERROR:bus.cc(399)] Failed to connect to the bus: Failed to connect to socket /var/run/dbus/system_bus_socket: No such file or directory
[133971:134092:0922/215947.032271:ERROR:bus.cc(399)] Failed to connect to the bus: Failed to connect to socket /var/run/dbus/system_bus_socket: No such file or directory
[134095:134095:0922/215947.171783:ERROR:runtime_enabled_features.cc(2498)] RuntimeEnabledFeature not recognized: ShadowDOMV0
[134095:134104:0922/215947.218841:INFO:dispatcher.cc(588)] MarkAsExtensionContext (Background mv3): [chrome-extension://pjmfidajplecneclhdghcgdefnmhhlca/background.js]
[134106:134106:0922/215947.258405:ERROR:runtime_enabled_features.cc(2498)] RuntimeEnabledFeature not recognized: ShadowDOMV0
[133971:133971:0922/215947.314723:INFO:CONSOLE(92)] "", source: chrome-extension://pjmfidajplecneclhdghcgdefnmhhlca/build/background.js (92)
[134118:134118:0922/215948.265356:ERROR:runtime_enabled_features.cc(2498)] RuntimeEnabledFeature not recognized: ShadowDOMV0
[134125:134125:0922/215948.286033:ERROR:runtime_enabled_features.cc(2498)] RuntimeEnabledFeature not recognized: ShadowDOMV0
[133971:133971:0922/215948.399501:INFO:CONSOLE(101)] "https://www.amazon.com/a/addresses", source: chrome-extension://pjmfidajplecneclhdghcgdefnmhhlca/build/background.js (101)
[133971:133971:0922/215949.300488:INFO:CONSOLE(23)] "deliver ok", source: https://www.amazon.com/a/addresses (23)
[133971:133971:0922/215949.301621:INFO:CONSOLE(32)] "name ok", source: https://www.amazon.com/a/addresses (32)
[133971:133971:0922/215949.302216:INFO:CONSOLE(35)] "Hello, Amy", source: https://www.amazon.com/a/addresses (35)
[133971:133971:0922/215949.302694:INFO:CONSOLE(42)] "address ok", source: https://www.amazon.com/a/addresses (42)
[133971:133971:0922/215949.303160:INFO:CONSOLE(46)] "0", source: https://www.amazon.com/a/addresses (46)
[133971:133971:0922/215949.303626:INFO:CONSOLE(46)] "1", source: https://www.amazon.com/a/addresses (46)
[133971:133971:0922/215949.304080:INFO:CONSOLE(46)] "2", source: https://www.amazon.com/a/addresses (46)
[133971:133971:0922/215949.304533:INFO:CONSOLE(55)] "language ok", source: https://www.amazon.com/a/addresses (55)
[133971:133971:0922/215949.305001:INFO:CONSOLE(59)] "EN", source: https://www.amazon.com/a/addresses (59)
[133971:133971:0922/215949.871280:INFO:CONSOLE(101)] "https://changingroom.eco/welcome-change-maker", source: chrome-extension://pjmfidajplecneclhdghcgdefnmhhlca/build/background.js (101)
[134034:134057:0922/215950.159241:WARNING:http_cache_transaction.cc(1261)] Unable to open or create cache entry
[134034:134057:0922/215950.160706:WARNING:http_cache_transaction.cc(1261)] Unable to open or create cache entry
[134034:134057:0922/215950.161418:WARNING:http_cache_transaction.cc(1261)] Unable to open or create cache entry
[134034:134057:0922/215950.163227:WARNING:http_cache_transaction.cc(1261)] Unable to open or create cache entry
[134034:134057:0922/215950.163967:WARNING:http_cache_transaction.cc(1261)] Unable to open or create cache entry
[134034:134057:0922/215950.165118:WARNING:http_cache_transaction.cc(1261)] Unable to open or create cache entry
[134166:134166:0922/215951.800473:ERROR:runtime_enabled_features.cc(2498)] RuntimeEnabledFeature not recognized: ShadowDOMV0
[133971:133971:0922/215951.826226:INFO:CONSOLE(0)] "Blocked script execution in 'https://s.amazon-adsystem.com/iu3?d=amazon.com&slot=navFooter&a1=01012fffa6ca902a819755f2529b1a9fbb581434d30392ade9914c388f13cd2955d5&a2=010191fc70327086727b873a981758a2a620ac929c50fd2a5a92568341c160ca9587&old_oo=0&ts=1694804240266&s=AeOyRtrEHvLZgwq3wGOa4bat4o3036fjp-k-CbXZC601&gdpr_consent=&gdpr_consent_avl=&cb=1694804240266' because the document's frame is sandboxed and the 'allow-scripts' permission is not set.", source: https://s.amazon-adsystem.com/iu3?d=amazon.com&slot=navFooter&a1=01012fffa6ca902a819755f2529b1a9fbb581434d30392ade9914c388f13cd2955d5&a2=010191fc70327086727b873a981758a2a620ac929c50fd2a5a92568341c160ca9587&old_oo=0&ts=1694804240266&s=AeOyRtrEHvLZgwq3wGOa4bat4o3036fjp-k-CbXZC601&gdpr_consent=&gdpr_consent_avl=&cb=1694804240266 (0)
[133971:133971:0922/215951.826742:INFO:CONSOLE(0)] "Blocked script execution in 'https://s.amazon-adsystem.com/iu3?d=amazon.com&slot=navFooter&a1=01012fffa6ca902a819755f2529b1a9fbb581434d30392ade9914c388f13cd2955d5&a2=010191fc70327086727b873a981758a2a620ac929c50fd2a5a92568341c160ca9587&old_oo=0&ts=1694804240266&s=AeOyRtrEHvLZgwq3wGOa4bat4o3036fjp-k-CbXZC601&gdpr_consent=&gdpr_consent_avl=&cb=1694804240266' because the document's frame is sandboxed and the 'allow-scripts' permission is not set.", source: https://s.amazon-adsystem.com/iu3?d=amazon.com&slot=navFooter&a1=01012fffa6ca902a819755f2529b1a9fbb581434d30392ade9914c388f13cd2955d5&a2=010191fc70327086727b873a981758a2a620ac929c50fd2a5a92568341c160ca9587&old_oo=0&ts=1694804240266&s=AeOyRtrEHvLZgwq3wGOa4bat4o3036fjp-k-CbXZC601&gdpr_consent=&gdpr_consent_avl=&cb=1694804240266 (0)
[133971:133971:0922/215951.880167:INFO:CONSOLE(0)] "Blocked script execution in 'https://s.amazon-adsystem.com/v3/pr?exlist=imdb_sx_n-sk_n-mediarithmics_n-lucid_g_n-visualiq_adelphic&fv=1.0&a=cm&dmt=1&gdpr_consent=' because the document's frame is sandboxed and the 'allow-scripts' permission is not set.", source: https://s.amazon-adsystem.com/v3/pr?exlist=imdb_sx_n-sk_n-mediarithmics_n-lucid_g_n-visualiq_adelphic&fv=1.0&a=cm&dmt=1&gdpr_consent= (0)
[133971:133971:0922/215951.880376:INFO:CONSOLE(0)] "Blocked script execution in 'https://s.amazon-adsystem.com/v3/pr?exlist=imdb_sx_n-sk_n-mediarithmics_n-lucid_g_n-visualiq_adelphic&fv=1.0&a=cm&dmt=1&gdpr_consent=' because the document's frame is sandboxed and the 'allow-scripts' permission is not set.", source: https://s.amazon-adsystem.com/v3/pr?exlist=imdb_sx_n-sk_n-mediarithmics_n-lucid_g_n-visualiq_adelphic&fv=1.0&a=cm&dmt=1&gdpr_consent= (0)
[134118:134118:0922/215951.994306:INFO:local_window_proxy.cc(253)] MarkAsExtensionContext (Content Script): ["https://www.amazon.com/a/addresses"]
[133971:133971:0922/215952.460406:INFO:CONSOLE(0)] "Refused to load the image 'https://ib.adnxs.com/getuid?https://cookie-matching.mediarithmics.com/input?key=APX&apx_uid=$UID&opid=apx&ops=&utidl=tech:goo:CAESEI8Mnrouf586VuyAGF4qRjk&gdpr_consent=&gdpr=0&action=GET_ID&etid=&domid=1109' because it violates the following Content Security Policy directive: "default-src 'self' s.amazon-adsystem.com aax-eu.amazon-adsystem.com aax-fe.amazon-adsystem.com fonts.gstatic.com *.firefox.etp doubleclick.net *.imdb.com google.com *.samplicio.us serving-sys.com *.mediarithmics.com spotxchange.com samplicio.us imdb.com *.serving-sys.com *.doubleclick.net *.google.com *.myvisualiq.net myvisualiq.net *.spotxchange.com 'unsafe-inline'". Note that 'img-src' was not explicitly set, so 'default-src' is used as a fallback.
", source: https://s.amazon-adsystem.com/v3/pr?exlist=imdb_sx_n-sk_n-mediarithmics_n-lucid_g_n-visualiq_adelphic&fv=1.0&a=cm&dmt=1&gdpr_consent= (0)
[133971:133971:0922/215953.232446:INFO:CONSOLE(13)] "[batch] MIXPANEL REQUEST: [object Object]", source: https://cdn.mxpnl.com/libs/mixpanel-2-latest.min.js (13)
[133971:133971:0922/215953.250189:INFO:CONSOLE(92)] "https://www.amazon.com/a/addresses", source: chrome-extension://pjmfidajplecneclhdghcgdefnmhhlca/build/background.js (92)
[134034:134057:0922/215953.467143:WARNING:http_cache_transaction.cc(1261)] Unable to open or create cache entry
[134034:134057:0922/215953.468863:WARNING:http_cache_transaction.cc(1261)] Unable to open or create cache entry
[134034:134057:0922/215953.470540:WARNING:http_cache_transaction.cc(1261)] Unable to open or create cache entry
[134034:134057:0922/215953.473219:WARNING:http_cache_transaction.cc(1261)] Unable to open or create cache entry
[134034:134057:0922/215953.474376:WARNING:http_cache_transaction.cc(1261)] Unable to open or create cache entry
[134034:134057:0922/215953.476198:WARNING:http_cache_transaction.cc(1261)] Unable to open or create cache entry
[134034:134057:0922/215953.477145:WARNING:http_cache_transaction.cc(1261)] Unable to open or create cache entry
[134034:134057:0922/215953.479483:WARNING:http_cache_transaction.cc(1261)] Unable to open or create cache entry
[133971:133971:0922/215953.545357:INFO:CONSOLE(2472)] "Uncaught TypeError: Cannot set properties of undefined (setting 'jsError')", source: https://www.amazon.com/a/addresses (2472)
[133971:133971:0922/215953.561874:INFO:CONSOLE(2472)] "Uncaught TypeError: Cannot set properties of undefined (setting 'jsError')", source: https://www.amazon.com/a/addresses (2472)
[134073:134073:0922/215954.287169:INFO:local_window_proxy.cc(253)] MarkAsExtensionContext (Content Script): ["https://changingroom.eco/welcome-change-maker"]
[133971:133971:0922/215954.397353:INFO:optimization_guide_logger.cc(42)] ../../components/optimization_guide/core/hints_manager.cc(523) Hint cache initialized
[133971:133971:0922/215954.429039:INFO:CONSOLE(0)] "Access to script at 'https://images-na.ssl-images-amazon.com/images/I/410ujMOGIuL.js?xcp' from origin 'https://www.amazon.com' has been blocked by CORS policy: No 'Access-Control-Allow-Origin' header is present on the requested resource.", source: https://www.amazon.com/a/addresses (0)
[133971:133971:0922/215954.619846:INFO:CONSOLE(0)] "Access to script at 'https://images-na.ssl-images-amazon.com/images/I/31B23vW9YKL.js?xcp' from origin 'https://www.amazon.com' has been blocked by CORS policy: No 'Access-Control-Allow-Origin' header is present on the requested resource.", source: https://www.amazon.com/a/addresses (0)
[133971:133971:0922/215954.659469:INFO:CONSOLE(4)] "Error logged with the Track&Report JS errors API(http://tiny/1covqr6l8/wamazindeClieUserJava): {"m":"Asset failed to load: https://images-na.ssl-images-amazon.com/images/I/410ujMOGIuL.js?xcp","csm":"v5 ueLogError callee","logLevel":"ERROR","pageURL":"https://www.amazon.com/a/addresses","s":["function(a,b,c,y){b={message:b,logLevel:c||\"ERROR\",attribution:k(\":\",this.attribution,y)};if(d.ueLogError)return d.ueLogError(a||b,a?b:null),!0;console&&console.error&&(console.log(b),console.error(a));\nreturn!1}","function(a,b,c){return this.logError(null,a,b,c)}","function(b){U?n(\"resource_unload\"):e?(e=!1,n(\"resource_retry\"),g()):(n(\"resource_error\"),a.log(\"Asset failed to load: \"+c));b&&b.stopPropagation?b.stopPropagation():d.event&&(d.event.cancelBubble=!0)}"],"t":6400} [object Object]", source: https://images-na.ssl-images-amazon.com/images/I/31bJewCvY-L.js (4)
[133971:133971:0922/215954.674139:INFO:CONSOLE(0)] "Access to fetch at 'https://www.changingroom.eco/api/html_parser' from origin 'https://changingroom.eco' has been blocked by CORS policy: No 'Access-Control-Allow-Origin' header is present on the requested resource. If an opaque response serves your needs, set the request's mode to 'no-cors' to fetch the resource with CORS disabled.", source: https://changingroom.eco/welcome-change-maker (0)
[133971:133971:0922/215954.674532:INFO:CONSOLE(65)] "Uncaught (in promise) TypeError: Failed to fetch", source: chrome-extension://pjmfidajplecneclhdghcgdefnmhhlca/build/content_script.js (65)
[133971:133971:0922/215954.785745:INFO:CONSOLE(4)] "Error logged with the Track&Report JS errors API(http://tiny/1covqr6l8/wamazindeClieUserJava): {"m":"Asset failed to load: https://images-na.ssl-images-amazon.com/images/I/31B23vW9YKL.js?xcp","csm":"v5 ueLogError callee","logLevel":"ERROR","pageURL":"https://www.amazon.com/a/addresses","s":["function(a,b,c,y){b={message:b,logLevel:c||\"ERROR\",attribution:k(\":\",this.attribution,y)};if(d.ueLogError)return d.ueLogError(a||b,a?b:null),!0;console&&console.error&&(console.log(b),console.error(a));\nreturn!1}","function(a,b,c){return this.logError(null,a,b,c)}","function(b){U?n(\"resource_unload\"):e?(e=!1,n(\"resource_retry\"),g()):(n(\"resource_error\"),a.log(\"Asset failed to load: \"+c));b&&b.stopPropagation?b.stopPropagation():d.event&&(d.event.cancelBubble=!0)}"],"t":6900} [object Object]", source: https://images-na.ssl-images-amazon.com/images/I/31bJewCvY-L.js (4)
[133971:133971:0922/215954.786847:INFO:CONSOLE(0)] "Access to fetch at 'https://www.changingroom.eco/api/html_parser' from origin 'https://www.amazon.com' has been blocked by CORS policy: No 'Access-Control-Allow-Origin' header is present on the requested resource. If an opaque response serves your needs, set the request's mode to 'no-cors' to fetch the resource with CORS disabled.", source: https://www.amazon.com/a/addresses (0)
[133971:133971:0922/215954.797660:INFO:CONSOLE(65)] "Uncaught (in promise) TypeError: Failed to fetch", source: chrome-extension://pjmfidajplecneclhdghcgdefnmhhlca/build/content_script.js (65)
[133971:133971:0922/215955.660921:INFO:CONSOLE(13)] "[batch] MIXPANEL REQUEST: [object Object]", source: https://cdn.mxpnl.com/libs/mixpanel-2-latest.min.js (13)
[134034:134057:0922/215955.998857:WARNING:http_cache_transaction.cc(1261)] Unable to open or create cache entry
[133971:133971:0922/215956.037592:INFO:CONSOLE(455)] "CSM logging failed for HeadLatency - cannot log HeadLatency with value 0, it is negative or 0", source: https://images-na.ssl-images-amazon.com/images/I/41W974vG8QL._RC%7C71zzjyvEIHL.js,01QvReFeJyL.js,01phmzCOwJL.js,01eOvPdxG7L.js,71RDRWJQQQL.js,41306Iio4NL.js,115pV8Rl02L.js,01+pnQJuQ0L.js,21rDHgaooIL.js,41LFml+7fVL.js,51t-JTxfnwL.js,317BC63dC8L.js,11lEMI5MhIL.js,31c7Fn9h9gL.js,01LEzWzrPZL.js,01AqeWA7PKL.js_.js?AUIClients/NavDesktopUberAsset&lLvq0Ux1 (455)
[133971:133971:0922/215958.642424:INFO:CONSOLE(0)] "Access to fetch at 'https://images-na.ssl-images-amazon.com/images/G/01/msa/vowels/metrics._STID862000-1694804209700_.jpg' from origin 'https://www.amazon.com' has been blocked by CORS policy: No 'Access-Control-Allow-Origin' header is present on the requested resource. If an opaque response serves your needs, set the request's mode to 'no-cors' to fetch the resource with CORS disabled.", source: https://www.amazon.com/a/addresses (0)
[133971:133971:0922/215958.659344:INFO:CONSOLE(4)] "Error logged with the Track&Report JS errors API(http://tiny/1covqr6l8/wamazindeClieUserJava): {"m":"TypeError: Failed to fetch","csm":"v5 ueLogError callee","logLevel":"WARN","attribution":"MSAVowelsJavascriptAssets","pageURL":"https://www.amazon.com/a/addresses","s":["function(b,g){g||(g=\"ERROR\");b=b&&b.stack&&b.message?b:JSON.stringify(b);d({logLevel:g,attribution:\"MSAVowelsJavascriptAssets\",message:b})}","function(a){t(\"resourceError\",1);a instanceof TypeError&&a.message&&a.message.includes(\"Failed to fetch\")?n(a,\"WARN\"):n(a,\"ERROR\")}"],"t":13750} [object Object]", source: https://images-na.ssl-images-amazon.com/images/I/31bJewCvY-L.js (4)
[133971:133971:0922/215958.663334:INFO:CONSOLE(0)] "Access to fetch at 'https://dk9ps7goqoeef.cloudfront.net/images/G/01/msa/vowels/metrics._STID862000-1694804209700_.jpg' from origin 'https://www.amazon.com' has been blocked by CORS policy: No 'Access-Control-Allow-Origin' header is present on the requested resource. If an opaque response serves your needs, set the request's mode to 'no-cors' to fetch the resource with CORS disabled.", source: https://www.amazon.com/a/addresses (0)
[133971:133971:0922/215958.668713:INFO:CONSOLE(4)] "Error logged with the Track&Report JS errors API(http://tiny/1covqr6l8/wamazindeClieUserJava): {"m":"TypeError: Failed to fetch","csm":"v5 ueLogError callee","logLevel":"WARN","attribution":"MSAVowelsJavascriptAssets","pageURL":"https://www.amazon.com/a/addresses","s":["function(b,g){g||(g=\"ERROR\");b=b&&b.stack&&b.message?b:JSON.stringify(b);d({logLevel:g,attribution:\"MSAVowelsJavascriptAssets\",message:b})}","function(a){n(a,\"WARN\");throw c;}"],"t":13750} [object Object]", source: https://images-na.ssl-images-amazon.com/images/I/31bJewCvY-L.js (4)
[133971:133971:0922/215958.669971:INFO:CONSOLE(0)] "Access to fetch at 'https://f.media-amazon.com/images/G/01/msa/vowels/metrics._STID862000-1694804209700_.jpg' from origin 'https://www.amazon.com' has been blocked by CORS policy: No 'Access-Control-Allow-Origin' header is present on the requested resource. If an opaque response serves your needs, set the request's mode to 'no-cors' to fetch the resource with CORS disabled.", source: https://www.amazon.com/a/addresses (0)
[133971:133971:0922/215958.673693:INFO:CONSOLE(4)] "Error logged with the Track&Report JS errors API(http://tiny/1covqr6l8/wamazindeClieUserJava): {"m":"TypeError: Failed to fetch","csm":"v5 ueLogError callee","logLevel":"WARN","attribution":"MSAVowelsJavascriptAssets","pageURL":"https://www.amazon.com/a/addresses","s":["function(b,g){g||(g=\"ERROR\");b=b&&b.stack&&b.message?b:JSON.stringify(b);d({logLevel:g,attribution:\"MSAVowelsJavascriptAssets\",message:b})}","function(a){n(a,\"WARN\");throw c;}"],"t":13750} [object Object]", source: https://images-na.ssl-images-amazon.com/images/I/31bJewCvY-L.js (4)
[133971:133971:0922/215958.676241:INFO:CONSOLE(0)] "Access to fetch at 'https://a.media-amazon.com/images/G/01/msa/vowels/metrics._STID862000-1694804209700_.jpg' from origin 'https://www.amazon.com' has been blocked by CORS policy: No 'Access-Control-Allow-Origin' header is present on the requested resource. If an opaque response serves your needs, set the request's mode to 'no-cors' to fetch the resource with CORS disabled.", source: https://www.amazon.com/a/addresses (0)
[133971:133971:0922/215958.677125:INFO:CONSOLE(4)] "Error logged with the Track&Report JS errors API(http://tiny/1covqr6l8/wamazindeClieUserJava): {"m":"TypeError: Failed to fetch","csm":"v5 ueLogError callee","logLevel":"WARN","attribution":"MSAVowelsJavascriptAssets","pageURL":"https://www.amazon.com/a/addresses","s":["function(b,g){g||(g=\"ERROR\");b=b&&b.stack&&b.message?b:JSON.stringify(b);d({logLevel:g,attribution:\"MSAVowelsJavascriptAssets\",message:b})}","function(a){n(a,\"WARN\");throw c;}"],"t":13800} [object Object]", source: https://images-na.ssl-images-amazon.com/images/I/31bJewCvY-L.js (4)
[133971:133971:0922/220000.767004:INFO:CONSOLE(2472)] "Uncaught TypeError: Cannot set properties of undefined (setting 'jsError')", source: https://www.amazon.com/a/addresses (2472)
[133971:133971:0922/220039.659272:INFO:CONSOLE(0)] "The resource https://redirect.prod.experiment.routing.cloudfront.aws.a2z.com/x.png was preloaded using link preload but not used within a few seconds from the window's load event. Please make sure it has an appropriate `as` value and it is preloaded intentionally.", source: https://www.amazon.com/a/addresses (0)
[133971:133971:0922/220047.795757:INFO:optimization_guide_logger.cc(42)] ../../components/optimization_guide/core/hints_manager.cc(388) Received OptimizationHints component version: 413
[133971:133971:0922/220047.795847:INFO:optimization_guide_logger.cc(42)] ../../components/optimization_guide/core/hints_manager.cc(433) Processing OptimizationHints component version: 413
[133971:133971:0922/220047.796181:INFO:optimization_guide_logger.cc(42)] ../../components/optimization_guide/core/hints_manager.cc(570) Component successfully processed
[133971:133971:0922/220047.796245:INFO:optimization_guide_logger.cc(42)] ../../components/optimization_guide/core/hints_manager.cc(505) Loaded optimization filter for HistoryClusters
[133971:133971:0922/220050.731261:INFO:CONSOLE(0)] "The resource https://redirect.prod.experiment.routing.cloudfront.aws.a2z.com/x.png was preloaded using link preload but not used within a few seconds from the window's load event. Please make sure it has an appropriate `as` value and it is preloaded intentionally.", source: https://www.amazon.com/a/addresses (0)
[134279:134279:0922/220055.046085:ERROR:runtime_enabled_features.cc(2498)] RuntimeEnabledFeature not recognized: ShadowDOMV0
[133971:133971:0922/220055.185636:ERROR:background_mode_manager_aura.cc(12)] Not implemented reached in virtual void BackgroundModeManager::EnableLaunchOnStartup(bool)
[133971:133971:0922/220055.230790:WARNING:internal_linux.cc(67)] Failed to read /proc/134034/stat
[133971:133971:0922/220055.230820:ERROR:kill_posix.cc(34)] waitpid(134034): No child processes (10)
[133971:133988:0922/220055.235756:WARNING:discardable_shared_memory_manager.cc(436)] Some MojoDiscardableSharedMemoryManagerImpls are still alive. They will be leaked.
[133971:133971:0922/220055.238006:WARNING:pref_notifier_impl.cc(41)] Pref observer for media_router.cast_allow_all_ips found at shutdown.
