>>> TAINT SINK `XHR` REACHED (fetch-body-USVString) <<<
STACK TRACE START: 
0x22f390498989 <String[246]: c"chrome-extension://bahcihkpdjlbndandplnfmejnalndgjo/asset/sw.js:242:9new Promise (<anonymous>)getDataApi (chrome-extension://bahcihkpdjlbndandplnfmejnalndgjo/asset/sw.js:223:12)chrome-extension://bahcihkpdjlbndandplnfmejnalndgjo/asset/sw.js:49:30">
STACK TRACE END.

///////////////////////// Details /////////////////////////

** FETCH leak, request URL = https://api3.likewiseapp.net/api/extension/screenplay/match

** Tainted bytes: (nullptr=1): 

** Sink object: {"lines":["Home","Search","Explore","Reels","Messages","Notifications","Create","Profile","More","xqgtiti","Edit Profile","View archive"," posts","2"," followers","0"," following","13"," ","Erin"," ","she","This is me!!!!","google.com","2","2"],"url":"https://www.instagram.com/xqgtiti/"}

** Propagation paths: 

0x22f390493a59 <String[288]: uc"{"lines":["Home","Search","Explore","Reels","Messages","Notifications","Create","Profile","More","xqgtiti","Edit Profile","View archive"," posts","2"," followers","0"," following","13"," ","Erin","\xa0","she","This is me!!!!","google.com","2","2"],"url":"https://www.instagram.com/xqgtiti/"}">:
>> IPC Object:
{"details":"","tainted":false,"recursive":{"lines":{"details":"","tainted":false,"recursive":{"0":{"details":"","tainted":false,"recursive":{}},"1":{"details":"","tainted":false,"recursive":{}},"2":{"details":"","tainted":false,"recursive":{}},"3":{"details":"","tainted":false,"recursive":{}},"4":{"details":"","tainted":false,"recursive":{}},"5":{"details":"","tainted":false,"recursive":{}},"6":{"details":"","tainted":false,"recursive":{}},"7":{"details":"","tainted":false,"recursive":{}},"8":{"details":"","tainted":false,"recursive":{}},"9":{"details":"/ram/analysis/v8logs/00000011.log","tainted":true,"recursive":{}},"10":{"details":"/ram/analysis/v8logs/00000012.log","tainted":true,"recursive":{}},"11":{"details":"/ram/analysis/v8logs/00000013.log","tainted":true,"recursive":{}},"12":{"details":"/ram/analysis/v8logs/00000014.log","tainted":true,"recursive":{}},"13":{"details":"/ram/analysis/v8logs/00000015.log","tainted":true,"recursive":{}},"14":{"details":"/ram/analysis/v8logs/00000016.log","tainted":true,"recursive":{}},"15":{"details":"/ram/analysis/v8logs/00000017.log","tainted":true,"recursive":{}},"16":{"details":"/ram/analysis/v8logs/00000018.log","tainted":true,"recursive":{}},"17":{"details":"/ram/analysis/v8logs/00000019.log","tainted":true,"recursive":{}},"18":{"details":"/ram/analysis/v8logs/0000001a.log","tainted":true,"recursive":{}},"19":{"details":"/ram/analysis/v8logs/0000001b.log","tainted":true,"recursive":{}},"20":{"details":"/ram/analysis/v8logs/0000001c.log","tainted":true,"recursive":{}},"21":{"details":"/ram/analysis/v8logs/0000001d.log","tainted":true,"recursive":{}},"22":{"details":"/ram/analysis/v8logs/0000001e.log","tainted":true,"recursive":{}},"23":{"details":"/ram/analysis/v8logs/0000001f.log","tainted":true,"recursive":{}},"length":{"details":"","tainted":false,"recursive":{}}}},"url":{"details":"","tainted":false,"recursive":{}}}}
>> END IPC Object


** Taint source objects:


** Propagation path functions: 

0x22f390492b31 <JSFunction (sfi = 0x303c0a4e4f79)> ``: 8678
(resolve, reject) => {
        var myHeaders = new Headers();
        myHeaders.append("Accept", "application/json");
        myHeaders.append("Content-Type", "application/json");
        if (token) {
            myHeaders.append("Authorization", `Bearer ${token}`);
        }

        let raw = JSON.stringify({
            lines: data,
            url: url
        });

        let requestOptions = {
            method: "POST",
            headers: myHeaders,
            body: raw,
            redirect: "follow",
        };
        fetch(`${live_url}/api/extension/screenplay/match`, requestOptions)
            .then((response) => response.text())
            .then((result) => {
                let data = JSON.parse(result);
                if ("data" in data) {
                    resolve({ data: data.data, autoPop: data.autoPop });
                } else {
                    resolve([]);
                }
            })
            .catch((error) => console.log("error", error));
    }

** Taint source functions: 


>>> END TAINT SINK REPORT <<<
