** Propagation paths: 

0x12a7c8b83d39 <String[198]: "Verify your email address To verify your email address, please use the following One Time Password (OTP): 686771 Do not share this OTP with anyone. Amazon takes your account security very seriously.">:
>> IPC Object:
/ram/analysis/v8logs/00000037.log
>> END IPC Object


** Taint source objects:


** Propagation path functions: 

0x12a7c8b995f9 <JSFunction (sfi = 0x33aefc025c41)> ``: 8678
(resolve, reject) => {
        var myHeaders = new Headers();
        myHeaders.append("Accept", "application/json");
        myHeaders.append("Content-Type", "application/json");
        if (token) {
            myHeaders.append("Authorization", `Bearer ${token}`);
        }

        let raw = JSON.stringify({
            lines: data,
            url: url
        });

        let requestOptions = {
            method: "POST",
            headers: myHeaders,
            body: raw,
            redirect: "follow",
        };
        fetch(`${live_url}/api/extension/screenplay/match`, requestOptions)
            .then((response) => response.text())
            .then((result) => {
                let data = JSON.parse(result);
                if ("data" in data) {
                    resolve({ data: data.data, autoPop: data.autoPop });
                } else {
                    resolve([]);
                }
            })
            .catch((error) => console.log("error", error));
    }

** Taint source functions: 


