[181051:181106:0927/091111.704786:ERROR:bus.cc(399)] Failed to connect to the bus: Failed to connect to socket /var/run/dbus/system_bus_socket: No such file or directory
[181051:181106:0927/091111.704875:ERROR:bus.cc(399)] Failed to connect to the bus: Failed to connect to socket /var/run/dbus/system_bus_socket: No such file or directory
[181051:181105:0927/091111.713343:ERROR:bus.cc(399)] Failed to connect to the bus: Could not parse server address: Unknown address type (examples of valid types are "tcp" and on UNIX "unix")
[181051:181105:0927/091111.713430:ERROR:bus.cc(399)] Failed to connect to the bus: Could not parse server address: Unknown address type (examples of valid types are "tcp" and on UNIX "unix")
[181051:181051:0927/091111.717977:ERROR:network_service_instance_impl.cc(459)] Deprecated value for --net-log-capture-mode. Use IncludeSensitive instead
[181113:181113:0927/091111.734331:WARNING:angle_platform_impl.cc(48)] vk_utils.cpp:353 (GetAvailableValidationLayers): Vulkan validation layers are missing.
[181051:181051:0927/091111.739546:WARNING:account_consistency_mode_manager.cc(70)] Desktop Identity Consistency cannot be enabled as no OAuth client ID and client secret have been configured.
[181051:181105:0927/091111.747189:ERROR:bus.cc(399)] Failed to connect to the bus: Could not parse server address: Unknown address type (examples of valid types are "tcp" and on UNIX "unix")
[181051:181105:0927/091111.747253:ERROR:bus.cc(399)] Failed to connect to the bus: Could not parse server address: Unknown address type (examples of valid types are "tcp" and on UNIX "unix")
[181113:181113:0927/091111.775345:WARNING:sandbox_linux.cc(380)] InitializeSandbox() called with multiple threads in process gpu-process.
[181051:181105:0927/091111.810411:ERROR:bus.cc(399)] Failed to connect to the bus: Could not parse server address: Unknown address type (examples of valid types are "tcp" and on UNIX "unix")
[181051:181105:0927/091111.810497:ERROR:bus.cc(399)] Failed to connect to the bus: Could not parse server address: Unknown address type (examples of valid types are "tcp" and on UNIX "unix")
[181113:181113:0927/091111.887739:ERROR:gpu_memory_buffer_support_x11.cc(44)] dri3 extension not supported.
[181160:181160:0927/091111.894756:ERROR:runtime_enabled_features.cc(2498)] RuntimeEnabledFeature not recognized: ShadowDOMV0
[181159:181159:0927/091111.898742:ERROR:runtime_enabled_features.cc(2498)] RuntimeEnabledFeature not recognized: ShadowDOMV0
[181051:181051:0927/091111.931807:WARNING:bluez_dbus_manager.cc(247)] Floss manager not present, cannot set Floss enable/disable.
[181051:181179:0927/091112.265804:ERROR:bus.cc(399)] Failed to connect to the bus: Failed to connect to socket /var/run/dbus/system_bus_socket: No such file or directory
[181051:181179:0927/091112.265894:ERROR:bus.cc(399)] Failed to connect to the bus: Failed to connect to socket /var/run/dbus/system_bus_socket: No such file or directory
[181051:181179:0927/091112.265982:ERROR:bus.cc(399)] Failed to connect to the bus: Failed to connect to socket /var/run/dbus/system_bus_socket: No such file or directory
[181051:181179:0927/091112.266009:WARNING:property.cc(144)] DaemonVersion: GetAndBlock: failed.
[181051:181179:0927/091112.266052:ERROR:bus.cc(399)] Failed to connect to the bus: Failed to connect to socket /var/run/dbus/system_bus_socket: No such file or directory
[181051:181179:0927/091112.266106:ERROR:bus.cc(399)] Failed to connect to the bus: Failed to connect to socket /var/run/dbus/system_bus_socket: No such file or directory
[181182:181182:0927/091112.468195:ERROR:runtime_enabled_features.cc(2498)] RuntimeEnabledFeature not recognized: ShadowDOMV0
[181182:181190:0927/091112.520216:INFO:dispatcher.cc(588)] MarkAsExtensionContext (Background mv3): [chrome-extension://nkecaphdplhfmmbkcfnknejeonfnifbn/background.js]
[181201:181201:0927/091113.103708:ERROR:runtime_enabled_features.cc(2498)] RuntimeEnabledFeature not recognized: ShadowDOMV0
[181226:181226:0927/091113.593297:ERROR:runtime_enabled_features.cc(2498)] RuntimeEnabledFeature not recognized: ShadowDOMV0
[181051:181051:0927/091113.672693:INFO:CONSOLE(0)] "Error with Permissions-Policy header: Unrecognized feature: 'ambient-light-sensor'.", source:  (0)
[181051:181051:0927/091113.673074:INFO:CONSOLE(0)] "Error with Permissions-Policy header: Unrecognized feature: 'bluetooth'.", source:  (0)
[181051:181051:0927/091115.780937:INFO:optimization_guide_logger.cc(42)] ../../components/optimization_guide/content/browser/salient_image_retriever.cc(92)  page_url=https://www.instagram.com/xqgtiti/ Salient Image URL: https://scontent-atl3-1.cdninstagram.com/v/t51.2885-19/375174621_2298294637225726_5144496426769592186_n.jpg?stp=dst-jpg_s100x100&_nc_cat=109&ccb=1-7&_nc_sid=8ae9d6&_nc_ohc=t1eSXmds74EAX8EH4sj&_nc_ht=scontent-atl3-1.cdninstagram.com&oh=00_AfCQmiM_xd9MuDqJyfxX7VRAV_J7JJnY4BkEPawc4-gn0A&oe=6508B468
[181051:181051:0927/091115.782084:INFO:optimization_guide_logger.cc(42)] ../../components/optimization_guide/content/browser/salient_image_retriever.cc(92)  page_url=https://www.instagram.com/xqgtiti/ Salient Image URL: https://scontent-atl3-1.cdninstagram.com/v/t51.2885-19/375174621_2298294637225726_5144496426769592186_n.jpg?stp=dst-jpg_s100x100&_nc_cat=109&ccb=1-7&_nc_sid=8ae9d6&_nc_ohc=t1eSXmds74EAX8EH4sj&_nc_ht=scontent-atl3-1.cdninstagram.com&oh=00_AfCQmiM_xd9MuDqJyfxX7VRAV_J7JJnY4BkEPawc4-gn0A&oe=6508B468
[181051:181051:0927/091120.145900:INFO:CONSOLE(59)] "ErrorUtils caught an error:

No hash for rsrcIndex 93 (rev: 1008662111, cohort: HYP:instagram_web_pkg). ["{\"hash\":\"csr:_a_0_3i\",\"rev\":1008662111,\"type\":\"csr\",\"src\":\":93,40\",\"c\":1,\"tsrc\":null}"]

Subsequent non-fatal errors won't be logged; see https://fburl.com/debugjs.", source: https://static.cdninstagram.com/rsrc.php/v3/ys/r/m-391j4JoBJ.js?_nc_x=Ij3Wp8lg5Kz (59)
[181051:181051:0927/091122.128849:INFO:CONSOLE(20)] "profile head ok", source: https://www.instagram.com/xqgtiti/ (20)
[181051:181051:0927/091122.130468:INFO:CONSOLE(24)] "xqgtiti
Edit Profile
View archive
2 posts
0 followers
13 following
Erin
 
she
This is me!!!!
google.com", source: https://www.instagram.com/xqgtiti/ (24)
[181051:181051:0927/091122.131055:INFO:CONSOLE(30)] "post list ok", source: https://www.instagram.com/xqgtiti/ (30)
[181051:181051:0927/091122.171403:INFO:optimization_guide_logger.cc(42)] ../../components/optimization_guide/content/browser/salient_image_retriever.cc(92)  page_url=https://www.instagram.com/xqgtiti/ Salient Image URL: https://scontent-atl3-1.cdninstagram.com/v/t51.2885-19/375174621_2298294637225726_5144496426769592186_n.jpg?stp=dst-jpg_s100x100&_nc_cat=109&ccb=1-7&_nc_sid=8ae9d6&_nc_ohc=t1eSXmds74EAX8EH4sj&_nc_ht=scontent-atl3-1.cdninstagram.com&oh=00_AfCQmiM_xd9MuDqJyfxX7VRAV_J7JJnY4BkEPawc4-gn0A&oe=6508B468
[181051:181051:0927/091122.242937:INFO:CONSOLE(0)] "Error with Permissions-Policy header: Unrecognized feature: 'ambient-light-sensor'.", source:  (0)
[181051:181051:0927/091122.243437:INFO:CONSOLE(0)] "Error with Permissions-Policy header: Unrecognized feature: 'bluetooth'.", source:  (0)
[181051:181051:0927/091122.415872:INFO:optimization_guide_logger.cc(42)] ../../components/optimization_guide/content/browser/salient_image_retriever.cc(92)  page_url=https://www.instagram.com/xqgtiti/ Salient Image URL: https://scontent-atl3-1.cdninstagram.com/v/t51.2885-19/375174621_2298294637225726_5144496426769592186_n.jpg?stp=dst-jpg_s100x100&_nc_cat=109&ccb=1-7&_nc_sid=8ae9d6&_nc_ohc=t1eSXmds74EAX8EH4sj&_nc_ht=scontent-atl3-1.cdninstagram.com&oh=00_AfCQmiM_xd9MuDqJyfxX7VRAV_J7JJnY4BkEPawc4-gn0A&oe=6508B468
[181051:181051:0927/091122.457955:INFO:CONSOLE(0)] "Error with Permissions-Policy header: Unrecognized feature: 'ambient-light-sensor'.", source:  (0)
[181051:181051:0927/091122.458441:INFO:CONSOLE(0)] "Error with Permissions-Policy header: Unrecognized feature: 'bluetooth'.", source:  (0)
[181051:181051:0927/091122.474134:INFO:CONSOLE(106)] "[Report Only] Refused to load the image 'https://googleads.g.doubleclick.net/pagead/viewthroughconversion/858885276/?value=1.00&currency_code=USD&label=qGVACPj3of0DEJyZxpkD&guid=ON&script=0' because it violates the following Content Security Policy directive: "img-src *.instagram.com *.facebook.com *.fbcdn.net data: blob: *.cdninstagram.com *.fbsbx.com android-webview-video-poster: *.giphy.com *.teststagram.com *.igsonar.com *.google-analytics.com".
", source: https://www.instagram.com/paid_ads/generete_pixels/? (106)
[181051:181051:0927/091122.536831:INFO:CONSOLE(0)] "[Report Only] Refused to load the image 'https://www.google.com/pagead/1p-user-list/858885276/?value=1.00&currency_code=USD&label=qGVACPj3of0DEJyZxpkD&guid=ON&script=0&is_vtc=1&random=3497192246' because it violates the following Content Security Policy directive: "img-src *.instagram.com *.facebook.com *.fbcdn.net data: blob: *.cdninstagram.com *.fbsbx.com android-webview-video-poster: *.giphy.com *.teststagram.com *.igsonar.com *.google-analytics.com".
", source: https://www.instagram.com/paid_ads/generete_pixels/? (0)
[181051:181051:0927/091122.753747:INFO:optimization_guide_logger.cc(42)] ../../components/optimization_guide/content/browser/salient_image_retriever.cc(92)  page_url=https://www.instagram.com/xqgtiti/ Salient Image URL: https://scontent-atl3-1.cdninstagram.com/v/t51.2885-19/375174621_2298294637225726_5144496426769592186_n.jpg?stp=dst-jpg_s100x100&_nc_cat=109&ccb=1-7&_nc_sid=8ae9d6&_nc_ohc=t1eSXmds74EAX8EH4sj&_nc_ht=scontent-atl3-1.cdninstagram.com&oh=00_AfCQmiM_xd9MuDqJyfxX7VRAV_J7JJnY4BkEPawc4-gn0A&oe=6508B468
[181201:181201:0927/091125.285543:INFO:local_window_proxy.cc(253)] MarkAsExtensionContext (Content Script): ["https://www.instagram.com/xqgtiti/"]
[181248:181248:0927/091126.219238:ERROR:runtime_enabled_features.cc(2498)] RuntimeEnabledFeature not recognized: ShadowDOMV0
[181051:181051:0927/091126.242551:INFO:CONSOLE(0)] "Error with Permissions-Policy header: Unrecognized feature: 'ambient-light-sensor'.", source:  (0)
[181051:181051:0927/091126.242891:INFO:CONSOLE(0)] "Error with Permissions-Policy header: Unrecognized feature: 'bluetooth'.", source:  (0)
[181051:181051:0927/091126.605148:INFO:optimization_guide_logger.cc(42)] ../../components/optimization_guide/content/browser/salient_image_retriever.cc(92)  page_url=https://www.instagram.com/xqgtiti/ Salient Image URL: https://scontent-atl3-1.cdninstagram.com/v/t51.2885-19/375174621_2298294637225726_5144496426769592186_n.jpg?stp=dst-jpg_s100x100&_nc_cat=109&ccb=1-7&_nc_sid=8ae9d6&_nc_ohc=t1eSXmds74EAX8EH4sj&_nc_ht=scontent-atl3-1.cdninstagram.com&oh=00_AfCQmiM_xd9MuDqJyfxX7VRAV_J7JJnY4BkEPawc4-gn0A&oe=6508B468
[181051:181051:0927/091129.235903:INFO:optimization_guide_logger.cc(42)] ../../components/optimization_guide/core/hints_manager.cc(523) Hint cache initialized
[181051:181051:0927/091212.329207:INFO:optimization_guide_logger.cc(42)] ../../components/optimization_guide/core/hints_manager.cc(388) Received OptimizationHints component version: 413
[181051:181051:0927/091212.329293:INFO:optimization_guide_logger.cc(42)] ../../components/optimization_guide/core/hints_manager.cc(433) Processing OptimizationHints component version: 413
[181051:181051:0927/091212.329717:INFO:optimization_guide_logger.cc(42)] ../../components/optimization_guide/core/hints_manager.cc(570) Component successfully processed
[181051:181051:0927/091212.329790:INFO:optimization_guide_logger.cc(42)] ../../components/optimization_guide/core/hints_manager.cc(505) Loaded optimization filter for HistoryClusters
