[75658:75713:0922/080747.335713:ERROR:bus.cc(399)] Failed to connect to the bus: Failed to connect to socket /var/run/dbus/system_bus_socket: No such file or directory
[75658:75713:0922/080747.335899:ERROR:bus.cc(399)] Failed to connect to the bus: Failed to connect to socket /var/run/dbus/system_bus_socket: No such file or directory
[75658:75712:0922/080747.340449:ERROR:bus.cc(399)] Failed to connect to the bus: Could not parse server address: Unknown address type (examples of valid types are "tcp" and on UNIX "unix")
[75658:75712:0922/080747.340496:ERROR:bus.cc(399)] Failed to connect to the bus: Could not parse server address: Unknown address type (examples of valid types are "tcp" and on UNIX "unix")
[75658:75658:0922/080747.344860:ERROR:network_service_instance_impl.cc(459)] Deprecated value for --net-log-capture-mode. Use IncludeSensitive instead
[75720:75720:0922/080747.361605:WARNING:angle_platform_impl.cc(48)] vk_utils.cpp:353 (GetAvailableValidationLayers): Vulkan validation layers are missing.
[75658:75658:0922/080747.367301:WARNING:account_consistency_mode_manager.cc(70)] Desktop Identity Consistency cannot be enabled as no OAuth client ID and client secret have been configured.
[75658:75712:0922/080747.375155:ERROR:bus.cc(399)] Failed to connect to the bus: Could not parse server address: Unknown address type (examples of valid types are "tcp" and on UNIX "unix")
[75658:75712:0922/080747.375212:ERROR:bus.cc(399)] Failed to connect to the bus: Could not parse server address: Unknown address type (examples of valid types are "tcp" and on UNIX "unix")
[75720:75720:0922/080747.404305:WARNING:sandbox_linux.cc(380)] InitializeSandbox() called with multiple threads in process gpu-process.
[75720:75720:0922/080747.546957:ERROR:gpu_memory_buffer_support_x11.cc(44)] dri3 extension not supported.
[75768:75768:0922/080747.553049:ERROR:runtime_enabled_features.cc(2498)] RuntimeEnabledFeature not recognized: ShadowDOMV0
[75769:75769:0922/080747.556885:ERROR:runtime_enabled_features.cc(2498)] RuntimeEnabledFeature not recognized: ShadowDOMV0
[75658:75658:0922/080747.586556:WARNING:bluez_dbus_manager.cc(247)] Floss manager not present, cannot set Floss enable/disable.
[75658:75786:0922/080747.626480:ERROR:bus.cc(399)] Failed to connect to the bus: Failed to connect to socket /var/run/dbus/system_bus_socket: No such file or directory
[75658:75786:0922/080747.626551:ERROR:bus.cc(399)] Failed to connect to the bus: Failed to connect to socket /var/run/dbus/system_bus_socket: No such file or directory
[75658:75786:0922/080747.626609:ERROR:bus.cc(399)] Failed to connect to the bus: Failed to connect to socket /var/run/dbus/system_bus_socket: No such file or directory
[75658:75786:0922/080747.626619:WARNING:property.cc(144)] DaemonVersion: GetAndBlock: failed.
[75658:75786:0922/080747.626644:ERROR:bus.cc(399)] Failed to connect to the bus: Failed to connect to socket /var/run/dbus/system_bus_socket: No such file or directory
[75658:75786:0922/080747.626668:ERROR:bus.cc(399)] Failed to connect to the bus: Failed to connect to socket /var/run/dbus/system_bus_socket: No such file or directory
[75787:75787:0922/080747.635579:ERROR:runtime_enabled_features.cc(2498)] RuntimeEnabledFeature not recognized: ShadowDOMV0
[75787:75787:0922/080747.708831:INFO:local_window_proxy.cc(259)] MarkAsExtensionContext (Background mv2): ["chrome-extension://blcdkmjcpgjojjffbdkckaiondfpoglh/_generated_background_page.html"]
[75658:75712:0922/080747.787573:ERROR:bus.cc(399)] Failed to connect to the bus: Could not parse server address: Unknown address type (examples of valid types are "tcp" and on UNIX "unix")
[75658:75712:0922/080747.787653:ERROR:bus.cc(399)] Failed to connect to the bus: Could not parse server address: Unknown address type (examples of valid types are "tcp" and on UNIX "unix")
[75803:75803:0922/080748.919606:ERROR:runtime_enabled_features.cc(2498)] RuntimeEnabledFeature not recognized: ShadowDOMV0
[75811:75811:0922/080748.955520:ERROR:runtime_enabled_features.cc(2498)] RuntimeEnabledFeature not recognized: ShadowDOMV0
[75658:75716:0922/080749.012520:ERROR:cert_verify_proc_builtin.cc(670)] CertVerifyProcBuiltin for www.facebook.com failed:
----- Certificate i=0 (CN=*.facebook.com,O=Meta Platforms\, Inc.,L=Menlo Park,ST=California,C=US) -----
ERROR: Target certificate looks like a CA but does not set all CA properties


[75658:75658:0922/080749.190109:INFO:CONSOLE(0)] "Error with Permissions-Policy header: Unrecognized feature: 'ambient-light-sensor'.", source:  (0)
[75658:75658:0922/080749.190514:INFO:CONSOLE(0)] "Error with Permissions-Policy header: Unrecognized feature: 'bluetooth'.", source:  (0)
[75658:75716:0922/080749.292656:ERROR:cert_verify_proc_builtin.cc(670)] CertVerifyProcBuiltin for static.xx.fbcdn.net failed:
----- Certificate i=0 (CN=*.facebook.com,O=Meta Platforms\, Inc.,L=Menlo Park,ST=California,C=US) -----
ERROR: Target certificate looks like a CA but does not set all CA properties


[75721:75744:0922/080749.338447:WARNING:spdy_session.cc(3219)] Received RST for invalid stream3
[75721:75744:0922/080749.338501:WARNING:spdy_session.cc(3219)] Received RST for invalid stream3
[75658:75716:0922/080749.416285:ERROR:cert_verify_proc_builtin.cc(670)] CertVerifyProcBuiltin for scontent.xx.fbcdn.net failed:
----- Certificate i=0 (CN=*.facebook.com,O=Meta Platforms\, Inc.,L=Menlo Park,ST=California,C=US) -----
ERROR: Target certificate looks like a CA but does not set all CA properties


[75658:75658:0922/080749.765690:INFO:optimization_guide_logger.cc(42)] ../../components/optimization_guide/core/hints_manager.cc(523) Hint cache initialized
[75658:75658:0922/080759.267196:INFO:CONSOLE(22)] "all post ok", source: https://www.facebook.com/profile.php?id=100084859195049 (22)
[75658:75658:0922/080759.267695:INFO:CONSOLE(25)] "1", source: https://www.facebook.com/profile.php?id=100084859195049 (25)
[75658:75658:0922/080759.268036:INFO:CONSOLE(27)] "0", source: https://www.facebook.com/profile.php?id=100084859195049 (27)
[75658:75658:0922/080759.268520:INFO:CONSOLE(52)] "head yes", source: https://www.facebook.com/profile.php?id=100084859195049 (52)
[75658:75658:0922/080759.268860:INFO:CONSOLE(56)] "head done", source: https://www.facebook.com/profile.php?id=100084859195049 (56)
[75658:75658:0922/080759.269196:INFO:CONSOLE(63)] "bio yes", source: https://www.facebook.com/profile.php?id=100084859195049 (63)
[75658:75658:0922/080759.269775:INFO:CONSOLE(68)] "[object HTMLDivElement]", source: https://www.facebook.com/profile.php?id=100084859195049 (68)
[75658:75658:0922/080759.270123:INFO:CONSOLE(68)] "[object HTMLDivElement]", source: https://www.facebook.com/profile.php?id=100084859195049 (68)
[75658:75658:0922/080759.271545:INFO:CONSOLE(68)] "[object HTMLDivElement]", source: https://www.facebook.com/profile.php?id=100084859195049 (68)
[75658:75658:0922/080759.271888:INFO:CONSOLE(68)] "[object HTMLDivElement]", source: https://www.facebook.com/profile.php?id=100084859195049 (68)
[75658:75658:0922/080759.272222:INFO:CONSOLE(68)] "[object HTMLDivElement]", source: https://www.facebook.com/profile.php?id=100084859195049 (68)
[75658:75658:0922/080759.272560:INFO:CONSOLE(68)] "[object HTMLDivElement]", source: https://www.facebook.com/profile.php?id=100084859195049 (68)
[75658:75658:0922/080759.272896:INFO:CONSOLE(68)] "[object HTMLDivElement]", source: https://www.facebook.com/profile.php?id=100084859195049 (68)
[75658:75658:0922/080759.273227:INFO:CONSOLE(68)] "[object HTMLDivElement]", source: https://www.facebook.com/profile.php?id=100084859195049 (68)
[75658:75658:0922/080759.273559:INFO:CONSOLE(70)] "bio done", source: https://www.facebook.com/profile.php?id=100084859195049 (70)
[75721:75744:0922/080811.362256:WARNING:spdy_session.cc(3219)] Received RST for invalid stream11
[75721:75744:0922/080811.362423:WARNING:spdy_session.cc(3219)] Received RST for invalid stream11
[75721:75744:0922/080811.462557:WARNING:spdy_session.cc(3219)] Received RST for invalid stream13
[75721:75744:0922/080811.462652:WARNING:spdy_session.cc(3219)] Received RST for invalid stream13
[75658:75761:0922/080811.531851:ERROR:cert_verify_proc_builtin.cc(670)] CertVerifyProcBuiltin for edge-chat.facebook.com failed:
----- Certificate i=0 (CN=*.facebook.com,O=Meta Platforms\, Inc.,L=Menlo Park,ST=California,C=US) -----
ERROR: Target certificate looks like a CA but does not set all CA properties


[75803:75803:0922/080813.736985:INFO:local_window_proxy.cc(253)] MarkAsExtensionContext (Content Script): ["https://www.facebook.com/profile.php?id=100084859195049"]
[75721:75744:0922/080813.788294:WARNING:spdy_session.cc(3219)] Received RST for invalid stream15
[75721:75744:0922/080813.788365:WARNING:spdy_session.cc(3219)] Received RST for invalid stream15
[75658:75658:0922/080813.810383:INFO:CONSOLE(274)] "COKN Health Info Check will operate on this site", source: chrome-extension://blcdkmjcpgjojjffbdkckaiondfpoglh/backend.js (274)
[75721:75744:0922/080824.551344:WARNING:spdy_session.cc(3219)] Received RST for invalid stream17
[75721:75744:0922/080824.552022:WARNING:spdy_session.cc(3219)] Received RST for invalid stream17
[75658:75658:0922/080825.188714:INFO:CONSOLE(0)] "Access to XMLHttpRequest at 'https://idir.uta.edu/misinfo-api/query_claimbuster?rtoks=1' from origin 'https://www.facebook.com' has been blocked by CORS policy: No 'Access-Control-Allow-Origin' header is present on the requested resource.", source: https://www.facebook.com/profile.php?id=100084859195049 (0)
[75658:75658:0922/080825.188934:INFO:CONSOLE(142)] "There was an error making the request", source: chrome-extension://blcdkmjcpgjojjffbdkckaiondfpoglh/backend.js (142)
[75658:75658:0922/080829.204991:INFO:CONSOLE(231)] "
%cStop! font-family:helvetica; font-size:20px; font-size:50px; font-weight:bold; color:red; -webkit-text-stroke:1px black;", source: https://static.xx.fbcdn.net/rsrc.php/v3/y5/r/kIVpvOgjzIO.js?_nc_x=XqDGrcryK4Y (231)
[75658:75658:0922/080829.206055:INFO:CONSOLE(231)] "
%cThis is a browser feature intended for developers. If someone told you to copy-paste something here to enable a Facebook feature or "hack" someone's account, it is a scam and will give them access to your Facebook account. font-family:helvetica; font-size:20px; ", source: https://static.xx.fbcdn.net/rsrc.php/v3/y5/r/kIVpvOgjzIO.js?_nc_x=XqDGrcryK4Y (231)
[75658:75658:0922/080829.206891:INFO:CONSOLE(231)] "
%cSee https://www.facebook.com/selfxss for more information. font-family:helvetica; font-size:20px; ", source: https://static.xx.fbcdn.net/rsrc.php/v3/y5/r/kIVpvOgjzIO.js?_nc_x=XqDGrcryK4Y (231)
[75658:75658:0922/080829.207459:INFO:CONSOLE(231)] "
%c ", source: https://static.xx.fbcdn.net/rsrc.php/v3/y5/r/kIVpvOgjzIO.js?_nc_x=XqDGrcryK4Y (231)
[75721:75744:0922/080829.261475:WARNING:spdy_session.cc(3219)] Received RST for invalid stream19
[75721:75744:0922/080829.261548:WARNING:spdy_session.cc(3219)] Received RST for invalid stream19
[75721:75744:0922/080829.685143:WARNING:spdy_session.cc(3219)] Received RST for invalid stream23
[75721:75744:0922/080829.685216:WARNING:spdy_session.cc(3219)] Received RST for invalid stream23
[75721:75744:0922/080829.685282:WARNING:spdy_session.cc(3219)] Received RST for invalid stream23
[75721:75744:0922/080831.792143:WARNING:spdy_session.cc(3219)] Received RST for invalid stream1
[75721:75744:0922/080831.792218:WARNING:spdy_session.cc(3219)] Received RST for invalid stream1
[75658:75658:0922/080831.802879:INFO:CONSOLE(0)] "Access to fetch at 'https://edge-chat.facebook.com/mqtt/pull?region=frc&sid=558446353055743&chunked=true' from origin 'https://www.facebook.com' has been blocked by CORS policy: No 'Access-Control-Allow-Origin' header is present on the requested resource. If an opaque response serves your needs, set the request's mode to 'no-cors' to fetch the resource with CORS disabled.", source: https://www.facebook.com/profile.php?id=100084859195049 (0)
[75721:75744:0922/080831.833441:WARNING:spdy_session.cc(3219)] Received RST for invalid stream3
[75721:75744:0922/080831.833516:WARNING:spdy_session.cc(3219)] Received RST for invalid stream3
[75658:75658:0922/080831.835978:INFO:CONSOLE(0)] "Access to fetch at 'https://edge-chat.facebook.com/mqtt/pull?region=frc&sid=1459166277271551&chunked=true' from origin 'https://www.facebook.com' has been blocked by CORS policy: No 'Access-Control-Allow-Origin' header is present on the requested resource. If an opaque response serves your needs, set the request's mode to 'no-cors' to fetch the resource with CORS disabled.", source: https://www.facebook.com/profile.php?id=100084859195049 (0)
[75721:75744:0922/080831.890050:WARNING:spdy_session.cc(3219)] Received RST for invalid stream5
[75721:75744:0922/080831.890162:WARNING:spdy_session.cc(3219)] Received RST for invalid stream5
[75658:75658:0922/080831.913309:INFO:CONSOLE(0)] "Access to fetch at 'https://edge-chat.facebook.com/mqtt/pull?region=frc&sid=1459166277271551&chunked=true' from origin 'https://www.facebook.com' has been blocked by CORS policy: No 'Access-Control-Allow-Origin' header is present on the requested resource. If an opaque response serves your needs, set the request's mode to 'no-cors' to fetch the resource with CORS disabled.", source: https://www.facebook.com/profile.php?id=100084859195049 (0)
[75721:75744:0922/080834.254203:WARNING:spdy_session.cc(3219)] Received RST for invalid stream7
[75721:75744:0922/080834.254322:WARNING:spdy_session.cc(3219)] Received RST for invalid stream7
[75658:75658:0922/080834.257307:INFO:CONSOLE(0)] "Access to fetch at 'https://edge-chat.facebook.com/mqtt/pull?region=frc&sid=3260606129897471&chunked=true' from origin 'https://www.facebook.com' has been blocked by CORS policy: No 'Access-Control-Allow-Origin' header is present on the requested resource. If an opaque response serves your needs, set the request's mode to 'no-cors' to fetch the resource with CORS disabled.", source: https://www.facebook.com/profile.php?id=100084859195049 (0)
[75658:75658:0922/080835.920184:INFO:CONSOLE(0)] "Access to fetch at 'https://edge-chat.facebook.com/mqtt/pull?region=frc&sid=5062045980426239&chunked=true' from origin 'https://www.facebook.com' has been blocked by CORS policy: No 'Access-Control-Allow-Origin' header is present on the requested resource. If an opaque response serves your needs, set the request's mode to 'no-cors' to fetch the resource with CORS disabled.", source: https://www.facebook.com/profile.php?id=100084859195049 (0)
[75658:75658:0922/080837.697325:INFO:CONSOLE(59)] "ErrorUtils caught an error:

Minified React error #418; visit https://reactjs.org/docs/error-decoder.html?invariant=418 for the full message or use the non-minified dev environment for full errors and additional helpful warnings.

Subsequent non-fatal errors won't be logged; see https://fburl.com/debugjs.", source: https://static.xx.fbcdn.net/rsrc.php/v3/y5/r/kIVpvOgjzIO.js?_nc_x=XqDGrcryK4Y (59)
[75658:75658:0922/080837.697958:INFO:CONSOLE(557)] "Uncaught Error: Minified React error #418; visit https://reactjs.org/docs/error-decoder.html?invariant=418 for the full message or use the non-minified dev environment for full errors and additional helpful warnings.", source: https://static.xx.fbcdn.net/rsrc.php/v3i-254/yE/l/makehaste_jhash/59voBUqUkj8Qq2WSraySoabdQH5E5-yTvM1DIlJlfMQ1kSkGYmsF6rLJm65Xoag2nlutO3-3p3TD2CrlvGUJVgX4ddbtwZ742doYPe2LREXTDN9puHYM9-sL7axpIdddPXqorRzXLi7Qp5lELRDWoExR4_bzIDvJlBz_tvlOBn0g850HuJmCoseIfEo.js?_nc_x=XqDGrcryK4Y (557)
[75658:75658:0922/080837.727478:INFO:CONSOLE(557)] "Uncaught Error: Minified React error #422; visit https://reactjs.org/docs/error-decoder.html?invariant=422 for the full message or use the non-minified dev environment for full errors and additional helpful warnings.", source: https://static.xx.fbcdn.net/rsrc.php/v3i-254/yE/l/makehaste_jhash/59voBUqUkj8Qq2WSraySoabdQH5E5-yTvM1DIlJlfMQ1kSkGYmsF6rLJm65Xoag2nlutO3-3p3TD2CrlvGUJVgX4ddbtwZ742doYPe2LREXTDN9puHYM9-sL7axpIdddPXqorRzXLi7Qp5lELRDWoExR4_bzIDvJlBz_tvlOBn0g850HuJmCoseIfEo.js?_nc_x=XqDGrcryK4Y (557)
[75721:75744:0922/080842.491113:WARNING:spdy_session.cc(3219)] Received RST for invalid stream27
[75721:75744:0922/080842.491160:WARNING:spdy_session.cc(3219)] Received RST for invalid stream27
[75721:75744:0922/080846.014372:WARNING:spdy_session.cc(3219)] Received RST for invalid stream11
[75721:75744:0922/080846.014470:WARNING:spdy_session.cc(3219)] Received RST for invalid stream11
[75658:75658:0922/080846.066944:INFO:CONSOLE(0)] "Access to fetch at 'https://edge-chat.facebook.com/mqtt/pull?region=frc&sid=6863485830955007&chunked=true' from origin 'https://www.facebook.com' has been blocked by CORS policy: No 'Access-Control-Allow-Origin' header is present on the requested resource. If an opaque response serves your needs, set the request's mode to 'no-cors' to fetch the resource with CORS disabled.", source: https://www.facebook.com/profile.php?id=100084859195049 (0)
[75658:75658:0922/080847.835405:INFO:optimization_guide_logger.cc(42)] ../../components/optimization_guide/core/hints_manager.cc(388) Received OptimizationHints component version: 413
[75658:75658:0922/080847.835487:INFO:optimization_guide_logger.cc(42)] ../../components/optimization_guide/core/hints_manager.cc(433) Processing OptimizationHints component version: 413
[75658:75658:0922/080847.835736:INFO:optimization_guide_logger.cc(42)] ../../components/optimization_guide/core/hints_manager.cc(570) Component successfully processed
[75658:75658:0922/080847.835798:INFO:optimization_guide_logger.cc(42)] ../../components/optimization_guide/core/hints_manager.cc(505) Loaded optimization filter for HistoryClusters
[75658:75677:0922/080852.941638:ERROR:cert_verify_proc_builtin.cc(670)] CertVerifyProcBuiltin for edge-chat.facebook.com failed:
----- Certificate i=0 (CN=*.facebook.com,O=Meta Platforms\, Inc.,L=Menlo Park,ST=California,C=US) -----
ERROR: Target certificate looks like a CA but does not set all CA properties


[75721:75744:0922/080852.980076:WARNING:spdy_session.cc(3219)] Received RST for invalid stream13
[75721:75744:0922/080852.980150:WARNING:spdy_session.cc(3219)] Received RST for invalid stream13
[75658:75658:0922/080852.991446:INFO:CONSOLE(0)] "Access to fetch at 'https://edge-chat.facebook.com/mqtt/pull?region=frc&sid=8664925681483775&chunked=true' from origin 'https://www.facebook.com' has been blocked by CORS policy: No 'Access-Control-Allow-Origin' header is present on the requested resource. If an opaque response serves your needs, set the request's mode to 'no-cors' to fetch the resource with CORS disabled.", source: https://www.facebook.com/profile.php?id=100084859195049 (0)
[75658:75658:0922/080858.167815:INFO:CONSOLE(37)] "all post again!!!!!!!!!!!", source: https://www.facebook.com/profile.php?id=100084859195049 (37)
[75658:75658:0922/080858.168396:INFO:CONSOLE(41)] "3", source: https://www.facebook.com/profile.php?id=100084859195049 (41)
[75658:75658:0922/080858.168875:INFO:CONSOLE(43)] "0", source: https://www.facebook.com/profile.php?id=100084859195049 (43)
[75658:75658:0922/080858.169339:INFO:CONSOLE(43)] "1", source: https://www.facebook.com/profile.php?id=100084859195049 (43)
[75658:75658:0922/080858.169805:INFO:CONSOLE(43)] "2", source: https://www.facebook.com/profile.php?id=100084859195049 (43)
[75721:75744:0922/080918.119675:WARNING:spdy_session.cc(3219)] Received RST for invalid stream15
[75721:75744:0922/080918.119753:WARNING:spdy_session.cc(3219)] Received RST for invalid stream15
[75658:75658:0922/080918.129799:INFO:CONSOLE(0)] "Access to fetch at 'https://edge-chat.facebook.com/mqtt/pull?region=frc&sid=3260606129897471&chunked=true' from origin 'https://www.facebook.com' has been blocked by CORS policy: No 'Access-Control-Allow-Origin' header is present on the requested resource. If an opaque response serves your needs, set the request's mode to 'no-cors' to fetch the resource with CORS disabled.", source: https://www.facebook.com/profile.php?id=100084859195049 (0)
[75721:75744:0922/080920.950352:WARNING:spdy_session.cc(3219)] Received RST for invalid stream17
[75721:75744:0922/080920.950422:WARNING:spdy_session.cc(3219)] Received RST for invalid stream17
[75658:75658:0922/080920.977020:INFO:CONSOLE(0)] "Access to fetch at 'https://edge-chat.facebook.com/mqtt/pull?region=frc&sid=3260606129897471&chunked=true' from origin 'https://www.facebook.com' has been blocked by CORS policy: No 'Access-Control-Allow-Origin' header is present on the requested resource. If an opaque response serves your needs, set the request's mode to 'no-cors' to fetch the resource with CORS disabled.", source: https://www.facebook.com/profile.php?id=100084859195049 (0)
[75721:75744:0922/080925.626362:WARNING:spdy_session.cc(3219)] Received RST for invalid stream43
[75721:75744:0922/080925.626443:WARNING:spdy_session.cc(3219)] Received RST for invalid stream43
[75721:75744:0922/080925.824444:WARNING:spdy_session.cc(3219)] Received RST for invalid stream45
[75721:75744:0922/080925.824607:WARNING:spdy_session.cc(3219)] Received RST for invalid stream45
[75658:75658:0922/080925.940276:ERROR:background_mode_manager_aura.cc(12)] Not implemented reached in virtual void BackgroundModeManager::EnableLaunchOnStartup(bool)
[75658:75658:0922/080926.420300:WARNING:internal_linux.cc(67)] Failed to read /proc/75721/stat
[75658:75658:0922/080926.420345:ERROR:kill_posix.cc(34)] waitpid(75721): No child processes (10)
[75658:75675:0922/080926.422676:WARNING:discardable_shared_memory_manager.cc(436)] Some MojoDiscardableSharedMemoryManagerImpls are still alive. They will be leaked.
[75658:75658:0922/080926.424931:WARNING:pref_notifier_impl.cc(41)] Pref observer for media_router.cast_allow_all_ips found at shutdown.
