[49990:50045:1002/091020.812160:ERROR:bus.cc(399)] Failed to connect to the bus: Failed to connect to socket /var/run/dbus/system_bus_socket: No such file or directory
[49990:50045:1002/091020.812322:ERROR:bus.cc(399)] Failed to connect to the bus: Failed to connect to socket /var/run/dbus/system_bus_socket: No such file or directory
[49990:50044:1002/091020.817051:ERROR:bus.cc(399)] Failed to connect to the bus: Could not parse server address: Unknown address type (examples of valid types are "tcp" and on UNIX "unix")
[49990:50044:1002/091020.817119:ERROR:bus.cc(399)] Failed to connect to the bus: Could not parse server address: Unknown address type (examples of valid types are "tcp" and on UNIX "unix")
[49990:49990:1002/091020.822210:ERROR:network_service_instance_impl.cc(459)] Deprecated value for --net-log-capture-mode. Use IncludeSensitive instead
[50051:50051:1002/091020.838287:WARNING:angle_platform_impl.cc(48)] vk_utils.cpp:353 (GetAvailableValidationLayers): Vulkan validation layers are missing.
[49990:49990:1002/091020.845792:WARNING:account_consistency_mode_manager.cc(70)] Desktop Identity Consistency cannot be enabled as no OAuth client ID and client secret have been configured.
[49990:50044:1002/091020.857193:ERROR:bus.cc(399)] Failed to connect to the bus: Could not parse server address: Unknown address type (examples of valid types are "tcp" and on UNIX "unix")
[49990:50044:1002/091020.857243:ERROR:bus.cc(399)] Failed to connect to the bus: Could not parse server address: Unknown address type (examples of valid types are "tcp" and on UNIX "unix")
[50051:50051:1002/091020.879615:WARNING:sandbox_linux.cc(380)] InitializeSandbox() called with multiple threads in process gpu-process.
[49990:50044:1002/091020.911768:ERROR:bus.cc(399)] Failed to connect to the bus: Could not parse server address: Unknown address type (examples of valid types are "tcp" and on UNIX "unix")
[49990:50044:1002/091020.911864:ERROR:bus.cc(399)] Failed to connect to the bus: Could not parse server address: Unknown address type (examples of valid types are "tcp" and on UNIX "unix")
[50051:50051:1002/091021.018313:ERROR:gpu_memory_buffer_support_x11.cc(44)] dri3 extension not supported.
[50098:50098:1002/091021.025805:ERROR:runtime_enabled_features.cc(2498)] RuntimeEnabledFeature not recognized: ShadowDOMV0
[50097:50097:1002/091021.025972:ERROR:runtime_enabled_features.cc(2498)] RuntimeEnabledFeature not recognized: ShadowDOMV0
[49990:49990:1002/091021.060585:WARNING:bluez_dbus_manager.cc(247)] Floss manager not present, cannot set Floss enable/disable.
[49990:50116:1002/091021.099950:ERROR:bus.cc(399)] Failed to connect to the bus: Failed to connect to socket /var/run/dbus/system_bus_socket: No such file or directory
[49990:50116:1002/091021.100009:ERROR:bus.cc(399)] Failed to connect to the bus: Failed to connect to socket /var/run/dbus/system_bus_socket: No such file or directory
[49990:50116:1002/091021.100071:ERROR:bus.cc(399)] Failed to connect to the bus: Failed to connect to socket /var/run/dbus/system_bus_socket: No such file or directory
[49990:50116:1002/091021.100088:WARNING:property.cc(144)] DaemonVersion: GetAndBlock: failed.
[49990:50116:1002/091021.100115:ERROR:bus.cc(399)] Failed to connect to the bus: Failed to connect to socket /var/run/dbus/system_bus_socket: No such file or directory
[49990:50116:1002/091021.100148:ERROR:bus.cc(399)] Failed to connect to the bus: Failed to connect to socket /var/run/dbus/system_bus_socket: No such file or directory
[50131:50131:1002/091021.916381:ERROR:runtime_enabled_features.cc(2498)] RuntimeEnabledFeature not recognized: ShadowDOMV0
[50153:50153:1002/091022.449298:ERROR:runtime_enabled_features.cc(2498)] RuntimeEnabledFeature not recognized: ShadowDOMV0
[49990:49990:1002/091039.657736:INFO:CONSOLE(106)] "Terminator datalet is not seen within 12000 ms.", source: https://static.licdn.com/sc/h/4h51ayddm8sv81iprxblljfw3 (106)
[49990:49990:1002/091048.084227:INFO:CONSOLE(0)] "Uncaught (in promise) #<Object>", source: https://www.linkedin.com/in/amy-lee-gt/ (0)
[50053:50074:1002/091158.271490:WARNING:http_cache_transaction.cc(1261)] Unable to open or create cache entry
[49990:49990:1002/091221.986531:INFO:CONSOLE(0)] "Uncaught (in promise) #<Object>", source: https://www.linkedin.com/in/amy-lee-gt/ (0)
[49990:49990:1002/091237.968609:INFO:CONSOLE(126)] "days ok", source: https://www.linkedin.com/tscp-serving/dtag?sz=300x250&ti=1&p=1&c=1&z=profile&pk=d_flagship3_profile_view_base&pz=BR&vmid=ACoAAEE8wlYBhFSJLKFvgg6x7y4Z5fq9A-bmqCA&_x=company%3D1035 (126)
[49990:49990:1002/091237.972661:INFO:CONSOLE(129)] "Ad
Amy, unlock your full potential with LinkedIn Premium
LinkedIn Premium
See who's viewed your profile in the last 90 days
Try now for $0", source: https://www.linkedin.com/tscp-serving/dtag?sz=300x250&ti=1&p=1&c=1&z=profile&pk=d_flagship3_profile_view_base&pz=BR&vmid=ACoAAEE8wlYBhFSJLKFvgg6x7y4Z5fq9A-bmqCA&_x=company%3D1035 (129)
[49990:49990:1002/091237.973108:INFO:CONSOLE(135)] "promo ok", source: https://www.linkedin.com/tscp-serving/dtag?sz=300x250&ti=1&p=1&c=1&z=profile&pk=d_flagship3_profile_view_base&pz=BR&vmid=ACoAAEE8wlYBhFSJLKFvgg6x7y4Z5fq9A-bmqCA&_x=company%3D1035 (135)
[49990:49990:1002/091237.974644:INFO:CONSOLE(138)] "Ad
Amy, unlock your full potential with LinkedIn Premium
LinkedIn Premium
See who's viewed your profile in the last 90 days
Try now for $0", source: https://www.linkedin.com/tscp-serving/dtag?sz=300x250&ti=1&p=1&c=1&z=profile&pk=d_flagship3_profile_view_base&pz=BR&vmid=ACoAAEE8wlYBhFSJLKFvgg6x7y4Z5fq9A-bmqCA&_x=company%3D1035 (138)
[49990:49990:1002/091239.002117:INFO:CONSOLE(23)] "right two", source: https://www.linkedin.com/in/amy-lee-gt/ (23)
[49990:49990:1002/091239.002559:INFO:CONSOLE(27)] "Amy Lee (She/Her)
Marketing Intern at Microsoft
Microsoft
Georgia Institute of Technology
Douglasville, Georgia, United States  Contact info
Open to
Add profile section
More
Open to work

Marketing Specialist roles

Show details

Edit

Share that you’re hiring and attract qualified candidates.

Get started

Showcase services you offer so you and your business can be found in search.

Get started", source: https://www.linkedin.com/in/amy-lee-gt/ (27)
[49990:49990:1002/091239.002951:INFO:CONSOLE(35)] "message ok", source: https://www.linkedin.com/in/amy-lee-gt/ (35)
[49990:49990:1002/091239.003375:INFO:CONSOLE(46)] "headers ok", source: https://www.linkedin.com/in/amy-lee-gt/ (46)
[49990:49990:1002/091239.003839:INFO:CONSOLE(54)] "headers count=19", source: https://www.linkedin.com/in/amy-lee-gt/ (54)
[49990:49990:1002/091239.004221:INFO:CONSOLE(61)] "list item ok", source: https://www.linkedin.com/in/amy-lee-gt/ (61)
[49990:49990:1002/091239.004740:INFO:CONSOLE(69)] "listitem count=25", source: https://www.linkedin.com/in/amy-lee-gt/ (69)
[49990:49990:1002/091239.005126:INFO:CONSOLE(76)] "see more ok", source: https://www.linkedin.com/in/amy-lee-gt/ (76)
[49990:49990:1002/091239.006025:INFO:CONSOLE(84)] "see more count=8", source: https://www.linkedin.com/in/amy-lee-gt/ (84)
[49990:49990:1002/091239.006506:INFO:CONSOLE(91)] "language_card ok", source: https://www.linkedin.com/in/amy-lee-gt/ (91)
[49990:49990:1002/091239.006952:INFO:CONSOLE(95)] "Profile language

English

Public profile & URL

www.linkedin.com/in/amy-lee-gt", source: https://www.linkedin.com/in/amy-lee-gt/ (95)
[49990:49990:1002/091239.007329:INFO:CONSOLE(103)] "reply ok", source: https://www.linkedin.com/in/amy-lee-gt/ (103)
[49990:49990:1002/091239.007704:INFO:CONSOLE(106)] "0", source: https://www.linkedin.com/in/amy-lee-gt/ (106)
[49990:49990:1002/091239.008085:INFO:CONSOLE(108)] "Amy Lee reposted this • 6mo
6mo
3,481
30 comments", source: https://www.linkedin.com/in/amy-lee-gt/ (108)
[49990:49990:1002/091239.008465:INFO:CONSOLE(106)] "1", source: https://www.linkedin.com/in/amy-lee-gt/ (106)
[49990:49990:1002/091239.010241:INFO:CONSOLE(108)] "Amy Lee posted this • 6mo • 
6mo
Hello World!", source: https://www.linkedin.com/in/amy-lee-gt/ (108)
[49990:49990:1002/091239.010870:INFO:CONSOLE(116)] "bar ok", source: https://www.linkedin.com/in/amy-lee-gt/ (116)
[50131:50131:1002/091247.128796:INFO:local_window_proxy.cc(253)] MarkAsExtensionContext (Content Script): ["https://www.linkedin.com/in/amy-lee-gt/"]
[50131:50205:1002/091304.411335:WARNING:media_session.cc(949)] RED codec red is missing an associated payload type.
[50053:50074:1002/091305.508406:ERROR:socket_manager.cc(138)] Failed to resolve address for stun.l.google.com., errorcode: -105
[50131:50206:1002/091305.509759:WARNING:stun_port.cc(485)] Port[f651a00:0:1:0:local:Net[any:0:0:0:x:x:x:x:x/0:Wildcard:id=0]]: StunPort: stun host lookup received error -1
[50131:50206:1002/091305.515428:ERROR:stun_request.cc(115)] CheckResponse called on a passwordless request. Fix test!
[50209:50209:1002/091305.522054:WARNING:audio_manager_linux.cc(60)] Falling back to ALSA for audio output. PulseAudio is not available or could not be initialized.
[50051:50051:1002/091310.188251:ERROR:gl_utils.cc(319)] [.WebGL-0x1d6400616f80]GL Driver Message (OpenGL, Performance, GL_CLOSE_PATH_NV, High): GPU stall due to ReadPixels
[49990:49990:1002/091310.430861:INFO:CONSOLE(0)] "[.WebGL-0x1d6400616f80]GL Driver Message (OpenGL, Performance, GL_CLOSE_PATH_NV, High): GPU stall due to ReadPixels", source: https://www.linkedin.com/in/amy-lee-gt/ (0)
[50131:50206:1002/091315.519624:ERROR:stun_request.cc(115)] CheckResponse called on a passwordless request. Fix test!
[49990:49990:1002/091321.110960:INFO:optimization_guide_logger.cc(42)] ../../components/optimization_guide/core/hints_manager.cc(523) Hint cache initialized
[49990:49990:1002/091322.318524:INFO:optimization_guide_logger.cc(42)] ../../components/optimization_guide/core/hints_manager.cc(388) Received OptimizationHints component version: 414
[49990:49990:1002/091322.318619:INFO:optimization_guide_logger.cc(42)] ../../components/optimization_guide/core/hints_manager.cc(433) Processing OptimizationHints component version: 414
[49990:49990:1002/091322.318860:INFO:optimization_guide_logger.cc(42)] ../../components/optimization_guide/core/hints_manager.cc(570) Component successfully processed
[49990:49990:1002/091322.318933:INFO:optimization_guide_logger.cc(42)] ../../components/optimization_guide/core/hints_manager.cc(505) Loaded optimization filter for HistoryClusters
[50131:50206:1002/091325.535086:ERROR:stun_request.cc(115)] CheckResponse called on a passwordless request. Fix test!
[50131:50206:1002/091335.550907:ERROR:stun_request.cc(115)] CheckResponse called on a passwordless request. Fix test!
[50131:50206:1002/091345.566704:ERROR:stun_request.cc(115)] CheckResponse called on a passwordless request. Fix test!
[50131:50206:1002/091355.582158:ERROR:stun_request.cc(115)] CheckResponse called on a passwordless request. Fix test!
