[22536:22590:0923/020556.106649:ERROR:bus.cc(399)] Failed to connect to the bus: Failed to connect to socket /var/run/dbus/system_bus_socket: No such file or directory
[22536:22590:0923/020556.106816:ERROR:bus.cc(399)] Failed to connect to the bus: Failed to connect to socket /var/run/dbus/system_bus_socket: No such file or directory
[22536:22589:0923/020556.111209:ERROR:bus.cc(399)] Failed to connect to the bus: Could not parse server address: Unknown address type (examples of valid types are "tcp" and on UNIX "unix")
[22536:22589:0923/020556.111291:ERROR:bus.cc(399)] Failed to connect to the bus: Could not parse server address: Unknown address type (examples of valid types are "tcp" and on UNIX "unix")
[22536:22536:0923/020556.121109:ERROR:network_service_instance_impl.cc(459)] Deprecated value for --net-log-capture-mode. Use IncludeSensitive instead
[22598:22598:0923/020556.132784:WARNING:angle_platform_impl.cc(48)] vk_utils.cpp:353 (GetAvailableValidationLayers): Vulkan validation layers are missing.
[22536:22536:0923/020556.142409:WARNING:account_consistency_mode_manager.cc(70)] Desktop Identity Consistency cannot be enabled as no OAuth client ID and client secret have been configured.
[22536:22589:0923/020556.149798:ERROR:bus.cc(399)] Failed to connect to the bus: Could not parse server address: Unknown address type (examples of valid types are "tcp" and on UNIX "unix")
[22536:22589:0923/020556.149840:ERROR:bus.cc(399)] Failed to connect to the bus: Could not parse server address: Unknown address type (examples of valid types are "tcp" and on UNIX "unix")
[22598:22598:0923/020556.170656:WARNING:sandbox_linux.cc(380)] InitializeSandbox() called with multiple threads in process gpu-process.
[22536:22589:0923/020556.194436:ERROR:bus.cc(399)] Failed to connect to the bus: Could not parse server address: Unknown address type (examples of valid types are "tcp" and on UNIX "unix")
[22536:22589:0923/020556.194517:ERROR:bus.cc(399)] Failed to connect to the bus: Could not parse server address: Unknown address type (examples of valid types are "tcp" and on UNIX "unix")
[22598:22598:0923/020556.280078:ERROR:gpu_memory_buffer_support_x11.cc(44)] dri3 extension not supported.
[22643:22643:0923/020556.286772:ERROR:runtime_enabled_features.cc(2498)] RuntimeEnabledFeature not recognized: ShadowDOMV0
[22644:22644:0923/020556.286900:ERROR:runtime_enabled_features.cc(2498)] RuntimeEnabledFeature not recognized: ShadowDOMV0
[22536:22536:0923/020556.313421:WARNING:bluez_dbus_manager.cc(247)] Floss manager not present, cannot set Floss enable/disable.
[22536:22661:0923/020556.352867:ERROR:bus.cc(399)] Failed to connect to the bus: Failed to connect to socket /var/run/dbus/system_bus_socket: No such file or directory
[22536:22661:0923/020556.353274:ERROR:bus.cc(399)] Failed to connect to the bus: Failed to connect to socket /var/run/dbus/system_bus_socket: No such file or directory
[22536:22661:0923/020556.353328:ERROR:bus.cc(399)] Failed to connect to the bus: Failed to connect to socket /var/run/dbus/system_bus_socket: No such file or directory
[22536:22661:0923/020556.353339:WARNING:property.cc(144)] DaemonVersion: GetAndBlock: failed.
[22536:22661:0923/020556.353378:ERROR:bus.cc(399)] Failed to connect to the bus: Failed to connect to socket /var/run/dbus/system_bus_socket: No such file or directory
[22536:22661:0923/020556.353405:ERROR:bus.cc(399)] Failed to connect to the bus: Failed to connect to socket /var/run/dbus/system_bus_socket: No such file or directory
[22664:22664:0923/020556.454735:ERROR:runtime_enabled_features.cc(2498)] RuntimeEnabledFeature not recognized: ShadowDOMV0
[22664:22672:0923/020556.496971:INFO:dispatcher.cc(588)] MarkAsExtensionContext (Background mv3): [chrome-extension://oadkgbgppkhoaaoepjbcnjejmkknaobg/background.js]
[22673:22673:0923/020557.560186:ERROR:runtime_enabled_features.cc(2498)] RuntimeEnabledFeature not recognized: ShadowDOMV0
[22682:22682:0923/020557.590452:ERROR:runtime_enabled_features.cc(2498)] RuntimeEnabledFeature not recognized: ShadowDOMV0
[22536:22536:0923/020558.619132:INFO:CONSOLE(23)] "deliver ok", source: https://www.amazon.com/a/addresses (23)
[22536:22536:0923/020558.620168:INFO:CONSOLE(32)] "name ok", source: https://www.amazon.com/a/addresses (32)
[22536:22536:0923/020558.620676:INFO:CONSOLE(35)] "Hello, Amy", source: https://www.amazon.com/a/addresses (35)
[22536:22536:0923/020558.621370:INFO:CONSOLE(42)] "address ok", source: https://www.amazon.com/a/addresses (42)
[22536:22536:0923/020558.621840:INFO:CONSOLE(46)] "0", source: https://www.amazon.com/a/addresses (46)
[22536:22536:0923/020558.622518:INFO:CONSOLE(46)] "1", source: https://www.amazon.com/a/addresses (46)
[22536:22536:0923/020558.622989:INFO:CONSOLE(46)] "2", source: https://www.amazon.com/a/addresses (46)
[22536:22536:0923/020558.623448:INFO:CONSOLE(55)] "language ok", source: https://www.amazon.com/a/addresses (55)
[22536:22536:0923/020558.623910:INFO:CONSOLE(59)] "EN", source: https://www.amazon.com/a/addresses (59)
[22536:22536:0923/020558.633086:INFO:CONSOLE(2472)] "Uncaught TypeError: Cannot set properties of undefined (setting 'jsError')", source: https://www.amazon.com/a/addresses (2472)
[22536:22536:0923/020558.649375:INFO:CONSOLE(2472)] "Uncaught TypeError: Cannot set properties of undefined (setting 'jsError')", source: https://www.amazon.com/a/addresses (2472)
[22713:22713:0923/020600.331628:ERROR:runtime_enabled_features.cc(2498)] RuntimeEnabledFeature not recognized: ShadowDOMV0
[22536:22536:0923/020600.358052:INFO:CONSOLE(0)] "Blocked script execution in 'https://s.amazon-adsystem.com/iu3?d=amazon.com&slot=navFooter&a1=01012fffa6ca902a819755f2529b1a9fbb581434d30392ade9914c388f13cd2955d5&a2=010191fc70327086727b873a981758a2a620ac929c50fd2a5a92568341c160ca9587&old_oo=0&ts=1694804240266&s=AeOyRtrEHvLZgwq3wGOa4bat4o3036fjp-k-CbXZC601&gdpr_consent=&gdpr_consent_avl=&cb=1694804240266' because the document's frame is sandboxed and the 'allow-scripts' permission is not set.", source: https://s.amazon-adsystem.com/iu3?d=amazon.com&slot=navFooter&a1=01012fffa6ca902a819755f2529b1a9fbb581434d30392ade9914c388f13cd2955d5&a2=010191fc70327086727b873a981758a2a620ac929c50fd2a5a92568341c160ca9587&old_oo=0&ts=1694804240266&s=AeOyRtrEHvLZgwq3wGOa4bat4o3036fjp-k-CbXZC601&gdpr_consent=&gdpr_consent_avl=&cb=1694804240266 (0)
[22536:22536:0923/020600.358402:INFO:CONSOLE(0)] "Blocked script execution in 'https://s.amazon-adsystem.com/iu3?d=amazon.com&slot=navFooter&a1=01012fffa6ca902a819755f2529b1a9fbb581434d30392ade9914c388f13cd2955d5&a2=010191fc70327086727b873a981758a2a620ac929c50fd2a5a92568341c160ca9587&old_oo=0&ts=1694804240266&s=AeOyRtrEHvLZgwq3wGOa4bat4o3036fjp-k-CbXZC601&gdpr_consent=&gdpr_consent_avl=&cb=1694804240266' because the document's frame is sandboxed and the 'allow-scripts' permission is not set.", source: https://s.amazon-adsystem.com/iu3?d=amazon.com&slot=navFooter&a1=01012fffa6ca902a819755f2529b1a9fbb581434d30392ade9914c388f13cd2955d5&a2=010191fc70327086727b873a981758a2a620ac929c50fd2a5a92568341c160ca9587&old_oo=0&ts=1694804240266&s=AeOyRtrEHvLZgwq3wGOa4bat4o3036fjp-k-CbXZC601&gdpr_consent=&gdpr_consent_avl=&cb=1694804240266 (0)
[22536:22536:0923/020600.394294:INFO:CONSOLE(0)] "Blocked script execution in 'https://s.amazon-adsystem.com/v3/pr?exlist=imdb_sx_n-sk_n-mediarithmics_n-lucid_g_n-visualiq_adelphic&fv=1.0&a=cm&dmt=1&gdpr_consent=' because the document's frame is sandboxed and the 'allow-scripts' permission is not set.", source: https://s.amazon-adsystem.com/v3/pr?exlist=imdb_sx_n-sk_n-mediarithmics_n-lucid_g_n-visualiq_adelphic&fv=1.0&a=cm&dmt=1&gdpr_consent= (0)
[22536:22536:0923/020600.395645:INFO:CONSOLE(0)] "Blocked script execution in 'https://s.amazon-adsystem.com/v3/pr?exlist=imdb_sx_n-sk_n-mediarithmics_n-lucid_g_n-visualiq_adelphic&fv=1.0&a=cm&dmt=1&gdpr_consent=' because the document's frame is sandboxed and the 'allow-scripts' permission is not set.", source: https://s.amazon-adsystem.com/v3/pr?exlist=imdb_sx_n-sk_n-mediarithmics_n-lucid_g_n-visualiq_adelphic&fv=1.0&a=cm&dmt=1&gdpr_consent= (0)
[22536:22536:0923/020600.671423:INFO:CONSOLE(235)] "FATAL Uncaught TypeError: Cannot set properties of undefined (setting 'jsError') thrown by AmazonUIComponents:a-buttons", source: https://www.amazon.com/a/addresses (235)
[22536:22536:0923/020600.678613:INFO:CONSOLE(2472)] "Uncaught TypeError: Cannot set properties of undefined (setting 'jsError')", source: https://www.amazon.com/a/addresses (2472)
[22536:22536:0923/020600.688305:INFO:CONSOLE(235)] "FATAL Uncaught TypeError: Cannot set properties of undefined (setting 'jsError') thrown by AmazonUITabs:a-tabs", source: https://www.amazon.com/a/addresses (235)
[22536:22536:0923/020600.694996:INFO:CONSOLE(2472)] "Uncaught TypeError: Cannot set properties of undefined (setting 'jsError')", source: https://www.amazon.com/a/addresses (2472)
[22536:22536:0923/020600.708042:INFO:CONSOLE(235)] "FATAL Uncaught TypeError: Cannot set properties of undefined (setting 'jsError') thrown by AmazonUISwitch:a-switch-framework", source: https://www.amazon.com/a/addresses (235)
[22536:22536:0923/020600.715093:INFO:CONSOLE(2472)] "Uncaught TypeError: Cannot set properties of undefined (setting 'jsError')", source: https://www.amazon.com/a/addresses (2472)
[22536:22536:0923/020600.744120:INFO:CONSOLE(235)] "FATAL Uncaught TypeError: Cannot set properties of undefined (setting 'jsError') thrown by AmazonUIPopover@ready:a-popover-lightbox", source: https://www.amazon.com/a/addresses (235)
[22536:22536:0923/020600.751060:INFO:CONSOLE(2472)] "Uncaught TypeError: Cannot set properties of undefined (setting 'jsError')", source: https://www.amazon.com/a/addresses (2472)
[22599:22622:0923/020600.876135:WARNING:http_cache_transaction.cc(1261)] Unable to open or create cache entry
[22599:22622:0923/020600.878260:WARNING:http_cache_transaction.cc(1261)] Unable to open or create cache entry
[22599:22622:0923/020600.879722:WARNING:http_cache_transaction.cc(1261)] Unable to open or create cache entry
[22599:22622:0923/020600.882600:WARNING:http_cache_transaction.cc(1261)] Unable to open or create cache entry
[22599:22622:0923/020600.883991:WARNING:http_cache_transaction.cc(1261)] Unable to open or create cache entry
[22599:22622:0923/020600.886596:WARNING:http_cache_transaction.cc(1261)] Unable to open or create cache entry
[22599:22622:0923/020600.887270:WARNING:http_cache_transaction.cc(1261)] Unable to open or create cache entry
[22599:22622:0923/020600.888604:WARNING:http_cache_transaction.cc(1261)] Unable to open or create cache entry
[22536:22536:0923/020600.933635:INFO:CONSOLE(0)] "Refused to load the image 'https://ib.adnxs.com/getuid?https://cookie-matching.mediarithmics.com/input?key=APX&apx_uid=$UID&opid=apx&ops=&utidl=tech:goo:CAESEHj2-a4XQz1_huPIAMq_kiA&gdpr_consent=&gdpr=0&action=GET_ID&etid=&domid=1109' because it violates the following Content Security Policy directive: "default-src 'self' s.amazon-adsystem.com aax-eu.amazon-adsystem.com aax-fe.amazon-adsystem.com fonts.gstatic.com *.firefox.etp doubleclick.net *.imdb.com google.com *.samplicio.us serving-sys.com *.mediarithmics.com spotxchange.com samplicio.us imdb.com *.serving-sys.com *.doubleclick.net *.google.com *.myvisualiq.net myvisualiq.net *.spotxchange.com 'unsafe-inline'". Note that 'img-src' was not explicitly set, so 'default-src' is used as a fallback.
", source: https://s.amazon-adsystem.com/v3/pr?exlist=imdb_sx_n-sk_n-mediarithmics_n-lucid_g_n-visualiq_adelphic&fv=1.0&a=cm&dmt=1&gdpr_consent= (0)
[22536:22536:0923/020601.466699:INFO:CONSOLE(2472)] "Uncaught TypeError: Cannot set properties of undefined (setting 'bb')", source: https://www.amazon.com/a/addresses (2472)
[22673:22673:0923/020601.537286:INFO:local_window_proxy.cc(253)] MarkAsExtensionContext (Content Script): ["https://www.amazon.com/a/addresses"]
[22599:22622:0923/020620.750953:WARNING:http_cache_transaction.cc(1261)] Unable to open or create cache entry
[22536:22536:0923/020620.795055:INFO:CONSOLE(455)] "CSM logging failed for HeadLatency - cannot log HeadLatency with value 0, it is negative or 0", source: https://images-na.ssl-images-amazon.com/images/I/41W974vG8QL._RC%7C71zzjyvEIHL.js,01QvReFeJyL.js,01phmzCOwJL.js,01eOvPdxG7L.js,71RDRWJQQQL.js,41306Iio4NL.js,115pV8Rl02L.js,01+pnQJuQ0L.js,21rDHgaooIL.js,41LFml+7fVL.js,51t-JTxfnwL.js,317BC63dC8L.js,11lEMI5MhIL.js,31c7Fn9h9gL.js,01LEzWzrPZL.js,01AqeWA7PKL.js_.js?AUIClients/NavDesktopUberAsset&lLvq0Ux1 (455)
[22536:22536:0923/020623.639119:INFO:optimization_guide_logger.cc(42)] ../../components/optimization_guide/core/hints_manager.cc(523) Hint cache initialized
[22536:22536:0923/020624.909426:INFO:CONSOLE(0)] "Access to fetch at 'https://images-na.ssl-images-amazon.com/images/G/01/msa/vowels/metrics._STID762000-1694804208550_.jpg' from origin 'https://www.amazon.com' has been blocked by CORS policy: No 'Access-Control-Allow-Origin' header is present on the requested resource. If an opaque response serves your needs, set the request's mode to 'no-cors' to fetch the resource with CORS disabled.", source: https://www.amazon.com/a/addresses (0)
[22536:22536:0923/020624.920743:INFO:CONSOLE(4)] "Error logged with the Track&Report JS errors API(http://tiny/1covqr6l8/wamazindeClieUserJava): {"m":"TypeError: Failed to fetch","csm":"v5 ueLogError callee","logLevel":"WARN","attribution":"MSAVowelsJavascriptAssets","pageURL":"https://www.amazon.com/a/addresses","s":["function(b,g){g||(g=\"ERROR\");b=b&&b.stack&&b.message?b:JSON.stringify(b);d({logLevel:g,attribution:\"MSAVowelsJavascriptAssets\",message:b})}","function(a){t(\"resourceError\",1);a instanceof TypeError&&a.message&&a.message.includes(\"Failed to fetch\")?n(a,\"WARN\"):n(a,\"ERROR\")}"],"t":12550} [object Object]", source: https://images-na.ssl-images-amazon.com/images/I/31bJewCvY-L.js (4)
[22536:22536:0923/020624.933260:INFO:CONSOLE(0)] "Access to fetch at 'https://f.media-amazon.com/images/G/01/msa/vowels/metrics._STID762000-1694804208550_.jpg' from origin 'https://www.amazon.com' has been blocked by CORS policy: No 'Access-Control-Allow-Origin' header is present on the requested resource. If an opaque response serves your needs, set the request's mode to 'no-cors' to fetch the resource with CORS disabled.", source: https://www.amazon.com/a/addresses (0)
[22536:22536:0923/020624.938081:INFO:CONSOLE(4)] "Error logged with the Track&Report JS errors API(http://tiny/1covqr6l8/wamazindeClieUserJava): {"m":"TypeError: Failed to fetch","csm":"v5 ueLogError callee","logLevel":"WARN","attribution":"MSAVowelsJavascriptAssets","pageURL":"https://www.amazon.com/a/addresses","s":["function(b,g){g||(g=\"ERROR\");b=b&&b.stack&&b.message?b:JSON.stringify(b);d({logLevel:g,attribution:\"MSAVowelsJavascriptAssets\",message:b})}","function(a){n(a,\"WARN\");throw c;}"],"t":12600} [object Object]", source: https://images-na.ssl-images-amazon.com/images/I/31bJewCvY-L.js (4)
[22536:22536:0923/020624.947657:INFO:CONSOLE(0)] "Access to fetch at 'https://a.media-amazon.com/images/G/01/msa/vowels/metrics._STID762000-1694804208550_.jpg' from origin 'https://www.amazon.com' has been blocked by CORS policy: No 'Access-Control-Allow-Origin' header is present on the requested resource. If an opaque response serves your needs, set the request's mode to 'no-cors' to fetch the resource with CORS disabled.", source: https://www.amazon.com/a/addresses (0)
[22536:22536:0923/020624.953418:INFO:CONSOLE(4)] "Error logged with the Track&Report JS errors API(http://tiny/1covqr6l8/wamazindeClieUserJava): {"m":"TypeError: Failed to fetch","csm":"v5 ueLogError callee","logLevel":"WARN","attribution":"MSAVowelsJavascriptAssets","pageURL":"https://www.amazon.com/a/addresses","s":["function(b,g){g||(g=\"ERROR\");b=b&&b.stack&&b.message?b:JSON.stringify(b);d({logLevel:g,attribution:\"MSAVowelsJavascriptAssets\",message:b})}","function(a){n(a,\"WARN\");throw c;}"],"t":12600} [object Object]", source: https://images-na.ssl-images-amazon.com/images/I/31bJewCvY-L.js (4)
[22536:22536:0923/020624.955010:INFO:CONSOLE(0)] "Access to fetch at 'https://dk9ps7goqoeef.cloudfront.net/images/G/01/msa/vowels/metrics._STID762000-1694804208550_.jpg' from origin 'https://www.amazon.com' has been blocked by CORS policy: No 'Access-Control-Allow-Origin' header is present on the requested resource. If an opaque response serves your needs, set the request's mode to 'no-cors' to fetch the resource with CORS disabled.", source: https://www.amazon.com/a/addresses (0)
[22536:22536:0923/020624.956015:INFO:CONSOLE(4)] "Error logged with the Track&Report JS errors API(http://tiny/1covqr6l8/wamazindeClieUserJava): {"m":"TypeError: Failed to fetch","csm":"v5 ueLogError callee","logLevel":"WARN","attribution":"MSAVowelsJavascriptAssets","pageURL":"https://www.amazon.com/a/addresses","s":["function(b,g){g||(g=\"ERROR\");b=b&&b.stack&&b.message?b:JSON.stringify(b);d({logLevel:g,attribution:\"MSAVowelsJavascriptAssets\",message:b})}","function(a){n(a,\"WARN\");throw c;}"],"t":12600} [object Object]", source: https://images-na.ssl-images-amazon.com/images/I/31bJewCvY-L.js (4)
[22536:22536:0923/020642.206748:INFO:CONSOLE(0)] "The resource https://redirect.prod.experiment.routing.cloudfront.aws.a2z.com/x.png was preloaded using link preload but not used within a few seconds from the window's load event. Please make sure it has an appropriate `as` value and it is preloaded intentionally.", source: https://www.amazon.com/a/addresses (0)
[22536:22536:0923/020646.318816:INFO:CONSOLE(0)] "The resource https://redirect.prod.experiment.routing.cloudfront.aws.a2z.com/x.png was preloaded using link preload but not used within a few seconds from the window's load event. Please make sure it has an appropriate `as` value and it is preloaded intentionally.", source: https://www.amazon.com/a/addresses (0)
[22536:22536:0923/020656.434778:INFO:optimization_guide_logger.cc(42)] ../../components/optimization_guide/core/hints_manager.cc(388) Received OptimizationHints component version: 413
[22536:22536:0923/020656.434858:INFO:optimization_guide_logger.cc(42)] ../../components/optimization_guide/core/hints_manager.cc(433) Processing OptimizationHints component version: 413
[22536:22536:0923/020656.435101:INFO:optimization_guide_logger.cc(42)] ../../components/optimization_guide/core/hints_manager.cc(570) Component successfully processed
[22536:22536:0923/020656.435167:INFO:optimization_guide_logger.cc(42)] ../../components/optimization_guide/core/hints_manager.cc(505) Loaded optimization filter for HistoryClusters
[22536:22536:0923/020717.334795:INFO:CONSOLE(0)] "The resource https://redirect.prod.experiment.routing.cloudfront.aws.a2z.com/x.png was preloaded using link preload but not used within a few seconds from the window's load event. Please make sure it has an appropriate `as` value and it is preloaded intentionally.", source: https://www.amazon.com/a/addresses (0)
[22536:22536:0923/020720.222480:INFO:CONSOLE(2472)] "Uncaught TypeError: Cannot set properties of undefined (setting 'jsError')", source: https://www.amazon.com/a/addresses (2472)
[22536:22536:0923/020720.381941:ERROR:background_mode_manager_aura.cc(12)] Not implemented reached in virtual void BackgroundModeManager::EnableLaunchOnStartup(bool)
[22823:22823:0923/020720.383989:ERROR:runtime_enabled_features.cc(2498)] RuntimeEnabledFeature not recognized: ShadowDOMV0
[22536:22536:0923/020720.415126:WARNING:internal_linux.cc(67)] Failed to read /proc/22599/stat
[22536:22536:0923/020720.415160:ERROR:kill_posix.cc(34)] waitpid(22599): No child processes (10)
[22536:22555:0923/020720.416382:WARNING:discardable_shared_memory_manager.cc(436)] Some MojoDiscardableSharedMemoryManagerImpls are still alive. They will be leaked.
[22536:22536:0923/020720.418146:WARNING:pref_notifier_impl.cc(41)] Pref observer for media_router.cast_allow_all_ips found at shutdown.
