[41489:41543:1003/194548.332493:ERROR:bus.cc(399)] Failed to connect to the bus: Failed to connect to socket /var/run/dbus/system_bus_socket: No such file or directory
[41489:41543:1003/194548.332674:ERROR:bus.cc(399)] Failed to connect to the bus: Failed to connect to socket /var/run/dbus/system_bus_socket: No such file or directory
[41489:41542:1003/194548.338283:ERROR:bus.cc(399)] Failed to connect to the bus: Could not parse server address: Unknown address type (examples of valid types are "tcp" and on UNIX "unix")
[41489:41542:1003/194548.338580:ERROR:bus.cc(399)] Failed to connect to the bus: Could not parse server address: Unknown address type (examples of valid types are "tcp" and on UNIX "unix")
[41489:41489:1003/194548.343173:ERROR:network_service_instance_impl.cc(459)] Deprecated value for --net-log-capture-mode. Use IncludeSensitive instead
[41551:41551:1003/194548.359795:WARNING:angle_platform_impl.cc(48)] vk_utils.cpp:353 (GetAvailableValidationLayers): Vulkan validation layers are missing.
[41489:41489:1003/194548.369632:WARNING:account_consistency_mode_manager.cc(70)] Desktop Identity Consistency cannot be enabled as no OAuth client ID and client secret have been configured.
[41489:41542:1003/194548.381747:ERROR:bus.cc(399)] Failed to connect to the bus: Could not parse server address: Unknown address type (examples of valid types are "tcp" and on UNIX "unix")
[41489:41542:1003/194548.381831:ERROR:bus.cc(399)] Failed to connect to the bus: Could not parse server address: Unknown address type (examples of valid types are "tcp" and on UNIX "unix")
[41551:41551:1003/194548.403143:WARNING:sandbox_linux.cc(380)] InitializeSandbox() called with multiple threads in process gpu-process.
[41489:41542:1003/194548.438629:ERROR:bus.cc(399)] Failed to connect to the bus: Could not parse server address: Unknown address type (examples of valid types are "tcp" and on UNIX "unix")
[41489:41542:1003/194548.438716:ERROR:bus.cc(399)] Failed to connect to the bus: Could not parse server address: Unknown address type (examples of valid types are "tcp" and on UNIX "unix")
[41551:41551:1003/194548.527116:ERROR:gpu_memory_buffer_support_x11.cc(44)] dri3 extension not supported.
[41598:41598:1003/194548.532476:ERROR:runtime_enabled_features.cc(2498)] RuntimeEnabledFeature not recognized: ShadowDOMV0
[41602:41602:1003/194548.538843:ERROR:runtime_enabled_features.cc(2498)] RuntimeEnabledFeature not recognized: ShadowDOMV0
[41489:41489:1003/194548.566813:WARNING:bluez_dbus_manager.cc(247)] Floss manager not present, cannot set Floss enable/disable.
[41489:41618:1003/194548.610389:ERROR:bus.cc(399)] Failed to connect to the bus: Failed to connect to socket /var/run/dbus/system_bus_socket: No such file or directory
[41489:41618:1003/194548.610480:ERROR:bus.cc(399)] Failed to connect to the bus: Failed to connect to socket /var/run/dbus/system_bus_socket: No such file or directory
[41489:41618:1003/194548.610567:ERROR:bus.cc(399)] Failed to connect to the bus: Failed to connect to socket /var/run/dbus/system_bus_socket: No such file or directory
[41489:41618:1003/194548.610594:WARNING:property.cc(144)] DaemonVersion: GetAndBlock: failed.
[41489:41618:1003/194548.610637:ERROR:bus.cc(399)] Failed to connect to the bus: Failed to connect to socket /var/run/dbus/system_bus_socket: No such file or directory
[41489:41618:1003/194548.610685:ERROR:bus.cc(399)] Failed to connect to the bus: Failed to connect to socket /var/run/dbus/system_bus_socket: No such file or directory
[41620:41620:1003/194548.625114:ERROR:runtime_enabled_features.cc(2498)] RuntimeEnabledFeature not recognized: ShadowDOMV0
[41620:41620:1003/194548.731686:INFO:local_window_proxy.cc(259)] MarkAsExtensionContext (Background mv2): ["chrome-extension://haphbbhhknaonfloinidkcmadhfjoghc/_generated_background_page.html"]
[41631:41631:1003/194549.097729:ERROR:runtime_enabled_features.cc(2498)] RuntimeEnabledFeature not recognized: ShadowDOMV0
[41631:41631:1003/194549.209288:FATAL:main_thread_debugger.cc(297)] Check failed: !frame->IsProvisional(). 
#0 0x55bcddb67c32 (/root/chrome_installer/opt/chromium.org/chromium-unstable/chrome+0x93ddc31)
#1 0x55bcdda604c3 (/root/chrome_installer/opt/chromium.org/chromium-unstable/chrome+0x92d64c2)
#2 0x55bcdda7b5bf (/root/chrome_installer/opt/chromium.org/chromium-unstable/chrome+0x92f15be)
#3 0x55bcdda7c3ce (/root/chrome_installer/opt/chromium.org/chromium-unstable/chrome+0x92f23cd)
#4 0x55bce1a99fb5 (/root/chrome_installer/opt/chromium.org/chromium-unstable/chrome+0xd30ffb4)
#5 0x55bcdac3f384 (/root/chrome_installer/opt/chromium.org/chromium-unstable/chrome+0x64b5383)
#6 0x55bcdac3eb39 (/root/chrome_installer/opt/chromium.org/chromium-unstable/chrome+0x64b4b38)
#7 0x55bcdabed28e (/root/chrome_installer/opt/chromium.org/chromium-unstable/chrome+0x646328d)
#8 0x55bcdac603c4 (/root/chrome_installer/opt/chromium.org/chromium-unstable/chrome+0x64d63c3)
#9 0x55bcdac3887a (/root/chrome_installer/opt/chromium.org/chromium-unstable/chrome+0x64ae879)
#10 0x55bce1ae989d (/root/chrome_installer/opt/chromium.org/chromium-unstable/chrome+0xd35f89c)
#11 0x55bcdc8d4f1d (/root/chrome_installer/opt/chromium.org/chromium-unstable/chrome+0x814af1c)
#12 0x55bcddee5894 (/root/chrome_installer/opt/chromium.org/chromium-unstable/chrome+0x975b893)
#13 0x55bcddee541d (/root/chrome_installer/opt/chromium.org/chromium-unstable/chrome+0x975b41c)
#14 0x55bcddeee709 (/root/chrome_installer/opt/chromium.org/chromium-unstable/chrome+0x9764708)
#15 0x55bcddee768d (/root/chrome_installer/opt/chromium.org/chromium-unstable/chrome+0x975d68c)
#16 0x55bcde3bc307 (/root/chrome_installer/opt/chromium.org/chromium-unstable/chrome+0x9c32306)
#17 0x55bcddee96dc (/root/chrome_installer/opt/chromium.org/chromium-unstable/chrome+0x975f6db)
#18 0x55bcddaf026c (/root/chrome_installer/opt/chromium.org/chromium-unstable/chrome+0x936626b)
#19 0x55bcddb1cf5a (/root/chrome_installer/opt/chromium.org/chromium-unstable/chrome+0x9392f59)
#20 0x55bcddb1c2c9 (/root/chrome_installer/opt/chromium.org/chromium-unstable/chrome+0x93922c8)
#21 0x55bcddb1dac5 (/root/chrome_installer/opt/chromium.org/chromium-unstable/chrome+0x9393ac4)
#22 0x55bcdda9bea0 (/root/chrome_installer/opt/chromium.org/chromium-unstable/chrome+0x9311e9f)
#23 0x55bcddb1e115 (/root/chrome_installer/opt/chromium.org/chromium-unstable/chrome+0x9394114)
#24 0x55bcddacc2b7 (/root/chrome_installer/opt/chromium.org/chromium-unstable/chrome+0x93422b6)
#25 0x55bce4987f2b (/root/chrome_installer/opt/chromium.org/chromium-unstable/chrome+0x101fdf2a)
#26 0x55bcdd46f1ec (/root/chrome_installer/opt/chromium.org/chromium-unstable/chrome+0x8ce51eb)
#27 0x55bcdd46fec9 (/root/chrome_installer/opt/chromium.org/chromium-unstable/chrome+0x8ce5ec8)
#28 0x55bcdd47152e (/root/chrome_installer/opt/chromium.org/chromium-unstable/chrome+0x8ce752d)
#29 0x55bcdd46dece (/root/chrome_installer/opt/chromium.org/chromium-unstable/chrome+0x8ce3ecd)
#30 0x55bcdd46e00f (/root/chrome_installer/opt/chromium.org/chromium-unstable/chrome+0x8ce400e)
#31 0x55bcd865d211 ChromeMain
#32 0x7fa868b83c87 __libc_start_main
#33 0x55bcd865d02a _start
Task trace:
#0 0x55bcde3b6b18 (/root/chrome_installer/opt/chromium.org/chromium-unstable/chrome+0x9c2cb17)
Crash keys:
  "extension-1" = "haphbbhhknaonfloinidkcmadhfjoghc"
  "num-extensions" = "1"
  "blink_scheduler_async_stack" = "0x55BCDE3B6B18 0x0"
  "v8_code_space_firstpage_address" = "0x55bc5b1c0000"
  "v8_ro_space_firstpage_address" = "0x2d7deeb40000"
  "v8_isolate_address" = "0x238c00748000"
  "variations" = "313957be-3ef44cd2,2510663e-3f4a17df,df319cb2-27e0e1e8,3e7d7783-f38a9353,e5726113-3f4a17df,ba227809-3f4a17df,e9e64bcb-3f4a17df,13e2821-46a4c4e1,eddd0d82-3f4a17df,53879ff4-3f4a17df,f406744f-3f4a17df,f2855e3d-de2b6078,cae31965-2f8546fe,870c1db8-3f4a17df,7301b698-3f4a17df,ffe207ef-3f4a17df,42f0e0ea-75d6947c,4d936449-fd549ada,f0f05f6-3f4a17df,88e143f7-c7440213,1bb6a450-3f4a17df,250dda8b-3f4a17df,ef1cfe77-3f4a17df,44c2e2c0-3f4a17df,9f476f76-3f4a17df,78634d5f-2ba5dc1c,4749874c-455e925b,7c2504d0-3f4a17df,c98a686c-3f4a17df,1acce950-3f4a17df,dbf7a8af-3f4a17df,a2fd384c-cc71bb94,e521d2ef-3f4a17df,abbcc82f-3d47f4f4,55ba4cfa-3f4a17df,f654ad46-c94f66c2,5c4d440e-58c8ac88,4e3ec83a-aa9b29e7,cbc04857-3f4a17df,65570806-377be55a,d0143dc1-3f4a17df,42f1f10d-98837767,363012bc-3f4a17df,18324944-3f4a17df,520b2a89-88bf9f37,4d40c903-20e31142,4852ec7f-3f4a17df,5f2c0f7c-3f4a17df,483d5a5e-d379aaa3,13494a51-3f4a17df,3042ad4b-ad2fa222,3fd33f16-da51fc56,8b5e9272-5124c949,80a52ca2-9c6dd96d,62cb9b8b-41986bdd,f588ef31-3f4a17df,c7053c9f-9a93b053,911e33b9-3f4a17df,36d5ee52-3f4a17df,2f7e7ede-3f4a17df,391562d6-3f4a17df,e79de56c-dee0823,8bccc03b-3f4a17df,7d6e65a8-89a4b7af,eabb590b-3f4a17df,19ca6892-3f4a17df,69d4ebd5-3f4a17df,5349039a-3f4a17df,2fb38473-3f4a17df,fcad39d1-3f4a17df,a79ba57a-3d47f4f4,9e5c75f1-30e1b12b,15ee6537-3f4a17df,b30184e3-3f4a17df,255dfea8-cf12f279,da493d3c-3f4a17df,e28cd73c-3f4a17df,f3ed486d-3f4a17df,411ef982-7c857e,b3c54bb3-2afd0839,bde7927d-bab20a64,e711bfd-3f4a17df,3482a891-410c5d63,234de0a0-ace4e138,b7a22696-2cd5fcd8,3c68a36c-3f4a17df,a393b0ae-d47548ba,7b9d3e0c-1dfe4688,d3566fbd-c6f74b94,a779bb20-3f4a17df,646a148-6847cb89,5f36436a-f799c15e,7fb629a1-60fdb59,2da2abac-b7f59038,4ea303a6-3f4a17df,4949c1d8-3f4a17df,59e098fc-3f4a17df,fc7e4d22-3f4a17df,baee3c29-3f4a17df,9fe21c85-3f4a17df,7d74eac0-7d74eac0,15d3083e-5ce60213,bdb15e19-3f4a17df,c9e4cf65-802823a4,31af02a2-3f4a17df,d990c4ac-3f4a17df,a18444ea-a18444ea,b0ca2a47-3f4a17df,6e69a63-3f4a17df,ef4764d7-c9f4d4ef,9909b8ac-3f4a17df,9f7bb00b-3f4a17df,1fce7d57-3f4a17df,7760b5b2-3f4a17df,e8c68789-49a20295,caa76e48-caa76e48,b0f15b33-b0f15b33,2b0207ee-2b0207ee,34a9ddc3-54a64e37,7a97dfab-3f4a17df,ad4acdda-3f4a17df,931c5f72-3f4a17df,ade3efeb-e1cc0f14,b1ceb06f-3f4a17df,5e7b62b9-3f4a17df,db59f83a-3f4a17df,57675af7-3f4a17df,6becb1e-a6ea97a2,f6e27768-f695fd79,6b5336a9-3f4a17df,3b96a1d-3f4a17df,55c6e56f-a1ba80e8,dba92675-f23d1dea,595f5eb0-f23d1dea,38ac144c-3f4a17df,1166396-1166396,8d7344de-3f4a17df,b53f3ef9-3f4a17df,1a80e9be-3898461f,"
  "num-experiments" = "139"
  "switch-21" = "--field-trial-handle=0,i,11373862521070118032,171672482623935608"
  "switch-20" = "--shared-files=v8_context_snapshot_data:100"
  "switch-19" = "--launch-time-ticks=2356612408343"
  "switch-18" = "--time-ticks-at-unix-epoch=-1694005736677649"
  "switch-17" = "--renderer-client-id=8"
  "switch-16" = "--enable-main-frame-before-activation"
  "switch-15" = "--num-raster-threads=2"
  "switch-14" = "--lang=en-US"
  "switch-13" = "--enable-blink-features=ShadowDOMV0"
  "switch-12" = "--disable-gpu-compositing"
  "switch-11" = "--allow-pre-commit-input"
  "switch-10" = "--test-type=webdriver"
  "switch-9" = "--remote-debugging-port=0"
  "switch-8" = "--enable-automation"
  "switch-7" = "--disable-dev-shm-usage"
  "switch-6" = "--no-sandbox"
  "osarch" = "x86_64"
  "pid" = "41631"
  "ptype" = "renderer"
  "switch-5" = "--change-stack-guard-on-fork=enable"
  "switch-4" = "--event-path-policy=0"
  "switch-3" = "--user-data-dir=/root/userdir/replay/"
  "switch-2" = "--enable-crash-reporter=,unstable"
  "switch-1" = "--crashpad-handler-pid=41495"
  "num-switches" = "25"

[41641:41641:1003/194549.212711:ERROR:runtime_enabled_features.cc(2498)] RuntimeEnabledFeature not recognized: ShadowDOMV0
[41651:41651:1003/194549.483206:ERROR:runtime_enabled_features.cc(2498)] RuntimeEnabledFeature not recognized: ShadowDOMV0
[41489:41489:1003/194549.506013:INFO:optimization_guide_logger.cc(42)] ../../components/optimization_guide/core/hints_manager.cc(523) Hint cache initialized
[41674:41674:1003/194551.109198:ERROR:runtime_enabled_features.cc(2498)] RuntimeEnabledFeature not recognized: ShadowDOMV0
[41620:41620:1003/194553.385700:INFO:local_window_proxy.cc(259)] MarkAsExtensionContext (Background mv2): ["chrome-extension://haphbbhhknaonfloinidkcmadhfjoghc/index.html"]
[41489:41489:1003/194617.002231:INFO:CONSOLE(0)] "Uncaught (in promise) #<Object>", source: https://www.linkedin.com/in/amy-lee-gt/ (0)
[41489:41489:1003/194648.741950:INFO:optimization_guide_logger.cc(42)] ../../components/optimization_guide/core/hints_manager.cc(388) Received OptimizationHints component version: 414
[41489:41489:1003/194648.742053:INFO:optimization_guide_logger.cc(42)] ../../components/optimization_guide/core/hints_manager.cc(433) Processing OptimizationHints component version: 414
[41489:41489:1003/194648.742398:INFO:optimization_guide_logger.cc(42)] ../../components/optimization_guide/core/hints_manager.cc(570) Component successfully processed
[41489:41489:1003/194648.742462:INFO:optimization_guide_logger.cc(42)] ../../components/optimization_guide/core/hints_manager.cc(505) Loaded optimization filter for HistoryClusters
[41553:41575:1003/194734.333239:WARNING:http_cache_transaction.cc(1261)] Unable to open or create cache entry
[41489:41489:1003/194747.612639:INFO:CONSOLE(0)] "Uncaught (in promise) #<Object>", source: https://www.linkedin.com/in/amy-lee-gt/ (0)
[41489:41489:1003/194749.864044:INFO:CONSOLE(731)] "Uncaught (in promise) AbortError: Version change transaction was aborted in upgradeneeded event handler.", source: https://static.licdn.com/sc/h/elkx4yqpmhdbzsoniz2lt3lsp (731)
[41489:41489:1003/194752.625274:INFO:CONSOLE(23)] "right two", source: https://www.linkedin.com/in/amy-lee-gt/ (23)
[41489:41489:1003/194752.657305:INFO:CONSOLE(27)] "Amy Lee (She/Her)
Marketing Intern at Microsoft
Microsoft
Georgia Institute of Technology
Douglasville, Georgia, United States  Contact info
Open to
Add profile section
More
Open to work

Marketing Specialist roles

Show details

Edit

Share that you’re hiring and attract qualified candidates.

Get started

Showcase services you offer so you and your business can be found in search.

Get started", source: https://www.linkedin.com/in/amy-lee-gt/ (27)
[41489:41489:1003/194752.658636:INFO:CONSOLE(46)] "headers ok", source: https://www.linkedin.com/in/amy-lee-gt/ (46)
[41489:41489:1003/194752.660274:INFO:CONSOLE(54)] "headers count=19", source: https://www.linkedin.com/in/amy-lee-gt/ (54)
[41489:41489:1003/194752.661048:INFO:CONSOLE(61)] "list item ok", source: https://www.linkedin.com/in/amy-lee-gt/ (61)
[41489:41489:1003/194752.662956:INFO:CONSOLE(69)] "listitem count=25", source: https://www.linkedin.com/in/amy-lee-gt/ (69)
[41489:41489:1003/194752.664052:INFO:CONSOLE(76)] "see more ok", source: https://www.linkedin.com/in/amy-lee-gt/ (76)
[41489:41489:1003/194752.665023:INFO:CONSOLE(84)] "see more count=8", source: https://www.linkedin.com/in/amy-lee-gt/ (84)
[41489:41489:1003/194752.665828:INFO:CONSOLE(91)] "language_card ok", source: https://www.linkedin.com/in/amy-lee-gt/ (91)
[41489:41489:1003/194752.666495:INFO:CONSOLE(95)] "Profile language

English

Public profile & URL

www.linkedin.com/in/amy-lee-gt", source: https://www.linkedin.com/in/amy-lee-gt/ (95)
[41489:41489:1003/194752.667248:INFO:CONSOLE(103)] "reply ok", source: https://www.linkedin.com/in/amy-lee-gt/ (103)
[41489:41489:1003/194752.667581:INFO:CONSOLE(106)] "0", source: https://www.linkedin.com/in/amy-lee-gt/ (106)
[41489:41489:1003/194752.667928:INFO:CONSOLE(108)] "Amy Lee reposted this • 6mo
6mo
3,481
30 comments", source: https://www.linkedin.com/in/amy-lee-gt/ (108)
[41489:41489:1003/194752.668251:INFO:CONSOLE(106)] "1", source: https://www.linkedin.com/in/amy-lee-gt/ (106)
[41489:41489:1003/194752.668566:INFO:CONSOLE(108)] "Amy Lee posted this • 6mo • 
6mo
Hello World!", source: https://www.linkedin.com/in/amy-lee-gt/ (108)
[41489:41489:1003/194752.669060:INFO:CONSOLE(116)] "bar ok", source: https://www.linkedin.com/in/amy-lee-gt/ (116)
[41651:41651:1003/194806.563128:INFO:local_window_proxy.cc(253)] MarkAsExtensionContext (Content Script): ["https://www.linkedin.com/in/amy-lee-gt/"]
[41489:41489:1003/194825.273594:INFO:CONSOLE(126)] "days ok", source: https://www.linkedin.com/tscp-serving/dtag?sz=300x250&ti=1&p=1&c=1&z=profile&pk=d_flagship3_profile_view_base&pz=BR&vmid=ACoAAEE8wlYBhFSJLKFvgg6x7y4Z5fq9A-bmqCA&_x=company%3D1035 (126)
[41489:41489:1003/194825.275664:INFO:CONSOLE(129)] "Ad
Amy, unlock your full potential with LinkedIn Premium
LinkedIn Premium
See who's viewed your profile in the last 90 days
Try now for $0", source: https://www.linkedin.com/tscp-serving/dtag?sz=300x250&ti=1&p=1&c=1&z=profile&pk=d_flagship3_profile_view_base&pz=BR&vmid=ACoAAEE8wlYBhFSJLKFvgg6x7y4Z5fq9A-bmqCA&_x=company%3D1035 (129)
[41489:41489:1003/194825.276051:INFO:CONSOLE(135)] "promo ok", source: https://www.linkedin.com/tscp-serving/dtag?sz=300x250&ti=1&p=1&c=1&z=profile&pk=d_flagship3_profile_view_base&pz=BR&vmid=ACoAAEE8wlYBhFSJLKFvgg6x7y4Z5fq9A-bmqCA&_x=company%3D1035 (135)
[41489:41489:1003/194825.277513:INFO:CONSOLE(138)] "Ad
Amy, unlock your full potential with LinkedIn Premium
LinkedIn Premium
See who's viewed your profile in the last 90 days
Try now for $0", source: https://www.linkedin.com/tscp-serving/dtag?sz=300x250&ti=1&p=1&c=1&z=profile&pk=d_flagship3_profile_view_base&pz=BR&vmid=ACoAAEE8wlYBhFSJLKFvgg6x7y4Z5fq9A-bmqCA&_x=company%3D1035 (138)
[41489:41489:1003/194829.184937:INFO:CONSOLE(35)] "message ok", source: https://www.linkedin.com/in/amy-lee-gt/ (35)
[41651:41796:1003/194900.694581:WARNING:media_session.cc(949)] RED codec red is missing an associated payload type.
[41553:41575:1003/194901.815940:ERROR:socket_manager.cc(138)] Failed to resolve address for stun.l.google.com., errorcode: -105
[41800:41800:1003/194901.828172:WARNING:audio_manager_linux.cc(60)] Falling back to ALSA for audio output. PulseAudio is not available or could not be initialized.
[41651:41797:1003/194902.902580:WARNING:stun_port.cc(485)] Port[22f9400:0:1:0:local:Net[any:0:0:0:x:x:x:x:x/0:Wildcard:id=0]]: StunPort: stun host lookup received error -1
[41651:41797:1003/194902.907174:ERROR:stun_request.cc(115)] CheckResponse called on a passwordless request. Fix test!
[41551:41551:1003/194911.836361:ERROR:gl_utils.cc(319)] [.WebGL-0x238c00611b00]GL Driver Message (OpenGL, Performance, GL_CLOSE_PATH_NV, High): GPU stall due to ReadPixels
[41489:41489:1003/194912.117258:INFO:CONSOLE(0)] "[.WebGL-0x238c00611b00]GL Driver Message (OpenGL, Performance, GL_CLOSE_PATH_NV, High): GPU stall due to ReadPixels", source: https://www.linkedin.com/in/amy-lee-gt/ (0)
[41651:41797:1003/194912.914136:ERROR:stun_request.cc(115)] CheckResponse called on a passwordless request. Fix test!
[41651:41797:1003/194922.929846:ERROR:stun_request.cc(115)] CheckResponse called on a passwordless request. Fix test!
[41651:41797:1003/194932.945564:ERROR:stun_request.cc(115)] CheckResponse called on a passwordless request. Fix test!
[41651:41797:1003/194942.961202:ERROR:stun_request.cc(115)] CheckResponse called on a passwordless request. Fix test!
