[76359:76414:0926/034502.847549:ERROR:bus.cc(399)] Failed to connect to the bus: Failed to connect to socket /var/run/dbus/system_bus_socket: No such file or directory
[76359:76414:0926/034502.847727:ERROR:bus.cc(399)] Failed to connect to the bus: Failed to connect to socket /var/run/dbus/system_bus_socket: No such file or directory
[76359:76413:0926/034502.852545:ERROR:bus.cc(399)] Failed to connect to the bus: Could not parse server address: Unknown address type (examples of valid types are "tcp" and on UNIX "unix")
[76359:76413:0926/034502.852586:ERROR:bus.cc(399)] Failed to connect to the bus: Could not parse server address: Unknown address type (examples of valid types are "tcp" and on UNIX "unix")
[76359:76359:0926/034502.858283:ERROR:network_service_instance_impl.cc(459)] Deprecated value for --net-log-capture-mode. Use IncludeSensitive instead
[76421:76421:0926/034502.871740:WARNING:angle_platform_impl.cc(48)] vk_utils.cpp:353 (GetAvailableValidationLayers): Vulkan validation layers are missing.
[76359:76359:0926/034502.882880:WARNING:account_consistency_mode_manager.cc(70)] Desktop Identity Consistency cannot be enabled as no OAuth client ID and client secret have been configured.
[76359:76413:0926/034502.891105:ERROR:bus.cc(399)] Failed to connect to the bus: Could not parse server address: Unknown address type (examples of valid types are "tcp" and on UNIX "unix")
[76359:76413:0926/034502.891147:ERROR:bus.cc(399)] Failed to connect to the bus: Could not parse server address: Unknown address type (examples of valid types are "tcp" and on UNIX "unix")
[76421:76421:0926/034502.924624:WARNING:sandbox_linux.cc(380)] InitializeSandbox() called with multiple threads in process gpu-process.
[76359:76413:0926/034502.945829:ERROR:bus.cc(399)] Failed to connect to the bus: Could not parse server address: Unknown address type (examples of valid types are "tcp" and on UNIX "unix")
[76359:76413:0926/034502.945902:ERROR:bus.cc(399)] Failed to connect to the bus: Could not parse server address: Unknown address type (examples of valid types are "tcp" and on UNIX "unix")
[76421:76421:0926/034503.034739:ERROR:gpu_memory_buffer_support_x11.cc(44)] dri3 extension not supported.
[76462:76462:0926/034503.044801:ERROR:runtime_enabled_features.cc(2498)] RuntimeEnabledFeature not recognized: ShadowDOMV0
[76463:76463:0926/034503.046476:ERROR:runtime_enabled_features.cc(2498)] RuntimeEnabledFeature not recognized: ShadowDOMV0
[76359:76359:0926/034503.074840:WARNING:bluez_dbus_manager.cc(247)] Floss manager not present, cannot set Floss enable/disable.
[76359:76481:0926/034503.112772:ERROR:bus.cc(399)] Failed to connect to the bus: Failed to connect to socket /var/run/dbus/system_bus_socket: No such file or directory
[76359:76481:0926/034503.112828:ERROR:bus.cc(399)] Failed to connect to the bus: Failed to connect to socket /var/run/dbus/system_bus_socket: No such file or directory
[76359:76481:0926/034503.112888:ERROR:bus.cc(399)] Failed to connect to the bus: Failed to connect to socket /var/run/dbus/system_bus_socket: No such file or directory
[76359:76481:0926/034503.112903:WARNING:property.cc(144)] DaemonVersion: GetAndBlock: failed.
[76359:76481:0926/034503.112928:ERROR:bus.cc(399)] Failed to connect to the bus: Failed to connect to socket /var/run/dbus/system_bus_socket: No such file or directory
[76359:76481:0926/034503.112960:ERROR:bus.cc(399)] Failed to connect to the bus: Failed to connect to socket /var/run/dbus/system_bus_socket: No such file or directory
[76482:76482:0926/034503.128921:ERROR:runtime_enabled_features.cc(2498)] RuntimeEnabledFeature not recognized: ShadowDOMV0
[76482:76482:0926/034503.227082:INFO:local_window_proxy.cc(259)] MarkAsExtensionContext (Background mv2): ["chrome-extension://blcdkmjcpgjojjffbdkckaiondfpoglh/_generated_background_page.html"]
[76496:76496:0926/034504.377074:ERROR:runtime_enabled_features.cc(2498)] RuntimeEnabledFeature not recognized: ShadowDOMV0
[76506:76506:0926/034504.411666:ERROR:runtime_enabled_features.cc(2498)] RuntimeEnabledFeature not recognized: ShadowDOMV0
[76359:76359:0926/034505.218199:INFO:optimization_guide_logger.cc(42)] ../../components/optimization_guide/core/hints_manager.cc(523) Hint cache initialized
[76423:76445:0926/034523.923253:WARNING:http_cache_transaction.cc(1261)] Unable to open or create cache entry
[76423:76445:0926/034523.934365:WARNING:http_cache_transaction.cc(1261)] Unable to open or create cache entry
[76423:76445:0926/034523.943771:WARNING:http_cache_transaction.cc(1261)] Unable to open or create cache entry
[76423:76445:0926/034523.951791:WARNING:http_cache_transaction.cc(1261)] Unable to open or create cache entry
[76423:76445:0926/034523.993304:WARNING:http_cache_transaction.cc(1261)] Unable to open or create cache entry
[76423:76445:0926/034524.013582:WARNING:http_cache_transaction.cc(1261)] Unable to open or create cache entry
[76423:76445:0926/034527.446245:WARNING:http_cache_transaction.cc(1261)] Unable to open or create cache entry
[76423:76445:0926/034527.448377:WARNING:http_cache_transaction.cc(1261)] Unable to open or create cache entry
[76359:76359:0926/034528.022032:INFO:CONSOLE(21)] "email list ok", source: https://outlook.live.com/mail/0/ (21)
[76359:76359:0926/034528.023496:INFO:CONSOLE(25)] "Leasing

Lease Approved For 1016 West Avenue
2:56 PM
Online Lease Executed Online Lease has been Executed by Both Parties The lease document(s) has been signed by both parties. The executed agreement is attached to this email. If you have any questions, or need help along the way, contact the lea", source: https://outlook.live.com/mail/0/ (25)
[76496:76496:0926/034531.709845:INFO:local_window_proxy.cc(253)] MarkAsExtensionContext (Content Script): ["https://outlook.live.com/mail/0/"]
[76359:76359:0926/034531.720262:INFO:CONSOLE(0)] "The resource https://res-h3.public.cdn.office.net/assets/mail/fonts/v1/fonts/segoeui-regular.woff was preloaded using link preload but not used within a few seconds from the window's load event. Please make sure it has an appropriate `as` value and it is preloaded intentionally.", source: https://outlook.live.com/mail/0/ (0)
[76359:76359:0926/034531.721552:INFO:CONSOLE(0)] "The resource https://res-h3.public.cdn.office.net/assets/mail/fonts/v1/fonts/segoeui-semilight.woff was preloaded using link preload but not used within a few seconds from the window's load event. Please make sure it has an appropriate `as` value and it is preloaded intentionally.", source: https://outlook.live.com/mail/0/ (0)
[76359:76359:0926/034531.721910:INFO:CONSOLE(0)] "The resource https://res-h3.public.cdn.office.net/assets/mail/fonts/v1/fonts/segoeui-semibold.woff was preloaded using link preload but not used within a few seconds from the window's load event. Please make sure it has an appropriate `as` value and it is preloaded intentionally.", source: https://outlook.live.com/mail/0/ (0)
[76359:76359:0926/034531.722252:INFO:CONSOLE(0)] "The resource https://res-h3.public.cdn.office.net/assets/mail/fonts/v1/fonts/segoeui-light.woff was preloaded using link preload but not used within a few seconds from the window's load event. Please make sure it has an appropriate `as` value and it is preloaded intentionally.", source: https://outlook.live.com/mail/0/ (0)
[76359:76359:0926/034532.076409:INFO:CONSOLE(274)] "COKN Health Info Check will operate on this site", source: chrome-extension://blcdkmjcpgjojjffbdkckaiondfpoglh/backend.js (274)
[76423:76445:0926/034542.935373:WARNING:http_cache_transaction.cc(1261)] Unable to open or create cache entry
[76359:76359:0926/034550.803761:INFO:CONSOLE(0)] "Access to XMLHttpRequest at 'https://idir.uta.edu/misinfo-api/query_claimbuster?rtoks=1' from origin 'https://outlook.live.com' has been blocked by CORS policy: No 'Access-Control-Allow-Origin' header is present on the requested resource.", source: https://outlook.live.com/mail/0/ (0)
[76359:76359:0926/034550.804134:INFO:CONSOLE(142)] "There was an error making the request", source: chrome-extension://blcdkmjcpgjojjffbdkckaiondfpoglh/backend.js (142)
[76359:76359:0926/034551.161741:INFO:CONSOLE(2)] "Uncaught (in promise) Error: A store named taskModuleInstance_5cac5cac-5cac-5cac-5cac-5cac5cac5cac has already been created.", source: https://res-h3.public.cdn.office.net/owamail/20230825006.10/scripts/owa.ven.extframework.m.js (2)
[76359:76359:0926/034551.164370:INFO:CONSOLE(2)] "Uncaught (in promise) Error: A store named taskModuleInstance_5cac5cac-5cac-5cac-5cac-5cac5cac5cac has already been created.", source: https://res-h3.public.cdn.office.net/owamail/20230825006.10/scripts/owa.ven.extframework.m.js (2)
[76359:76359:0926/034551.164838:INFO:CONSOLE(2)] "Uncaught (in promise) Error: A store named taskModuleInstance_5cac5cac-5cac-5cac-5cac-5cac5cac5cac has already been created.", source: https://res-h3.public.cdn.office.net/owamail/20230825006.10/scripts/owa.ven.extframework.m.js (2)
[76359:76359:0926/034552.906938:INFO:CONSOLE(1)] "AST library loaded: 0.51.0", source: https://acdn.adnxs.com/ast/static/0.51.0/ast.js (1)
[76359:76359:0926/034552.981436:INFO:CONSOLE(1)] "Refused to load the script 'https://js.monitor.azure.com/scripts/c/ms.shared.analytics.mectrl-3.2.7.gbl.min.js' because it violates the following Content Security Policy directive: "script-src 'nonce-0Q9wm2ilQRk9mBD/GiWY7A==' *.res.office365.com *.fluidpreview.office.net *.cdn.office.net wss://*.delve.office.com:443 shellprod.msocdn.com amcdn.msauth.net amcdn.msftauth.net *.bing.com *.skype.com *.skypeassets.com *.delve.office.com *.cdn.office.net static.teams.microsoft.com teams.microsoft.com cdn.forms.office.net blob: 'report-sample' 'self' 'wasm-unsafe-eval' acdn.adnxs.com cdn.adnxs.com *.aolcdn.com jill.fc.yahoo.com stage-jill.fc.yahoo.com jac.yahoosandbox.com stage-jac.yahoosandbox.com *.engage.cloud.microsoft *.arkoselabs.com". Note that 'script-src-elem' was not explicitly set, so 'script-src' is used as a fallback.
", source: https://amcdn.msftauth.net/me?partner=Exchange&version=10.23038.5&market=en-US&wrapperId=suiteshell (1)
[76359:76359:0926/034555.024332:INFO:CONSOLE(1)] "Refused to load the script 'https://js.monitor.azure.com/scripts/c/ms.shared.analytics.mectrl-3.2.7.gbl.min.js' because it violates the following Content Security Policy directive: "script-src 'nonce-0Q9wm2ilQRk9mBD/GiWY7A==' *.res.office365.com *.fluidpreview.office.net *.cdn.office.net wss://*.delve.office.com:443 shellprod.msocdn.com amcdn.msauth.net amcdn.msftauth.net *.bing.com *.skype.com *.skypeassets.com *.delve.office.com *.cdn.office.net static.teams.microsoft.com teams.microsoft.com cdn.forms.office.net blob: 'report-sample' 'self' 'wasm-unsafe-eval' acdn.adnxs.com cdn.adnxs.com *.aolcdn.com jill.fc.yahoo.com stage-jill.fc.yahoo.com jac.yahoosandbox.com stage-jac.yahoosandbox.com *.engage.cloud.microsoft *.arkoselabs.com". Note that 'script-src-elem' was not explicitly set, so 'script-src' is used as a fallback.
", source: https://amcdn.msftauth.net/me?partner=Exchange&version=10.23038.5&market=en-US&wrapperId=suiteshell (1)
[76423:76445:0926/034558.407322:WARNING:http_cache_transaction.cc(1261)] Unable to open or create cache entry
[76423:76445:0926/034558.529850:WARNING:http_cache_transaction.cc(1261)] Unable to open or create cache entry
[76423:76445:0926/034558.532861:WARNING:http_cache_transaction.cc(1261)] Unable to open or create cache entry
[76423:76445:0926/034558.536500:WARNING:http_cache_transaction.cc(1261)] Unable to open or create cache entry
[76423:76445:0926/034558.544124:WARNING:http_cache_transaction.cc(1261)] Unable to open or create cache entry
[76359:76359:0926/034603.851303:INFO:optimization_guide_logger.cc(42)] ../../components/optimization_guide/core/hints_manager.cc(388) Received OptimizationHints component version: 413
[76359:76359:0926/034603.851401:INFO:optimization_guide_logger.cc(42)] ../../components/optimization_guide/core/hints_manager.cc(433) Processing OptimizationHints component version: 413
[76359:76359:0926/034603.851783:INFO:optimization_guide_logger.cc(42)] ../../components/optimization_guide/core/hints_manager.cc(570) Component successfully processed
[76359:76359:0926/034603.851853:INFO:optimization_guide_logger.cc(42)] ../../components/optimization_guide/core/hints_manager.cc(505) Loaded optimization filter for HistoryClusters
[76359:76359:0926/034627.874402:INFO:CONSOLE(0)] "The resource https://res-h3.public.cdn.office.net/assets/mail/fonts/v1/fonts/segoeui-regular.woff was preloaded using link preload but not used within a few seconds from the window's load event. Please make sure it has an appropriate `as` value and it is preloaded intentionally.", source: https://outlook.live.com/mail/0/ (0)
[76359:76359:0926/034627.874764:INFO:CONSOLE(0)] "The resource https://res-h3.public.cdn.office.net/assets/mail/fonts/v1/fonts/segoeui-semilight.woff was preloaded using link preload but not used within a few seconds from the window's load event. Please make sure it has an appropriate `as` value and it is preloaded intentionally.", source: https://outlook.live.com/mail/0/ (0)
[76359:76359:0926/034627.875097:INFO:CONSOLE(0)] "The resource https://res-h3.public.cdn.office.net/assets/mail/fonts/v1/fonts/segoeui-semibold.woff was preloaded using link preload but not used within a few seconds from the window's load event. Please make sure it has an appropriate `as` value and it is preloaded intentionally.", source: https://outlook.live.com/mail/0/ (0)
[76359:76359:0926/034627.875424:INFO:CONSOLE(0)] "The resource https://res-h3.public.cdn.office.net/assets/mail/fonts/v1/fonts/segoeui-light.woff was preloaded using link preload but not used within a few seconds from the window's load event. Please make sure it has an appropriate `as` value and it is preloaded intentionally.", source: https://outlook.live.com/mail/0/ (0)
[76359:76359:0926/034632.306887:INFO:CONSOLE(0)] "Access to fetch at 'https://res-h3.public.cdn.office.net/owamail/20230825006.10/scripts/owa.worker.5300.js' from origin 'https://outlook.live.com' has been blocked by CORS policy: No 'Access-Control-Allow-Origin' header is present on the requested resource. If an opaque response serves your needs, set the request's mode to 'no-cors' to fetch the resource with CORS disabled.", source: https://outlook.live.com/mail/0/ (0)
[76359:76359:0926/034633.210129:INFO:CONSOLE(0)] "Access to fetch at 'https://res-h3.public.cdn.office.net/owamail/20230825006.10/resources/locale/en/owa.336281.m.json' from origin 'https://outlook.live.com' has been blocked by CORS policy: No 'Access-Control-Allow-Origin' header is present on the requested resource. If an opaque response serves your needs, set the request's mode to 'no-cors' to fetch the resource with CORS disabled.", source: https://outlook.live.com/mail/0/ (0)
[76359:76359:0926/034633.230732:INFO:CONSOLE(0)] "Access to script at 'https://res-h3.public.cdn.office.net/owamail/20230825006.10/scripts/owa.336281.m.js' from origin 'https://outlook.live.com' has been blocked by CORS policy: No 'Access-Control-Allow-Origin' header is present on the requested resource.", source: https://outlook.live.com/mail/0/ (0)
[76359:76359:0926/034633.232204:INFO:CONSOLE(0)] "Access to script at 'https://res-h3.public.cdn.office.net/owamail/20230825006.10/scripts/owa.577319.m.js' from origin 'https://outlook.live.com' has been blocked by CORS policy: No 'Access-Control-Allow-Origin' header is present on the requested resource.", source: https://outlook.live.com/mail/0/ (0)
[76359:76359:0926/034633.234774:INFO:CONSOLE(0)] "Access to CSS stylesheet at 'https://res-h3.public.cdn.office.net/owamail/20230825006.10/scripts/owa.MailCompose.m.css' from origin 'https://outlook.live.com' has been blocked by CORS policy: No 'Access-Control-Allow-Origin' header is present on the requested resource.", source: https://outlook.live.com/mail/0/ (0)
[76359:76359:0926/034633.245191:INFO:CONSOLE(2)] "Uncaught (in promise) Error: Failed to load localized strings", source: https://res-h3.public.cdn.office.net/owamail/20230825006.10/scripts/owa.mailindex.js (2)
[76359:76359:0926/034633.283733:INFO:CONSOLE(2)] "Uncaught (in promise) ChunkLoadError: Loading chunk 336281 failed.
(error: https://res-h3.public.cdn.office.net/owamail/20230825006.10/scripts/owa.336281.m.js)", source: https://res-h3.public.cdn.office.net/owamail/20230825006.10/scripts/owa.mailindex.js (2)
[76359:76359:0926/034633.285496:INFO:CONSOLE(0)] "Access to script at 'https://res-h3.public.cdn.office.net/owamail/20230825006.10/scripts/owa.703171.m.js' from origin 'https://outlook.live.com' has been blocked by CORS policy: No 'Access-Control-Allow-Origin' header is present on the requested resource.", source: https://outlook.live.com/mail/0/ (0)
[76359:76359:0926/034633.286746:INFO:CONSOLE(0)] "Access to script at 'https://res-h3.public.cdn.office.net/owamail/20230825006.10/scripts/owa.960298.m.js' from origin 'https://outlook.live.com' has been blocked by CORS policy: No 'Access-Control-Allow-Origin' header is present on the requested resource.", source: https://outlook.live.com/mail/0/ (0)
[76359:76359:0926/034633.287429:INFO:CONSOLE(0)] "Access to fetch at 'https://res-h3.public.cdn.office.net/owamail/20230825006.10/resources/locale/en/owa.MailCompose.m.json' from origin 'https://outlook.live.com' has been blocked by CORS policy: No 'Access-Control-Allow-Origin' header is present on the requested resource. If an opaque response serves your needs, set the request's mode to 'no-cors' to fetch the resource with CORS disabled.", source: https://outlook.live.com/mail/0/ (0)
[76359:76359:0926/034633.288094:INFO:CONSOLE(0)] "Access to script at 'https://res-h3.public.cdn.office.net/owamail/20230825006.10/scripts/owa.MailCompose.m.js' from origin 'https://outlook.live.com' has been blocked by CORS policy: No 'Access-Control-Allow-Origin' header is present on the requested resource.", source: https://outlook.live.com/mail/0/ (0)
[76359:76359:0926/034633.288760:INFO:CONSOLE(0)] "Access to fetch at 'https://res-h3.public.cdn.office.net/owamail/20230825006.10/resources/locale/en/owa.336281.m.json?bO=1' from origin 'https://outlook.live.com' has been blocked by CORS policy: No 'Access-Control-Allow-Origin' header is present on the requested resource. If an opaque response serves your needs, set the request's mode to 'no-cors' to fetch the resource with CORS disabled.", source: https://outlook.live.com/mail/0/ (0)
[76359:76359:0926/034633.298340:INFO:CONSOLE(2)] "Uncaught (in promise) ChunkLoadError: Loading chunk 577319 failed.
(error: https://res-h3.public.cdn.office.net/owamail/20230825006.10/scripts/owa.577319.m.js)", source: https://res-h3.public.cdn.office.net/owamail/20230825006.10/scripts/owa.mailindex.js (2)
[76359:76359:0926/034633.309532:INFO:CONSOLE(2)] "Uncaught (in promise) Error: Loading CSS chunk 125433 failed.
(https://res-h3.public.cdn.office.net/owamail/20230825006.10/scripts/owa.MailCompose.m.css)", source: https://res-h3.public.cdn.office.net/owamail/20230825006.10/scripts/owa.mailindex.js (2)
[76359:76359:0926/034633.316058:INFO:CONSOLE(2)] "Uncaught (in promise) Error: Loading CSS chunk 125433 failed.
(https://res-h3.public.cdn.office.net/owamail/20230825006.10/scripts/owa.MailCompose.m.css)", source: https://res-h3.public.cdn.office.net/owamail/20230825006.10/scripts/owa.mailindex.js (2)
[76359:76359:0926/034633.317434:INFO:CONSOLE(0)] "Access to script at 'https://res-h3.public.cdn.office.net/owamail/20230825006.10/scripts/owa.577319.m.js' from origin 'https://outlook.live.com' has been blocked by CORS policy: No 'Access-Control-Allow-Origin' header is present on the requested resource.", source: https://outlook.live.com/mail/0/ (0)
[76359:76359:0926/034633.331872:INFO:CONSOLE(2)] "Uncaught (in promise) ChunkLoadError: Loading chunk 703171 failed.
(error: https://res-h3.public.cdn.office.net/owamail/20230825006.10/scripts/owa.703171.m.js)", source: https://res-h3.public.cdn.office.net/owamail/20230825006.10/scripts/owa.mailindex.js (2)
[76359:76359:0926/034633.338483:INFO:CONSOLE(2)] "Uncaught (in promise) ChunkLoadError: Loading chunk 703171 failed.
(error: https://res-h3.public.cdn.office.net/owamail/20230825006.10/scripts/owa.703171.m.js)", source: https://res-h3.public.cdn.office.net/owamail/20230825006.10/scripts/owa.mailindex.js (2)
[76359:76359:0926/034633.345107:INFO:CONSOLE(2)] "Uncaught (in promise) ChunkLoadError: Loading chunk 960298 failed.
(error: https://res-h3.public.cdn.office.net/owamail/20230825006.10/scripts/owa.960298.m.js)", source: https://res-h3.public.cdn.office.net/owamail/20230825006.10/scripts/owa.mailindex.js (2)
[76359:76359:0926/034633.351934:INFO:CONSOLE(2)] "Uncaught (in promise) ChunkLoadError: Loading chunk 960298 failed.
(error: https://res-h3.public.cdn.office.net/owamail/20230825006.10/scripts/owa.960298.m.js)", source: https://res-h3.public.cdn.office.net/owamail/20230825006.10/scripts/owa.mailindex.js (2)
[76359:76359:0926/034633.352767:INFO:CONSOLE(0)] "Access to fetch at 'https://res-h3.public.cdn.office.net/owamail/20230825006.10/resources/locale/en/owa.MailCompose.m.json?bO=1' from origin 'https://outlook.live.com' has been blocked by CORS policy: No 'Access-Control-Allow-Origin' header is present on the requested resource. If an opaque response serves your needs, set the request's mode to 'no-cors' to fetch the resource with CORS disabled.", source: https://outlook.live.com/mail/0/ (0)
[76359:76359:0926/034633.359357:INFO:CONSOLE(2)] "Uncaught (in promise) ChunkLoadError: Loading chunk 577319 failed.
(error: https://res-h3.public.cdn.office.net/owamail/20230825006.10/scripts/owa.577319.m.js)", source: https://res-h3.public.cdn.office.net/owamail/20230825006.10/scripts/owa.mailindex.js (2)
[76359:76359:0926/034634.453563:INFO:CONSOLE(0)] "Access to CSS stylesheet at 'https://res-h3.public.cdn.office.net/owamail/20230825006.10/scripts/owa.MailCompose.m.css' from origin 'https://outlook.live.com' has been blocked by CORS policy: No 'Access-Control-Allow-Origin' header is present on the requested resource.", source: https://outlook.live.com/mail/0/ (0)
[76359:76359:0926/034634.462608:INFO:CONSOLE(0)] "Access to fetch at 'https://res-h3.public.cdn.office.net/owamail/20230825006.10/resources/locale/en/owa.336281.m.json?bO=1' from origin 'https://outlook.live.com' has been blocked by CORS policy: No 'Access-Control-Allow-Origin' header is present on the requested resource. If an opaque response serves your needs, set the request's mode to 'no-cors' to fetch the resource with CORS disabled.", source: https://outlook.live.com/mail/0/ (0)
[76359:76359:0926/034634.463446:INFO:CONSOLE(0)] "Access to script at 'https://res-h3.public.cdn.office.net/owamail/20230825006.10/scripts/owa.336281.m.js' from origin 'https://outlook.live.com' has been blocked by CORS policy: No 'Access-Control-Allow-Origin' header is present on the requested resource.", source: https://outlook.live.com/mail/0/ (0)
[76359:76359:0926/034634.467188:INFO:CONSOLE(0)] "Access to script at 'https://res-h3.public.cdn.office.net/owamail/20230825006.10/scripts/owa.577319.m.js' from origin 'https://outlook.live.com' has been blocked by CORS policy: No 'Access-Control-Allow-Origin' header is present on the requested resource.", source: https://outlook.live.com/mail/0/ (0)
[76359:76359:0926/034634.467926:INFO:CONSOLE(0)] "Access to script at 'https://res-h3.public.cdn.office.net/owamail/20230825006.10/scripts/owa.703171.m.js' from origin 'https://outlook.live.com' has been blocked by CORS policy: No 'Access-Control-Allow-Origin' header is present on the requested resource.", source: https://outlook.live.com/mail/0/ (0)
[76359:76359:0926/034634.468589:INFO:CONSOLE(0)] "Access to script at 'https://res-h3.public.cdn.office.net/owamail/20230825006.10/scripts/owa.960298.m.js' from origin 'https://outlook.live.com' has been blocked by CORS policy: No 'Access-Control-Allow-Origin' header is present on the requested resource.", source: https://outlook.live.com/mail/0/ (0)
[76359:76359:0926/034634.469250:INFO:CONSOLE(0)] "Access to fetch at 'https://res-h3.public.cdn.office.net/owamail/20230825006.10/resources/locale/en/owa.MailCompose.m.json?bO=1' from origin 'https://outlook.live.com' has been blocked by CORS policy: No 'Access-Control-Allow-Origin' header is present on the requested resource. If an opaque response serves your needs, set the request's mode to 'no-cors' to fetch the resource with CORS disabled.", source: https://outlook.live.com/mail/0/ (0)
[76359:76359:0926/034634.469900:INFO:CONSOLE(0)] "Access to script at 'https://res-h3.public.cdn.office.net/owamail/20230825006.10/scripts/owa.MailCompose.m.js' from origin 'https://outlook.live.com' has been blocked by CORS policy: No 'Access-Control-Allow-Origin' header is present on the requested resource.", source: https://outlook.live.com/mail/0/ (0)
[76359:76359:0926/034634.493893:INFO:CONSOLE(2)] "Uncaught (in promise) Error: Loading CSS chunk 125433 failed.
(https://res-h3.public.cdn.office.net/owamail/20230825006.10/scripts/owa.MailCompose.m.css)", source: https://res-h3.public.cdn.office.net/owamail/20230825006.10/scripts/owa.mailindex.js (2)
[76359:76359:0926/034634.504186:INFO:CONSOLE(2)] "Uncaught (in promise) Error: Failed to load localized strings", source: https://res-h3.public.cdn.office.net/owamail/20230825006.10/scripts/owa.mailindex.js (2)
[76359:76359:0926/034634.514324:INFO:CONSOLE(2)] "Uncaught (in promise) ChunkLoadError: Loading chunk 577319 failed.
(error: https://res-h3.public.cdn.office.net/owamail/20230825006.10/scripts/owa.577319.m.js)", source: https://res-h3.public.cdn.office.net/owamail/20230825006.10/scripts/owa.mailindex.js (2)
[76359:76359:0926/034634.521256:INFO:CONSOLE(2)] "Uncaught (in promise) ChunkLoadError: Loading chunk 703171 failed.
(error: https://res-h3.public.cdn.office.net/owamail/20230825006.10/scripts/owa.703171.m.js)", source: https://res-h3.public.cdn.office.net/owamail/20230825006.10/scripts/owa.mailindex.js (2)
[76359:76359:0926/034634.527742:INFO:CONSOLE(2)] "Uncaught (in promise) ChunkLoadError: Loading chunk 960298 failed.
(error: https://res-h3.public.cdn.office.net/owamail/20230825006.10/scripts/owa.960298.m.js)", source: https://res-h3.public.cdn.office.net/owamail/20230825006.10/scripts/owa.mailindex.js (2)
[76359:76359:0926/034634.696693:INFO:CONSOLE(0)] "Access to fetch at 'https://res-h3.public.cdn.office.net/owamail/20230825006.10/resources/locale/en/owa.509933.m.json' from origin 'https://outlook.live.com' has been blocked by CORS policy: No 'Access-Control-Allow-Origin' header is present on the requested resource. If an opaque response serves your needs, set the request's mode to 'no-cors' to fetch the resource with CORS disabled.", source: https://outlook.live.com/mail/0/ (0)
[76359:76359:0926/034634.707042:INFO:CONSOLE(0)] "Access to CSS stylesheet at 'https://res-h3.public.cdn.office.net/owamail/20230825006.10/scripts/owa.509933.m.css' from origin 'https://outlook.live.com' has been blocked by CORS policy: No 'Access-Control-Allow-Origin' header is present on the requested resource.", source: https://outlook.live.com/mail/0/ (0)
[76359:76359:0926/034634.712184:INFO:CONSOLE(0)] "Access to script at 'https://res-h3.public.cdn.office.net/owamail/20230825006.10/scripts/owa.509933.m.js' from origin 'https://outlook.live.com' has been blocked by CORS policy: No 'Access-Control-Allow-Origin' header is present on the requested resource.", source: https://outlook.live.com/mail/0/ (0)
[76359:76359:0926/034634.734483:INFO:CONSOLE(2)] "Uncaught (in promise) Error: Failed to load localized strings", source: https://res-h3.public.cdn.office.net/owamail/20230825006.10/scripts/owa.mailindex.js (2)
[76359:76359:0926/034634.743561:INFO:CONSOLE(0)] "Access to fetch at 'https://res-h3.public.cdn.office.net/owamail/20230825006.10/resources/locale/en/owa.509933.m.json?bO=1' from origin 'https://outlook.live.com' has been blocked by CORS policy: No 'Access-Control-Allow-Origin' header is present on the requested resource. If an opaque response serves your needs, set the request's mode to 'no-cors' to fetch the resource with CORS disabled.", source: https://outlook.live.com/mail/0/ (0)
[76359:76359:0926/034634.750893:INFO:CONSOLE(2)] "Uncaught (in promise) Error: Loading CSS chunk 509933 failed.
(https://res-h3.public.cdn.office.net/owamail/20230825006.10/scripts/owa.509933.m.css)", source: https://res-h3.public.cdn.office.net/owamail/20230825006.10/scripts/owa.mailindex.js (2)
[76359:76359:0926/034635.772261:INFO:CONSOLE(0)] "Access to CSS stylesheet at 'https://res-h3.public.cdn.office.net/owamail/20230825006.10/scripts/owa.509933.m.css' from origin 'https://outlook.live.com' has been blocked by CORS policy: No 'Access-Control-Allow-Origin' header is present on the requested resource.", source: https://outlook.live.com/mail/0/ (0)
[76359:76359:0926/034635.774666:INFO:CONSOLE(0)] "Access to fetch at 'https://res-h3.public.cdn.office.net/owamail/20230825006.10/resources/locale/en/owa.509933.m.json?bO=1' from origin 'https://outlook.live.com' has been blocked by CORS policy: No 'Access-Control-Allow-Origin' header is present on the requested resource. If an opaque response serves your needs, set the request's mode to 'no-cors' to fetch the resource with CORS disabled.", source: https://outlook.live.com/mail/0/ (0)
[76359:76359:0926/034635.798680:INFO:CONSOLE(2)] "Uncaught (in promise) Error: Failed to load localized strings", source: https://res-h3.public.cdn.office.net/owamail/20230825006.10/scripts/owa.mailindex.js (2)
[76359:76359:0926/034635.800000:INFO:CONSOLE(0)] "Access to script at 'https://res-h3.public.cdn.office.net/owamail/20230825006.10/scripts/owa.509933.m.js' from origin 'https://outlook.live.com' has been blocked by CORS policy: No 'Access-Control-Allow-Origin' header is present on the requested resource.", source: https://outlook.live.com/mail/0/ (0)
[76359:76359:0926/034636.821259:INFO:CONSOLE(0)] "Access to script at 'https://res-h3.public.cdn.office.net/owamail/20230825006.10/scripts/owa.577319.m.js' from origin 'https://outlook.live.com' has been blocked by CORS policy: No 'Access-Control-Allow-Origin' header is present on the requested resource.", source: https://outlook.live.com/mail/0/ (0)
[76359:76359:0926/034636.822894:INFO:CONSOLE(0)] "Access to CSS stylesheet at 'https://res-h3.public.cdn.office.net/owamail/20230825006.10/scripts/owa.MailCompose.m.css' from origin 'https://outlook.live.com' has been blocked by CORS policy: No 'Access-Control-Allow-Origin' header is present on the requested resource.", source: https://outlook.live.com/mail/0/ (0)
[76359:76359:0926/034636.830777:INFO:CONSOLE(0)] "Access to script at 'https://res-h3.public.cdn.office.net/owamail/20230825006.10/scripts/owa.703171.m.js' from origin 'https://outlook.live.com' has been blocked by CORS policy: No 'Access-Control-Allow-Origin' header is present on the requested resource.", source: https://outlook.live.com/mail/0/ (0)
[76359:76359:0926/034636.831833:INFO:CONSOLE(0)] "Access to script at 'https://res-h3.public.cdn.office.net/owamail/20230825006.10/scripts/owa.960298.m.js' from origin 'https://outlook.live.com' has been blocked by CORS policy: No 'Access-Control-Allow-Origin' header is present on the requested resource.", source: https://outlook.live.com/mail/0/ (0)
[76359:76359:0926/034636.832614:INFO:CONSOLE(0)] "Access to fetch at 'https://res-h3.public.cdn.office.net/owamail/20230825006.10/resources/locale/en/owa.MailCompose.m.json?bO=1' from origin 'https://outlook.live.com' has been blocked by CORS policy: No 'Access-Control-Allow-Origin' header is present on the requested resource. If an opaque response serves your needs, set the request's mode to 'no-cors' to fetch the resource with CORS disabled.", source: https://outlook.live.com/mail/0/ (0)
[76359:76359:0926/034636.833610:INFO:CONSOLE(0)] "Access to script at 'https://res-h3.public.cdn.office.net/owamail/20230825006.10/scripts/owa.MailCompose.m.js' from origin 'https://outlook.live.com' has been blocked by CORS policy: No 'Access-Control-Allow-Origin' header is present on the requested resource.", source: https://outlook.live.com/mail/0/ (0)
[76359:76359:0926/034636.834466:INFO:CONSOLE(0)] "Access to fetch at 'https://res-h3.public.cdn.office.net/owamail/20230825006.10/resources/locale/en/owa.336281.m.json?bO=1' from origin 'https://outlook.live.com' has been blocked by CORS policy: No 'Access-Control-Allow-Origin' header is present on the requested resource. If an opaque response serves your needs, set the request's mode to 'no-cors' to fetch the resource with CORS disabled.", source: https://outlook.live.com/mail/0/ (0)
[76359:76359:0926/034636.835215:INFO:CONSOLE(0)] "Access to script at 'https://res-h3.public.cdn.office.net/owamail/20230825006.10/scripts/owa.336281.m.js' from origin 'https://outlook.live.com' has been blocked by CORS policy: No 'Access-Control-Allow-Origin' header is present on the requested resource.", source: https://outlook.live.com/mail/0/ (0)
[76359:76359:0926/034636.839048:INFO:CONSOLE(2)] "Uncaught (in promise) ChunkLoadError: Loading chunk 577319 failed.
(error: https://res-h3.public.cdn.office.net/owamail/20230825006.10/scripts/owa.577319.m.js)", source: https://res-h3.public.cdn.office.net/owamail/20230825006.10/scripts/owa.mailindex.js (2)
[76359:76359:0926/034636.845475:INFO:CONSOLE(2)] "Uncaught (in promise) Error: Loading CSS chunk 125433 failed.
(https://res-h3.public.cdn.office.net/owamail/20230825006.10/scripts/owa.MailCompose.m.css)", source: https://res-h3.public.cdn.office.net/owamail/20230825006.10/scripts/owa.mailindex.js (2)
[76359:76359:0926/034636.865678:INFO:CONSOLE(2)] "Uncaught (in promise) Error: Failed to load localized strings", source: https://res-h3.public.cdn.office.net/owamail/20230825006.10/scripts/owa.mailindex.js (2)
[76359:76359:0926/034636.875419:INFO:CONSOLE(2)] "Uncaught (in promise) ChunkLoadError: Loading chunk 703171 failed.
(error: https://res-h3.public.cdn.office.net/owamail/20230825006.10/scripts/owa.703171.m.js)", source: https://res-h3.public.cdn.office.net/owamail/20230825006.10/scripts/owa.mailindex.js (2)
[76359:76359:0926/034636.885368:INFO:CONSOLE(2)] "Uncaught (in promise) ChunkLoadError: Loading chunk 960298 failed.
(error: https://res-h3.public.cdn.office.net/owamail/20230825006.10/scripts/owa.960298.m.js)", source: https://res-h3.public.cdn.office.net/owamail/20230825006.10/scripts/owa.mailindex.js (2)
[76359:76359:0926/034637.859043:INFO:CONSOLE(0)] "Access to CSS stylesheet at 'https://res-h3.public.cdn.office.net/owamail/20230825006.10/scripts/owa.509933.m.css' from origin 'https://outlook.live.com' has been blocked by CORS policy: No 'Access-Control-Allow-Origin' header is present on the requested resource.", source: https://outlook.live.com/mail/0/ (0)
[76359:76359:0926/034637.862563:INFO:CONSOLE(0)] "Access to fetch at 'https://res-h3.public.cdn.office.net/owamail/20230825006.10/resources/locale/en/owa.509933.m.json?bO=1' from origin 'https://outlook.live.com' has been blocked by CORS policy: No 'Access-Control-Allow-Origin' header is present on the requested resource. If an opaque response serves your needs, set the request's mode to 'no-cors' to fetch the resource with CORS disabled.", source: https://outlook.live.com/mail/0/ (0)
[76359:76359:0926/034637.863695:INFO:CONSOLE(0)] "Access to script at 'https://res-h3.public.cdn.office.net/owamail/20230825006.10/scripts/owa.509933.m.js' from origin 'https://outlook.live.com' has been blocked by CORS policy: No 'Access-Control-Allow-Origin' header is present on the requested resource.", source: https://outlook.live.com/mail/0/ (0)
[76359:76359:0926/034637.876701:INFO:CONSOLE(2)] "Uncaught (in promise) Error: Loading CSS chunk 509933 failed.
(https://res-h3.public.cdn.office.net/owamail/20230825006.10/scripts/owa.509933.m.css)", source: https://res-h3.public.cdn.office.net/owamail/20230825006.10/scripts/owa.mailindex.js (2)
[76359:76359:0926/034638.552091:INFO:CONSOLE(2)] "Uncaught (in promise) Error: Failed to load javascript.", source: https://res-h3.public.cdn.office.net/owamail/20230825006.10/scripts/owa.worker.data.js (2)
[76359:76359:0926/034638.552577:INFO:CONSOLE(2)] "Uncaught (in promise) Error: Failed to load javascript.", source: https://res-h3.public.cdn.office.net/owamail/20230825006.10/scripts/owa.worker.data.js (2)
[76359:76359:0926/034638.552964:INFO:CONSOLE(2)] "Uncaught (in promise) Error: Failed to load javascript.", source: https://res-h3.public.cdn.office.net/owamail/20230825006.10/scripts/owa.worker.data.js (2)
[76359:76359:0926/034638.553335:INFO:CONSOLE(2)] "Uncaught (in promise) Error: Failed to load javascript.", source: https://res-h3.public.cdn.office.net/owamail/20230825006.10/scripts/owa.worker.data.js (2)
[76359:76359:0926/034638.553703:INFO:CONSOLE(2)] "Uncaught (in promise) Error: Failed to load javascript.", source: https://res-h3.public.cdn.office.net/owamail/20230825006.10/scripts/owa.worker.data.js (2)
[76359:76359:0926/034638.554457:INFO:CONSOLE(2)] "Uncaught (in promise) Error: Failed to load javascript.", source: https://res-h3.public.cdn.office.net/owamail/20230825006.10/scripts/owa.worker.data.js (2)
[76359:76359:0926/034638.554829:INFO:CONSOLE(2)] "Uncaught (in promise) Error: Failed to load javascript.", source: https://res-h3.public.cdn.office.net/owamail/20230825006.10/scripts/owa.worker.data.js (2)
[76359:76359:0926/034640.871782:INFO:CONSOLE(0)] "Access to script at 'https://res.cdn.office.net/owamail/20230825006.10/scripts/owa.577319.m.js' from origin 'https://outlook.live.com' has been blocked by CORS policy: No 'Access-Control-Allow-Origin' header is present on the requested resource.", source: https://outlook.live.com/mail/0/ (0)
[76359:76359:0926/034640.879647:INFO:CONSOLE(0)] "Access to CSS stylesheet at 'https://res.cdn.office.net/owamail/20230825006.10/scripts/owa.MailCompose.m.css' from origin 'https://outlook.live.com' has been blocked by CORS policy: No 'Access-Control-Allow-Origin' header is present on the requested resource.", source: https://outlook.live.com/mail/0/ (0)
[76359:76359:0926/034640.899833:INFO:CONSOLE(0)] "Access to script at 'https://res.cdn.office.net/owamail/20230825006.10/scripts/owa.MailCompose.m.js' from origin 'https://outlook.live.com' has been blocked by CORS policy: No 'Access-Control-Allow-Origin' header is present on the requested resource.", source: https://outlook.live.com/mail/0/ (0)
[76359:76359:0926/034640.906908:INFO:CONSOLE(0)] "Access to script at 'https://res.cdn.office.net/owamail/20230825006.10/scripts/owa.703171.m.js' from origin 'https://outlook.live.com' has been blocked by CORS policy: No 'Access-Control-Allow-Origin' header is present on the requested resource.", source: https://outlook.live.com/mail/0/ (0)
[76359:76359:0926/034640.907691:INFO:CONSOLE(0)] "Access to script at 'https://res.cdn.office.net/owamail/20230825006.10/scripts/owa.960298.m.js' from origin 'https://outlook.live.com' has been blocked by CORS policy: No 'Access-Control-Allow-Origin' header is present on the requested resource.", source: https://outlook.live.com/mail/0/ (0)
[76359:76359:0926/034640.908445:INFO:CONSOLE(0)] "Access to fetch at 'https://res.cdn.office.net/owamail/20230825006.10/resources/locale/en/owa.MailCompose.m.json' from origin 'https://outlook.live.com' has been blocked by CORS policy: No 'Access-Control-Allow-Origin' header is present on the requested resource. If an opaque response serves your needs, set the request's mode to 'no-cors' to fetch the resource with CORS disabled.", source: https://outlook.live.com/mail/0/ (0)
[76359:76359:0926/034640.917713:INFO:CONSOLE(2)] "Uncaught (in promise) ChunkLoadError: Loading chunk 577319 failed.
(error: https://res.cdn.office.net/owamail/20230825006.10/scripts/owa.577319.m.js)", source: https://res-h3.public.cdn.office.net/owamail/20230825006.10/scripts/owa.mailindex.js (2)
[76359:76359:0926/034640.928329:INFO:CONSOLE(2)] "Uncaught (in promise) Error: Failed to load javascript.", source: https://res-h3.public.cdn.office.net/owamail/20230825006.10/scripts/owa.mailindex.js (2)
[76359:76359:0926/034640.943634:INFO:CONSOLE(2)] "Uncaught (in promise) Error: Loading CSS chunk 125433 failed.
(https://res.cdn.office.net/owamail/20230825006.10/scripts/owa.MailCompose.m.css)", source: https://res-h3.public.cdn.office.net/owamail/20230825006.10/scripts/owa.mailindex.js (2)
[76359:76359:0926/034640.945476:INFO:CONSOLE(0)] "Access to fetch at 'https://res.cdn.office.net/owamail/20230825006.10/resources/locale/en/owa.336281.m.json' from origin 'https://outlook.live.com' has been blocked by CORS policy: No 'Access-Control-Allow-Origin' header is present on the requested resource. If an opaque response serves your needs, set the request's mode to 'no-cors' to fetch the resource with CORS disabled.", source: https://outlook.live.com/mail/0/ (0)
[76359:76359:0926/034640.963103:INFO:CONSOLE(0)] "Access to script at 'https://res.cdn.office.net/owamail/20230825006.10/scripts/owa.336281.m.js' from origin 'https://outlook.live.com' has been blocked by CORS policy: No 'Access-Control-Allow-Origin' header is present on the requested resource.", source: https://outlook.live.com/mail/0/ (0)
[76359:76359:0926/034640.974965:INFO:CONSOLE(2)] "Uncaught (in promise) ChunkLoadError: Loading chunk 703171 failed.
(error: https://res.cdn.office.net/owamail/20230825006.10/scripts/owa.703171.m.js)", source: https://res-h3.public.cdn.office.net/owamail/20230825006.10/scripts/owa.mailindex.js (2)
[76359:76359:0926/034640.988663:INFO:CONSOLE(2)] "Uncaught (in promise) Error: Failed to load localized strings", source: https://res-h3.public.cdn.office.net/owamail/20230825006.10/scripts/owa.mailindex.js (2)
[76359:76359:0926/034641.000781:INFO:CONSOLE(2)] "Uncaught (in promise) ChunkLoadError: Loading chunk 960298 failed.
(error: https://res.cdn.office.net/owamail/20230825006.10/scripts/owa.960298.m.js)", source: https://res-h3.public.cdn.office.net/owamail/20230825006.10/scripts/owa.mailindex.js (2)
[76359:76359:0926/034641.073051:INFO:CONSOLE(0)] "Access to script at 'https://res-h3.public.cdn.office.net/owamail/20230825006.10/scripts/owa.585310.m.js' from origin 'https://outlook.live.com' has been blocked by CORS policy: No 'Access-Control-Allow-Origin' header is present on the requested resource.", source: https://outlook.live.com/mail/0/ (0)
[76359:76359:0926/034641.073631:INFO:CONSOLE(0)] "Access to CSS stylesheet at 'https://res-h3.public.cdn.office.net/owamail/20230825006.10/scripts/owa.MailComposeActions.m.css' from origin 'https://outlook.live.com' has been blocked by CORS policy: No 'Access-Control-Allow-Origin' header is present on the requested resource.", source: https://outlook.live.com/mail/0/ (0)
[76359:76359:0926/034641.074078:INFO:CONSOLE(0)] "Access to fetch at 'https://res-h3.public.cdn.office.net/owamail/20230825006.10/resources/locale/en/owa.165681.m.json' from origin 'https://outlook.live.com' has been blocked by CORS policy: No 'Access-Control-Allow-Origin' header is present on the requested resource. If an opaque response serves your needs, set the request's mode to 'no-cors' to fetch the resource with CORS disabled.", source: https://outlook.live.com/mail/0/ (0)
[76359:76359:0926/034641.092950:INFO:CONSOLE(0)] "Access to script at 'https://res-h3.public.cdn.office.net/owamail/20230825006.10/scripts/owa.165681.m.js' from origin 'https://outlook.live.com' has been blocked by CORS policy: No 'Access-Control-Allow-Origin' header is present on the requested resource.", source: https://outlook.live.com/mail/0/ (0)
[76359:76359:0926/034641.095005:INFO:CONSOLE(0)] "Access to fetch at 'https://res-h3.public.cdn.office.net/owamail/20230825006.10/resources/locale/en/owa.869342.m.json' from origin 'https://outlook.live.com' has been blocked by CORS policy: No 'Access-Control-Allow-Origin' header is present on the requested resource. If an opaque response serves your needs, set the request's mode to 'no-cors' to fetch the resource with CORS disabled.", source: https://outlook.live.com/mail/0/ (0)
[76359:76359:0926/034641.096391:INFO:CONSOLE(0)] "Access to script at 'https://res-h3.public.cdn.office.net/owamail/20230825006.10/scripts/owa.869342.m.js' from origin 'https://outlook.live.com' has been blocked by CORS policy: No 'Access-Control-Allow-Origin' header is present on the requested resource.", source: https://outlook.live.com/mail/0/ (0)
[76359:76359:0926/034641.097718:INFO:CONSOLE(0)] "Access to fetch at 'https://res-h3.public.cdn.office.net/owamail/20230825006.10/resources/locale/en/owa.585310.m.json' from origin 'https://outlook.live.com' has been blocked by CORS policy: No 'Access-Control-Allow-Origin' header is present on the requested resource. If an opaque response serves your needs, set the request's mode to 'no-cors' to fetch the resource with CORS disabled.", source: https://outlook.live.com/mail/0/ (0)
[76359:76359:0926/034641.098719:INFO:CONSOLE(0)] "Access to fetch at 'https://res-h3.public.cdn.office.net/owamail/20230825006.10/resources/locale/en/owa.MailComposeActions.m.json' from origin 'https://outlook.live.com' has been blocked by CORS policy: No 'Access-Control-Allow-Origin' header is present on the requested resource. If an opaque response serves your needs, set the request's mode to 'no-cors' to fetch the resource with CORS disabled.", source: https://outlook.live.com/mail/0/ (0)
[76359:76359:0926/034641.107144:INFO:CONSOLE(0)] "Access to script at 'https://res-h3.public.cdn.office.net/owamail/20230825006.10/scripts/owa.MailComposeActions.m.js' from origin 'https://outlook.live.com' has been blocked by CORS policy: No 'Access-Control-Allow-Origin' header is present on the requested resource.", source: https://outlook.live.com/mail/0/ (0)
[76359:76359:0926/034641.121483:INFO:CONSOLE(2)] "Uncaught (in promise) Error: Failed to load localized strings", source: https://res-h3.public.cdn.office.net/owamail/20230825006.10/scripts/owa.mailindex.js (2)
[76359:76359:0926/034641.130205:INFO:CONSOLE(2)] "Uncaught (in promise) Error: Failed to load localized strings", source: https://res-h3.public.cdn.office.net/owamail/20230825006.10/scripts/owa.mailindex.js (2)
[76359:76359:0926/034641.138713:INFO:CONSOLE(2)] "Uncaught (in promise) Error: Failed to load localized strings", source: https://res-h3.public.cdn.office.net/owamail/20230825006.10/scripts/owa.mailindex.js (2)
[76359:76359:0926/034641.145468:INFO:CONSOLE(2)] "Uncaught (in promise) Error: Failed to load localized strings", source: https://res-h3.public.cdn.office.net/owamail/20230825006.10/scripts/owa.mailindex.js (2)
[76359:76359:0926/034641.157125:INFO:CONSOLE(2)] "Uncaught (in promise) ChunkLoadError: Loading chunk 585310 failed.
(error: https://res-h3.public.cdn.office.net/owamail/20230825006.10/scripts/owa.585310.m.js)", source: https://res-h3.public.cdn.office.net/owamail/20230825006.10/scripts/owa.mailindex.js (2)
[76359:76359:0926/034641.163645:INFO:CONSOLE(2)] "Uncaught (in promise) Error: Loading CSS chunk 244604 failed.
(https://res-h3.public.cdn.office.net/owamail/20230825006.10/scripts/owa.MailComposeActions.m.css)", source: https://res-h3.public.cdn.office.net/owamail/20230825006.10/scripts/owa.mailindex.js (2)
[76359:76359:0926/034641.172046:INFO:CONSOLE(2)] "Uncaught (in promise) ChunkLoadError: Loading chunk 165681 failed.
(error: https://res-h3.public.cdn.office.net/owamail/20230825006.10/scripts/owa.165681.m.js)", source: https://res-h3.public.cdn.office.net/owamail/20230825006.10/scripts/owa.mailindex.js (2)
[76359:76359:0926/034641.181984:INFO:CONSOLE(2)] "Uncaught (in promise) ChunkLoadError: Loading chunk 869342 failed.
(error: https://res-h3.public.cdn.office.net/owamail/20230825006.10/scripts/owa.869342.m.js)", source: https://res-h3.public.cdn.office.net/owamail/20230825006.10/scripts/owa.mailindex.js (2)
[76359:76359:0926/034641.184926:INFO:CONSOLE(0)] "Access to fetch at 'https://res-h3.public.cdn.office.net/owamail/20230825006.10/resources/locale/en/owa.165681.m.json?bO=1' from origin 'https://outlook.live.com' has been blocked by CORS policy: No 'Access-Control-Allow-Origin' header is present on the requested resource. If an opaque response serves your needs, set the request's mode to 'no-cors' to fetch the resource with CORS disabled.", source: https://outlook.live.com/mail/0/ (0)
[76359:76359:0926/034641.187051:INFO:CONSOLE(0)] "Access to fetch at 'https://res-h3.public.cdn.office.net/owamail/20230825006.10/resources/locale/en/owa.869342.m.json?bO=1' from origin 'https://outlook.live.com' has been blocked by CORS policy: No 'Access-Control-Allow-Origin' header is present on the requested resource. If an opaque response serves your needs, set the request's mode to 'no-cors' to fetch the resource with CORS disabled.", source: https://outlook.live.com/mail/0/ (0)
[76359:76359:0926/034641.188565:INFO:CONSOLE(0)] "Access to fetch at 'https://res-h3.public.cdn.office.net/owamail/20230825006.10/resources/locale/en/owa.585310.m.json?bO=1' from origin 'https://outlook.live.com' has been blocked by CORS policy: No 'Access-Control-Allow-Origin' header is present on the requested resource. If an opaque response serves your needs, set the request's mode to 'no-cors' to fetch the resource with CORS disabled.", source: https://outlook.live.com/mail/0/ (0)
[76359:76359:0926/034641.189548:INFO:CONSOLE(0)] "Access to fetch at 'https://res-h3.public.cdn.office.net/owamail/20230825006.10/resources/locale/en/owa.MailComposeActions.m.json?bO=1' from origin 'https://outlook.live.com' has been blocked by CORS policy: No 'Access-Control-Allow-Origin' header is present on the requested resource. If an opaque response serves your needs, set the request's mode to 'no-cors' to fetch the resource with CORS disabled.", source: https://outlook.live.com/mail/0/ (0)
[76359:76359:0926/034641.211432:INFO:CONSOLE(0)] "Access to fetch at 'https://res-h3.public.cdn.office.net/owamail/20230825006.10/resources/locale/en/owa.Popout.m.json' from origin 'https://outlook.live.com' has been blocked by CORS policy: No 'Access-Control-Allow-Origin' header is present on the requested resource. If an opaque response serves your needs, set the request's mode to 'no-cors' to fetch the resource with CORS disabled.", source: https://outlook.live.com/mail/0/ (0)
[76359:76359:0926/034641.222511:INFO:CONSOLE(2)] "Uncaught (in promise) Error: Failed to load localized strings", source: https://res-h3.public.cdn.office.net/owamail/20230825006.10/scripts/owa.mailindex.js (2)
[76359:76359:0926/034641.223271:INFO:CONSOLE(0)] "Access to script at 'https://res-h3.public.cdn.office.net/owamail/20230825006.10/scripts/owa.Popout.m.js' from origin 'https://outlook.live.com' has been blocked by CORS policy: No 'Access-Control-Allow-Origin' header is present on the requested resource.", source: https://outlook.live.com/mail/0/ (0)
[76359:76359:0926/034641.223930:INFO:CONSOLE(0)] "Access to fetch at 'https://res-h3.public.cdn.office.net/owamail/20230825006.10/resources/locale/en/owa.Popout.m.json?bO=1' from origin 'https://outlook.live.com' has been blocked by CORS policy: No 'Access-Control-Allow-Origin' header is present on the requested resource. If an opaque response serves your needs, set the request's mode to 'no-cors' to fetch the resource with CORS disabled.", source: https://outlook.live.com/mail/0/ (0)
[76359:76359:0926/034641.233407:INFO:CONSOLE(2)] "Uncaught (in promise) Error: Failed to load localized strings", source: https://res-h3.public.cdn.office.net/owamail/20230825006.10/scripts/owa.mailindex.js (2)
[76359:76359:0926/034641.895051:INFO:CONSOLE(0)] "Access to fetch at 'https://res.cdn.office.net/owamail/20230825006.10/resources/locale/en/owa.102666.m.json' from origin 'https://outlook.live.com' has been blocked by CORS policy: No 'Access-Control-Allow-Origin' header is present on the requested resource. If an opaque response serves your needs, set the request's mode to 'no-cors' to fetch the resource with CORS disabled.", source: https://outlook.live.com/mail/0/ (0)
[76359:76359:0926/034641.910277:INFO:CONSOLE(0)] "Access to CSS stylesheet at 'https://res.cdn.office.net/owamail/20230825006.10/scripts/owa.509933.m.css' from origin 'https://outlook.live.com' has been blocked by CORS policy: No 'Access-Control-Allow-Origin' header is present on the requested resource.", source: https://outlook.live.com/mail/0/ (0)
[76359:76359:0926/034641.912740:INFO:CONSOLE(0)] "Access to script at 'https://res.cdn.office.net/owamail/20230825006.10/scripts/owa.509933.m.js' from origin 'https://outlook.live.com' has been blocked by CORS policy: No 'Access-Control-Allow-Origin' header is present on the requested resource.", source: https://outlook.live.com/mail/0/ (0)
[76359:76359:0926/034641.919677:INFO:CONSOLE(2)] "Uncaught (in promise) Error: Failed to load localized strings", source: https://res-h3.public.cdn.office.net/owamail/20230825006.10/scripts/owa.mailindex.js (2)
[76359:76359:0926/034641.920730:INFO:CONSOLE(0)] "Access to fetch at 'https://res.cdn.office.net/owamail/20230825006.10/resources/locale/en/owa.140785.m.json' from origin 'https://outlook.live.com' has been blocked by CORS policy: No 'Access-Control-Allow-Origin' header is present on the requested resource. If an opaque response serves your needs, set the request's mode to 'no-cors' to fetch the resource with CORS disabled.", source: https://outlook.live.com/mail/0/ (0)
[76359:76359:0926/034641.921710:INFO:CONSOLE(0)] "Access to fetch at 'https://res.cdn.office.net/owamail/20230825006.10/resources/locale/en/owa.509933.m.json' from origin 'https://outlook.live.com' has been blocked by CORS policy: No 'Access-Control-Allow-Origin' header is present on the requested resource. If an opaque response serves your needs, set the request's mode to 'no-cors' to fetch the resource with CORS disabled.", source: https://outlook.live.com/mail/0/ (0)
[76359:76359:0926/034641.935417:INFO:CONSOLE(2)] "Uncaught (in promise) Error: Failed to load localized strings", source: https://res-h3.public.cdn.office.net/owamail/20230825006.10/scripts/owa.mailindex.js (2)
[76359:76359:0926/034641.942161:INFO:CONSOLE(2)] "Uncaught (in promise) Error: Failed to load localized strings", source: https://res-h3.public.cdn.office.net/owamail/20230825006.10/scripts/owa.mailindex.js (2)
[76359:76359:0926/034642.172820:INFO:CONSOLE(0)] "Access to CSS stylesheet at 'https://res-h3.public.cdn.office.net/owamail/20230825006.10/scripts/owa.MailComposeActions.m.css' from origin 'https://outlook.live.com' has been blocked by CORS policy: No 'Access-Control-Allow-Origin' header is present on the requested resource.", source: https://outlook.live.com/mail/0/ (0)
[76359:76359:0926/034642.175205:INFO:CONSOLE(0)] "Access to script at 'https://res-h3.public.cdn.office.net/owamail/20230825006.10/scripts/owa.MailComposeActions.m.js' from origin 'https://outlook.live.com' has been blocked by CORS policy: No 'Access-Control-Allow-Origin' header is present on the requested resource.", source: https://outlook.live.com/mail/0/ (0)
[76359:76359:0926/034642.187829:INFO:CONSOLE(0)] "Access to fetch at 'https://res-h3.public.cdn.office.net/owamail/20230825006.10/resources/locale/en/owa.165681.m.json?bO=1' from origin 'https://outlook.live.com' has been blocked by CORS policy: No 'Access-Control-Allow-Origin' header is present on the requested resource. If an opaque response serves your needs, set the request's mode to 'no-cors' to fetch the resource with CORS disabled.", source: https://outlook.live.com/mail/0/ (0)
[76359:76359:0926/034642.189125:INFO:CONSOLE(0)] "Access to script at 'https://res-h3.public.cdn.office.net/owamail/20230825006.10/scripts/owa.165681.m.js' from origin 'https://outlook.live.com' has been blocked by CORS policy: No 'Access-Control-Allow-Origin' header is present on the requested resource.", source: https://outlook.live.com/mail/0/ (0)
[76359:76359:0926/034642.191684:INFO:CONSOLE(0)] "Access to fetch at 'https://res-h3.public.cdn.office.net/owamail/20230825006.10/resources/locale/en/owa.869342.m.json?bO=1' from origin 'https://outlook.live.com' has been blocked by CORS policy: No 'Access-Control-Allow-Origin' header is present on the requested resource. If an opaque response serves your needs, set the request's mode to 'no-cors' to fetch the resource with CORS disabled.", source: https://outlook.live.com/mail/0/ (0)
[76359:76359:0926/034642.192630:INFO:CONSOLE(0)] "Access to script at 'https://res-h3.public.cdn.office.net/owamail/20230825006.10/scripts/owa.869342.m.js' from origin 'https://outlook.live.com' has been blocked by CORS policy: No 'Access-Control-Allow-Origin' header is present on the requested resource.", source: https://outlook.live.com/mail/0/ (0)
[76359:76359:0926/034642.193895:INFO:CONSOLE(0)] "Access to fetch at 'https://res-h3.public.cdn.office.net/owamail/20230825006.10/resources/locale/en/owa.585310.m.json?bO=1' from origin 'https://outlook.live.com' has been blocked by CORS policy: No 'Access-Control-Allow-Origin' header is present on the requested resource. If an opaque response serves your needs, set the request's mode to 'no-cors' to fetch the resource with CORS disabled.", source: https://outlook.live.com/mail/0/ (0)
[76359:76359:0926/034642.194567:INFO:CONSOLE(0)] "Access to script at 'https://res-h3.public.cdn.office.net/owamail/20230825006.10/scripts/owa.585310.m.js' from origin 'https://outlook.live.com' has been blocked by CORS policy: No 'Access-Control-Allow-Origin' header is present on the requested resource.", source: https://outlook.live.com/mail/0/ (0)
[76359:76359:0926/034642.195256:INFO:CONSOLE(0)] "Access to fetch at 'https://res-h3.public.cdn.office.net/owamail/20230825006.10/resources/locale/en/owa.MailComposeActions.m.json?bO=1' from origin 'https://outlook.live.com' has been blocked by CORS policy: No 'Access-Control-Allow-Origin' header is present on the requested resource. If an opaque response serves your needs, set the request's mode to 'no-cors' to fetch the resource with CORS disabled.", source: https://outlook.live.com/mail/0/ (0)
[76359:76359:0926/034642.207480:INFO:CONSOLE(2)] "Uncaught (in promise) Error: Loading CSS chunk 244604 failed.
(https://res-h3.public.cdn.office.net/owamail/20230825006.10/scripts/owa.MailComposeActions.m.css)", source: https://res-h3.public.cdn.office.net/owamail/20230825006.10/scripts/owa.mailindex.js (2)
[76359:76359:0926/034642.230185:INFO:CONSOLE(2)] "Uncaught (in promise) Error: Failed to load localized strings", source: https://res-h3.public.cdn.office.net/owamail/20230825006.10/scripts/owa.mailindex.js (2)
[76359:76359:0926/034642.243716:INFO:CONSOLE(2)] "Uncaught (in promise) Error: Failed to load localized strings", source: https://res-h3.public.cdn.office.net/owamail/20230825006.10/scripts/owa.mailindex.js (2)
[76359:76359:0926/034642.256873:INFO:CONSOLE(2)] "Uncaught (in promise) Error: Failed to load localized strings", source: https://res-h3.public.cdn.office.net/owamail/20230825006.10/scripts/owa.mailindex.js (2)
[76359:76359:0926/034642.277954:INFO:CONSOLE(0)] "Access to fetch at 'https://res-h3.public.cdn.office.net/owamail/20230825006.10/resources/locale/en/owa.Popout.m.json?bO=1' from origin 'https://outlook.live.com' has been blocked by CORS policy: No 'Access-Control-Allow-Origin' header is present on the requested resource. If an opaque response serves your needs, set the request's mode to 'no-cors' to fetch the resource with CORS disabled.", source: https://outlook.live.com/mail/0/ (0)
[76359:76359:0926/034642.293196:INFO:CONSOLE(2)] "Uncaught (in promise) Error: Failed to load localized strings", source: https://res-h3.public.cdn.office.net/owamail/20230825006.10/scripts/owa.mailindex.js (2)
[76359:76359:0926/034642.294566:INFO:CONSOLE(0)] "Access to script at 'https://res-h3.public.cdn.office.net/owamail/20230825006.10/scripts/owa.Popout.m.js' from origin 'https://outlook.live.com' has been blocked by CORS policy: No 'Access-Control-Allow-Origin' header is present on the requested resource.", source: https://outlook.live.com/mail/0/ (0)
[76359:76359:0926/034644.302706:INFO:CONSOLE(0)] "Access to CSS stylesheet at 'https://res-h3.public.cdn.office.net/owamail/20230825006.10/scripts/owa.MailComposeActions.m.css' from origin 'https://outlook.live.com' has been blocked by CORS policy: No 'Access-Control-Allow-Origin' header is present on the requested resource.", source: https://outlook.live.com/mail/0/ (0)
[76359:76359:0926/034644.303413:INFO:CONSOLE(0)] "Access to script at 'https://res-h3.public.cdn.office.net/owamail/20230825006.10/scripts/owa.869342.m.js' from origin 'https://outlook.live.com' has been blocked by CORS policy: No 'Access-Control-Allow-Origin' header is present on the requested resource.", source: https://outlook.live.com/mail/0/ (0)
[76359:76359:0926/034644.304053:INFO:CONSOLE(0)] "Access to script at 'https://res-h3.public.cdn.office.net/owamail/20230825006.10/scripts/owa.585310.m.js' from origin 'https://outlook.live.com' has been blocked by CORS policy: No 'Access-Control-Allow-Origin' header is present on the requested resource.", source: https://outlook.live.com/mail/0/ (0)
[76359:76359:0926/034644.305564:INFO:CONSOLE(0)] "Access to script at 'https://res-h3.public.cdn.office.net/owamail/20230825006.10/scripts/owa.MailComposeActions.m.js' from origin 'https://outlook.live.com' has been blocked by CORS policy: No 'Access-Control-Allow-Origin' header is present on the requested resource.", source: https://outlook.live.com/mail/0/ (0)
[76359:76359:0926/034644.340434:INFO:CONSOLE(0)] "Access to fetch at 'https://res-h3.public.cdn.office.net/owamail/20230825006.10/resources/locale/en/owa.165681.m.json?bO=1' from origin 'https://outlook.live.com' has been blocked by CORS policy: No 'Access-Control-Allow-Origin' header is present on the requested resource. If an opaque response serves your needs, set the request's mode to 'no-cors' to fetch the resource with CORS disabled.", source: https://outlook.live.com/mail/0/ (0)
[76359:76359:0926/034644.341180:INFO:CONSOLE(0)] "Access to script at 'https://res-h3.public.cdn.office.net/owamail/20230825006.10/scripts/owa.165681.m.js' from origin 'https://outlook.live.com' has been blocked by CORS policy: No 'Access-Control-Allow-Origin' header is present on the requested resource.", source: https://outlook.live.com/mail/0/ (0)
[76359:76359:0926/034644.342514:INFO:CONSOLE(0)] "Access to fetch at 'https://res-h3.public.cdn.office.net/owamail/20230825006.10/resources/locale/en/owa.869342.m.json?bO=1' from origin 'https://outlook.live.com' has been blocked by CORS policy: No 'Access-Control-Allow-Origin' header is present on the requested resource. If an opaque response serves your needs, set the request's mode to 'no-cors' to fetch the resource with CORS disabled.", source: https://outlook.live.com/mail/0/ (0)
[76359:76359:0926/034644.343654:INFO:CONSOLE(0)] "Access to fetch at 'https://res-h3.public.cdn.office.net/owamail/20230825006.10/resources/locale/en/owa.585310.m.json?bO=1' from origin 'https://outlook.live.com' has been blocked by CORS policy: No 'Access-Control-Allow-Origin' header is present on the requested resource. If an opaque response serves your needs, set the request's mode to 'no-cors' to fetch the resource with CORS disabled.", source: https://outlook.live.com/mail/0/ (0)
[76359:76359:0926/034644.344297:INFO:CONSOLE(0)] "Access to fetch at 'https://res-h3.public.cdn.office.net/owamail/20230825006.10/resources/locale/en/owa.MailComposeActions.m.json?bO=1' from origin 'https://outlook.live.com' has been blocked by CORS policy: No 'Access-Control-Allow-Origin' header is present on the requested resource. If an opaque response serves your needs, set the request's mode to 'no-cors' to fetch the resource with CORS disabled.", source: https://outlook.live.com/mail/0/ (0)
[76359:76359:0926/034644.373940:INFO:CONSOLE(2)] "Uncaught (in promise) Error: Failed to load localized strings", source: https://res-h3.public.cdn.office.net/owamail/20230825006.10/scripts/owa.mailindex.js (2)
[76359:76359:0926/034644.382515:INFO:CONSOLE(2)] "Uncaught (in promise) Error: Failed to load localized strings", source: https://res-h3.public.cdn.office.net/owamail/20230825006.10/scripts/owa.mailindex.js (2)
[76359:76359:0926/034644.390323:INFO:CONSOLE(2)] "Uncaught (in promise) Error: Failed to load localized strings", source: https://res-h3.public.cdn.office.net/owamail/20230825006.10/scripts/owa.mailindex.js (2)
[76359:76359:0926/034644.397819:INFO:CONSOLE(2)] "Uncaught (in promise) Error: Failed to load localized strings", source: https://res-h3.public.cdn.office.net/owamail/20230825006.10/scripts/owa.mailindex.js (2)
[76359:76359:0926/034644.398767:INFO:CONSOLE(0)] "Access to fetch at 'https://res-h3.public.cdn.office.net/owamail/20230825006.10/resources/locale/en/owa.Popout.m.json?bO=1' from origin 'https://outlook.live.com' has been blocked by CORS policy: No 'Access-Control-Allow-Origin' header is present on the requested resource. If an opaque response serves your needs, set the request's mode to 'no-cors' to fetch the resource with CORS disabled.", source: https://outlook.live.com/mail/0/ (0)
[76359:76359:0926/034644.429459:INFO:CONSOLE(2)] "Uncaught (in promise) Error: Failed to load localized strings", source: https://res-h3.public.cdn.office.net/owamail/20230825006.10/scripts/owa.mailindex.js (2)
[76359:76359:0926/034644.430415:INFO:CONSOLE(0)] "Access to script at 'https://res-h3.public.cdn.office.net/owamail/20230825006.10/scripts/owa.Popout.m.js' from origin 'https://outlook.live.com' has been blocked by CORS policy: No 'Access-Control-Allow-Origin' header is present on the requested resource.", source: https://outlook.live.com/mail/0/ (0)
[76359:76359:0926/034644.719163:INFO:CONSOLE(0)] "Access to script at 'https://res-h3.public.cdn.office.net/owamail/20230825006.10/scripts/owa.483472.m.js' from origin 'https://outlook.live.com' has been blocked by CORS policy: No 'Access-Control-Allow-Origin' header is present on the requested resource.", source: https://outlook.live.com/mail/0/ (0)
[76359:76359:0926/034644.737441:INFO:CONSOLE(2)] "Uncaught (in promise) ChunkLoadError: Loading chunk 483472 failed.
(error: https://res-h3.public.cdn.office.net/owamail/20230825006.10/scripts/owa.483472.m.js)", source: https://res-h3.public.cdn.office.net/owamail/20230825006.10/scripts/owa.mailindex.js (2)
[76359:76359:0926/034644.738789:INFO:CONSOLE(0)] "Access to script at 'https://res-h3.public.cdn.office.net/owamail/20230825006.10/scripts/owa.483472.m.js' from origin 'https://outlook.live.com' has been blocked by CORS policy: No 'Access-Control-Allow-Origin' header is present on the requested resource.", source: https://outlook.live.com/mail/0/ (0)
[76359:76359:0926/034644.752257:INFO:CONSOLE(2)] "Uncaught (in promise) ChunkLoadError: Loading chunk 483472 failed.
(error: https://res-h3.public.cdn.office.net/owamail/20230825006.10/scripts/owa.483472.m.js)", source: https://res-h3.public.cdn.office.net/owamail/20230825006.10/scripts/owa.mailindex.js (2)
[76359:76359:0926/034645.763577:INFO:CONSOLE(0)] "Access to script at 'https://res-h3.public.cdn.office.net/owamail/20230825006.10/scripts/owa.483472.m.js' from origin 'https://outlook.live.com' has been blocked by CORS policy: No 'Access-Control-Allow-Origin' header is present on the requested resource.", source: https://outlook.live.com/mail/0/ (0)
[76359:76359:0926/034645.775727:INFO:CONSOLE(2)] "Uncaught (in promise) ChunkLoadError: Loading chunk 483472 failed.
(error: https://res-h3.public.cdn.office.net/owamail/20230825006.10/scripts/owa.483472.m.js)", source: https://res-h3.public.cdn.office.net/owamail/20230825006.10/scripts/owa.mailindex.js (2)
[76359:76359:0926/034647.780137:INFO:CONSOLE(0)] "Access to script at 'https://res-h3.public.cdn.office.net/owamail/20230825006.10/scripts/owa.483472.m.js' from origin 'https://outlook.live.com' has been blocked by CORS policy: No 'Access-Control-Allow-Origin' header is present on the requested resource.", source: https://outlook.live.com/mail/0/ (0)
[76359:76359:0926/034647.795828:INFO:CONSOLE(2)] "Uncaught (in promise) ChunkLoadError: Loading chunk 483472 failed.
(error: https://res-h3.public.cdn.office.net/owamail/20230825006.10/scripts/owa.483472.m.js)", source: https://res-h3.public.cdn.office.net/owamail/20230825006.10/scripts/owa.mailindex.js (2)
[76359:76359:0926/034648.391729:INFO:CONSOLE(0)] "Access to fetch at 'https://res.cdn.office.net/owamail/20230825006.10/resources/locale/en/owa.344226.m.json' from origin 'https://outlook.live.com' has been blocked by CORS policy: No 'Access-Control-Allow-Origin' header is present on the requested resource. If an opaque response serves your needs, set the request's mode to 'no-cors' to fetch the resource with CORS disabled.", source: https://outlook.live.com/mail/0/ (0)
[76359:76359:0926/034648.409530:INFO:CONSOLE(0)] "Access to CSS stylesheet at 'https://res.cdn.office.net/owamail/20230825006.10/scripts/owa.MailComposeActions.m.css' from origin 'https://outlook.live.com' has been blocked by CORS policy: No 'Access-Control-Allow-Origin' header is present on the requested resource.", source: https://outlook.live.com/mail/0/ (0)
[76359:76359:0926/034648.410223:INFO:CONSOLE(0)] "Access to script at 'https://res.cdn.office.net/owamail/20230825006.10/scripts/owa.585310.m.js' from origin 'https://outlook.live.com' has been blocked by CORS policy: No 'Access-Control-Allow-Origin' header is present on the requested resource.", source: https://outlook.live.com/mail/0/ (0)
[76359:76359:0926/034648.410924:INFO:CONSOLE(0)] "Access to script at 'https://res.cdn.office.net/owamail/20230825006.10/scripts/owa.MailComposeActions.m.js' from origin 'https://outlook.live.com' has been blocked by CORS policy: No 'Access-Control-Allow-Origin' header is present on the requested resource.", source: https://outlook.live.com/mail/0/ (0)
[76359:76359:0926/034648.416526:INFO:CONSOLE(2)] "Uncaught (in promise) Error: Failed to load localized strings", source: https://res-h3.public.cdn.office.net/owamail/20230825006.10/scripts/owa.mailindex.js (2)
[76359:76359:0926/034648.422417:INFO:CONSOLE(0)] "Access to fetch at 'https://res.cdn.office.net/owamail/20230825006.10/resources/locale/en/owa.165681.m.json' from origin 'https://outlook.live.com' has been blocked by CORS policy: No 'Access-Control-Allow-Origin' header is present on the requested resource. If an opaque response serves your needs, set the request's mode to 'no-cors' to fetch the resource with CORS disabled.", source: https://outlook.live.com/mail/0/ (0)
[76359:76359:0926/034648.424366:INFO:CONSOLE(0)] "Access to script at 'https://res.cdn.office.net/owamail/20230825006.10/scripts/owa.165681.m.js' from origin 'https://outlook.live.com' has been blocked by CORS policy: No 'Access-Control-Allow-Origin' header is present on the requested resource.", source: https://outlook.live.com/mail/0/ (0)
[76359:76359:0926/034648.426525:INFO:CONSOLE(0)] "Access to fetch at 'https://res.cdn.office.net/owamail/20230825006.10/resources/locale/en/owa.546046.m.json' from origin 'https://outlook.live.com' has been blocked by CORS policy: No 'Access-Control-Allow-Origin' header is present on the requested resource. If an opaque response serves your needs, set the request's mode to 'no-cors' to fetch the resource with CORS disabled.", source: https://outlook.live.com/mail/0/ (0)
[76359:76359:0926/034648.427451:INFO:CONSOLE(0)] "Access to fetch at 'https://res.cdn.office.net/owamail/20230825006.10/resources/locale/en/owa.218153.m.json' from origin 'https://outlook.live.com' has been blocked by CORS policy: No 'Access-Control-Allow-Origin' header is present on the requested resource. If an opaque response serves your needs, set the request's mode to 'no-cors' to fetch the resource with CORS disabled.", source: https://outlook.live.com/mail/0/ (0)
[76359:76359:0926/034648.428554:INFO:CONSOLE(0)] "Access to fetch at 'https://res.cdn.office.net/owamail/20230825006.10/resources/locale/en/owa.869342.m.json' from origin 'https://outlook.live.com' has been blocked by CORS policy: No 'Access-Control-Allow-Origin' header is present on the requested resource. If an opaque response serves your needs, set the request's mode to 'no-cors' to fetch the resource with CORS disabled.", source: https://outlook.live.com/mail/0/ (0)
[76359:76359:0926/034648.429225:INFO:CONSOLE(0)] "Access to script at 'https://res.cdn.office.net/owamail/20230825006.10/scripts/owa.869342.m.js' from origin 'https://outlook.live.com' has been blocked by CORS policy: No 'Access-Control-Allow-Origin' header is present on the requested resource.", source: https://outlook.live.com/mail/0/ (0)
[76359:76359:0926/034648.429888:INFO:CONSOLE(0)] "Access to fetch at 'https://res.cdn.office.net/owamail/20230825006.10/resources/locale/en/owa.742638.m.json' from origin 'https://outlook.live.com' has been blocked by CORS policy: No 'Access-Control-Allow-Origin' header is present on the requested resource. If an opaque response serves your needs, set the request's mode to 'no-cors' to fetch the resource with CORS disabled.", source: https://outlook.live.com/mail/0/ (0)
[76359:76359:0926/034648.430673:INFO:CONSOLE(0)] "Access to fetch at 'https://res.cdn.office.net/owamail/20230825006.10/resources/locale/en/owa.585310.m.json' from origin 'https://outlook.live.com' has been blocked by CORS policy: No 'Access-Control-Allow-Origin' header is present on the requested resource. If an opaque response serves your needs, set the request's mode to 'no-cors' to fetch the resource with CORS disabled.", source: https://outlook.live.com/mail/0/ (0)
[76359:76359:0926/034648.431497:INFO:CONSOLE(0)] "Access to fetch at 'https://res.cdn.office.net/owamail/20230825006.10/resources/locale/en/owa.MailComposeActions.m.json' from origin 'https://outlook.live.com' has been blocked by CORS policy: No 'Access-Control-Allow-Origin' header is present on the requested resource. If an opaque response serves your needs, set the request's mode to 'no-cors' to fetch the resource with CORS disabled.", source: https://outlook.live.com/mail/0/ (0)
[76359:76359:0926/034648.457112:INFO:CONSOLE(2)] "Uncaught (in promise) Error: Failed to load localized strings", source: https://res-h3.public.cdn.office.net/owamail/20230825006.10/scripts/owa.mailindex.js (2)
[76359:76359:0926/034648.472735:INFO:CONSOLE(0)] "Access to fetch at 'https://res.cdn.office.net/owamail/20230825006.10/resources/locale/en/owa.Popout.m.json' from origin 'https://outlook.live.com' has been blocked by CORS policy: No 'Access-Control-Allow-Origin' header is present on the requested resource. If an opaque response serves your needs, set the request's mode to 'no-cors' to fetch the resource with CORS disabled.", source: https://outlook.live.com/mail/0/ (0)
[76359:76359:0926/034648.473087:INFO:CONSOLE(2)] "Uncaught (in promise) Error: Failed to load localized strings", source: https://res-h3.public.cdn.office.net/owamail/20230825006.10/scripts/owa.mailindex.js (2)
[76359:76359:0926/034648.477273:INFO:CONSOLE(2)] "Uncaught (in promise) Error: Failed to load localized strings", source: https://res-h3.public.cdn.office.net/owamail/20230825006.10/scripts/owa.mailindex.js (2)
[76359:76359:0926/034648.484355:INFO:CONSOLE(2)] "Uncaught (in promise) Error: Failed to load localized strings", source: https://res-h3.public.cdn.office.net/owamail/20230825006.10/scripts/owa.mailindex.js (2)
[76359:76359:0926/034648.492555:INFO:CONSOLE(2)] "Uncaught (in promise) Error: Failed to load localized strings", source: https://res-h3.public.cdn.office.net/owamail/20230825006.10/scripts/owa.mailindex.js (2)
[76359:76359:0926/034648.499692:INFO:CONSOLE(2)] "Uncaught (in promise) Error: Failed to load localized strings", source: https://res-h3.public.cdn.office.net/owamail/20230825006.10/scripts/owa.mailindex.js (2)
[76359:76359:0926/034648.507049:INFO:CONSOLE(2)] "Uncaught (in promise) Error: Failed to load localized strings", source: https://res-h3.public.cdn.office.net/owamail/20230825006.10/scripts/owa.mailindex.js (2)
[76359:76359:0926/034648.515232:INFO:CONSOLE(2)] "Uncaught (in promise) Error: Failed to load localized strings", source: https://res-h3.public.cdn.office.net/owamail/20230825006.10/scripts/owa.mailindex.js (2)
[76359:76359:0926/034648.516348:INFO:CONSOLE(0)] "Access to script at 'https://res.cdn.office.net/owamail/20230825006.10/scripts/owa.Popout.m.js' from origin 'https://outlook.live.com' has been blocked by CORS policy: No 'Access-Control-Allow-Origin' header is present on the requested resource.", source: https://outlook.live.com/mail/0/ (0)
[76359:76359:0926/034650.385793:INFO:CONSOLE(2)] "Uncaught (in promise) Error: Failed to load javascript.", source: https://res-h3.public.cdn.office.net/owamail/20230825006.10/scripts/owa.worker.data.js (2)
[76359:76359:0926/034650.386175:INFO:CONSOLE(2)] "Uncaught (in promise) Error: Failed to load javascript.", source: https://res-h3.public.cdn.office.net/owamail/20230825006.10/scripts/owa.worker.data.js (2)
[76359:76359:0926/034651.524169:INFO:CONSOLE(0)] "ResizeObserver loop limit exceeded", source: https://outlook.live.com/mail/0/ (0)
[76359:76359:0926/034651.868721:INFO:CONSOLE(0)] "Access to script at 'https://res.cdn.office.net/owamail/20230825006.10/scripts/owa.483472.m.js' from origin 'https://outlook.live.com' has been blocked by CORS policy: No 'Access-Control-Allow-Origin' header is present on the requested resource.", source: https://outlook.live.com/mail/0/ (0)
[76359:76359:0926/034651.888114:INFO:CONSOLE(2)] "Uncaught (in promise) ChunkLoadError: Loading chunk 483472 failed.
(error: https://res.cdn.office.net/owamail/20230825006.10/scripts/owa.483472.m.js)", source: https://res-h3.public.cdn.office.net/owamail/20230825006.10/scripts/owa.mailindex.js (2)
[76359:76359:0926/034651.894682:INFO:CONSOLE(2)] "Uncaught (in promise) Error: Failed to load javascript.", source: https://res-h3.public.cdn.office.net/owamail/20230825006.10/scripts/owa.mailindex.js (2)
