** Propagation paths: 

0x2c0d4e147989 <Object map = 0x8dd41e287e9>:
  0x210094545f69 <Object map = 0x381c025e449>, in function 26258422585649 `Ya`: 643159, 644766
  0x210094545f69 <Object map = 0x381c025e449>, in function 26258422585649 `Ya`: 643159, 644957

0x210094545f69 <Object map = 0x381c025e449>:
  0x09c0e1071231 <Object map = 0x8dd41e37d11>, in function 26258422576273 `q`: 263042, 263103
  0x387cc98776e1 <Object map = 0x276c706b0c49>, in function 26258422578545 `mt`: 281015, 281018
  0x387cc98776e1 <Object map = 0x276c706b0c49>, in function 56311335799497 `e`: 245124, 245255
  0x09c0e1071231 <Object map = 0x8dd41e37d11>, in function 26258422576337 `J`: 263282, 263418
  0x09c0e1071231 <Object map = 0x8dd41e37d11>, in function 54859951745193 `produce`: 269027, 269593
  0x09c0e1071231 <Object map = 0x8dd41e37d11>, in function 26258422576273 `q`: 263042, 263225
  0x09c0e1071231 <Object map = 0x8dd41e37d11>, in function 26258422576273 `q`: 263042, 263235
  0x09c0e1071231 <Object map = 0x8dd41e37d11>, in function 54859951745193 `produce`: 269027, 269602
  0x387cc98776e1 <Object map = 0x276c706b0c49>, in function 36286372273809 ``: 273994, 274090
  0x09c0e10716e9 <Object map = 0x8dd41e36489>, in function 26258422576337 `J`: 263282, 263428
  0x09c0e1071d39 <JSProxy>, in function 26258422576273 `q`: 263042, 263227
  0x387cc98776e1 <Object map = 0x276c706b0c49>, in function 56311335789121 ``: 245344, 245356
  0x09c0e1071231 <Object map = 0x8dd41e37d11>, in function 26258422576273 `q`: 263042, 263238

0x09c0e1071231 <Object map = 0x8dd41e37d11>:
  0x210094545f69 <Object map = 0x381c025e449>, in function 54859951745193 `produce`: 269027, 269389

0x387cc98776e1 <Object map = 0x276c706b0c49>:
  0x387cc98797f1 <Object map = 0x52476d15611>, in function 56311335810497 `e`: 245124, 245281

0x387cc98797f1 <Object map = 0x52476d15611>:
  0x387cc98776e1 <Object map = 0x276c706b0c49>, in function 56311335805265 `e`: 245124, 245289
  0x387cc98776e1 <Object map = 0x276c706b0c49>, in function 56311335805265 `e`: 245124, 245255
  0x387cc98776e1 <Object map = 0x276c706b0c49>, in function 26258422578601 `wt`: 281411, 281414
  0x253302778851 <Object map = 0x253302777641>, in function 26258422575569 `B`: 262116, 262423
  0x387cc98776e1 <Object map = 0x276c706b0c49>, in function 36286372273809 ``: 273994, 274090
  0x387cc98776e1 <Object map = 0x276c706b0c49>, in function 56311335810497 `e`: 245124, 245287
  0x387cc987fe39 <HeapNumber 0.0>, in function 44439213989305 `_`: 262454, 262506
  0x387cc98776e1 <Object map = 0x276c706b0c49>, in function 56311335797369 ``: 245344, 245356

0x253302778851 <Object map = 0x253302777641>:
  0x210094545f69 <Object map = 0x381c025e449>, in function 26258422576593 `te`: 263917, 263931
  0x021945545c61 <Object map = 0x2533027785c9>, in function 33408818910777 ``: 644175, 644209

0x021945545c61 <Object map = 0x2533027785c9>:
  0x0219455437a1 <Is map = 0x25f9c71f6e69>, in function 33408818879217 ``: 649262, 649285

0x0219455437a1 <Is map = 0x25f9c71f6e69>:
  0x1e6298c83889 <Is map = 0x25f9c71f6e69>, in function 33408818886737 ``: 683256, 683309
  0x1e6298c83889 <Is map = 0x25f9c71f6e69>, in function 33408818886737 ``: 683256, 683279
  0x1e6298c83911 <Object map = 0x2533027785c9>, in function 33408818879217 ``: 649262, 649282

0x1e6298c83889 <Is map = 0x25f9c71f6e69>:
  0x1e6298c818e1 <HeapNumber 3.0>, in function 33408818879217 ``: 649262, 649292
  0x1e6298c85cc1 <Object map = 0x2533027785c9>, in function 33408818879217 ``: 649262, 649282
  0x223f307c7361 <Is map = 0x13b50ca5a559>, in function 26258422590761 `Ks`: 695852, 695890

0x1e6298c818e1 <HeapNumber 3.0>:
  0x021945545c61 <Object map = 0x2533027785c9>, in function 26258422585649 `Ya`: 643159, 644498

0x1e6298c85cc1 <Object map = 0x2533027785c9>:
  0x1e6298c818e1 <HeapNumber 3.0>, in function 26258422585521 `Ba`: 642902, 642937
  0x1e6298c8a309 <Object map = 0x2533027785c9>, in function 26258422585649 `Ya`: 643159, 644766
  0x1e6298c8a309 <Object map = 0x2533027785c9>, in function 26258422585521 `Ba`: 642902, 642935
  0x1e6298c8a309 <Object map = 0x2533027785c9>, in function 26258422585649 `Ya`: 643159, 644957

0x1e6298c8a309 <Object map = 0x2533027785c9>:
  0x1e6298c83889 <Is map = 0x25f9c71f6e69>, in function 33408818879217 ``: 649262, 649285

0x223f307c7361 <Is map = 0x13b50ca5a559>:
  0x2057a6ff8cb1 <String[9]: e"/xqgtiti/">, in function 37654791746113 `ks`: 690534, 691569

0x2057a6ff8cb1 <String[9]: e"/xqgtiti/">:

0x1e6298c83911 <Object map = 0x2533027785c9>:
  0x021945545c61 <Object map = 0x2533027785c9>, in function 26258422585649 `Ya`: 643159, 644766
  0x021945545c61 <Object map = 0x2533027785c9>, in function 26258422585649 `Ya`: 643159, 644957
  0x021945545c61 <Object map = 0x2533027785c9>, in function 26258422585521 `Ba`: 642902, 642935

0x387cc987fe39 <HeapNumber 0.0>:
  0x387cc98797f1 <Object map = 0x52476d15611>, in function 26258422575057 `x`: 261649, 261718
  0x387cc98797f1 <Object map = 0x52476d15611>, in function 26258422575057 `x`: 261649, 261704
  0x387cc98797f1 <Object map = 0x52476d15611>, in function 26258422575057 `x`: 261649, 261711

0x09c0e10716e9 <Object map = 0x8dd41e36489>:
  0x09c0e1071d39 <JSProxy>, in function 26258422576209 `X`: 262986, 262996
  0x09c0e1071d39 <JSProxy>, in function 26258422576337 `J`: 263282, 263313

0x09c0e1071d39 <JSProxy>:
  0x210094545f69 <Object map = 0x381c025e449>, in function 26258422576785 `ie`: 264143, 264159
  0x210094545f69 <Object map = 0x381c025e449>, in function 54859951745193 `produce`: 269027, 269389
  0x09c0e1071231 <Object map = 0x8dd41e37d11>, in function 26258422576273 `q`: 263042, 263069


** Taint source objects:


** Propagation path functions: 

0x1e6298c8bd81 <JSFunction (sfi = 0x13b50ca74549)> ``: 643258
(n){if(e)return!!t.has(n)||(t.add(n),!1);for(let e=0;e<t.length;e++)if(t[e]===n)return!0;return t.push(n),!1}
0x223f307c7519 <JSFunction (sfi = 0x2057a6ff6f49)> ``: 706448
e=>{const n=this._createRouteTransaction(e);return this.options._experiments.onStartRouteTransaction&&this.options._experiments.onStartRouteTransaction(n,e,t),n}
0x17e1c3f339b1 <JSFunction Oe (sfi = 0xd8eb0076d69)> `Oe`: 272228
(e){if("object"!=typeof e||null===e)return!1;for(var t=e;null!==Object.getPrototypeOf(t);)t=Object.getPrototypeOf(t);return Object.getPrototypeOf(e)===t}
0x223f307c7241 <JSFunction ks (sfi = 0xd8eb007ec61)> `ks`: 690534
(e,t,n){if(!Ss(t))return e.sampled=!1,e;if(void 0!==e.sampled)return e.setMetadata({sampleRate:Number(e.sampled)}),e;let r;return"function"==typeof t.tracesSampler?(r=t.tracesSampler(n),e.setMetadata({sampleRate:Number(r)})):void 0!==n.parentSampled?r=n.parentSampled:void 0!==t.tracesSampleRate?(r=t.tracesSampleRate,e.setMetadata({sampleRate:Number(r)})):(r=1,e.setMetadata({sampleRate:r})),function(e){if(oi(e)||"number"!=typeof e&&"boolean"!=typeof e)return("undefined"==typeof __SENTRY_DEBUG__||__SENTRY_DEBUG__)&&Pi.warn(`[Tracing] Given sample rate is invalid. Sample rate must be a boolean or a number between 0 and 1. Got ${JSON.stringify(e)} of type ${JSON.stringify(typeof e)}.`),!1;if(e<0||e>1)return("undefined"==typeof __SENTRY_DEBUG__||__SENTRY_DEBUG__)&&Pi.warn(`[Tracing] Given sample rate is invalid. Sample rate must be between 0 and 1. Got ${e}.`),!1;return!0}(r)?r?(e.sampled=Math.random()<r,e.sampled?(("undefined"==typeof __SENTRY_DEBUG__||__SENTRY_DEBUG__)&&Pi.log(`[Tracing] starting ${e.op} transaction - ${e.name}`),e):(("undefined"==typeof __SENTRY_DEBUG__||__SENTRY_DEBUG__)&&Pi.log(`[Tracing] Discarding transaction because it's not included in the random sample (sampling rate = ${Number(r)})`),e)):(("undefined"==typeof __SENTRY_DEBUG__||__SENTRY_DEBUG__)&&Pi.log("[Tracing] Discarding transaction because "+("function"==typeof t.tracesSampler?"tracesSampler returned 0 or false":"a negative sampling decision was inherited or tracesSampleRate is set to 0")),e.sampled=!1,e):(("undefined"==typeof __SENTRY_DEBUG__||__SENTRY_DEBUG__)&&Pi.warn("[Tracing] Discarding transaction because of invalid sample rate."),e.sampled=!1,e)}
0x17e1c3f2fc51 <JSFunction (sfi = 0x2057a6ff9191)> ``: 708789
e=>{this._collectWebVitals(),ol(e)}
0x17e1c3f34ac9 <JSFunction Jr (sfi = 0xd8eb0079cf9)> `Jr`: 612984
(e){switch(qr.call(e)){case"[object Error]":case"[object Exception]":case"[object DOMException]":return!0;default:return si(e,Error)}}
0x09c0e107cd59 <JSFunction (sfi = 0x8dd41e38a21)> ``: 225898
(i,d){var f=i.started,p=i.startedTime,h=i.action,m=i.prevState,g=i.error,y=i.took,b=i.nextState,w=e[d+1];w&&(b=w.prevState,y=w.started-f);var M=r(h),A="function"==typeof o?o((function(){return b}),h,i):o,E=C(p),D=s.title?"color: "+s.title(M)+";":"",S=["color: gray; font-weight: lighter;"];S.push(D),t.timestamp&&S.push("color: gray; font-weight: lighter;"),t.duration&&S.push("color: gray; font-weight: lighter;");var N=a(M,E,y);try{A?s.title&&u?n.groupCollapsed.apply(n,["%c "+N].concat(S)):n.groupCollapsed(N):s.title&&u?n.group.apply(n,["%c "+N].concat(S)):n.group(N)}catch(e){n.log(N)}var T=I(l,M,[m],"prevState"),x=I(l,M,[M],"action"),k=I(l,M,[g,m],"error"),z=I(l,M,[b],"nextState");if(T)if(s.prevState){var j="color: "+s.prevState(m)+"; font-weight: bold";n[T]("%c prev state",j,m)}else n[T]("prev state",m);if(x)if(s.action){var O="color: "+s.action(M)+"; font-weight: bold";n[x]("%c action    ",O,M)}else n[x]("action    ",M);if(g&&k)if(s.error){var L="color: "+s.error(g,m)+"; font-weight: bold;";n[k]("%c error     ",L,g)}else n[k]("error     ",g);if(z)if(s.nextState){var P="color: "+s.nextState(b)+"; font-weight: bold";n[z]("%c next state",P,b)}else n[z]("next state",b);c&&v(m,b,n,A);try{n.groupEnd()}catch(e){n.log("\u2014\u2014 log end \u2014\u2014")}}
0x17e1c3f33191 <JSFunction R (sfi = 0xd8eb0075f99)> `R`: 262086
(e){return e.o||e.t}
0x09c0e10465d9 <JSFunction (sfi = 0x13b50ca74599)> ``: 643376
(n){if(e)t.delete(n);else for(let e=0;e<t.length;e++)if(t[e]===n){t.splice(e,1);break}}
0x210094545e51 <JSFunction f (sfi = 0x276c706b6101)> `f`: 273041
(e){if(!Oe(e))throw new Error(xe(7));if(void 0===e.type)throw new Error(xe(8));if(l)throw new Error(xe(9));try{l=!0,a=i(a,e)}finally{l=!1}for(var t=o=s,n=0;n<t.length;n++){(0,t[n])()}return e}
0x09c0e1076879 <JSFunction (sfi = 0x276c706b2d21)> ``: 279074
(e,n){if(n){var r;if(N(e))return void 0===(r=n(e,t))?e:r;if(C(e))return Se(e,(function(e){return n(e,t)}));if(void 0===(r=n(e,t))){if(null===e)return e;throw Error("A case reducer on a non-draftable value must not return undefined")}return r}return e}
0x3337012ac279 <JSFunction (sfi = 0x2c0307fbf769)> ``: 245344
(){return e(t())}
0x09c0e104db29 <JSFunction (sfi = 0x13b50ca73141)> ``: 643576
(e,t){try{if("domain"===e&&t&&"object"==typeof t&&t._events)return"[Domain]";if("domainEmitter"===e)return"[DomainEmitter]";if(void 0!==n.g&&t===n.g)return"[Global]";if("undefined"!=typeof window&&t===window)return"[Window]";if("undefined"!=typeof document&&t===document)return"[Document]";if(ri(r=t)&&"nativeEvent"in r&&"preventDefault"in r&&"stopPropagation"in r)return"[SyntheticEvent]";if("number"==typeof t&&t!=t)return"[NaN]";if("function"==typeof t)return`[Function: ${ma(t)}]`;if("symbol"==typeof t)return`[${String(t)}]`;if("bigint"==typeof t)return`[BigInt: ${String(t)}]`;const i=function(e){const t=Object.getPrototypeOf(e);return t?t.constructor.name:"null prototype"}(t);return/^HTML(\w*)Element$/.test(i)?`[HTMLElement: ${i}]`:`[object ${i}]`}catch(e){return`**non-serializable** (${e})`}var r}
0x09c0e1046599 <JSFunction (sfi = 0x13b50ca74549)> ``: 643258
(n){if(e)return!!t.has(n)||(t.add(n),!1);for(let e=0;e<t.length;e++)if(t[e]===n)return!0;return t.push(n),!1}
0x09c0e1046ae1 <JSFunction (sfi = 0x13b50ca73141)> ``: 643576
(e,t){try{if("domain"===e&&t&&"object"==typeof t&&t._events)return"[Domain]";if("domainEmitter"===e)return"[DomainEmitter]";if(void 0!==n.g&&t===n.g)return"[Global]";if("undefined"!=typeof window&&t===window)return"[Window]";if("undefined"!=typeof document&&t===document)return"[Document]";if(ri(r=t)&&"nativeEvent"in r&&"preventDefault"in r&&"stopPropagation"in r)return"[SyntheticEvent]";if("number"==typeof t&&t!=t)return"[NaN]";if("function"==typeof t)return`[Function: ${ma(t)}]`;if("symbol"==typeof t)return`[${String(t)}]`;if("bigint"==typeof t)return`[BigInt: ${String(t)}]`;const i=function(e){const t=Object.getPrototypeOf(e);return t?t.constructor.name:"null prototype"}(t);return/^HTML(\w*)Element$/.test(i)?`[HTMLElement: ${i}]`:`[object ${i}]`}catch(e){return`**non-serializable** (${e})`}var r}
0x223f307c75c1 <JSFunction Ns (sfi = 0xd8eb007eb71)> `Ns`: 690176
(e){return(e||Ki()).getScope().getTransaction()}
0x2c0d4e1426d9 <JSFunction (sfi = 0x8dd41e274d1)> ``: 829243
e=>{if(!e)return e;if("string"==typeof e)return e.length>vl?(n=!0,`${e.slice(0,vl)}\u2026`):e;if("object"==typeof e)try{const t=Ba(e,7),r=JSON.stringify(t);if(r.length>vl){const e=td(r.slice(0,vl)),t=JSON.parse(e);return n=!0,t}return t}catch(e){}return e}
0x3728df747501 <JSFunction (sfi = 0x8dd41e38a21)> ``: 225898
(i,d){var f=i.started,p=i.startedTime,h=i.action,m=i.prevState,g=i.error,y=i.took,b=i.nextState,w=e[d+1];w&&(b=w.prevState,y=w.started-f);var M=r(h),A="function"==typeof o?o((function(){return b}),h,i):o,E=C(p),D=s.title?"color: "+s.title(M)+";":"",S=["color: gray; font-weight: lighter;"];S.push(D),t.timestamp&&S.push("color: gray; font-weight: lighter;"),t.duration&&S.push("color: gray; font-weight: lighter;");var N=a(M,E,y);try{A?s.title&&u?n.groupCollapsed.apply(n,["%c "+N].concat(S)):n.groupCollapsed(N):s.title&&u?n.group.apply(n,["%c "+N].concat(S)):n.group(N)}catch(e){n.log(N)}var T=I(l,M,[m],"prevState"),x=I(l,M,[M],"action"),k=I(l,M,[g,m],"error"),z=I(l,M,[b],"nextState");if(T)if(s.prevState){var j="color: "+s.prevState(m)+"; font-weight: bold";n[T]("%c prev state",j,m)}else n[T]("prev state",m);if(x)if(s.action){var O="color: "+s.action(M)+"; font-weight: bold";n[x]("%c action    ",O,M)}else n[x]("action    ",M);if(g&&k)if(s.error){var L="color: "+s.error(g,m)+"; font-weight: bold;";n[k]("%c error     ",L,g)}else n[k]("error     ",g);if(z)if(s.nextState){var P="color: "+s.nextState(b)+"; font-weight: bold";n[z]("%c next state",P,b)}else n[z]("next state",b);c&&v(m,b,n,A);try{n.groupEnd()}catch(e){n.log("\u2014\u2014 log end \u2014\u2014")}}
0x17e1c3f33691 <JSFunction ie (sfi = 0xd8eb0076629)> `ie`: 264143
(e,t,n){var r=L(t)?Z("MapSet").N(t,n):P(t)?Z("MapSet").T(t,n):e.g?function(e,t){var n=Array.isArray(e),r={i:n?1:0,A:t?t.A:Q(),P:!1,I:!1,D:{},l:t,t:e,k:null,o:null,j:null,C:!1},i=r,a=we;n&&(i=[r],a=Me);var o=Proxy.revocable(i,a),s=o.revoke,l=o.proxy;return r.k=l,r.j=s,l}(t,n):Z("ES5").J(t,n);return(n?n.A:Q()).p.push(r),r}
0x387cc987a401 <JSFunction (sfi = 0x381c025c411)> ``: 263526
(t,a){return K(e,r,i,t,a,n)}
0x17e1c3f331d1 <JSFunction B (sfi = 0xd8eb0075fe9)> `B`: 262116
(e){if(Array.isArray(e))return Array.prototype.slice.call(e);var t=ve(e);delete t[ge];for(var n=be(t),r=0;r<n.length;r++){var i=n[r],a=t[i];!1===a.writable&&(a.writable=!0,a.configurable=!0),(a.get||a.set)&&(t[i]={configurable:!0,writable:!0,enumerable:a.enumerable,value:e[i]})}return Object.create(Object.getPrototypeOf(e),t)}
0x223f307c7601 <JSFunction (sfi = 0x37817d764fb1)> ``: 705666
e=>{for(const t of e){const e=Ns();if(!e)return;const n=$s(Ri.Z1+t.startTime),r=$s(t.duration);e.startChild({description:"Main UI thread blocked",op:"ui.long-task",startTimestamp:n,endTimestamp:n+r})}}
0x3728df74d8b9 <JSFunction (sfi = 0x13b50ca73141)> ``: 643576
(e,t){try{if("domain"===e&&t&&"object"==typeof t&&t._events)return"[Domain]";if("domainEmitter"===e)return"[DomainEmitter]";if(void 0!==n.g&&t===n.g)return"[Global]";if("undefined"!=typeof window&&t===window)return"[Window]";if("undefined"!=typeof document&&t===document)return"[Document]";if(ri(r=t)&&"nativeEvent"in r&&"preventDefault"in r&&"stopPropagation"in r)return"[SyntheticEvent]";if("number"==typeof t&&t!=t)return"[NaN]";if("function"==typeof t)return`[Function: ${ma(t)}]`;if("symbol"==typeof t)return`[${String(t)}]`;if("bigint"==typeof t)return`[BigInt: ${String(t)}]`;const i=function(e){const t=Object.getPrototypeOf(e);return t?t.constructor.name:"null prototype"}(t);return/^HTML(\w*)Element$/.test(i)?`[HTMLElement: ${i}]`:`[object ${i}]`}catch(e){return`**non-serializable** (${e})`}var r}
0x223f307c7471 <JSFunction add (sfi = 0x8008888eae1)> `add`: 685138
(e){e.spanId!==this.transactionSpanId&&(e.finish=t=>{e.endTimestamp="number"==typeof t?t:(0,Ri.ph)(),this._popActivity(e.spanId)},void 0===e.endTimestamp&&this._pushActivity(e.spanId)),super.add(e)}
0x15e67d24eb51 <JSFunction set (sfi = 0x80088885b89)> `set`: 267951
(e,t,n){var r=te(R(e),t);if(null==r?void 0:r.set)return r.set.call(e.k,n),!0;if(!e.P){var i=ee(R(e),t),a=null==i?void 0:i[ge];if(a&&a.t===n)return e.o[t]=n,e.D[t]=!1,!0;if(O(n,i)&&(void 0!==n||k(e.t,t)))return!0;re(e),ne(e)}return e.o[t]===n&&"number"!=typeof n&&(void 0!==n||t in e.o)||(e.o[t]=n,e.D[t]=!0,!0)}
0x17e1c3f35931 <JSFunction Ya (sfi = 0xd8eb007c299)> `Ya`: 643159
(e,t,r=1/0,i=1/0,a=function(){const e="function"==typeof WeakSet,t=e?new WeakSet:[];return[function(n){if(e)return!!t.has(n)||(t.add(n),!1);for(let e=0;e<t.length;e++)if(t[e]===n)return!0;return t.push(n),!1},function(n){if(e)t.delete(n);else for(let e=0;e<t.length;e++)if(t[e]===n){t.splice(e,1);break}}]}()){const[o,s]=a;if(null==t||["number","boolean","string"].includes(typeof t)&&!oi(t))return t;const l=function(e,t){try{if("domain"===e&&t&&"object"==typeof t&&t._events)return"[Domain]";if("domainEmitter"===e)return"[DomainEmitter]";if(void 0!==n.g&&t===n.g)return"[Global]";if("undefined"!=typeof window&&t===window)return"[Window]";if("undefined"!=typeof document&&t===document)return"[Document]";if(ri(r=t)&&"nativeEvent"in r&&"preventDefault"in r&&"stopPropagation"in r)return"[SyntheticEvent]";if("number"==typeof t&&t!=t)return"[NaN]";if("function"==typeof t)return`[Function: ${ma(t)}]`;if("symbol"==typeof t)return`[${String(t)}]`;if("bigint"==typeof t)return`[BigInt: ${String(t)}]`;const i=function(e){const t=Object.getPrototypeOf(e);return t?t.constructor.name:"null prototype"}(t);return/^HTML(\w*)Element$/.test(i)?`[HTMLElement: ${i}]`:`[object ${i}]`}catch(e){return`**non-serializable** (${e})`}var r}(e,t);if(!l.startsWith("[object "))return l;if(t.__sentry_skip_normalization__)return t;const c="number"==typeof t.__sentry_override_normalization_depth__?t.__sentry_override_normalization_depth__:r;if(0===c)return l.replace("object ","");if(o(t))return"[Circular ~]";const u=t;if(u&&"function"==typeof u.toJSON)try{return Ya("",u.toJSON(),c-1,i,a)}catch(e){}const d=Array.isArray(t)?[]:{};let f=0;const p=Ii(t);for(const e in p){if(!Object.prototype.hasOwnProperty.call(p,e))continue;if(f>=i){d[e]="[MaxProperties ~]";break}const t=p[e];d[e]=Ya(e,t,c-1,i,a),f++}return s(t),d}
0x2100945461a9 <JSFunction reducer (sfi = 0x31e513efdf09)> `reducer`: 279530
(e,t){return n||(n=c()),n(e,t)}
0x1e6298c8eb29 <JSFunction (sfi = 0x13b50ca6b701)> ``: 614979
t=>hi(e,t,n)
0x1e6298c8b391 <JSFunction (sfi = 0x13b50ca74549)> ``: 643258
(n){if(e)return!!t.has(n)||(t.add(n),!1);for(let e=0;e<t.length;e++)if(t[e]===n)return!0;return t.push(n),!1}
0x223f307c7321 <JSFunction js (sfi = 0xd8eb007edc1)> `js`: 692833
(e,t,n,r,i,a,o){const s=e.getClient(),l=s&&s.getOptions()||{};let c=new Ds(t,e,n,r,o,i);return c=ks(c,l,{parentSampled:t.parentSampled,transactionContext:t,...a}),c.sampled&&c.initSpanRecorder(l._experiments&&l._experiments.maxSpans),s&&s.emit&&s.emit("startTransaction",c),c}
0x1e6298c86fa1 <JSFunction (sfi = 0x22360b19bd29)> ``: 698340
r=>{sl(e,t,r,n)}
0x1e6298c896b9 <JSFunction (sfi = 0x31e513effda9)> ``: 261175
(e){if(!e||"object"!=typeof e)return!1;var t=Object.getPrototypeOf(e);if(null===t)return!0;var n=Object.hasOwnProperty.call(t,"constructor")&&t.constructor;return n===Object||"function"==typeof n&&Function.toString.call(n)===ye}
0x15e67d24ec11 <JSFunction get (sfi = 0x80088885941)> `get`: 267598
(e,t){if(t===ge)return e;var n=R(e);if(!k(n,t))return function(e,t,n){var r,i=te(t,n);return i?"value"in i?i.value:null===(r=i.get)||void 0===r?void 0:r.call(e.k):void 0}(e,n,t);var r=n[t];return e.I||!C(r)?r:r===ee(e.t,t)?(re(e),e.o[t]=ie(e.A.h,r,e)):r}
0x17e1c3f335d1 <JSFunction te (sfi = 0xd8eb0076539)> `te`: 263917
(e,t){if(t in e)for(var n=Object.getPrototypeOf(e);n;){var r=Object.getOwnPropertyDescriptor(n,t);if(r)return r;n=Object.getPrototypeOf(n)}}
0x286acf905db9 <JSFunction _ (sfi = 0xd8eb0076039)> `_`: 262454
(e,t){return void 0===t&&(t=!1),U(e)||N(e)||!C(e)||(x(e)>1&&(e.set=e.add=e.clear=e.delete=Y),Object.freeze(e),t&&T(e,(function(e,t){return _(t,!0)}),!0)),e}
0x1e6298c89639 <JSFunction (sfi = 0x13b50ca749f1)> ``: 644175
(e){const t=Object.getPrototypeOf(e);return t?t.constructor.name:"null prototype"}
0x17e1c3f358b1 <JSFunction Ba (sfi = 0xd8eb007c131)> `Ba`: 642902
(e,t=100,n=1/0){try{return Ya("",e,t,n)}catch(e){return{ERROR:`**non-serializable** (${e})`}}}
0x210094546359 <JSFunction u (sfi = 0x276c706b2009)> `u`: 278861
(e,t){void 0===e&&(e=i());var n=Qe([o[t.type]],s.filter((function(e){return(0,e.matcher)(t)})).map((function(e){return e.reducer})));return 0===n.filter((function(e){return!!e})).length&&(n=[l]),n.reduce((function(e,n){if(n){var r;if(N(e))return void 0===(r=n(e,t))?e:r;if(C(e))return Se(e,(function(e){return n(e,t)}));if(void 0===(r=n(e,t))){if(null===e)return e;throw Error("A case reducer on a non-draftable value must not return undefined")}return r}return e}),e)}
0x3337012ae6d1 <JSFunction e (sfi = 0x2c0307fbf719)> `e`: 245124
(e){if(!l){if(l=!0,o=e,e=r(e),void 0!==i&&f.hasValue){var t=f.value;if(i(t,e))return s=t}return s=e}if(t=s,a(o,e))return t;var n=r(e);return void 0!==i&&i(t,n)?t:(o=e,s=n)}
0x17e1c3f33d71 <JSFunction mt (sfi = 0x80088887219)> `mt`: 281015
e=>e.sidePanel
0x09c0e106fea1 <JSFunction (sfi = 0x276c706b2d21)> ``: 279074
(e,n){if(n){var r;if(N(e))return void 0===(r=n(e,t))?e:r;if(C(e))return Se(e,(function(e){return n(e,t)}));if(void 0===(r=n(e,t))){if(null===e)return e;throw Error("A case reducer on a non-draftable value must not return undefined")}return r}return e}
0x3728df74c229 <JSFunction (sfi = 0x13b50ca74599)> ``: 643376
(n){if(e)t.delete(n);else for(let e=0;e<t.length;e++)if(t[e]===n){t.splice(e,1);break}}
0x17e1c3f33251 <JSFunction U (sfi = 0xd8eb00760d9)> `U`: 262638
(e){return null==e||"object"!=typeof e||Object.isFrozen(e)}
0x3337012aef91 <JSFunction (sfi = 0x2c0307fbf769)> ``: 245344
(){return e(t())}
0x09c0e104e501 <JSFunction (sfi = 0x13b50ca749f1)> ``: 644175
(e){const t=Object.getPrototypeOf(e);return t?t.constructor.name:"null prototype"}
0x210094545939 <JSFunction u (sfi = 0x276c706b6059)> `u`: 272776
(){if(l)throw new Error(xe(3));return a}
0x210094546169 <JSFunction reducer (sfi = 0x31e513efdf09)> `reducer`: 279530
(e,t){return n||(n=c()),n(e,t)}
0x1e6298c84239 <JSFunction (sfi = 0x22360b19a4f9)> ``: 699431
(e,t,n,r,i,a){if("xmlhttprequest"===t.initiatorType||"fetch"===t.initiatorType)return;const o={};"transferSize"in t&&(o["http.response_transfer_size"]=t.transferSize);"encodedBodySize"in t&&(o["http.response_content_length"]=t.encodedBodySize);"decodedBodySize"in t&&(o["http.decoded_response_content_length"]=t.decodedBodySize);"renderBlockingStatus"in t&&(o["resource.render_blocking_status"]=t.renderBlockingStatus);const s=a+r;Ks(e,{description:n,endTimestamp:s+i,op:t.initiatorType?`resource.${t.initiatorType}`:"resource.other",startTimestamp:s,data:o})}
0x387cc9877c49 <JSFunction (sfi = 0x276c706b2d21)> ``: 279074
(e,n){if(n){var r;if(N(e))return void 0===(r=n(e,t))?e:r;if(C(e))return Se(e,(function(e){return n(e,t)}));if(void 0===(r=n(e,t))){if(null===e)return e;throw Error("A case reducer on a non-draftable value must not return undefined")}return r}return e}
0x3337012acac9 <JSFunction e (sfi = 0x2c0307fbf719)> `e`: 245124
(e){if(!l){if(l=!0,o=e,e=r(e),void 0!==i&&f.hasValue){var t=f.value;if(i(t,e))return s=t}return s=e}if(t=s,a(o,e))return t;var n=r(e);return void 0!==i&&i(t,n)?t:(o=e,s=n)}
0x17e1c3f33391 <JSFunction H (sfi = 0xd8eb0076269)> `H`: 262863
(e){F(e),e.p.forEach(X),e.p=null}
0x09c0e10715d1 <JSFunction (sfi = 0x381c0259cf1)> ``: 264217
(e,t){var n=Array.isArray(e),r={i:n?1:0,A:t?t.A:Q(),P:!1,I:!1,D:{},l:t,t:e,k:null,o:null,j:null,C:!1},i=r,a=we;n&&(i=[r],a=Me);var o=Proxy.revocable(i,a),s=o.revoke,l=o.proxy;return r.k=l,r.j=s,l}
0x1e6298c8b3d1 <JSFunction (sfi = 0x13b50ca74599)> ``: 643376
(n){if(e)t.delete(n);else for(let e=0;e<t.length;e++)if(t[e]===n){t.splice(e,1);break}}
0x15e67d24b0d9 <JSFunction toJSON (sfi = 0x8008888e4d1)> `toJSON`: 681333
(){return Ei({data:Object.keys(this.data).length>0?this.data:void 0,description:this.description,op:this.op,parent_span_id:this.parentSpanId,span_id:this.spanId,start_timestamp:this.startTimestamp,status:this.status,tags:Object.keys(this.tags).length>0?this.tags:void 0,timestamp:this.endTimestamp,trace_id:this.traceId})}
0x210094545e91 <JSFunction (sfi = 0x276c706b0071)> ``: 273994
(e,t){if(void 0===e&&(e={}),a)throw a;for(var r=!1,i={},s=0;s<o.length;s++){var l=o[s],c=n[l],u=e[l],d=c(u,t);if(void 0===d){t&&t.type;throw new Error(xe(14))}i[l]=d,r=r||d!==u}return(r=r||o.length!==Object.keys(e).length)?i:e}
0x09c0e1045af1 <JSFunction (sfi = 0x8dd41e274d1)> ``: 829243
e=>{if(!e)return e;if("string"==typeof e)return e.length>vl?(n=!0,`${e.slice(0,vl)}\u2026`):e;if("object"==typeof e)try{const t=Ba(e,7),r=JSON.stringify(t);if(r.length>vl){const e=td(r.slice(0,vl)),t=JSON.parse(e);return n=!0,t}return t}catch(e){}return e}
0x17e1c3f32f51 <JSFunction C (sfi = 0xd8eb0075cc9)> `C`: 261151
(e){return!!e&&(function(e){if(!e||"object"!=typeof e)return!1;var t=Object.getPrototypeOf(e);if(null===t)return!0;var n=Object.hasOwnProperty.call(t,"constructor")&&t.constructor;return n===Object||"function"==typeof n&&Function.toString.call(n)===ye}(e)||Array.isArray(e)||!!e[me]||!!e.constructor[me]||L(e)||P(e))}
0x223f307c7589 <JSFunction getTransaction (sfi = 0x8008888a419)> `getTransaction`: 622834
(){const e=this.getSpan();return e&&e.transaction}
0x01876a813019 <JSFunction stateTransformer (sfi = 0x276c706ac0f1)> `stateTransformer`: 230030
(e){return e}
0x1e6298c8eae9 <JSFunction (sfi = 0x13b50ca68439)> ``: 633340
(e,t){if("transaction"!==e.type||!t||!t.length)return!1;const n=e.transaction;return!!n&&mi(n,t)}
0x17e1c3f33311 <JSFunction Q (sfi = 0xd8eb00761c9)> `Q`: 262786
(){return ce}
0x1e6298c8bdc1 <JSFunction (sfi = 0x13b50ca74599)> ``: 643376
(n){if(e)t.delete(n);else for(let e=0;e<t.length;e++)if(t[e]===n){t.splice(e,1);break}}
0x2100945458b9 <JSFunction (sfi = 0x276c706b9e71)> ``: 228140
(c){if("function"==typeof a&&!a(n,c))return e(c);var u={};l.push(u),u.started=T.now(),u.startedTime=new Date,u.prevState=r(n()),u.action=c;var d=void 0;if(o)try{d=e(c)}catch(e){u.error=i(e)}else d=e(c);u.took=T.now()-u.started,u.nextState=r(n());var f=t.diff&&"function"==typeof s?s(n,c):t.diff;if(M(l,Object.assign({},t,{diff:f})),l.length=0,u.error)throw u.error;return d}
0x387cc987ad11 <JSFunction (sfi = 0x31e513ef87d1)> ``: 261553
(r){n&&"symbol"==typeof r||t(r,e[r],e)}
0x3337012af5c1 <JSFunction e (sfi = 0x2c0307fbf719)> `e`: 245124
(e){if(!l){if(l=!0,o=e,e=r(e),void 0!==i&&f.hasValue){var t=f.value;if(i(t,e))return s=t}return s=e}if(t=s,a(o,e))return t;var n=r(e);return void 0!==i&&i(t,n)?t:(o=e,s=n)}
0x17e1c3f34c09 <JSFunction ri (sfi = 0xd8eb0079ed9)> `ri`: 613372
(e){return Kr(e,"Object")}
0x3337012ae151 <JSFunction e (sfi = 0x2c0307fbf719)> `e`: 245124
(e){if(!l){if(l=!0,o=e,e=r(e),void 0!==i&&f.hasValue){var t=f.value;if(i(t,e))return s=t}return s=e}if(t=s,a(o,e))return t;var n=r(e);return void 0!==i&&i(t,n)?t:(o=e,s=n)}
0x17e1c3f32fd1 <JSFunction x (sfi = 0xd8eb0075d69)> `x`: 261649
(e){var t=e[ge];return t?t.i>3?t.i-4:t.i:Array.isArray(e)?1:L(e)?2:P(e)?3:0}
0x1e6298c81af1 <JSFunction (sfi = 0x13b50ca72051)> ``: 649262
e=>(e.data&&(e.data=Ba(e.data,t,n)),e)
0x1e6298c8bd41 <JSFunction (sfi = 0x13b50ca73141)> ``: 643576
(e,t){try{if("domain"===e&&t&&"object"==typeof t&&t._events)return"[Domain]";if("domainEmitter"===e)return"[DomainEmitter]";if(void 0!==n.g&&t===n.g)return"[Global]";if("undefined"!=typeof window&&t===window)return"[Window]";if("undefined"!=typeof document&&t===document)return"[Document]";if(ri(r=t)&&"nativeEvent"in r&&"preventDefault"in r&&"stopPropagation"in r)return"[SyntheticEvent]";if("number"==typeof t&&t!=t)return"[NaN]";if("function"==typeof t)return`[Function: ${ma(t)}]`;if("symbol"==typeof t)return`[${String(t)}]`;if("bigint"==typeof t)return`[BigInt: ${String(t)}]`;const i=function(e){const t=Object.getPrototypeOf(e);return t?t.constructor.name:"null prototype"}(t);return/^HTML(\w*)Element$/.test(i)?`[HTMLElement: ${i}]`:`[object ${i}]`}catch(e){return`**non-serializable** (${e})`}var r}
0x05ad4d0c6d11 <JSFunction Kr (sfi = 0xd8eb0079d49)> `Kr`: 613129
(e,t){return qr.call(e)===`[object ${t}]`}
0x17e1c3f33451 <JSFunction X (sfi = 0xd8eb0076359)> `X`: 262986
(e){var t=e[ge];0===t.i||1===t.i?t.j():t.O=!0}
0x17e1c3f36e31 <JSFunction ol (sfi = 0xd8eb007f151)> `ol`: 697853
(e){const t=el();if(!t||!Us.performance.getEntries||!Ri.Z1)return;("undefined"==typeof __SENTRY_DEBUG__||__SENTRY_DEBUG__)&&Pi.log("[Tracing] Adding & adjusting spans using Performance API");const n=$s(Ri.Z1),r=t.getEntries();let i,a;if(r.slice(rl).forEach((t=>{const r=$s(t.startTime),o=$s(t.duration);if(!("navigation"===e.op&&n+r<e.startTimestamp))switch(t.entryType){case"navigation":!function(e,t,n){["unloadEvent","redirect","domContentLoadedEvent","loadEvent","connect"].forEach((r=>{sl(e,t,r,n)})),sl(e,t,"secureConnection",n,"TLS/SSL","connectEnd"),sl(e,t,"fetch",n,"cache","domainLookupStart"),sl(e,t,"domainLookup",n,"DNS"),function(e,t,n){Ks(e,{op:"browser",description:"request",startTimestamp:n+$s(t.requestStart),endTimestamp:n+$s(t.responseEnd)}),Ks(e,{op:"browser",description:"response",startTimestamp:n+$s(t.responseStart),endTimestamp:n+$s(t.responseEnd)})}(e,t,n)}(e,t,n),i=n+$s(t.responseStart),a=n+$s(t.requestStart);break;case"mark":case"paint":case"measure":{!function(e,t,n,r,i){const a=i+n,o=a+r;Ks(e,{description:t.name,endTimestamp:o,op:t.entryType,startTimestamp:a})}(e,t,r,o,n);const i=Xs(),a=t.startTime<i.firstHiddenTime;"first-paint"===t.name&&a&&(("undefined"==typeof __SENTRY_DEBUG__||__SENTRY_DEBUG__)&&Pi.log("[Measurements] Adding FP"),il.fp={value:t.startTime,unit:"millisecond"}),"first-contentful-paint"===t.name&&a&&(("undefined"==typeof __SENTRY_DEBUG__||__SENTRY_DEBUG__)&&Pi.log("[Measurements] Adding FCP"),il.fcp={value:t.startTime,unit:"millisecond"});break}case"resource":{const i=t.name.replace(Us.location.origin,"");!function(e,t,n,r,i,a){if("xmlhttprequest"===t.initiatorType||"fetch"===t.initiatorType)return;const o={};"transferSize"in t&&(o["http.response_transfer_size"]=t.transferSize);"encodedBodySize"in t&&(o["http.response_content_length"]=t.encodedBodySize);"decodedBodySize"in t&&(o["http.decoded_response_content_length"]=t.decodedBodySize);"renderBlockingStatus"in t&&(o["resource.render_blocking_status"]=t.renderBlockingStatus);const s=a+r;Ks(e,{description:n,endTimestamp:s+i,op:t.initiatorType?`resource.${t.initiatorType}`:"resource.other",startTimestamp:s,data:o})}(e,t,i,r,o,n);break}}})),rl=Math.max(r.length-1,0),function(e){const t=Us.navigator;if(!t)return;const n=t.connection;n&&(n.effectiveType&&e.setTag("effectiveConnectionType",n.effectiveType),n.type&&e.setTag("connectionType",n.type),Js(n.rtt)&&(il["connection.rtt"]={value:n.rtt,unit:"millisecond"}));Js(t.deviceMemory)&&e.setTag("deviceMemory",`${t.deviceMemory} GB`);Js(t.hardwareConcurrency)&&e.setTag("hardwareConcurrency",String(t.hardwareConcurrency))}(e),"pageload"===e.op){"number"==typeof i&&(("undefined"==typeof __SENTRY_DEBUG__||__SENTRY_DEBUG__)&&Pi.log("[Measurements] Adding TTFB"),il.ttfb={value:1e3*(i-e.startTimestamp),unit:"millisecond"},"number"==typeof a&&a<=i&&(il["ttfb.requestTime"]={value:1e3*(i-a),unit:"millisecond"})),["fcp","fp","lcp"].forEach((t=>{if(!il[t]||n>=e.startTimestamp)return;const r=il[t].value,i=n+$s(r),a=Math.abs(1e3*(i-e.startTimestamp)),o=a-r;("undefined"==typeof __SENTRY_DEBUG__||__SENTRY_DEBUG__)&&Pi.log(`[Measurements] Normalized ${t} from ${r} to ${a} (${o})`),il[t].value=a}));const t=il["mark.fid"];t&&il.fid&&(Ks(e,{description:"first input delay",endTimestamp:t.value+$s(il.fid.value),op:"ui.action",startTimestamp:t.value}),delete il["mark.fid"]),"fcp"in il||delete il.cls,Object.keys(il).forEach((t=>{e.setMeasurement(t,il[t].value,il[t].unit)})),function(e){tl&&(("undefined"==typeof __SENTRY_DEBUG__||__SENTRY_DEBUG__)&&Pi.log("[Measurements] Adding LCP Data"),tl.element&&e.setTag("lcp.element",ui(tl.element)),tl.id&&e.setTag("lcp.id",tl.id),tl.url&&e.setTag("lcp.url",tl.url.trim().slice(0,200)),e.setTag("lcp.size",tl.size));nl&&nl.sources&&(("undefined"==typeof __SENTRY_DEBUG__||__SENTRY_DEBUG__)&&Pi.log("[Measurements] Adding CLS Data"),nl.sources.forEach(((t,n)=>e.setTag(`cls.source.${n+1}`,ui(t.node)))))}(e)}tl=void 0,nl=void 0,il={}}
0x3728df74c1e9 <JSFunction (sfi = 0x13b50ca74549)> ``: 643258
(n){if(e)return!!t.has(n)||(t.add(n),!1);for(let e=0;e<t.length;e++)if(t[e]===n)return!0;return t.push(n),!1}
0x17e1c3f33da9 <JSFunction wt (sfi = 0x800888874d9)> `wt`: 281411
e=>e.website
0x17e1c3f34c49 <JSFunction ii (sfi = 0xd8eb0079f29)> `ii`: 613409
(e){return"undefined"!=typeof Event&&si(e,Event)}
0x01876a8285a1 <JSFunction finish (sfi = 0x8008888e901)> `finish`: 682557
(e){if(void 0!==this.endTimestamp)return;this.name||(("undefined"==typeof __SENTRY_DEBUG__||__SENTRY_DEBUG__)&&Pi.warn("Transaction has no name, falling back to `<unlabeled transaction>`."),this.name="<unlabeled transaction>"),super.finish(e);const t=this._hub.getClient();if(t&&t.emit&&t.emit("finishTransaction",this),!0!==this.sampled)return("undefined"==typeof __SENTRY_DEBUG__||__SENTRY_DEBUG__)&&Pi.log("[Tracing] Discarding transaction because its trace was not chosen to be sampled."),void(t&&t.recordDroppedEvent("sample_rate","transaction"));const n=this.spanRecorder?this.spanRecorder.spans.filter((e=>e!==this&&e.endTimestamp)):[];this._trimEnd&&n.length>0&&(this.endTimestamp=n.reduce(((e,t)=>e.endTimestamp&&t.endTimestamp?e.endTimestamp>t.endTimestamp?e:t:e)).endTimestamp);const r=this.metadata,i={contexts:{...this._contexts,trace:this.getTraceContext()},spans:n,start_timestamp:this.startTimestamp,tags:this.tags,timestamp:this.endTimestamp,transaction:this.name,type:"transaction",sdkProcessingMetadata:{...r,dynamicSamplingContext:this.getDynamicSamplingContext()},...r.source&&{transaction_info:{source:r.source}}};return Object.keys(this._measurements).length>0&&(("undefined"==typeof __SENTRY_DEBUG__||__SENTRY_DEBUG__)&&Pi.log("[Measurements] Adding measurements to transaction",JSON.stringify(this._measurements,void 0,2)),i.measurements=this._measurements),("undefined"==typeof __SENTRY_DEBUG__||__SENTRY_DEBUG__)&&Pi.log(`[Tracing] Finishing ${this.op} transaction: ${this.name}.`),this._hub.captureEvent(i)}
0x3337012aa241 <JSFunction (sfi = 0x2c0307fbf769)> ``: 245344
(){return e(t())}
0x17e1c3f33491 <JSFunction q (sfi = 0xd8eb00763a9)> `q`: 263042
(e,t){t._=t.p.length;var n=t.p[0],r=void 0!==e&&e!==n;return t.h.g||Z("ES5").S(t,e,r),r?(n[ge].P&&(H(t),S(4)),C(e)&&(e=J(t,e),t.l||$(t,e)),t.u&&Z("Patches").M(n[ge].t,e,t.u,t.s)):e=J(t,n,[]),H(t),t.u&&t.v(t.u,t.s),e!==he?e:void 0}
0x223f307c74e1 <JSFunction _createRouteTransaction (sfi = 0x8008888f431)> `_createRouteTransaction`: 707301
(e){if(!this._getCurrentHub)return void(("undefined"==typeof __SENTRY_DEBUG__||__SENTRY_DEBUG__)&&Pi.warn(`[Tracing] Did not create ${e.op} transaction because _getCurrentHub is invalid.`));const{beforeNavigate:t,idleTimeout:n,finalTimeout:r,heartbeatInterval:i}=this.options,a="pageload"===e.op,o=a?pl("sentry-trace"):null,s=a?pl("baggage"):null,l=o?function(e){const t=e.match(Ls);if(!e||!t)return;let n;return"1"===t[3]?n=!0:"0"===t[3]&&(n=!1),{traceId:t[1],parentSampled:n,parentSpanId:t[2]}}(o):void 0,c=s?function(e){if(!ti(e)&&!Array.isArray(e))return;let t={};if(Array.isArray(e))t=e.reduce(((e,t)=>({...e,...Ys(t)})),{});else{if(!e)return;t=Ys(e)}const n=Object.entries(t).reduce(((e,[t,n])=>(t.match(Bs)&&(e[t.slice(Rs.length)]=n),e)),{});return Object.keys(n).length>0?n:void 0}(s):void 0,u={...e,...l,metadata:{...e.metadata,dynamicSamplingContext:l&&!c?{}:c},trimEnd:!0},d="function"==typeof t?t(u):u,f=void 0===d?{...u,sampled:!1}:d;f.metadata=f.name!==u.name?{...f.metadata,source:"custom"}:f.metadata,this._latestRouteName=f.name,this._latestRouteSource=f.metadata&&f.metadata.source,!1===f.sampled&&("undefined"==typeof __SENTRY_DEBUG__||__SENTRY_DEBUG__)&&Pi.log(`[Tracing] Will not send ${f.op} transaction because of beforeNavigate.`),("undefined"==typeof __SENTRY_DEBUG__||__SENTRY_DEBUG__)&&Pi.log(`[Tracing] Starting ${f.op} transaction on scope`);const p=this._getCurrentHub(),{location:h}=Us,m=js(p,f,n,r,!0,{location:h},i);return m.registerBeforeFinishCallback((e=>{this._collectWebVitals(),ol(e)})),m}
0x17e1c3f32f91 <JSFunction T (sfi = 0xd8eb0075d19)> `T`: 261478
(e,t,n){void 0===n&&(n=!1),0===x(e)?(n?Object.keys:be)(e).forEach((function(r){n&&"symbol"==typeof r||t(r,e[r],e)})):e.forEach((function(n,r){return t(r,n,e)}))}
0x09c0e1070151 <JSFunction (sfi = 0x31e513effda9)> ``: 261175
(e){if(!e||"object"!=typeof e)return!1;var t=Object.getPrototypeOf(e);if(null===t)return!0;var n=Object.hasOwnProperty.call(t,"constructor")&&t.constructor;return n===Object||"function"==typeof n&&Function.toString.call(n)===ye}
0x223f307c7df1 <JSFunction get name (sfi = 0x8008888e6b9)> `get name`: 682156
(){return this._name}
0x3728df74e291 <JSFunction (sfi = 0x13b50ca749f1)> ``: 644175
(e){const t=Object.getPrototypeOf(e);return t?t.constructor.name:"null prototype"}
0x17e1c3f34e49 <JSFunction hi (sfi = 0xd8eb007a1a9)> `hi`: 614853
(e,t,n=!1){return!!ti(e)&&(Kr(t,"RegExp")?t.test(e):!!ti(t)&&(n?e===t:e.includes(t)))}
0x1e6298c83851 <JSFunction (sfi = 0x13b50ca58c69)> ``: 683256
(e,t)=>e.endTimestamp&&t.endTimestamp?e.endTimestamp>t.endTimestamp?e:t:e
0x1e6298c85801 <JSFunction (sfi = 0x13b50ca73141)> ``: 643576
(e,t){try{if("domain"===e&&t&&"object"==typeof t&&t._events)return"[Domain]";if("domainEmitter"===e)return"[DomainEmitter]";if(void 0!==n.g&&t===n.g)return"[Global]";if("undefined"!=typeof window&&t===window)return"[Window]";if("undefined"!=typeof document&&t===document)return"[Document]";if(ri(r=t)&&"nativeEvent"in r&&"preventDefault"in r&&"stopPropagation"in r)return"[SyntheticEvent]";if("number"==typeof t&&t!=t)return"[NaN]";if("function"==typeof t)return`[Function: ${ma(t)}]`;if("symbol"==typeof t)return`[${String(t)}]`;if("bigint"==typeof t)return`[BigInt: ${String(t)}]`;const i=function(e){const t=Object.getPrototypeOf(e);return t?t.constructor.name:"null prototype"}(t);return/^HTML(\w*)Element$/.test(i)?`[HTMLElement: ${i}]`:`[object ${i}]`}catch(e){return`**non-serializable** (${e})`}var r}
0x387cc987f299 <JSFunction (sfi = 0x31e513effda9)> ``: 261175
(e){if(!e||"object"!=typeof e)return!1;var t=Object.getPrototypeOf(e);if(null===t)return!0;var n=Object.hasOwnProperty.call(t,"constructor")&&t.constructor;return n===Object||"function"==typeof n&&Function.toString.call(n)===ye}
0x09c0e1047281 <JSFunction (sfi = 0x13b50ca749f1)> ``: 644175
(e){const t=Object.getPrototypeOf(e);return t?t.constructor.name:"null prototype"}
0x17e1c3f34f09 <JSFunction Ii (sfi = 0xd8eb007a389)> `Ii`: 615342
(e){if(Jr(e))return{message:e.message,name:e.name,stack:e.stack,...Mi(e)};if(ii(e)){const t={type:e.type,target:wi(e.target),currentTarget:wi(e.currentTarget),...Mi(e)};return"undefined"!=typeof CustomEvent&&si(e,CustomEvent)&&(t.detail=e.detail),t}return e}
0x1be100cc2b39 <JSFunction Po (sfi = 0x1cdcdd94ee81)> `Po`: 146916
(e){var t=e.getSnapshot;e=e.value;try{var n=t();return!sr(e,n)}catch(e){return!0}}
0x1e6298c87019 <JSFunction (sfi = 0x22360b19bd79)> ``: 698496
(e,t,n){Ks(e,{op:"browser",description:"request",startTimestamp:n+$s(t.requestStart),endTimestamp:n+$s(t.responseEnd)}),Ks(e,{op:"browser",description:"response",startTimestamp:n+$s(t.responseStart),endTimestamp:n+$s(t.responseEnd)})}
0x17e1c3f36e71 <JSFunction sl (sfi = 0xd8eb007f501)> `sl`: 701808
(e,t,n,r,i,a){const o=a?t[a]:t[`${n}End`],s=t[`${n}Start`];s&&o&&Ks(e,{op:"browser",description:i||n,startTimestamp:r+$s(s),endTimestamp:r+$s(o)})}
0x1e6298c86fd9 <JSFunction (sfi = 0x22360b19a489)> ``: 698250
(e,t,n){["unloadEvent","redirect","domContentLoadedEvent","loadEvent","connect"].forEach((r=>{sl(e,t,r,n)})),sl(e,t,"secureConnection",n,"TLS/SSL","connectEnd"),sl(e,t,"fetch",n,"cache","domainLookupStart"),sl(e,t,"domainLookup",n,"DNS"),function(e,t,n){Ks(e,{op:"browser",description:"request",startTimestamp:n+$s(t.requestStart),endTimestamp:n+$s(t.responseEnd)}),Ks(e,{op:"browser",description:"response",startTimestamp:n+$s(t.responseStart),endTimestamp:n+$s(t.responseEnd)})}(e,t,n)}
0x09c0e10707f9 <JSFunction (sfi = 0x276c706b32a9)> ``: 279160
(e){return n(e,t)}
0x17e1c3f334d1 <JSFunction J (sfi = 0xd8eb00763f9)> `J`: 263282
(e,t,n){if(U(t))return t;var r=t[ge];if(!r)return T(t,(function(i,a){return K(e,r,t,i,a,n)}),!0),t;if(r.A!==e)return t;if(!r.P)return $(e,r.t,!0),r.t;if(!r.I){r.I=!0,r.A._--;var i=4===r.i||5===r.i?r.o=B(r.k):r.o;T(3===r.i?new Set(i):i,(function(t,a){return K(e,r,i,t,a,n)})),$(e,i,!1),n&&e.u&&Z("Patches").R(r,n,e.u,e.s)}return r.o}
0x17e1c3f34b89 <JSFunction ti (sfi = 0xd8eb0079e39)> `ti`: 613262
(e){return Kr(e,"String")}
0x1e6298c89679 <JSFunction (sfi = 0x13b50ca749f1)> ``: 644175
(e){const t=Object.getPrototypeOf(e);return t?t.constructor.name:"null prototype"}
0x223f307c74a9 <JSFunction add (sfi = 0x8008888de19)> `add`: 677733
(e){this.spans.length>this._maxlen?e.spanRecorder=void 0:this.spans.push(e)}
0x17e1c3f34e09 <JSFunction pi (sfi = 0xd8eb007a159)> `pi`: 614666
(e,t){if(!Array.isArray(e))return"";const n=[];for(let t=0;t<e.length;t++){const r=e[t];try{n.push(String(r))}catch(e){n.push("[value cannot be serialized]")}}return n.join(t)}
0x17e1c3f33551 <JSFunction $ (sfi = 0xd8eb0076499)> `$`: 263811
(e,t,n){void 0===n&&(n=!1),e.h.F&&e.m&&_(t,n)}
0x31e513efa8a9 <JSFunction produce (sfi = 0x31e513efa2d1)> `produce`: 269027
(e,n,r){if("function"==typeof e&&"function"!=typeof n){var i=n;n=e;var a=t;return function(e){var t=this;void 0===e&&(e=i);for(var r=arguments.length,o=Array(r>1?r-1:0),s=1;s<r;s++)o[s-1]=arguments[s];return a.produce(e,(function(e){var r;return(r=n).call.apply(r,[t,e].concat(o))}))}}var o;if("function"!=typeof n&&S(6),void 0!==r&&"function"!=typeof r&&S(7),C(e)){var s=V(t),l=ie(t,e,void 0),c=!0;try{o=n(l),c=!1}finally{c?H(s):F(s)}return"undefined"!=typeof Promise&&o instanceof Promise?o.then((function(e){return W(s,r),q(e,s)}),(function(e){throw H(s),e})):(W(s,r),q(o,s))}if(!e||"object"!=typeof e){if(void 0===(o=n(e))&&(o=e),o===he&&(o=void 0),t.F&&_(o,!0),r){var u=[],d=[];Z("Patches").M(e,o,u,d),r(u,d)}return o}S(21,e)}
0x1e6298c87059 <JSFunction (sfi = 0x22360b19a4c1)> ``: 698846
(e,t,n,r,i){const a=i+n,o=a+r;Ks(e,{description:t.name,endTimestamp:o,op:t.entryType,startTimestamp:a})}
0x1e6298c819a1 <JSFunction (sfi = 0x3de0dc4eda51)> ``: 698111
t=>{const r=$s(t.startTime),o=$s(t.duration);if(!("navigation"===e.op&&n+r<e.startTimestamp))switch(t.entryType){case"navigation":!function(e,t,n){["unloadEvent","redirect","domContentLoadedEvent","loadEvent","connect"].forEach((r=>{sl(e,t,r,n)})),sl(e,t,"secureConnection",n,"TLS/SSL","connectEnd"),sl(e,t,"fetch",n,"cache","domainLookupStart"),sl(e,t,"domainLookup",n,"DNS"),function(e,t,n){Ks(e,{op:"browser",description:"request",startTimestamp:n+$s(t.requestStart),endTimestamp:n+$s(t.responseEnd)}),Ks(e,{op:"browser",description:"response",startTimestamp:n+$s(t.responseStart),endTimestamp:n+$s(t.responseEnd)})}(e,t,n)}(e,t,n),i=n+$s(t.responseStart),a=n+$s(t.requestStart);break;case"mark":case"paint":case"measure":{!function(e,t,n,r,i){const a=i+n,o=a+r;Ks(e,{description:t.name,endTimestamp:o,op:t.entryType,startTimestamp:a})}(e,t,r,o,n);const i=Xs(),a=t.startTime<i.firstHiddenTime;"first-paint"===t.name&&a&&(("undefined"==typeof __SENTRY_DEBUG__||__SENTRY_DEBUG__)&&Pi.log("[Measurements] Adding FP"),il.fp={value:t.startTime,unit:"millisecond"}),"first-contentful-paint"===t.name&&a&&(("undefined"==typeof __SENTRY_DEBUG__||__SENTRY_DEBUG__)&&Pi.log("[Measurements] Adding FCP"),il.fcp={value:t.startTime,unit:"millisecond"});break}case"resource":{const i=t.name.replace(Us.location.origin,"");!function(e,t,n,r,i,a){if("xmlhttprequest"===t.initiatorType||"fetch"===t.initiatorType)return;const o={};"transferSize"in t&&(o["http.response_transfer_size"]=t.transferSize);"encodedBodySize"in t&&(o["http.response_content_length"]=t.encodedBodySize);"decodedBodySize"in t&&(o["http.decoded_response_content_length"]=t.decodedBodySize);"renderBlockingStatus"in t&&(o["resource.render_blocking_status"]=t.renderBlockingStatus);const s=a+r;Ks(e,{description:n,endTimestamp:s+i,op:t.initiatorType?`resource.${t.initiatorType}`:"resource.other",startTimestamp:s,data:o})}(e,t,i,r,o,n);break}}}
0x17e1c3f36d29 <JSFunction Ks (sfi = 0xd8eb007f011)> `Ks`: 695852
(e,{startTimestamp:t,...n}){return t&&e.startTimestamp>t&&(e.startTimestamp=t),e.startChild({startTimestamp:t,...n})}
0x223f307c7001 <JSFunction routingInstrumentation (sfi = 0x8008888f2b1)> `routingInstrumentation`: 704500
(e,t=!0,n=!0){if(!Us||!Us.location)return void(("undefined"==typeof __SENTRY_DEBUG__||__SENTRY_DEBUG__)&&Pi.warn("Could not initialize routing instrumentation due to invalid location"));let r,i=Us.location.href;t&&(r=e({name:Us.location.pathname,startTimestamp:Ri.Z1?Ri.Z1/1e3:void 0,op:"pageload",metadata:{source:"url"}})),n&&Ea("history",(({to:t,from:n})=>{void 0===n&&i&&-1!==i.indexOf(t)?i=void 0:n!==t&&(i=void 0,r&&(("undefined"==typeof __SENTRY_DEBUG__||__SENTRY_DEBUG__)&&Pi.log(`[Tracing] Finishing current transaction with op: ${r.op}`),r.finish()),r=e({name:Us.location.pathname,op:"navigation",metadata:{source:"url"}}))}))}
0x210094546511 <JSFunction u (sfi = 0x276c706b2009)> `u`: 278861
(e,t){void 0===e&&(e=i());var n=Qe([o[t.type]],s.filter((function(e){return(0,e.matcher)(t)})).map((function(e){return e.reducer})));return 0===n.filter((function(e){return!!e})).length&&(n=[l]),n.reduce((function(e,n){if(n){var r;if(N(e))return void 0===(r=n(e,t))?e:r;if(C(e))return Se(e,(function(e){return n(e,t)}));if(void 0===(r=n(e,t))){if(null===e)return e;throw Error("A case reducer on a non-draftable value must not return undefined")}return r}return e}),e)}
0x223f307c7551 <JSFunction getSpan (sfi = 0x8008888a3c9)> `getSpan`: 622799
(){return this._span}

** Taint source functions: 


