[82502:82557:0927/042532.533791:ERROR:bus.cc(399)] Failed to connect to the bus: Failed to connect to socket /var/run/dbus/system_bus_socket: No such file or directory
[82502:82557:0927/042532.534046:ERROR:bus.cc(399)] Failed to connect to the bus: Failed to connect to socket /var/run/dbus/system_bus_socket: No such file or directory
[82502:82556:0927/042532.540058:ERROR:bus.cc(399)] Failed to connect to the bus: Could not parse server address: Unknown address type (examples of valid types are "tcp" and on UNIX "unix")
[82502:82556:0927/042532.540156:ERROR:bus.cc(399)] Failed to connect to the bus: Could not parse server address: Unknown address type (examples of valid types are "tcp" and on UNIX "unix")
[82502:82502:0927/042532.547075:ERROR:network_service_instance_impl.cc(459)] Deprecated value for --net-log-capture-mode. Use IncludeSensitive instead
[82564:82564:0927/042532.561476:WARNING:angle_platform_impl.cc(48)] vk_utils.cpp:353 (GetAvailableValidationLayers): Vulkan validation layers are missing.
[82502:82502:0927/042532.570846:WARNING:account_consistency_mode_manager.cc(70)] Desktop Identity Consistency cannot be enabled as no OAuth client ID and client secret have been configured.
[82502:82556:0927/042532.583092:ERROR:bus.cc(399)] Failed to connect to the bus: Could not parse server address: Unknown address type (examples of valid types are "tcp" and on UNIX "unix")
[82502:82556:0927/042532.583156:ERROR:bus.cc(399)] Failed to connect to the bus: Could not parse server address: Unknown address type (examples of valid types are "tcp" and on UNIX "unix")
[82564:82564:0927/042532.615234:WARNING:sandbox_linux.cc(380)] InitializeSandbox() called with multiple threads in process gpu-process.
[82502:82556:0927/042532.632165:ERROR:bus.cc(399)] Failed to connect to the bus: Could not parse server address: Unknown address type (examples of valid types are "tcp" and on UNIX "unix")
[82502:82556:0927/042532.632291:ERROR:bus.cc(399)] Failed to connect to the bus: Could not parse server address: Unknown address type (examples of valid types are "tcp" and on UNIX "unix")
[82564:82564:0927/042532.738022:ERROR:gpu_memory_buffer_support_x11.cc(44)] dri3 extension not supported.
[82606:82606:0927/042532.741868:ERROR:runtime_enabled_features.cc(2498)] RuntimeEnabledFeature not recognized: ShadowDOMV0
[82607:82607:0927/042532.742957:ERROR:runtime_enabled_features.cc(2498)] RuntimeEnabledFeature not recognized: ShadowDOMV0
[82502:82502:0927/042532.783539:WARNING:bluez_dbus_manager.cc(247)] Floss manager not present, cannot set Floss enable/disable.
[82502:82626:0927/042532.829277:ERROR:bus.cc(399)] Failed to connect to the bus: Failed to connect to socket /var/run/dbus/system_bus_socket: No such file or directory
[82502:82626:0927/042532.829336:ERROR:bus.cc(399)] Failed to connect to the bus: Failed to connect to socket /var/run/dbus/system_bus_socket: No such file or directory
[82502:82626:0927/042532.829390:ERROR:bus.cc(399)] Failed to connect to the bus: Failed to connect to socket /var/run/dbus/system_bus_socket: No such file or directory
[82502:82626:0927/042532.829404:WARNING:property.cc(144)] DaemonVersion: GetAndBlock: failed.
[82502:82626:0927/042532.829429:ERROR:bus.cc(399)] Failed to connect to the bus: Failed to connect to socket /var/run/dbus/system_bus_socket: No such file or directory
[82502:82626:0927/042532.829454:ERROR:bus.cc(399)] Failed to connect to the bus: Failed to connect to socket /var/run/dbus/system_bus_socket: No such file or directory
[82629:82629:0927/042532.963717:ERROR:runtime_enabled_features.cc(2498)] RuntimeEnabledFeature not recognized: ShadowDOMV0
[82629:82638:0927/042533.003054:INFO:dispatcher.cc(588)] MarkAsExtensionContext (Background mv3): [chrome-extension://mdfgkcdjgpgoeclhefnjgmollcckpedk/service-worker.js]
[82502:82502:0927/042533.048845:INFO:CONSOLE(1)] "Uninstall URL set", source: chrome-extension://mdfgkcdjgpgoeclhefnjgmollcckpedk/service-worker.js (1)
[82651:82651:0927/042533.660096:ERROR:runtime_enabled_features.cc(2498)] RuntimeEnabledFeature not recognized: ShadowDOMV0
[82673:82673:0927/042534.147166:ERROR:runtime_enabled_features.cc(2498)] RuntimeEnabledFeature not recognized: ShadowDOMV0
[82502:82502:0927/042534.197408:INFO:CONSOLE(0)] "Error with Permissions-Policy header: Unrecognized feature: 'ambient-light-sensor'.", source:  (0)
[82502:82502:0927/042534.197648:INFO:CONSOLE(0)] "Error with Permissions-Policy header: Unrecognized feature: 'bluetooth'.", source:  (0)
[82629:82638:0927/042535.184621:INFO:api_binding.cc(635)] 0:{"files":["./content-scripts/content.js"],"target":{"allFrames":false,"tabId":407738392}}

[82502:82502:0927/042535.191403:INFO:optimization_guide_logger.cc(42)] ../../components/optimization_guide/content/browser/salient_image_retriever.cc(92)  page_url=https://www.instagram.com/xqgtiti/ Salient Image URL: https://scontent-atl3-1.cdninstagram.com/v/t51.2885-19/375174621_2298294637225726_5144496426769592186_n.jpg?stp=dst-jpg_s100x100&_nc_cat=109&ccb=1-7&_nc_sid=8ae9d6&_nc_ohc=t1eSXmds74EAX8EH4sj&_nc_ht=scontent-atl3-1.cdninstagram.com&oh=00_AfCQmiM_xd9MuDqJyfxX7VRAV_J7JJnY4BkEPawc4-gn0A&oe=6508B468
[82502:82502:0927/042536.386908:INFO:optimization_guide_logger.cc(42)] ../../components/optimization_guide/content/browser/salient_image_retriever.cc(92)  page_url=https://www.instagram.com/xqgtiti/ Salient Image URL: https://scontent-atl3-1.cdninstagram.com/v/t51.2885-19/375174621_2298294637225726_5144496426769592186_n.jpg?stp=dst-jpg_s100x100&_nc_cat=109&ccb=1-7&_nc_sid=8ae9d6&_nc_ohc=t1eSXmds74EAX8EH4sj&_nc_ht=scontent-atl3-1.cdninstagram.com&oh=00_AfCQmiM_xd9MuDqJyfxX7VRAV_J7JJnY4BkEPawc4-gn0A&oe=6508B468
[82502:82502:0927/042540.763804:INFO:CONSOLE(59)] "ErrorUtils caught an error:

No hash for rsrcIndex 93 (rev: 1008662111, cohort: HYP:instagram_web_pkg). ["{\"hash\":\"csr:_a_0_3i\",\"rev\":1008662111,\"type\":\"csr\",\"src\":\":93,40\",\"c\":1,\"tsrc\":null}"]

Subsequent non-fatal errors won't be logged; see https://fburl.com/debugjs.", source: https://static.cdninstagram.com/rsrc.php/v3/ys/r/m-391j4JoBJ.js?_nc_x=Ij3Wp8lg5Kz (59)
[82502:82502:0927/042542.689633:INFO:CONSOLE(20)] "profile head ok", source: https://www.instagram.com/xqgtiti/ (20)
[82502:82502:0927/042542.691128:INFO:CONSOLE(24)] "xqgtiti
Edit Profile
View archive
2 posts
0 followers
13 following
Erin
 
she
This is me!!!!
google.com", source: https://www.instagram.com/xqgtiti/ (24)
[82502:82502:0927/042542.691637:INFO:CONSOLE(30)] "post list ok", source: https://www.instagram.com/xqgtiti/ (30)
[82502:82502:0927/042542.736334:INFO:optimization_guide_logger.cc(42)] ../../components/optimization_guide/content/browser/salient_image_retriever.cc(92)  page_url=https://www.instagram.com/xqgtiti/ Salient Image URL: https://scontent-atl3-1.cdninstagram.com/v/t51.2885-19/375174621_2298294637225726_5144496426769592186_n.jpg?stp=dst-jpg_s100x100&_nc_cat=109&ccb=1-7&_nc_sid=8ae9d6&_nc_ohc=t1eSXmds74EAX8EH4sj&_nc_ht=scontent-atl3-1.cdninstagram.com&oh=00_AfCQmiM_xd9MuDqJyfxX7VRAV_J7JJnY4BkEPawc4-gn0A&oe=6508B468
[82502:82502:0927/042542.804330:INFO:CONSOLE(0)] "Error with Permissions-Policy header: Unrecognized feature: 'ambient-light-sensor'.", source:  (0)
[82502:82502:0927/042542.804781:INFO:CONSOLE(0)] "Error with Permissions-Policy header: Unrecognized feature: 'bluetooth'.", source:  (0)
[82502:82502:0927/042542.978788:INFO:optimization_guide_logger.cc(42)] ../../components/optimization_guide/content/browser/salient_image_retriever.cc(92)  page_url=https://www.instagram.com/xqgtiti/ Salient Image URL: https://scontent-atl3-1.cdninstagram.com/v/t51.2885-19/375174621_2298294637225726_5144496426769592186_n.jpg?stp=dst-jpg_s100x100&_nc_cat=109&ccb=1-7&_nc_sid=8ae9d6&_nc_ohc=t1eSXmds74EAX8EH4sj&_nc_ht=scontent-atl3-1.cdninstagram.com&oh=00_AfCQmiM_xd9MuDqJyfxX7VRAV_J7JJnY4BkEPawc4-gn0A&oe=6508B468
[82502:82502:0927/042543.011377:INFO:CONSOLE(0)] "Error with Permissions-Policy header: Unrecognized feature: 'ambient-light-sensor'.", source:  (0)
[82502:82502:0927/042543.011882:INFO:CONSOLE(0)] "Error with Permissions-Policy header: Unrecognized feature: 'bluetooth'.", source:  (0)
[82502:82502:0927/042543.027957:INFO:CONSOLE(106)] "[Report Only] Refused to load the image 'https://googleads.g.doubleclick.net/pagead/viewthroughconversion/858885276/?value=1.00&currency_code=USD&label=qGVACPj3of0DEJyZxpkD&guid=ON&script=0' because it violates the following Content Security Policy directive: "img-src *.instagram.com *.facebook.com *.fbcdn.net data: blob: *.cdninstagram.com *.fbsbx.com android-webview-video-poster: *.giphy.com *.teststagram.com *.igsonar.com *.google-analytics.com".
", source: https://www.instagram.com/paid_ads/generete_pixels/? (106)
[82502:82502:0927/042543.100117:INFO:CONSOLE(0)] "[Report Only] Refused to load the image 'https://www.google.com/pagead/1p-user-list/858885276/?value=1.00&currency_code=USD&label=qGVACPj3of0DEJyZxpkD&guid=ON&script=0&is_vtc=1&random=4068221117' because it violates the following Content Security Policy directive: "img-src *.instagram.com *.facebook.com *.fbcdn.net data: blob: *.cdninstagram.com *.fbsbx.com android-webview-video-poster: *.giphy.com *.teststagram.com *.igsonar.com *.google-analytics.com".
", source: https://www.instagram.com/paid_ads/generete_pixels/? (0)
[82502:82502:0927/042543.318559:INFO:optimization_guide_logger.cc(42)] ../../components/optimization_guide/content/browser/salient_image_retriever.cc(92)  page_url=https://www.instagram.com/xqgtiti/ Salient Image URL: https://scontent-atl3-1.cdninstagram.com/v/t51.2885-19/375174621_2298294637225726_5144496426769592186_n.jpg?stp=dst-jpg_s100x100&_nc_cat=109&ccb=1-7&_nc_sid=8ae9d6&_nc_ohc=t1eSXmds74EAX8EH4sj&_nc_ht=scontent-atl3-1.cdninstagram.com&oh=00_AfCQmiM_xd9MuDqJyfxX7VRAV_J7JJnY4BkEPawc4-gn0A&oe=6508B468
[82651:82651:0927/042545.516772:INFO:local_window_proxy.cc(253)] MarkAsExtensionContext (Content Script): ["https://www.instagram.com/xqgtiti/"]
[82502:82502:0927/042545.830372:INFO:CONSOLE(1)] "true", source: chrome-extension://mdfgkcdjgpgoeclhefnjgmollcckpedk/content-scripts/content.js (1)
[82502:82502:0927/042546.287056:INFO:CONSOLE(1)] "[Report Only] Refused to create a worker from 'blob:https://www.instagram.com/dd308b0c-18a1-4c4b-b107-aeb69b9a8294' because it violates the following Content Security Policy directive: "worker-src *.instagram.com/static_resources/webworker_v1/init_script/ *.instagram.com/static_resources/webworker/init_script/ *.instagram.com/static_resources/sharedworker/init_script/ *.instagram.com/www-service-worker.js".
", source: chrome-extension://mdfgkcdjgpgoeclhefnjgmollcckpedk/content-scripts/content.js (1)
[82502:82502:0927/042552.423683:INFO:CONSOLE(0)] "[Report Only] Refused to create a worker from 'blob:https://www.instagram.com/dd308b0c-18a1-4c4b-b107-aeb69b9a8294' because it violates the following Content Security Policy directive: "worker-src *.instagram.com/static_resources/webworker_v1/init_script/ *.instagram.com/static_resources/webworker/init_script/ *.instagram.com/static_resources/sharedworker/init_script/ *.instagram.com/www-service-worker.js".
", source: https://www.instagram.com/xqgtiti/ (0)
[82502:82502:0927/042552.493353:INFO:CONSOLE(1)] "%c action %cside-panel/setIsSidePanelMinimized %c@ 04:25:52.484 color: gray; font-weight: lighter; color: inherit; color: gray; font-weight: lighter;", source: chrome-extension://mdfgkcdjgpgoeclhefnjgmollcckpedk/content-scripts/content.js (1)
[82502:82502:0927/042552.514830:INFO:CONSOLE(1)] "%c prev state color: #9E9E9E; font-weight: bold [object Object]", source: chrome-extension://mdfgkcdjgpgoeclhefnjgmollcckpedk/content-scripts/content.js (1)
[82502:82502:0927/042552.523515:INFO:CONSOLE(1)] "%c action     color: #03A9F4; font-weight: bold [object Object]", source: chrome-extension://mdfgkcdjgpgoeclhefnjgmollcckpedk/content-scripts/content.js (1)
[82502:82502:0927/042552.536902:INFO:CONSOLE(1)] "%c next state color: #4CAF50; font-weight: bold [object Object]", source: chrome-extension://mdfgkcdjgpgoeclhefnjgmollcckpedk/content-scripts/content.js (1)
[82502:82502:0927/042552.537636:INFO:CONSOLE(1)] "console.groupEnd", source: chrome-extension://mdfgkcdjgpgoeclhefnjgmollcckpedk/content-scripts/content.js (1)
[82502:82502:0927/042552.541775:INFO:CONSOLE(1)] "%c action %cside-panel/setSearchResultsExpanded %c@ 04:25:52.537 color: gray; font-weight: lighter; color: inherit; color: gray; font-weight: lighter;", source: chrome-extension://mdfgkcdjgpgoeclhefnjgmollcckpedk/content-scripts/content.js (1)
[82502:82502:0927/042552.555313:INFO:CONSOLE(1)] "%c prev state color: #9E9E9E; font-weight: bold [object Object]", source: chrome-extension://mdfgkcdjgpgoeclhefnjgmollcckpedk/content-scripts/content.js (1)
[82502:82502:0927/042552.563464:INFO:CONSOLE(1)] "%c action     color: #03A9F4; font-weight: bold [object Object]", source: chrome-extension://mdfgkcdjgpgoeclhefnjgmollcckpedk/content-scripts/content.js (1)
[82502:82502:0927/042552.576650:INFO:CONSOLE(1)] "%c next state color: #4CAF50; font-weight: bold [object Object]", source: chrome-extension://mdfgkcdjgpgoeclhefnjgmollcckpedk/content-scripts/content.js (1)
[82502:82502:0927/042552.577176:INFO:CONSOLE(1)] "console.groupEnd", source: chrome-extension://mdfgkcdjgpgoeclhefnjgmollcckpedk/content-scripts/content.js (1)
[82502:82502:0927/042552.596600:INFO:CONSOLE(1)] "%c INFO %c  %c04:25:52 background-color: rgb(70,180,220); color: #FFF;  background-color: rgb(230, 230, 230); BrandDataDetector.init() | cached brand data loading...", source: chrome-extension://mdfgkcdjgpgoeclhefnjgmollcckpedk/service-worker.js (1)
[82502:82502:0927/042552.599011:INFO:CONSOLE(1)] "%c INFO %c  %c04:25:52 background-color: rgb(70,180,220); color: #FFF;  background-color: rgb(230, 230, 230); BrandDataDetector.init() | cached brand data not exist.", source: chrome-extension://mdfgkcdjgpgoeclhefnjgmollcckpedk/service-worker.js (1)
[82502:82502:0927/042552.600103:INFO:CONSOLE(1)] "%c INFO %c  %c04:25:52 background-color: rgb(70,180,220); color: #FFF;  background-color: rgb(230, 230, 230); BrandDataDetector.fetchBrandsDataFromServer() | brand data from API loading...", source: chrome-extension://mdfgkcdjgpgoeclhefnjgmollcckpedk/service-worker.js (1)
[82502:82502:0927/042552.712482:INFO:CONSOLE(1)] "%c INFO %c  %c04:25:52 background-color: rgb(70,180,220); color: #FFF;  background-color: rgb(230, 230, 230); Sidebar minimized view is hidden until fashion = false, this website is fashion = undefined", source: chrome-extension://mdfgkcdjgpgoeclhefnjgmollcckpedk/content-scripts/content.js (1)
[82693:82693:0927/042552.799387:ERROR:runtime_enabled_features.cc(2498)] RuntimeEnabledFeature not recognized: ShadowDOMV0
[82651:82651:0927/042552.800393:INFO:local_window_proxy.cc(253)] MarkAsExtensionContext (Content Script): ["about:blank"]
[82502:82502:0927/042552.817294:INFO:CONSOLE(0)] "Error with Permissions-Policy header: Unrecognized feature: 'ambient-light-sensor'.", source:  (0)
[82502:82502:0927/042552.817598:INFO:CONSOLE(0)] "Error with Permissions-Policy header: Unrecognized feature: 'bluetooth'.", source:  (0)
[82502:82502:0927/042553.837291:INFO:optimization_guide_logger.cc(42)] ../../components/optimization_guide/content/browser/salient_image_retriever.cc(92)  page_url=https://www.instagram.com/xqgtiti/ Salient Image URL: https://scontent-atl3-1.cdninstagram.com/v/t51.2885-19/375174621_2298294637225726_5144496426769592186_n.jpg?stp=dst-jpg_s100x100&_nc_cat=109&ccb=1-7&_nc_sid=8ae9d6&_nc_ohc=t1eSXmds74EAX8EH4sj&_nc_ht=scontent-atl3-1.cdninstagram.com&oh=00_AfCQmiM_xd9MuDqJyfxX7VRAV_J7JJnY4BkEPawc4-gn0A&oe=6508B468
[82502:82502:0927/042553.837621:INFO:CONSOLE(1)] "%c INFO %c  %c04:25:53 background-color: rgb(70,180,220); color: #FFF;  background-color: rgb(230, 230, 230); BrandDataDetector.fetchBrandsDataFromServer() | brand data from API loaded successfully.", source: chrome-extension://mdfgkcdjgpgoeclhefnjgmollcckpedk/service-worker.js (1)
[82502:82502:0927/042553.892203:INFO:CONSOLE(1)] "%c action %cwebsite/setTfSearchResults %c@ 04:25:53.880 color: gray; font-weight: lighter; color: inherit; color: gray; font-weight: lighter;", source: chrome-extension://mdfgkcdjgpgoeclhefnjgmollcckpedk/content-scripts/content.js (1)
[82502:82502:0927/042553.907153:INFO:CONSOLE(1)] "%c prev state color: #9E9E9E; font-weight: bold [object Object]", source: chrome-extension://mdfgkcdjgpgoeclhefnjgmollcckpedk/content-scripts/content.js (1)
[82502:82502:0927/042553.918117:INFO:CONSOLE(1)] "%c action     color: #03A9F4; font-weight: bold [object Object]", source: chrome-extension://mdfgkcdjgpgoeclhefnjgmollcckpedk/content-scripts/content.js (1)
[82502:82502:0927/042553.933004:INFO:CONSOLE(1)] "%c next state color: #4CAF50; font-weight: bold [object Object]", source: chrome-extension://mdfgkcdjgpgoeclhefnjgmollcckpedk/content-scripts/content.js (1)
[82502:82502:0927/042553.933460:INFO:CONSOLE(1)] "console.groupEnd", source: chrome-extension://mdfgkcdjgpgoeclhefnjgmollcckpedk/content-scripts/content.js (1)
[82502:82502:0927/042553.941952:INFO:CONSOLE(1)] "%c action %cside-panel/setSearchImageUrl %c@ 04:25:53.933 color: gray; font-weight: lighter; color: inherit; color: gray; font-weight: lighter;", source: chrome-extension://mdfgkcdjgpgoeclhefnjgmollcckpedk/content-scripts/content.js (1)
[82502:82502:0927/042553.957592:INFO:CONSOLE(1)] "%c prev state color: #9E9E9E; font-weight: bold [object Object]", source: chrome-extension://mdfgkcdjgpgoeclhefnjgmollcckpedk/content-scripts/content.js (1)
[82502:82502:0927/042553.966361:INFO:CONSOLE(1)] "%c action     color: #03A9F4; font-weight: bold [object Object]", source: chrome-extension://mdfgkcdjgpgoeclhefnjgmollcckpedk/content-scripts/content.js (1)
[82502:82502:0927/042553.979967:INFO:CONSOLE(1)] "%c next state color: #4CAF50; font-weight: bold [object Object]", source: chrome-extension://mdfgkcdjgpgoeclhefnjgmollcckpedk/content-scripts/content.js (1)
[82502:82502:0927/042553.980408:INFO:CONSOLE(1)] "console.groupEnd", source: chrome-extension://mdfgkcdjgpgoeclhefnjgmollcckpedk/content-scripts/content.js (1)
[82502:82502:0927/042556.145288:INFO:CONSOLE(0)] "Error in event handler: TypeError: Cannot read properties of undefined (reading 'newValue')
    at chrome-extension://mdfgkcdjgpgoeclhefnjgmollcckpedk/content-scripts/content.js:1:387749", source: https://www.instagram.com/xqgtiti/ (0)
[82502:82502:0927/042556.187844:INFO:CONSOLE(1)] "%c INFO %c  %c04:25:56 background-color: rgb(70,180,220); color: #FFF;  background-color: rgb(230, 230, 230); BrandNameDetector.init() | cached brand names loading...", source: chrome-extension://mdfgkcdjgpgoeclhefnjgmollcckpedk/service-worker.js (1)
[82502:82502:0927/042556.192404:INFO:CONSOLE(1)] "%c INFO %c  %c04:25:56 background-color: rgb(70,180,220); color: #FFF;  background-color: rgb(230, 230, 230); BrandNameDetector.init() | cached brand names not exist.", source: chrome-extension://mdfgkcdjgpgoeclhefnjgmollcckpedk/service-worker.js (1)
[82502:82502:0927/042556.192604:INFO:CONSOLE(1)] "%c INFO %c  %c04:25:56 background-color: rgb(70,180,220); color: #FFF;  background-color: rgb(230, 230, 230); BrandNameDetector.fetchBrandsNamesFromServer() | brand names from API loading...", source: chrome-extension://mdfgkcdjgpgoeclhefnjgmollcckpedk/service-worker.js (1)
[82502:82502:0927/042556.977778:INFO:CONSOLE(1)] "%c INFO %c  %c04:25:56 background-color: rgb(70,180,220); color: #FFF;  background-color: rgb(230, 230, 230); BrandNameDetector.fetchBrandsNamesFromServer() | brand names from API loaded successfully.", source: chrome-extension://mdfgkcdjgpgoeclhefnjgmollcckpedk/service-worker.js (1)
[82502:82502:0927/042558.754163:INFO:optimization_guide_logger.cc(42)] ../../components/optimization_guide/core/hints_manager.cc(523) Hint cache initialized
[82502:82502:0927/042602.540240:INFO:CONSOLE(0)] "Error in event handler: TypeError: Cannot read properties of undefined (reading 'newValue')
    at chrome-extension://mdfgkcdjgpgoeclhefnjgmollcckpedk/content-scripts/content.js:1:387749", source: https://www.instagram.com/xqgtiti/ (0)
[82502:82502:0927/042602.553237:INFO:CONSOLE(1)] "%c INFO %c  %c04:26:02 background-color: rgb(70,180,220); color: #FFF;  background-color: rgb(230, 230, 230); FashionWebsitesList.init() | fashion websites list loading...", source: chrome-extension://mdfgkcdjgpgoeclhefnjgmollcckpedk/service-worker.js (1)
[82502:82502:0927/042602.555496:INFO:CONSOLE(1)] "%c INFO %c  %c04:26:02 background-color: rgb(70,180,220); color: #FFF;  background-color: rgb(230, 230, 230); FashionWebsitesList.init() | cached fashion websites list not exist.", source: chrome-extension://mdfgkcdjgpgoeclhefnjgmollcckpedk/service-worker.js (1)
[82502:82502:0927/042602.556467:INFO:CONSOLE(1)] "%c INFO %c  %c04:26:02 background-color: rgb(70,180,220); color: #FFF;  background-color: rgb(230, 230, 230); FashionWebsitesList.fetchFromServer() | fashion websites list loading from API...", source: chrome-extension://mdfgkcdjgpgoeclhefnjgmollcckpedk/service-worker.js (1)
[82502:82502:0927/042602.735953:INFO:CONSOLE(1)] "%c INFO %c  %c04:26:02 background-color: rgb(70,180,220); color: #FFF;  background-color: rgb(230, 230, 230); FashionWebsitesList.fetchFromServer() | fashion websites list loaded successfully from API.", source: chrome-extension://mdfgkcdjgpgoeclhefnjgmollcckpedk/service-worker.js (1)
[82502:82502:0927/042602.758403:INFO:CONSOLE(0)] "Error in event handler: TypeError: Cannot read properties of undefined (reading 'newValue')
    at chrome-extension://mdfgkcdjgpgoeclhefnjgmollcckpedk/content-scripts/content.js:1:387749", source: https://www.instagram.com/xqgtiti/ (0)
[82502:82502:0927/042603.725679:INFO:CONSOLE(1)] "%c INFO %c  %c04:26:03 background-color: rgb(70,180,220); color: #FFF;  background-color: rgb(230, 230, 230); SHADE | product cards detector | website not supported: "www.instagram.com"", source: chrome-extension://mdfgkcdjgpgoeclhefnjgmollcckpedk/content-scripts/content.js (1)
[82502:82502:0927/042603.843699:INFO:CONSOLE(1)] "%c INFO %c  %c04:26:03 background-color: rgb(70,180,220); color: #FFF;  background-color: rgb(230, 230, 230); SHADE | website fashion detection | metaInfo = "erin (@xqgtiti) • instagram photos and videos 0 followers, 13 following, 2 posts – see instagram photos and videos from erin (@xqgtiti)"", source: chrome-extension://mdfgkcdjgpgoeclhefnjgmollcckpedk/content-scripts/content.js (1)
[82502:82502:0927/042603.853016:INFO:CONSOLE(1)] "%c INFO %c  %c04:26:03 background-color: rgb(70,180,220); color: #FFF;  background-color: rgb(230, 230, 230); SHADE | website fashion detection | keywords list match = false", source: chrome-extension://mdfgkcdjgpgoeclhefnjgmollcckpedk/content-scripts/content.js (1)
[82502:82502:0927/042603.860060:INFO:CONSOLE(1)] "%c INFO %c  %c04:26:03 background-color: rgb(70,180,220); color: #FFF;  background-color: rgb(230, 230, 230); SHADE | website fashion detection | isKeywordsList1Match and isKeywordsList2Match is false, not fashion", source: chrome-extension://mdfgkcdjgpgoeclhefnjgmollcckpedk/content-scripts/content.js (1)
[82502:82502:0927/042603.867578:INFO:CONSOLE(1)] "%c INFO %c  %c04:26:03 background-color: rgb(70,180,220); color: #FFF;  background-color: rgb(230, 230, 230); SHADE | website fashion detection | website NOT fashion", source: chrome-extension://mdfgkcdjgpgoeclhefnjgmollcckpedk/content-scripts/content.js (1)
[82502:82502:0927/042603.876331:INFO:CONSOLE(1)] "%c action %cwebsite/setWebsiteIsFashion %c@ 04:26:03.867 color: gray; font-weight: lighter; color: inherit; color: gray; font-weight: lighter;", source: chrome-extension://mdfgkcdjgpgoeclhefnjgmollcckpedk/content-scripts/content.js (1)
[82502:82502:0927/042603.889813:INFO:CONSOLE(1)] "%c prev state color: #9E9E9E; font-weight: bold [object Object]", source: chrome-extension://mdfgkcdjgpgoeclhefnjgmollcckpedk/content-scripts/content.js (1)
[82502:82502:0927/042603.898161:INFO:CONSOLE(1)] "%c action     color: #03A9F4; font-weight: bold [object Object]", source: chrome-extension://mdfgkcdjgpgoeclhefnjgmollcckpedk/content-scripts/content.js (1)
[82502:82502:0927/042603.911244:INFO:CONSOLE(1)] "%c next state color: #4CAF50; font-weight: bold [object Object]", source: chrome-extension://mdfgkcdjgpgoeclhefnjgmollcckpedk/content-scripts/content.js (1)
[82502:82502:0927/042603.911889:INFO:CONSOLE(1)] "console.groupEnd", source: chrome-extension://mdfgkcdjgpgoeclhefnjgmollcckpedk/content-scripts/content.js (1)
[82502:82502:0927/042604.058175:INFO:CONSOLE(1)] "%c INFO %c  %c04:26:04 background-color: rgb(70,180,220); color: #FFF;  background-color: rgb(230, 230, 230); SHADE | website brand detection | url without the start: "www.instagram.com/xqgtiti/"", source: chrome-extension://mdfgkcdjgpgoeclhefnjgmollcckpedk/content-scripts/content.js (1)
[82502:82502:0927/042604.070996:INFO:CONSOLE(1)] "%c INFO %c  %c04:26:04 background-color: rgb(70,180,220); color: #FFF;  background-color: rgb(230, 230, 230); SHADE | website brand detection | removed "www": "instagram.com/xqgtiti/"", source: chrome-extension://mdfgkcdjgpgoeclhefnjgmollcckpedk/content-scripts/content.js (1)
[82502:82502:0927/042604.084894:INFO:CONSOLE(1)] "%c INFO %c  %c04:26:04 background-color: rgb(70,180,220); color: #FFF;  background-color: rgb(230, 230, 230); SHADE | website brand detection | before the dot: "instagram"", source: chrome-extension://mdfgkcdjgpgoeclhefnjgmollcckpedk/content-scripts/content.js (1)
[82502:82502:0927/042604.104163:INFO:CONSOLE(1)] "%c INFO %c  %c04:26:04 background-color: rgb(70,180,220); color: #FFF;  background-color: rgb(230, 230, 230); SHADE | website brand detection | list of possible names: instagram", source: chrome-extension://mdfgkcdjgpgoeclhefnjgmollcckpedk/content-scripts/content.js (1)
[82502:82502:0927/042635.015360:INFO:optimization_guide_logger.cc(42)] ../../components/optimization_guide/core/hints_manager.cc(388) Received OptimizationHints component version: 413
[82502:82502:0927/042635.015451:INFO:optimization_guide_logger.cc(42)] ../../components/optimization_guide/core/hints_manager.cc(433) Processing OptimizationHints component version: 413
[82502:82502:0927/042635.015674:INFO:optimization_guide_logger.cc(42)] ../../components/optimization_guide/core/hints_manager.cc(570) Component successfully processed
[82502:82502:0927/042635.015739:INFO:optimization_guide_logger.cc(42)] ../../components/optimization_guide/core/hints_manager.cc(505) Loaded optimization filter for HistoryClusters
