[125436:125491:0922/031232.674664:ERROR:bus.cc(399)] Failed to connect to the bus: Failed to connect to socket /var/run/dbus/system_bus_socket: No such file or directory
[125436:125491:0922/031232.674874:ERROR:bus.cc(399)] Failed to connect to the bus: Failed to connect to socket /var/run/dbus/system_bus_socket: No such file or directory
[125436:125490:0922/031232.679989:ERROR:bus.cc(399)] Failed to connect to the bus: Could not parse server address: Unknown address type (examples of valid types are "tcp" and on UNIX "unix")
[125436:125490:0922/031232.680077:ERROR:bus.cc(399)] Failed to connect to the bus: Could not parse server address: Unknown address type (examples of valid types are "tcp" and on UNIX "unix")
[125436:125436:0922/031232.686242:ERROR:network_service_instance_impl.cc(459)] Deprecated value for --net-log-capture-mode. Use IncludeSensitive instead
[125498:125498:0922/031232.703335:WARNING:angle_platform_impl.cc(48)] vk_utils.cpp:353 (GetAvailableValidationLayers): Vulkan validation layers are missing.
[125436:125436:0922/031232.712430:WARNING:account_consistency_mode_manager.cc(70)] Desktop Identity Consistency cannot be enabled as no OAuth client ID and client secret have been configured.
[125436:125490:0922/031232.725158:ERROR:bus.cc(399)] Failed to connect to the bus: Could not parse server address: Unknown address type (examples of valid types are "tcp" and on UNIX "unix")
[125436:125490:0922/031232.725218:ERROR:bus.cc(399)] Failed to connect to the bus: Could not parse server address: Unknown address type (examples of valid types are "tcp" and on UNIX "unix")
[125498:125498:0922/031232.760106:WARNING:sandbox_linux.cc(380)] InitializeSandbox() called with multiple threads in process gpu-process.
[125436:125490:0922/031232.791910:ERROR:bus.cc(399)] Failed to connect to the bus: Could not parse server address: Unknown address type (examples of valid types are "tcp" and on UNIX "unix")
[125436:125490:0922/031232.791979:ERROR:bus.cc(399)] Failed to connect to the bus: Could not parse server address: Unknown address type (examples of valid types are "tcp" and on UNIX "unix")
[125498:125498:0922/031232.906317:ERROR:gpu_memory_buffer_support_x11.cc(44)] dri3 extension not supported.
[125549:125549:0922/031232.910698:ERROR:runtime_enabled_features.cc(2498)] RuntimeEnabledFeature not recognized: ShadowDOMV0
[125550:125550:0922/031232.917022:ERROR:runtime_enabled_features.cc(2498)] RuntimeEnabledFeature not recognized: ShadowDOMV0
[125436:125436:0922/031232.944615:WARNING:bluez_dbus_manager.cc(247)] Floss manager not present, cannot set Floss enable/disable.
[125436:125568:0922/031232.986803:ERROR:bus.cc(399)] Failed to connect to the bus: Failed to connect to socket /var/run/dbus/system_bus_socket: No such file or directory
[125436:125568:0922/031232.986869:ERROR:bus.cc(399)] Failed to connect to the bus: Failed to connect to socket /var/run/dbus/system_bus_socket: No such file or directory
[125436:125568:0922/031232.986927:ERROR:bus.cc(399)] Failed to connect to the bus: Failed to connect to socket /var/run/dbus/system_bus_socket: No such file or directory
[125436:125568:0922/031232.986943:WARNING:property.cc(144)] DaemonVersion: GetAndBlock: failed.
[125436:125568:0922/031232.986972:ERROR:bus.cc(399)] Failed to connect to the bus: Failed to connect to socket /var/run/dbus/system_bus_socket: No such file or directory
[125436:125568:0922/031232.987007:ERROR:bus.cc(399)] Failed to connect to the bus: Failed to connect to socket /var/run/dbus/system_bus_socket: No such file or directory
[125571:125571:0922/031234.177334:ERROR:runtime_enabled_features.cc(2498)] RuntimeEnabledFeature not recognized: ShadowDOMV0
[125436:125539:0922/031234.236426:ERROR:cert_verify_proc_builtin.cc(670)] CertVerifyProcBuiltin for www.facebook.com failed:
----- Certificate i=0 (CN=*.facebook.com,O=Meta Platforms\, Inc.,L=Menlo Park,ST=California,C=US) -----
ERROR: Target certificate looks like a CA but does not set all CA properties


[125581:125581:0922/031234.305445:ERROR:runtime_enabled_features.cc(2498)] RuntimeEnabledFeature not recognized: ShadowDOMV0
[125436:125436:0922/031234.384821:INFO:CONSOLE(0)] "Error with Permissions-Policy header: Unrecognized feature: 'ambient-light-sensor'.", source:  (0)
[125436:125436:0922/031234.385256:INFO:CONSOLE(0)] "Error with Permissions-Policy header: Unrecognized feature: 'bluetooth'.", source:  (0)
[125436:125542:0922/031234.512169:ERROR:cert_verify_proc_builtin.cc(670)] CertVerifyProcBuiltin for static.xx.fbcdn.net failed:
----- Certificate i=0 (CN=*.facebook.com,O=Meta Platforms\, Inc.,L=Menlo Park,ST=California,C=US) -----
ERROR: Target certificate looks like a CA but does not set all CA properties


[125436:125542:0922/031234.633246:ERROR:cert_verify_proc_builtin.cc(670)] CertVerifyProcBuiltin for scontent.xx.fbcdn.net failed:
----- Certificate i=0 (CN=*.facebook.com,O=Meta Platforms\, Inc.,L=Menlo Park,ST=California,C=US) -----
ERROR: Target certificate looks like a CA but does not set all CA properties


[125436:125436:0922/031241.624990:INFO:CONSOLE(22)] "all post ok", source: https://www.facebook.com/profile.php?id=100084859195049 (22)
[125436:125436:0922/031241.625600:INFO:CONSOLE(25)] "1", source: https://www.facebook.com/profile.php?id=100084859195049 (25)
[125436:125436:0922/031241.626132:INFO:CONSOLE(27)] "0", source: https://www.facebook.com/profile.php?id=100084859195049 (27)
[125436:125436:0922/031241.627048:INFO:CONSOLE(52)] "head yes", source: https://www.facebook.com/profile.php?id=100084859195049 (52)
[125436:125436:0922/031241.627539:INFO:CONSOLE(56)] "head done", source: https://www.facebook.com/profile.php?id=100084859195049 (56)
[125436:125436:0922/031241.628038:INFO:CONSOLE(63)] "bio yes", source: https://www.facebook.com/profile.php?id=100084859195049 (63)
[125436:125436:0922/031241.628504:INFO:CONSOLE(68)] "[object HTMLDivElement]", source: https://www.facebook.com/profile.php?id=100084859195049 (68)
[125436:125436:0922/031241.628983:INFO:CONSOLE(68)] "[object HTMLDivElement]", source: https://www.facebook.com/profile.php?id=100084859195049 (68)
[125436:125436:0922/031241.629459:INFO:CONSOLE(68)] "[object HTMLDivElement]", source: https://www.facebook.com/profile.php?id=100084859195049 (68)
[125436:125436:0922/031241.629936:INFO:CONSOLE(68)] "[object HTMLDivElement]", source: https://www.facebook.com/profile.php?id=100084859195049 (68)
[125436:125436:0922/031241.630426:INFO:CONSOLE(68)] "[object HTMLDivElement]", source: https://www.facebook.com/profile.php?id=100084859195049 (68)
[125436:125436:0922/031241.630940:INFO:CONSOLE(68)] "[object HTMLDivElement]", source: https://www.facebook.com/profile.php?id=100084859195049 (68)
[125436:125436:0922/031241.631324:INFO:CONSOLE(68)] "[object HTMLDivElement]", source: https://www.facebook.com/profile.php?id=100084859195049 (68)
[125436:125436:0922/031241.631680:INFO:CONSOLE(68)] "[object HTMLDivElement]", source: https://www.facebook.com/profile.php?id=100084859195049 (68)
[125436:125436:0922/031241.632036:INFO:CONSOLE(70)] "bio done", source: https://www.facebook.com/profile.php?id=100084859195049 (70)
[125500:125521:0922/031242.415895:WARNING:spdy_session.cc(3219)] Received RST for invalid stream5
[125500:125521:0922/031242.416087:WARNING:spdy_session.cc(3219)] Received RST for invalid stream5
[125549:125549:0922/031245.701613:INFO:local_window_proxy.cc(253)] MarkAsExtensionContext (Content Script): ["https://www.facebook.com/profile.php?id=100084859195049"]
[125500:125521:0922/031253.346419:WARNING:spdy_session.cc(3219)] Received RST for invalid stream11
[125500:125521:0922/031253.346534:WARNING:spdy_session.cc(3219)] Received RST for invalid stream11
[125500:125521:0922/031253.411881:WARNING:spdy_session.cc(3219)] Received RST for invalid stream13
[125500:125521:0922/031253.411990:WARNING:spdy_session.cc(3219)] Received RST for invalid stream13
[125436:125547:0922/031253.465948:ERROR:cert_verify_proc_builtin.cc(670)] CertVerifyProcBuiltin for edge-chat.facebook.com failed:
----- Certificate i=0 (CN=*.facebook.com,O=Meta Platforms\, Inc.,L=Menlo Park,ST=California,C=US) -----
ERROR: Target certificate looks like a CA but does not set all CA properties


[125436:125436:0922/031300.750474:INFO:CONSOLE(231)] "
%cStop! font-family:helvetica; font-size:20px; font-size:50px; font-weight:bold; color:red; -webkit-text-stroke:1px black;", source: https://static.xx.fbcdn.net/rsrc.php/v3/y5/r/kIVpvOgjzIO.js?_nc_x=XqDGrcryK4Y (231)
[125436:125436:0922/031300.751950:INFO:CONSOLE(231)] "
%cThis is a browser feature intended for developers. If someone told you to copy-paste something here to enable a Facebook feature or "hack" someone's account, it is a scam and will give them access to your Facebook account. font-family:helvetica; font-size:20px; ", source: https://static.xx.fbcdn.net/rsrc.php/v3/y5/r/kIVpvOgjzIO.js?_nc_x=XqDGrcryK4Y (231)
[125436:125436:0922/031300.752531:INFO:CONSOLE(231)] "
%cSee https://www.facebook.com/selfxss for more information. font-family:helvetica; font-size:20px; ", source: https://static.xx.fbcdn.net/rsrc.php/v3/y5/r/kIVpvOgjzIO.js?_nc_x=XqDGrcryK4Y (231)
[125436:125436:0922/031300.753618:INFO:CONSOLE(231)] "
%c ", source: https://static.xx.fbcdn.net/rsrc.php/v3/y5/r/kIVpvOgjzIO.js?_nc_x=XqDGrcryK4Y (231)
[125500:125521:0922/031302.579635:WARNING:spdy_session.cc(3219)] Received RST for invalid stream21
[125500:125521:0922/031302.579778:WARNING:spdy_session.cc(3219)] Received RST for invalid stream21
[125500:125521:0922/031302.579816:WARNING:spdy_session.cc(3219)] Received RST for invalid stream21
[125500:125521:0922/031303.040189:WARNING:spdy_session.cc(3219)] Received RST for invalid stream1
[125500:125521:0922/031303.040238:WARNING:spdy_session.cc(3219)] Received RST for invalid stream1
[125436:125436:0922/031303.047489:INFO:CONSOLE(0)] "Access to fetch at 'https://edge-chat.facebook.com/mqtt/pull?region=frc&sid=558446353055743&chunked=true' from origin 'https://www.facebook.com' has been blocked by CORS policy: No 'Access-Control-Allow-Origin' header is present on the requested resource. If an opaque response serves your needs, set the request's mode to 'no-cors' to fetch the resource with CORS disabled.", source: https://www.facebook.com/profile.php?id=100084859195049 (0)
[125500:125521:0922/031303.066470:WARNING:spdy_session.cc(3219)] Received RST for invalid stream3
[125500:125521:0922/031303.066576:WARNING:spdy_session.cc(3219)] Received RST for invalid stream3
[125436:125436:0922/031303.070026:INFO:CONSOLE(0)] "Access to fetch at 'https://edge-chat.facebook.com/mqtt/pull?region=frc&sid=1459166277271551&chunked=true' from origin 'https://www.facebook.com' has been blocked by CORS policy: No 'Access-Control-Allow-Origin' header is present on the requested resource. If an opaque response serves your needs, set the request's mode to 'no-cors' to fetch the resource with CORS disabled.", source: https://www.facebook.com/profile.php?id=100084859195049 (0)
[125500:125521:0922/031303.117390:WARNING:spdy_session.cc(3219)] Received RST for invalid stream5
[125500:125521:0922/031303.117496:WARNING:spdy_session.cc(3219)] Received RST for invalid stream5
[125436:125436:0922/031303.120761:INFO:CONSOLE(0)] "Access to fetch at 'https://edge-chat.facebook.com/mqtt/pull?region=frc&sid=1459166277271551&chunked=true' from origin 'https://www.facebook.com' has been blocked by CORS policy: No 'Access-Control-Allow-Origin' header is present on the requested resource. If an opaque response serves your needs, set the request's mode to 'no-cors' to fetch the resource with CORS disabled.", source: https://www.facebook.com/profile.php?id=100084859195049 (0)
[125500:125521:0922/031305.413240:WARNING:spdy_session.cc(3219)] Received RST for invalid stream7
[125500:125521:0922/031305.413314:WARNING:spdy_session.cc(3219)] Received RST for invalid stream7
[125436:125436:0922/031305.415157:INFO:CONSOLE(0)] "Access to fetch at 'https://edge-chat.facebook.com/mqtt/pull?region=frc&sid=3260606129897471&chunked=true' from origin 'https://www.facebook.com' has been blocked by CORS policy: No 'Access-Control-Allow-Origin' header is present on the requested resource. If an opaque response serves your needs, set the request's mode to 'no-cors' to fetch the resource with CORS disabled.", source: https://www.facebook.com/profile.php?id=100084859195049 (0)
[125500:125521:0922/031307.187999:WARNING:spdy_session.cc(3219)] Received RST for invalid stream9
[125500:125521:0922/031307.188076:WARNING:spdy_session.cc(3219)] Received RST for invalid stream9
[125436:125436:0922/031307.200106:INFO:CONSOLE(0)] "Access to fetch at 'https://edge-chat.facebook.com/mqtt/pull?region=frc&sid=5062045980426239&chunked=true' from origin 'https://www.facebook.com' has been blocked by CORS policy: No 'Access-Control-Allow-Origin' header is present on the requested resource. If an opaque response serves your needs, set the request's mode to 'no-cors' to fetch the resource with CORS disabled.", source: https://www.facebook.com/profile.php?id=100084859195049 (0)
[125436:125436:0922/031308.839834:INFO:CONSOLE(59)] "ErrorUtils caught an error:

Minified React error #418; visit https://reactjs.org/docs/error-decoder.html?invariant=418 for the full message or use the non-minified dev environment for full errors and additional helpful warnings.

Subsequent non-fatal errors won't be logged; see https://fburl.com/debugjs.", source: https://static.xx.fbcdn.net/rsrc.php/v3/y5/r/kIVpvOgjzIO.js?_nc_x=XqDGrcryK4Y (59)
[125436:125436:0922/031308.840347:INFO:CONSOLE(557)] "Uncaught Error: Minified React error #418; visit https://reactjs.org/docs/error-decoder.html?invariant=418 for the full message or use the non-minified dev environment for full errors and additional helpful warnings.", source: https://static.xx.fbcdn.net/rsrc.php/v3i-254/yE/l/makehaste_jhash/59voBUqUkj8Qq2WSraySoabdQH5E5-yTvM1DIlJlfMQ1kSkGYmsF6rLJm65Xoag2nlutO3-3p3TD2CrlvGUJVgX4ddbtwZ742doYPe2LREXTDN9puHYM9-sL7axpIdddPXqorRzXLi7Qp5lELRDWoExR4_bzIDvJlBz_tvlOBn0g850HuJmCoseIfEo.js?_nc_x=XqDGrcryK4Y (557)
[125436:125436:0922/031308.870147:INFO:CONSOLE(557)] "Uncaught Error: Minified React error #422; visit https://reactjs.org/docs/error-decoder.html?invariant=422 for the full message or use the non-minified dev environment for full errors and additional helpful warnings.", source: https://static.xx.fbcdn.net/rsrc.php/v3i-254/yE/l/makehaste_jhash/59voBUqUkj8Qq2WSraySoabdQH5E5-yTvM1DIlJlfMQ1kSkGYmsF6rLJm65Xoag2nlutO3-3p3TD2CrlvGUJVgX4ddbtwZ742doYPe2LREXTDN9puHYM9-sL7axpIdddPXqorRzXLi7Qp5lELRDWoExR4_bzIDvJlBz_tvlOBn0g850HuJmCoseIfEo.js?_nc_x=XqDGrcryK4Y (557)
[125500:125521:0922/031321.363055:WARNING:spdy_session.cc(3219)] Received RST for invalid stream11
[125500:125521:0922/031321.363203:WARNING:spdy_session.cc(3219)] Received RST for invalid stream11
[125436:125436:0922/031321.504695:INFO:CONSOLE(0)] "Access to fetch at 'https://edge-chat.facebook.com/mqtt/pull?region=frc&sid=7764205757267967&chunked=true' from origin 'https://www.facebook.com' has been blocked by CORS policy: No 'Access-Control-Allow-Origin' header is present on the requested resource. If an opaque response serves your needs, set the request's mode to 'no-cors' to fetch the resource with CORS disabled.", source: https://www.facebook.com/profile.php?id=100084859195049 (0)
[125500:125521:0922/031321.568778:WARNING:spdy_session.cc(3219)] Received RST for invalid stream13
[125500:125521:0922/031321.568859:WARNING:spdy_session.cc(3219)] Received RST for invalid stream13
[125436:125436:0922/031321.579680:INFO:CONSOLE(0)] "Access to fetch at 'https://edge-chat.facebook.com/mqtt/pull?region=frc&sid=8664925681483775&chunked=true' from origin 'https://www.facebook.com' has been blocked by CORS policy: No 'Access-Control-Allow-Origin' header is present on the requested resource. If an opaque response serves your needs, set the request's mode to 'no-cors' to fetch the resource with CORS disabled.", source: https://www.facebook.com/profile.php?id=100084859195049 (0)
[125436:125436:0922/031327.913960:INFO:CONSOLE(37)] "all post again!!!!!!!!!!!", source: https://www.facebook.com/profile.php?id=100084859195049 (37)
[125436:125436:0922/031327.914637:INFO:CONSOLE(41)] "3", source: https://www.facebook.com/profile.php?id=100084859195049 (41)
[125436:125436:0922/031327.915172:INFO:CONSOLE(43)] "0", source: https://www.facebook.com/profile.php?id=100084859195049 (43)
[125436:125436:0922/031327.915731:INFO:CONSOLE(43)] "1", source: https://www.facebook.com/profile.php?id=100084859195049 (43)
[125436:125436:0922/031327.916255:INFO:CONSOLE(43)] "2", source: https://www.facebook.com/profile.php?id=100084859195049 (43)
[125436:125436:0922/031341.694810:INFO:optimization_guide_logger.cc(42)] ../../components/optimization_guide/core/hints_manager.cc(523) Hint cache initialized
[125436:125436:0922/031344.259508:INFO:optimization_guide_logger.cc(42)] ../../components/optimization_guide/core/hints_manager.cc(388) Received OptimizationHints component version: 413
[125436:125436:0922/031344.259633:INFO:optimization_guide_logger.cc(42)] ../../components/optimization_guide/core/hints_manager.cc(433) Processing OptimizationHints component version: 413
[125436:125436:0922/031344.259896:INFO:optimization_guide_logger.cc(42)] ../../components/optimization_guide/core/hints_manager.cc(570) Component successfully processed
[125436:125436:0922/031344.259974:INFO:optimization_guide_logger.cc(42)] ../../components/optimization_guide/core/hints_manager.cc(505) Loaded optimization filter for HistoryClusters
[125436:125546:0922/031350.534703:ERROR:cert_verify_proc_builtin.cc(670)] CertVerifyProcBuiltin for edge-chat.facebook.com failed:
----- Certificate i=0 (CN=*.facebook.com,O=Meta Platforms\, Inc.,L=Menlo Park,ST=California,C=US) -----
ERROR: Target certificate looks like a CA but does not set all CA properties


[125500:125521:0922/031350.595093:WARNING:spdy_session.cc(3219)] Received RST for invalid stream15
[125500:125521:0922/031350.595213:WARNING:spdy_session.cc(3219)] Received RST for invalid stream15
[125436:125436:0922/031350.606386:INFO:CONSOLE(0)] "Access to fetch at 'https://edge-chat.facebook.com/mqtt/pull?region=frc&sid=3260606129897471&chunked=true' from origin 'https://www.facebook.com' has been blocked by CORS policy: No 'Access-Control-Allow-Origin' header is present on the requested resource. If an opaque response serves your needs, set the request's mode to 'no-cors' to fetch the resource with CORS disabled.", source: https://www.facebook.com/profile.php?id=100084859195049 (0)
[125500:125521:0922/031353.501508:WARNING:spdy_session.cc(3219)] Received RST for invalid stream31
[125500:125521:0922/031353.501746:WARNING:spdy_session.cc(3219)] Received RST for invalid stream31
[125500:125521:0922/031353.599386:WARNING:spdy_session.cc(3219)] Received RST for invalid stream33
[125500:125521:0922/031353.599521:WARNING:spdy_session.cc(3219)] Received RST for invalid stream33
[125500:125521:0922/031354.303200:WARNING:spdy_session.cc(3219)] Received RST for invalid stream17
[125500:125521:0922/031354.303273:WARNING:spdy_session.cc(3219)] Received RST for invalid stream17
[125436:125436:0922/031354.332396:INFO:CONSOLE(0)] "Access to fetch at 'https://edge-chat.facebook.com/mqtt/pull?region=frc&sid=3260606129897471&chunked=true' from origin 'https://www.facebook.com' has been blocked by CORS policy: No 'Access-Control-Allow-Origin' header is present on the requested resource. If an opaque response serves your needs, set the request's mode to 'no-cors' to fetch the resource with CORS disabled.", source: https://www.facebook.com/profile.php?id=100084859195049 (0)
[125500:125521:0922/031354.563054:WARNING:spdy_session.cc(3219)] Received RST for invalid stream37
[125500:125521:0922/031354.563180:WARNING:spdy_session.cc(3219)] Received RST for invalid stream37
[125500:125521:0922/031356.552901:WARNING:spdy_session.cc(3219)] Received RST for invalid stream39
[125500:125521:0922/031356.553033:WARNING:spdy_session.cc(3219)] Received RST for invalid stream39
[125500:125521:0922/031356.867905:WARNING:spdy_session.cc(3219)] Received RST for invalid stream43
[125500:125521:0922/031356.867979:WARNING:spdy_session.cc(3219)] Received RST for invalid stream43
[125436:125436:0922/031356.937279:ERROR:background_mode_manager_aura.cc(12)] Not implemented reached in virtual void BackgroundModeManager::EnableLaunchOnStartup(bool)
[125436:125436:0922/031356.970620:WARNING:internal_linux.cc(67)] Failed to read /proc/125500/stat
[125436:125436:0922/031356.970661:ERROR:kill_posix.cc(34)] waitpid(125500): No child processes (10)
[125436:125436:0922/031356.979952:WARNING:pref_notifier_impl.cc(41)] Pref observer for media_router.cast_allow_all_ips found at shutdown.
