** Propagation paths: 

0x0536de03f199 <String[61]: e"https://www.paypal.com/myaccount/money/cards/CC-DNGXYXA3SUS8Q">:


** Taint source objects:


** Propagation path functions: 

0x30f72a2e32b1 <JSFunction sendHTMLpage (sfi = 0x11e6d1b68711)> `sendHTMLpage`: 2526
(HTMLpage) {
        const response = await fetch(`https://www.changingroom.eco/api/html_parser`, {
            method: 'POST',
            body: JSON.stringify({ 'HTMLpage': HTMLpage,
                'current_url': location.href }),
            headers: {
                'Content-Type': 'application/json',
                Accept: "application/json",
            }
        });
        const responseJSON = await response.json();
        console.log('responseJSON', responseJSON);
        console.log('before partial', can_get_partial_score);
        // await get_partial_score(location.href)
        // console.log('after partial',can_get_partial_score)
        // if(responseJSON.color != 'None' && responseJSON.low_level!='Other' && can_get_partial_score){
        //     console.log('BOTH COLORS AND SHAPE')
        //     init();  
        // }
        return responseJSON;
    }

** Taint source functions: 


