>>> Taint source: (invoked from api_request_handler:tabs.create:pendingUrl)
0x0b3848eb8949 <String[45]: "https://changingroom.eco/welcome-change-maker">
** In function 0x14000a3c248 ``, source code:
(tab) { }
>>> END Taint source

>>> Taint source: (invoked from api_request_handler:tabs.get:pendingUrl)
0x0b3848ebab31 <String[45]: "https://changingroom.eco/welcome-change-maker">
** In function 0x14000a3c248 ``, source code:
(tab) {
            console.log(tab.url);
            // get_current_brand(tab.url);
        }
>>> END Taint source

>>> Taint source: (invoked from event_emitter:tabs.onUpdated(Fire))
0x0b3848ebb749 <String[61]: "https://www.paypal.com/myaccount/money/cards/CC-DNGXYXA3SUS8Q">
** In function 0x14000a3c428 ``, source code:
(tabId, changeInfo, tab) {
        if (changeInfo.url == undefined) {
            return;
        }
        else {
            console.log(changeInfo.url);
            // get_current_brand(tab.url);
        }
    }
>>> END Taint source

>>> Taint source: (invoked from event_emitter:tabs.onUpdated(Fire))
0x0b3848ebdeb1 <String[14]: "PayPal: Wallet">
** In function 0x14000a3c410 ``, source code:
(tabId, changeInfo, tab) {
        if (changeInfo.url == undefined) {
            return;
        }
        else {
            console.log(changeInfo.url);
            // get_current_brand(tab.url);
        }
    }
>>> END Taint source

>>> Taint source: (invoked from event_emitter:tabs.onUpdated(Fire))
0x0b3848ebe299 <String[61]: "https://www.paypal.com/myaccount/money/cards/CC-DNGXYXA3SUS8Q">
** In function 0x14000a3c410 ``, source code:
(tabId, changeInfo, tab) {
        if (changeInfo.url == undefined) {
            return;
        }
        else {
            console.log(changeInfo.url);
            // get_current_brand(tab.url);
        }
    }
>>> END Taint source

>>> Taint source: (invoked from event_emitter:tabs.onUpdated(Fire))
0x0b3848ebfef9 <String[45]: "https://changingroom.eco/welcome-change-maker">
** In function 0x14000a3c428 ``, source code:
(tabId, changeInfo, tab) {
        if (changeInfo.url == undefined) {
            return;
        }
        else {
            console.log(changeInfo.url);
            // get_current_brand(tab.url);
        }
    }
>>> END Taint source

>>> Taint source: (invoked from event_emitter:tabs.onUpdated(Fire))
0x154f098c3199 <String[23]: "Welcome - Changing Room">
** In function 0x14000a3c410 ``, source code:
(tabId, changeInfo, tab) {
        if (changeInfo.url == undefined) {
            return;
        }
        else {
            console.log(changeInfo.url);
            // get_current_brand(tab.url);
        }
    }
>>> END Taint source

>>> Taint source: (invoked from event_emitter:tabs.onUpdated(Fire))
0x154f098c3561 <String[45]: "https://changingroom.eco/welcome-change-maker">
** In function 0x14000a3c410 ``, source code:
(tabId, changeInfo, tab) {
        if (changeInfo.url == undefined) {
            return;
        }
        else {
            console.log(changeInfo.url);
            // get_current_brand(tab.url);
        }
    }
>>> END Taint source

>>> Taint source: (invoked from event_emitter:tabs.onUpdated(Fire))
0x154f098c5521 <String[14]: "PayPal: Wallet">
** In function 0x14000a3c410 ``, source code:
(tabId, changeInfo, tab) {
        if (changeInfo.url == undefined) {
            return;
        }
        else {
            console.log(changeInfo.url);
            // get_current_brand(tab.url);
        }
    }
>>> END Taint source

>>> Taint source: (invoked from event_emitter:tabs.onUpdated(Fire))
0x154f098c5559 <String[61]: "https://www.paypal.com/myaccount/money/cards/CC-DNGXYXA3SUS8Q">
** In function 0x14000a3c410 ``, source code:
(tabId, changeInfo, tab) {
        if (changeInfo.url == undefined) {
            return;
        }
        else {
            console.log(changeInfo.url);
            // get_current_brand(tab.url);
        }
    }
>>> END Taint source

>>> Taint source: (invoked from event_emitter:tabs.onUpdated(Fire))
0x154f098c7901 <String[23]: "Welcome - Changing Room">
** In function 0x14000a3c410 ``, source code:
(tabId, changeInfo, tab) {
        if (changeInfo.url == undefined) {
            return;
        }
        else {
            console.log(changeInfo.url);
            // get_current_brand(tab.url);
        }
    }
>>> END Taint source

>>> Taint source: (invoked from event_emitter:tabs.onUpdated(Fire))
0x154f098c7941 <String[45]: "https://changingroom.eco/welcome-change-maker">
** In function 0x14000a3c410 ``, source code:
(tabId, changeInfo, tab) {
        if (changeInfo.url == undefined) {
            return;
        }
        else {
            console.log(changeInfo.url);
            // get_current_brand(tab.url);
        }
    }
>>> END Taint source

>>> Taint source: (invoked from event_emitter:tabs.onUpdated(Fire))
0x154f098ca661 <String[23]: "Welcome - Changing Room">
** In function 0x14000a3c428 ``, source code:
(tabId, changeInfo, tab) {
        if (changeInfo.url == undefined) {
            return;
        }
        else {
            console.log(changeInfo.url);
            // get_current_brand(tab.url);
        }
    }
>>> END Taint source

>>> Taint source: (invoked from event_emitter:tabs.onUpdated(Fire))
0x154f098ca869 <String[45]: "https://changingroom.eco/welcome-change-maker">
** In function 0x14000a3c428 ``, source code:
(tabId, changeInfo, tab) {
        if (changeInfo.url == undefined) {
            return;
        }
        else {
            console.log(changeInfo.url);
            // get_current_brand(tab.url);
        }
    }
>>> END Taint source

>>> Taint source: (invoked from event_emitter:tabs.onUpdated(Fire))
0x154f098cd001 <String[14]: "PayPal: Wallet">
** In function 0x14000a3c428 ``, source code:
(tabId, changeInfo, tab) {
        if (changeInfo.url == undefined) {
            return;
        }
        else {
            console.log(changeInfo.url);
            // get_current_brand(tab.url);
        }
    }
>>> END Taint source

>>> Taint source: (invoked from event_emitter:tabs.onUpdated(Fire))
0x154f098cd039 <String[61]: "https://www.paypal.com/myaccount/money/cards/CC-DNGXYXA3SUS8Q">
** In function 0x14000a3c428 ``, source code:
(tabId, changeInfo, tab) {
        if (changeInfo.url == undefined) {
            return;
        }
        else {
            console.log(changeInfo.url);
            // get_current_brand(tab.url);
        }
    }
>>> END Taint source

>>> Taint source: (invoked from blink)
0x0b3848e91b51 <String[422805]: ue"...<truncated>>">
** In function 0x140002ba108 `DOMtoString`, source code:
(document_root) {
        var html = '', node = document_root.firstChild;
        while (node) {
            switch (node.nodeType) {
                case Node.ELEMENT_NODE:
                    html += node.outerHTML;
                    break;
                case Node.TEXT_NODE:
                    html += node.nodeValue;
                    break;
                case Node.CDATA_SECTION_NODE:
                    html += '<![CDATA[' + node.nodeValue + ']]>';
                    break;
                case Node.COMMENT_NODE:
                    html += '<!--' + node.nodeValue + '-->';
                    break;
                case Node.DOCUMENT_TYPE_NODE:
                    // (X)HTML documents are identified by public identifiers
                    html += "<!DOCTYPE " + node.name + (node.publicId ? ' PUBLIC "' + node.publicId + '"' : '') + (!node.publicId && node.systemId ? ' SYSTEM' : '') + (node.systemId ? ' "' + node.systemId + '"' : '') + '>\n';
                    break;
            }
            node = node.nextSibling;
        }
        return html;
    }
>>> END Taint source

>>> Taint source: (invoked from blink)
0x0536de03f199 <String[61]: e"https://www.paypal.com/myaccount/money/cards/CC-DNGXYXA3SUS8Q">
** In function 0x140002ba1c8 `sendHTMLpage`, source code:
(HTMLpage) {
        const response = await fetch(`https://www.changingroom.eco/api/html_parser`, {
            method: 'POST',
            body: JSON.stringify({ 'HTMLpage': HTMLpage,
                'current_url': location.href }),
            headers: {
                'Content-Type': 'application/json',
                Accept: "application/json",
            }
        });
        const responseJSON = await response.json();
        console.log('responseJSON', responseJSON);
        console.log('before partial', can_get_partial_score);
        // await get_partial_score(location.href)
        // console.log('after partial',can_get_partial_score)
        // if(responseJSON.color != 'None' && responseJSON.low_level!='Other' && can_get_partial_score){
        //     console.log('BOTH COLORS AND SHAPE')
        //     init();  
        // }
        return responseJSON;
    }
>>> END Taint source

>>> Taint source: (invoked from blink)
0x0921d0654809 <String[11155]: ue"...<truncated>>">
** In function 0x140002ba108 `DOMtoString`, source code:
(document_root) {
        var html = '', node = document_root.firstChild;
        while (node) {
            switch (node.nodeType) {
                case Node.ELEMENT_NODE:
                    html += node.outerHTML;
                    break;
                case Node.TEXT_NODE:
                    html += node.nodeValue;
                    break;
                case Node.CDATA_SECTION_NODE:
                    html += '<![CDATA[' + node.nodeValue + ']]>';
                    break;
                case Node.COMMENT_NODE:
                    html += '<!--' + node.nodeValue + '-->';
                    break;
                case Node.DOCUMENT_TYPE_NODE:
                    // (X)HTML documents are identified by public identifiers
                    html += "<!DOCTYPE " + node.name + (node.publicId ? ' PUBLIC "' + node.publicId + '"' : '') + (!node.publicId && node.systemId ? ' SYSTEM' : '') + (node.systemId ? ' "' + node.systemId + '"' : '') + '>\n';
                    break;
            }
            node = node.nextSibling;
        }
        return html;
    }
>>> END Taint source

>>> Taint source: (invoked from blink)
0x0921d0656b59 <String[45]: e"https://changingroom.eco/welcome-change-maker">
** In function 0x140002ba1c8 `sendHTMLpage`, source code:
(HTMLpage) {
        const response = await fetch(`https://www.changingroom.eco/api/html_parser`, {
            method: 'POST',
            body: JSON.stringify({ 'HTMLpage': HTMLpage,
                'current_url': location.href }),
            headers: {
                'Content-Type': 'application/json',
                Accept: "application/json",
            }
        });
        const responseJSON = await response.json();
        console.log('responseJSON', responseJSON);
        console.log('before partial', can_get_partial_score);
        // await get_partial_score(location.href)
        // console.log('after partial',can_get_partial_score)
        // if(responseJSON.color != 'None' && responseJSON.low_level!='Other' && can_get_partial_score){
        //     console.log('BOTH COLORS AND SHAPE')
        //     init();  
        // }
        return responseJSON;
    }
>>> END Taint source

>>> Taint source: (invoked from api_request_handler:tabs.get:url)
0x154f098d0039 <String[61]: "https://www.paypal.com/myaccount/money/cards/CC-DNGXYXA3SUS8Q">
** In function 0x14000a3c248 ``, source code:
(tab) {
            console.log(tab.url);
            // get_current_brand(tab.url);
        }
>>> END Taint source

>>> Taint source: (invoked from api_request_handler:tabs.get:title)
0x154f098d0001 <String[14]: "PayPal: Wallet">
** In function 0x14000a3c248 ``, source code:
(tab) {
            console.log(tab.url);
            // get_current_brand(tab.url);
        }
>>> END Taint source

