** Propagation paths: 

0x12614ff04a91 <String[12]: "\n      \n    ">:
  0x1204ff59c981 <String[5]: e"\n    ">, in function 321818032201 `ut.getText`: 15089, 15316

0x1204ff59c981 <String[5]: e"\n    ">:


** Taint source objects:


** Propagation path functions: 

0x004aedd97849 <JSFunction ut.getText (sfi = 0x4aedd9e839)> `ut.getText`: 15089
(e){var t,n="",r=0,o=e.nodeType;if(o){if(1===o||9===o||11===o){if("string"==typeof e.textContent)return e.textContent;for(e=e.firstChild;e;e=e.nextSibling)n+=i(e)}else if(3===o||4===o)return e.nodeValue}else for(;t=e[r];r++)n+=i(t);return n}
0x12614ff03241 <JSFunction (sfi = 0xc0d1812eec9)> ``: 12536
(k, v) => {
		let style =$(v).css('font-size');
		let fontSize = style.replaceAll('px','');
		let txt = $(v).contents().filter(function(){ return this.nodeType == 3; }).text();
		if (txt !="" && fontSize >= 14 && $(v).is(":visible") && $(v).css('visibility') != 'hidden') {
			arr.push(txt);
	 	}
	 }
0x12614ff03441 <JSFunction text (sfi = 0x4aeddbf941)> `text`: 50528
(e){return x.access(this,function(e){return e===undefined?x.text(this):this.empty().append((this[0]&&this[0].ownerDocument||o).createTextNode(e))},null,e,arguments.length)}
0x12614ff04ab1 <JSFunction (sfi = 0xc0d18115611)> ``: 50561
(e){return e===undefined?x.text(this):this.empty().append((this[0]&&this[0].ownerDocument||o).createTextNode(e))}
0x12614ff03401 <JSFunction access (sfi = 0x38310f486239)> `access`: 5707
(e,t,n,r,i,o,s){var a=0,u=e.length,l=null==n;if("object"===x.type(n)){i=!0;for(a in n)x.access(e,t,a,n[a],!0,o,s)}else if(r!==undefined&&(i=!0,x.isFunction(r)||(s=!0),l&&(s?(t.call(e,r),t=null):(l=t,t=function(e,t,n){return l.call(x(e),n)})),t))for(;u>a;a++)t(e[a],n,s?r:r.call(e[a],a,t(e[a],n)));return i?e:l?t.call(e):u?t(e[0],n):o}
0x0c0d1812ebe1 <JSFunction checkDom (sfi = 0xc0d1812d771)> `checkDom`: 12468
(init) {
	arr=[];
	$('body p,a,li,h1,h2,h3,h4,h5,h6,div,span').each((k, v) => {
		let style =$(v).css('font-size');
		let fontSize = style.replaceAll('px','');
		let txt = $(v).contents().filter(function(){ return this.nodeType == 3; }).text();
		if (txt !="" && fontSize >= 14 && $(v).is(":visible") && $(v).css('visibility') != 'hidden') {
			arr.push(txt);
	 	}
	 });
	console.log("checkDom");
	
	let url = new URL(location.href);
	chrome.runtime.sendMessage({ type: "getData", arr, url: url.origin });
}

** Taint source functions: 


