** Propagation paths: 

0x1ff8506302d1 <String[22]: e"https://www.amazon.com">:
  0x35e21704fb09 <URL map = 0x1ff85062d1d9>, in function 13250378001377 `checkDom`: 12468, 12959

0x35e21704fb09 <URL map = 0x1ff85062d1d9>:
  0x1ff85062d4f1 <String[34]: e"https://www.amazon.com/a/addresses">, in function 13250378001377 `checkDom`: 12468, 12895


** Taint source objects:


** Propagation path functions: 

0x0c0d1812ebe1 <JSFunction checkDom (sfi = 0xc0d1812d771)> `checkDom`: 12468
(init) {
	arr=[];
	$('body p,a,li,h1,h2,h3,h4,h5,h6,div,span').each((k, v) => {
		let style =$(v).css('font-size');
		let fontSize = style.replaceAll('px','');
		let txt = $(v).contents().filter(function(){ return this.nodeType == 3; }).text();
		if (txt !="" && fontSize >= 14 && $(v).is(":visible") && $(v).css('visibility') != 'hidden') {
			arr.push(txt);
	 	}
	 });
	console.log("checkDom");
	
	let url = new URL(location.href);
	chrome.runtime.sendMessage({ type: "getData", arr, url: url.origin });
}

** Taint source functions: 


