[172055:172110:0922/232405.552245:ERROR:bus.cc(399)] Failed to connect to the bus: Failed to connect to socket /var/run/dbus/system_bus_socket: No such file or directory
[172055:172110:0922/232405.552405:ERROR:bus.cc(399)] Failed to connect to the bus: Failed to connect to socket /var/run/dbus/system_bus_socket: No such file or directory
[172055:172109:0922/232405.556997:ERROR:bus.cc(399)] Failed to connect to the bus: Could not parse server address: Unknown address type (examples of valid types are "tcp" and on UNIX "unix")
[172055:172109:0922/232405.557072:ERROR:bus.cc(399)] Failed to connect to the bus: Could not parse server address: Unknown address type (examples of valid types are "tcp" and on UNIX "unix")
[172055:172055:0922/232405.566196:ERROR:network_service_instance_impl.cc(459)] Deprecated value for --net-log-capture-mode. Use IncludeSensitive instead
[172118:172118:0922/232405.578478:WARNING:angle_platform_impl.cc(48)] vk_utils.cpp:353 (GetAvailableValidationLayers): Vulkan validation layers are missing.
[172055:172055:0922/232405.586331:WARNING:account_consistency_mode_manager.cc(70)] Desktop Identity Consistency cannot be enabled as no OAuth client ID and client secret have been configured.
[172055:172109:0922/232405.594019:ERROR:bus.cc(399)] Failed to connect to the bus: Could not parse server address: Unknown address type (examples of valid types are "tcp" and on UNIX "unix")
[172055:172109:0922/232405.594058:ERROR:bus.cc(399)] Failed to connect to the bus: Could not parse server address: Unknown address type (examples of valid types are "tcp" and on UNIX "unix")
[172118:172118:0922/232405.614567:WARNING:sandbox_linux.cc(380)] InitializeSandbox() called with multiple threads in process gpu-process.
[172055:172109:0922/232405.637642:ERROR:bus.cc(399)] Failed to connect to the bus: Could not parse server address: Unknown address type (examples of valid types are "tcp" and on UNIX "unix")
[172055:172109:0922/232405.637725:ERROR:bus.cc(399)] Failed to connect to the bus: Could not parse server address: Unknown address type (examples of valid types are "tcp" and on UNIX "unix")
[172118:172118:0922/232405.718731:ERROR:gpu_memory_buffer_support_x11.cc(44)] dri3 extension not supported.
[172159:172159:0922/232405.719399:ERROR:runtime_enabled_features.cc(2498)] RuntimeEnabledFeature not recognized: ShadowDOMV0
[172160:172160:0922/232405.722658:ERROR:runtime_enabled_features.cc(2498)] RuntimeEnabledFeature not recognized: ShadowDOMV0
[172055:172055:0922/232405.752855:WARNING:bluez_dbus_manager.cc(247)] Floss manager not present, cannot set Floss enable/disable.
[172055:172179:0922/232405.793711:ERROR:bus.cc(399)] Failed to connect to the bus: Failed to connect to socket /var/run/dbus/system_bus_socket: No such file or directory
[172055:172179:0922/232405.793777:ERROR:bus.cc(399)] Failed to connect to the bus: Failed to connect to socket /var/run/dbus/system_bus_socket: No such file or directory
[172055:172179:0922/232405.793850:ERROR:bus.cc(399)] Failed to connect to the bus: Failed to connect to socket /var/run/dbus/system_bus_socket: No such file or directory
[172055:172179:0922/232405.793867:WARNING:property.cc(144)] DaemonVersion: GetAndBlock: failed.
[172055:172179:0922/232405.793909:ERROR:bus.cc(399)] Failed to connect to the bus: Failed to connect to socket /var/run/dbus/system_bus_socket: No such file or directory
[172055:172179:0922/232405.793951:ERROR:bus.cc(399)] Failed to connect to the bus: Failed to connect to socket /var/run/dbus/system_bus_socket: No such file or directory
[172182:172182:0922/232405.910116:ERROR:runtime_enabled_features.cc(2498)] RuntimeEnabledFeature not recognized: ShadowDOMV0
[172182:172191:0922/232405.952279:INFO:dispatcher.cc(588)] MarkAsExtensionContext (Background mv3): [chrome-extension://bahcihkpdjlbndandplnfmejnalndgjo/asset/sw.js]
[172192:172192:0922/232405.985116:ERROR:runtime_enabled_features.cc(2498)] RuntimeEnabledFeature not recognized: ShadowDOMV0
[172119:172142:0922/232406.605623:WARNING:http_cache_transaction.cc(1261)] Unable to open or create cache entry
[172119:172142:0922/232406.607331:WARNING:http_cache_transaction.cc(1261)] Unable to open or create cache entry
[172211:172211:0922/232406.977866:ERROR:runtime_enabled_features.cc(2498)] RuntimeEnabledFeature not recognized: ShadowDOMV0
[172055:172055:0922/232407.812478:INFO:CONSOLE(1)] "trackingHelper: cached TV Loaded data [object Object]", source: https://likewisetv.com/_next/static/chunks/pages/_app-f43d16f0fa5c42e7.js (1)
[172055:172055:0922/232408.120695:INFO:CONSOLE(23)] "deliver ok", source: https://www.amazon.com/a/addresses (23)
[172055:172055:0922/232408.122447:INFO:CONSOLE(32)] "name ok", source: https://www.amazon.com/a/addresses (32)
[172055:172055:0922/232408.124141:INFO:CONSOLE(35)] "Hello, Amy", source: https://www.amazon.com/a/addresses (35)
[172055:172055:0922/232408.125203:INFO:CONSOLE(42)] "address ok", source: https://www.amazon.com/a/addresses (42)
[172055:172055:0922/232408.125478:INFO:CONSOLE(46)] "0", source: https://www.amazon.com/a/addresses (46)
[172055:172055:0922/232408.125824:INFO:CONSOLE(46)] "1", source: https://www.amazon.com/a/addresses (46)
[172055:172055:0922/232408.126121:INFO:CONSOLE(46)] "2", source: https://www.amazon.com/a/addresses (46)
[172055:172055:0922/232408.127299:INFO:CONSOLE(55)] "language ok", source: https://www.amazon.com/a/addresses (55)
[172055:172055:0922/232408.127684:INFO:CONSOLE(59)] "EN", source: https://www.amazon.com/a/addresses (59)
[172233:172233:0922/232410.338223:ERROR:runtime_enabled_features.cc(2498)] RuntimeEnabledFeature not recognized: ShadowDOMV0
[172055:172055:0922/232410.362769:INFO:CONSOLE(0)] "Blocked script execution in 'https://s.amazon-adsystem.com/iu3?d=amazon.com&slot=navFooter&a1=01012fffa6ca902a819755f2529b1a9fbb581434d30392ade9914c388f13cd2955d5&a2=010191fc70327086727b873a981758a2a620ac929c50fd2a5a92568341c160ca9587&old_oo=0&ts=1694804240266&s=AeOyRtrEHvLZgwq3wGOa4bat4o3036fjp-k-CbXZC601&gdpr_consent=&gdpr_consent_avl=&cb=1694804240266' because the document's frame is sandboxed and the 'allow-scripts' permission is not set.", source: https://s.amazon-adsystem.com/iu3?d=amazon.com&slot=navFooter&a1=01012fffa6ca902a819755f2529b1a9fbb581434d30392ade9914c388f13cd2955d5&a2=010191fc70327086727b873a981758a2a620ac929c50fd2a5a92568341c160ca9587&old_oo=0&ts=1694804240266&s=AeOyRtrEHvLZgwq3wGOa4bat4o3036fjp-k-CbXZC601&gdpr_consent=&gdpr_consent_avl=&cb=1694804240266 (0)
[172055:172055:0922/232410.362974:INFO:CONSOLE(0)] "Blocked script execution in 'https://s.amazon-adsystem.com/iu3?d=amazon.com&slot=navFooter&a1=01012fffa6ca902a819755f2529b1a9fbb581434d30392ade9914c388f13cd2955d5&a2=010191fc70327086727b873a981758a2a620ac929c50fd2a5a92568341c160ca9587&old_oo=0&ts=1694804240266&s=AeOyRtrEHvLZgwq3wGOa4bat4o3036fjp-k-CbXZC601&gdpr_consent=&gdpr_consent_avl=&cb=1694804240266' because the document's frame is sandboxed and the 'allow-scripts' permission is not set.", source: https://s.amazon-adsystem.com/iu3?d=amazon.com&slot=navFooter&a1=01012fffa6ca902a819755f2529b1a9fbb581434d30392ade9914c388f13cd2955d5&a2=010191fc70327086727b873a981758a2a620ac929c50fd2a5a92568341c160ca9587&old_oo=0&ts=1694804240266&s=AeOyRtrEHvLZgwq3wGOa4bat4o3036fjp-k-CbXZC601&gdpr_consent=&gdpr_consent_avl=&cb=1694804240266 (0)
[172055:172055:0922/232410.401629:INFO:CONSOLE(0)] "Blocked script execution in 'https://s.amazon-adsystem.com/v3/pr?exlist=imdb_sx_n-sk_n-mediarithmics_n-lucid_g_n-visualiq_adelphic&fv=1.0&a=cm&dmt=1&gdpr_consent=' because the document's frame is sandboxed and the 'allow-scripts' permission is not set.", source: https://s.amazon-adsystem.com/v3/pr?exlist=imdb_sx_n-sk_n-mediarithmics_n-lucid_g_n-visualiq_adelphic&fv=1.0&a=cm&dmt=1&gdpr_consent= (0)
[172055:172055:0922/232410.401811:INFO:CONSOLE(0)] "Blocked script execution in 'https://s.amazon-adsystem.com/v3/pr?exlist=imdb_sx_n-sk_n-mediarithmics_n-lucid_g_n-visualiq_adelphic&fv=1.0&a=cm&dmt=1&gdpr_consent=' because the document's frame is sandboxed and the 'allow-scripts' permission is not set.", source: https://s.amazon-adsystem.com/v3/pr?exlist=imdb_sx_n-sk_n-mediarithmics_n-lucid_g_n-visualiq_adelphic&fv=1.0&a=cm&dmt=1&gdpr_consent= (0)
[172192:172192:0922/232410.747257:INFO:local_window_proxy.cc(253)] MarkAsExtensionContext (Content Script): ["https://www.amazon.com/a/addresses"]
[172055:172055:0922/232410.971496:INFO:CONSOLE(0)] "Refused to load the image 'https://ib.adnxs.com/getuid?https://cookie-matching.mediarithmics.com/input?key=APX&apx_uid=$UID&opid=apx&ops=&utidl=tech:goo:CAESEPtCxIiwYkhVvSHuuoLsRq8&gdpr_consent=&gdpr=0&action=GET_ID&etid=&domid=1109' because it violates the following Content Security Policy directive: "default-src 'self' s.amazon-adsystem.com aax-eu.amazon-adsystem.com aax-fe.amazon-adsystem.com fonts.gstatic.com *.firefox.etp doubleclick.net *.imdb.com google.com *.samplicio.us serving-sys.com *.mediarithmics.com spotxchange.com samplicio.us imdb.com *.serving-sys.com *.doubleclick.net *.google.com *.myvisualiq.net myvisualiq.net *.spotxchange.com 'unsafe-inline'". Note that 'img-src' was not explicitly set, so 'default-src' is used as a fallback.
", source: https://s.amazon-adsystem.com/v3/pr?exlist=imdb_sx_n-sk_n-mediarithmics_n-lucid_g_n-visualiq_adelphic&fv=1.0&a=cm&dmt=1&gdpr_consent= (0)
[172055:172055:0922/232412.668423:INFO:CONSOLE(261)] "checkDom", source: chrome-extension://bahcihkpdjlbndandplnfmejnalndgjo/asset/content.js (261)
[172055:172055:0922/232412.732425:INFO:CONSOLE(39)] "1021902317", source: chrome-extension://bahcihkpdjlbndandplnfmejnalndgjo/asset/sw.js (39)
[172119:172142:0922/232412.983843:WARNING:http_cache_transaction.cc(1261)] Unable to open or create cache entry
[172119:172142:0922/232412.985043:WARNING:http_cache_transaction.cc(1261)] Unable to open or create cache entry
[172119:172142:0922/232412.988803:WARNING:http_cache_transaction.cc(1261)] Unable to open or create cache entry
[172119:172142:0922/232412.989664:WARNING:http_cache_transaction.cc(1261)] Unable to open or create cache entry
[172119:172142:0922/232412.991022:WARNING:http_cache_transaction.cc(1261)] Unable to open or create cache entry
[172119:172142:0922/232412.991705:WARNING:http_cache_transaction.cc(1261)] Unable to open or create cache entry
[172119:172142:0922/232412.993110:WARNING:http_cache_transaction.cc(1261)] Unable to open or create cache entry
[172119:172142:0922/232412.993995:WARNING:http_cache_transaction.cc(1261)] Unable to open or create cache entry
[172055:172055:0922/232413.027292:INFO:CONSOLE(50)] "Uncaught (in promise) TypeError: Cannot read properties of undefined (reading 'length')", source: chrome-extension://bahcihkpdjlbndandplnfmejnalndgjo/asset/sw.js (50)
[172055:172055:0922/232413.075378:INFO:CONSOLE(301)] "Response from server [object Object]", source: chrome-extension://bahcihkpdjlbndandplnfmejnalndgjo/asset/sw.js (301)
[172055:172055:0922/232413.141135:INFO:CONSOLE(2472)] "Uncaught TypeError: Cannot set properties of undefined (setting 'jsError')", source: https://www.amazon.com/a/addresses (2472)
[172055:172055:0922/232413.230674:INFO:CONSOLE(2472)] "Uncaught TypeError: Cannot set properties of undefined (setting 'jsError')", source: https://www.amazon.com/a/addresses (2472)
[172055:172055:0922/232414.070990:INFO:CONSOLE(0)] "Access to script at 'https://images-na.ssl-images-amazon.com/images/I/410ujMOGIuL.js?xcp' from origin 'https://www.amazon.com' has been blocked by CORS policy: No 'Access-Control-Allow-Origin' header is present on the requested resource.", source: https://www.amazon.com/a/addresses (0)
[172055:172055:0922/232414.397236:INFO:CONSOLE(0)] "Access to script at 'https://images-na.ssl-images-amazon.com/images/I/31B23vW9YKL.js?xcp' from origin 'https://www.amazon.com' has been blocked by CORS policy: No 'Access-Control-Allow-Origin' header is present on the requested resource.", source: https://www.amazon.com/a/addresses (0)
[172055:172055:0922/232414.446942:INFO:CONSOLE(4)] "Error logged with the Track&Report JS errors API(http://tiny/1covqr6l8/wamazindeClieUserJava): {"m":"Asset failed to load: https://images-na.ssl-images-amazon.com/images/I/410ujMOGIuL.js?xcp","csm":"v5 ueLogError callee","logLevel":"ERROR","pageURL":"https://www.amazon.com/a/addresses","s":["function(a,b,c,y){b={message:b,logLevel:c||\"ERROR\",attribution:k(\":\",this.attribution,y)};if(d.ueLogError)return d.ueLogError(a||b,a?b:null),!0;console&&console.error&&(console.log(b),console.error(a));\nreturn!1}","function(a,b,c){return this.logError(null,a,b,c)}","function(b){U?n(\"resource_unload\"):e?(e=!1,n(\"resource_retry\"),g()):(n(\"resource_error\"),a.log(\"Asset failed to load: \"+c));b&&b.stopPropagation?b.stopPropagation():d.event&&(d.event.cancelBubble=!0)}"],"t":6500} [object Object]", source: https://images-na.ssl-images-amazon.com/images/I/31bJewCvY-L.js (4)
[172055:172055:0922/232414.577816:INFO:CONSOLE(4)] "Error logged with the Track&Report JS errors API(http://tiny/1covqr6l8/wamazindeClieUserJava): {"m":"Asset failed to load: https://images-na.ssl-images-amazon.com/images/I/31B23vW9YKL.js?xcp","csm":"v5 ueLogError callee","logLevel":"ERROR","pageURL":"https://www.amazon.com/a/addresses","s":["function(a,b,c,y){b={message:b,logLevel:c||\"ERROR\",attribution:k(\":\",this.attribution,y)};if(d.ueLogError)return d.ueLogError(a||b,a?b:null),!0;console&&console.error&&(console.log(b),console.error(a));\nreturn!1}","function(a,b,c){return this.logError(null,a,b,c)}","function(b){U?n(\"resource_unload\"):e?(e=!1,n(\"resource_retry\"),g()):(n(\"resource_error\"),a.log(\"Asset failed to load: \"+c));b&&b.stopPropagation?b.stopPropagation():d.event&&(d.event.cancelBubble=!0)}"],"t":6900} [object Object]", source: https://images-na.ssl-images-amazon.com/images/I/31bJewCvY-L.js (4)
[172055:172055:0922/232415.526996:INFO:CONSOLE(1)] "trackingHelper: begin [object Object]", source: https://likewisetv.com/_next/static/chunks/pages/_app-f43d16f0fa5c42e7.js (1)
[172055:172055:0922/232415.527263:INFO:CONSOLE(1)] "trackingHelper: fired TV Session Started [object Object]", source: https://likewisetv.com/_next/static/chunks/pages/_app-f43d16f0fa5c42e7.js (1)
[172055:172055:0922/232415.541747:INFO:CONSOLE(1)] "trackingHelper: Sending TV Loaded [object Object]", source: https://likewisetv.com/_next/static/chunks/pages/_app-f43d16f0fa5c42e7.js (1)
[172055:172055:0922/232415.549747:INFO:CONSOLE(1)] "trackingHelper: TV Loaded result [object Object]", source: https://likewisetv.com/_next/static/chunks/pages/_app-f43d16f0fa5c42e7.js (1)
[172055:172055:0922/232415.550491:INFO:CONSOLE(1)] "trackingHelper: end [object Object]", source: https://likewisetv.com/_next/static/chunks/pages/_app-f43d16f0fa5c42e7.js (1)
[172119:172142:0922/232415.823933:WARNING:http_cache_transaction.cc(1261)] Unable to open or create cache entry
[172055:172055:0922/232415.873859:INFO:CONSOLE(455)] "CSM logging failed for HeadLatency - cannot log HeadLatency with value 0, it is negative or 0", source: https://images-na.ssl-images-amazon.com/images/I/41W974vG8QL._RC%7C71zzjyvEIHL.js,01QvReFeJyL.js,01phmzCOwJL.js,01eOvPdxG7L.js,71RDRWJQQQL.js,41306Iio4NL.js,115pV8Rl02L.js,01+pnQJuQ0L.js,21rDHgaooIL.js,41LFml+7fVL.js,51t-JTxfnwL.js,317BC63dC8L.js,11lEMI5MhIL.js,31c7Fn9h9gL.js,01LEzWzrPZL.js,01AqeWA7PKL.js_.js?AUIClients/NavDesktopUberAsset&lLvq0Ux1 (455)
[172055:172055:0922/232418.068708:INFO:optimization_guide_logger.cc(42)] ../../components/optimization_guide/core/hints_manager.cc(523) Hint cache initialized
[172055:172055:0922/232418.087997:INFO:CONSOLE(558)] "GTM PTag v1.4; tagId: 2613487379772", source: https://www.googletagmanager.com/gtm.js?id=GTM-M35GLRP&gtm_auth=TlaZjy-kddVA5pZhDggSqQ&gtm_preview=env-1&gtm_cookies_win=x (558)
[172055:172055:0922/232418.149230:INFO:CONSOLE(558)] "data =  [object Object]", source: https://www.googletagmanager.com/gtm.js?id=GTM-M35GLRP&gtm_auth=TlaZjy-kddVA5pZhDggSqQ&gtm_preview=env-1&gtm_cookies_win=x (558)
[172055:172055:0922/232418.169919:INFO:CONSOLE(558)] "initData =  [object Object]", source: https://www.googletagmanager.com/gtm.js?id=GTM-M35GLRP&gtm_auth=TlaZjy-kddVA5pZhDggSqQ&gtm_preview=env-1&gtm_cookies_win=x (558)
[172055:172055:0922/232418.547076:INFO:CONSOLE(0)] "Access to fetch at 'https://images-na.ssl-images-amazon.com/images/G/01/msa/vowels/metrics._STID362000-1694804209350_.jpg' from origin 'https://www.amazon.com' has been blocked by CORS policy: No 'Access-Control-Allow-Origin' header is present on the requested resource. If an opaque response serves your needs, set the request's mode to 'no-cors' to fetch the resource with CORS disabled.", source: https://www.amazon.com/a/addresses (0)
[172055:172055:0922/232418.561802:INFO:CONSOLE(4)] "Error logged with the Track&Report JS errors API(http://tiny/1covqr6l8/wamazindeClieUserJava): {"m":"TypeError: Failed to fetch","csm":"v5 ueLogError callee","logLevel":"WARN","attribution":"MSAVowelsJavascriptAssets","pageURL":"https://www.amazon.com/a/addresses","s":["function(b,g){g||(g=\"ERROR\");b=b&&b.stack&&b.message?b:JSON.stringify(b);d({logLevel:g,attribution:\"MSAVowelsJavascriptAssets\",message:b})}","function(a){t(\"resourceError\",1);a instanceof TypeError&&a.message&&a.message.includes(\"Failed to fetch\")?n(a,\"WARN\"):n(a,\"ERROR\")}"],"t":13400} [object Object]", source: https://images-na.ssl-images-amazon.com/images/I/31bJewCvY-L.js (4)
[172055:172055:0922/232418.577277:INFO:CONSOLE(0)] "Access to fetch at 'https://f.media-amazon.com/images/G/01/msa/vowels/metrics._STID362000-1694804209350_.jpg' from origin 'https://www.amazon.com' has been blocked by CORS policy: No 'Access-Control-Allow-Origin' header is present on the requested resource. If an opaque response serves your needs, set the request's mode to 'no-cors' to fetch the resource with CORS disabled.", source: https://www.amazon.com/a/addresses (0)
[172055:172055:0922/232418.585511:INFO:CONSOLE(4)] "Error logged with the Track&Report JS errors API(http://tiny/1covqr6l8/wamazindeClieUserJava): {"m":"TypeError: Failed to fetch","csm":"v5 ueLogError callee","logLevel":"WARN","attribution":"MSAVowelsJavascriptAssets","pageURL":"https://www.amazon.com/a/addresses","s":["function(b,g){g||(g=\"ERROR\");b=b&&b.stack&&b.message?b:JSON.stringify(b);d({logLevel:g,attribution:\"MSAVowelsJavascriptAssets\",message:b})}","function(a){n(a,\"WARN\");throw c;}"],"t":13400} [object Object]", source: https://images-na.ssl-images-amazon.com/images/I/31bJewCvY-L.js (4)
[172055:172055:0922/232418.587700:INFO:CONSOLE(0)] "Access to fetch at 'https://dk9ps7goqoeef.cloudfront.net/images/G/01/msa/vowels/metrics._STID362000-1694804209350_.jpg' from origin 'https://www.amazon.com' has been blocked by CORS policy: No 'Access-Control-Allow-Origin' header is present on the requested resource. If an opaque response serves your needs, set the request's mode to 'no-cors' to fetch the resource with CORS disabled.", source: https://www.amazon.com/a/addresses (0)
[172055:172055:0922/232418.594937:INFO:CONSOLE(4)] "Error logged with the Track&Report JS errors API(http://tiny/1covqr6l8/wamazindeClieUserJava): {"m":"TypeError: Failed to fetch","csm":"v5 ueLogError callee","logLevel":"WARN","attribution":"MSAVowelsJavascriptAssets","pageURL":"https://www.amazon.com/a/addresses","s":["function(b,g){g||(g=\"ERROR\");b=b&&b.stack&&b.message?b:JSON.stringify(b);d({logLevel:g,attribution:\"MSAVowelsJavascriptAssets\",message:b})}","function(a){n(a,\"WARN\");throw c;}"],"t":13400} [object Object]", source: https://images-na.ssl-images-amazon.com/images/I/31bJewCvY-L.js (4)
[172055:172055:0922/232418.596579:INFO:CONSOLE(0)] "Access to fetch at 'https://a.media-amazon.com/images/G/01/msa/vowels/metrics._STID362000-1694804209350_.jpg' from origin 'https://www.amazon.com' has been blocked by CORS policy: No 'Access-Control-Allow-Origin' header is present on the requested resource. If an opaque response serves your needs, set the request's mode to 'no-cors' to fetch the resource with CORS disabled.", source: https://www.amazon.com/a/addresses (0)
[172055:172055:0922/232418.601757:INFO:CONSOLE(4)] "Error logged with the Track&Report JS errors API(http://tiny/1covqr6l8/wamazindeClieUserJava): {"m":"TypeError: Failed to fetch","csm":"v5 ueLogError callee","logLevel":"WARN","attribution":"MSAVowelsJavascriptAssets","pageURL":"https://www.amazon.com/a/addresses","s":["function(b,g){g||(g=\"ERROR\");b=b&&b.stack&&b.message?b:JSON.stringify(b);d({logLevel:g,attribution:\"MSAVowelsJavascriptAssets\",message:b})}","function(a){n(a,\"WARN\");throw c;}"],"t":13450} [object Object]", source: https://images-na.ssl-images-amazon.com/images/I/31bJewCvY-L.js (4)
[172055:172055:0922/232418.995793:INFO:CONSOLE(558)] "Firing Pinterest event: pagevisit", source: https://www.googletagmanager.com/gtm.js?id=GTM-M35GLRP&gtm_auth=TlaZjy-kddVA5pZhDggSqQ&gtm_preview=env-1&gtm_cookies_win=x (558)
[172055:172055:0922/232418.996296:INFO:CONSOLE(558)] "Event Data:", source: https://www.googletagmanager.com/gtm.js?id=GTM-M35GLRP&gtm_auth=TlaZjy-kddVA5pZhDggSqQ&gtm_preview=env-1&gtm_cookies_win=x (558)
[172055:172055:0922/232418.997266:INFO:CONSOLE(558)] "[object Object]", source: https://www.googletagmanager.com/gtm.js?id=GTM-M35GLRP&gtm_auth=TlaZjy-kddVA5pZhDggSqQ&gtm_preview=env-1&gtm_cookies_win=x (558)
[172252:172252:0922/232419.547000:ERROR:runtime_enabled_features.cc(2498)] RuntimeEnabledFeature not recognized: ShadowDOMV0
[172264:172264:0922/232420.302280:ERROR:runtime_enabled_features.cc(2498)] RuntimeEnabledFeature not recognized: ShadowDOMV0
[172278:172278:0922/232422.012890:ERROR:runtime_enabled_features.cc(2498)] RuntimeEnabledFeature not recognized: ShadowDOMV0
[172055:172055:0922/232422.475933:INFO:CONSOLE(5)] "[TikTok Pixel] - Invalid pixel ID
Issue: The pixel ID is invalid. This could prevent your pixel from receiving data.
Suggestion: Please go to Events Manager and find the correct pixel ID.", source: https://analytics.tiktok.com/i18n/pixel/static/main.MWQ0NWRkZTlhMQ.js (5)
[172055:172055:0922/232422.476432:INFO:CONSOLE(5)] "[TikTok Pixel] - Invalid pixel ID
Issue: The pixel ID is invalid. This could prevent your pixel from receiving data.
Suggestion: Please go to Events Manager and find the correct pixel ID.", source: https://analytics.tiktok.com/i18n/pixel/static/main.MWQ0NWRkZTlhMQ.js (5)
[172055:172055:0922/232428.198751:INFO:CONSOLE(2472)] "Uncaught TypeError: Cannot set properties of undefined (setting 'jsError')", source: https://www.amazon.com/a/addresses (2472)
[172055:172055:0922/232502.134517:INFO:CONSOLE(0)] "The resource https://redirect.prod.experiment.routing.cloudfront.aws.a2z.com/x.png was preloaded using link preload but not used within a few seconds from the window's load event. Please make sure it has an appropriate `as` value and it is preloaded intentionally.", source: https://www.amazon.com/a/addresses (0)
[172055:172055:0922/232506.880121:INFO:optimization_guide_logger.cc(42)] ../../components/optimization_guide/core/hints_manager.cc(388) Received OptimizationHints component version: 413
[172055:172055:0922/232506.880186:INFO:optimization_guide_logger.cc(42)] ../../components/optimization_guide/core/hints_manager.cc(433) Processing OptimizationHints component version: 413
[172055:172055:0922/232506.880358:INFO:optimization_guide_logger.cc(42)] ../../components/optimization_guide/core/hints_manager.cc(570) Component successfully processed
[172055:172055:0922/232506.880399:INFO:optimization_guide_logger.cc(42)] ../../components/optimization_guide/core/hints_manager.cc(505) Loaded optimization filter for HistoryClusters
[172055:172055:0922/232514.721672:INFO:CONSOLE(2472)] "Uncaught TypeError: Cannot use 'in' operator to search for 'cel.PDM.TotalExecutions' in undefined", source: https://www.amazon.com/a/addresses (2472)
[172055:172055:0922/232514.891387:INFO:CONSOLE(0)] "Uncaught (in promise) Error: The browser is shutting down.", source: chrome-extension://bahcihkpdjlbndandplnfmejnalndgjo/asset/sw.js (0)
[172055:172055:0922/232514.896597:ERROR:background_mode_manager_aura.cc(12)] Not implemented reached in virtual void BackgroundModeManager::EnableLaunchOnStartup(bool)
[172055:172055:0922/232514.937751:WARNING:internal_linux.cc(67)] Failed to read /proc/172119/stat
[172055:172055:0922/232514.937792:ERROR:kill_posix.cc(34)] waitpid(172119): No child processes (10)
[172055:172073:0922/232514.940345:WARNING:discardable_shared_memory_manager.cc(436)] Some MojoDiscardableSharedMemoryManagerImpls are still alive. They will be leaked.
[172055:172055:0922/232514.942686:WARNING:pref_notifier_impl.cc(41)] Pref observer for media_router.cast_allow_all_ips found at shutdown.
