[77371:77425:0923/061824.955230:ERROR:bus.cc(399)] Failed to connect to the bus: Failed to connect to socket /var/run/dbus/system_bus_socket: No such file or directory
[77371:77425:0923/061824.955407:ERROR:bus.cc(399)] Failed to connect to the bus: Failed to connect to socket /var/run/dbus/system_bus_socket: No such file or directory
[77371:77424:0923/061824.960483:ERROR:bus.cc(399)] Failed to connect to the bus: Could not parse server address: Unknown address type (examples of valid types are "tcp" and on UNIX "unix")
[77371:77424:0923/061824.960548:ERROR:bus.cc(399)] Failed to connect to the bus: Could not parse server address: Unknown address type (examples of valid types are "tcp" and on UNIX "unix")
[77371:77371:0923/061824.966163:ERROR:network_service_instance_impl.cc(459)] Deprecated value for --net-log-capture-mode. Use IncludeSensitive instead
[77433:77433:0923/061824.979459:WARNING:angle_platform_impl.cc(48)] vk_utils.cpp:353 (GetAvailableValidationLayers): Vulkan validation layers are missing.
[77371:77371:0923/061824.986560:WARNING:account_consistency_mode_manager.cc(70)] Desktop Identity Consistency cannot be enabled as no OAuth client ID and client secret have been configured.
[77371:77424:0923/061824.994536:ERROR:bus.cc(399)] Failed to connect to the bus: Could not parse server address: Unknown address type (examples of valid types are "tcp" and on UNIX "unix")
[77371:77424:0923/061824.994578:ERROR:bus.cc(399)] Failed to connect to the bus: Could not parse server address: Unknown address type (examples of valid types are "tcp" and on UNIX "unix")
[77433:77433:0923/061825.018137:WARNING:sandbox_linux.cc(380)] InitializeSandbox() called with multiple threads in process gpu-process.
[77371:77424:0923/061825.036714:ERROR:bus.cc(399)] Failed to connect to the bus: Could not parse server address: Unknown address type (examples of valid types are "tcp" and on UNIX "unix")
[77371:77424:0923/061825.036786:ERROR:bus.cc(399)] Failed to connect to the bus: Could not parse server address: Unknown address type (examples of valid types are "tcp" and on UNIX "unix")
[77433:77433:0923/061825.116257:ERROR:gpu_memory_buffer_support_x11.cc(44)] dri3 extension not supported.
[77475:77475:0923/061825.123235:ERROR:runtime_enabled_features.cc(2498)] RuntimeEnabledFeature not recognized: ShadowDOMV0
[77474:77474:0923/061825.123496:ERROR:runtime_enabled_features.cc(2498)] RuntimeEnabledFeature not recognized: ShadowDOMV0
[77371:77371:0923/061825.147942:WARNING:bluez_dbus_manager.cc(247)] Floss manager not present, cannot set Floss enable/disable.
[77371:77493:0923/061825.189116:ERROR:bus.cc(399)] Failed to connect to the bus: Failed to connect to socket /var/run/dbus/system_bus_socket: No such file or directory
[77371:77493:0923/061825.189164:ERROR:bus.cc(399)] Failed to connect to the bus: Failed to connect to socket /var/run/dbus/system_bus_socket: No such file or directory
[77371:77493:0923/061825.189216:ERROR:bus.cc(399)] Failed to connect to the bus: Failed to connect to socket /var/run/dbus/system_bus_socket: No such file or directory
[77371:77493:0923/061825.189224:WARNING:property.cc(144)] DaemonVersion: GetAndBlock: failed.
[77371:77493:0923/061825.189246:ERROR:bus.cc(399)] Failed to connect to the bus: Failed to connect to socket /var/run/dbus/system_bus_socket: No such file or directory
[77371:77493:0923/061825.189268:ERROR:bus.cc(399)] Failed to connect to the bus: Failed to connect to socket /var/run/dbus/system_bus_socket: No such file or directory
[77494:77494:0923/061825.198384:ERROR:runtime_enabled_features.cc(2498)] RuntimeEnabledFeature not recognized: ShadowDOMV0
[77494:77494:0923/061825.267441:INFO:local_window_proxy.cc(259)] MarkAsExtensionContext (Background mv2): ["chrome-extension://blcdkmjcpgjojjffbdkckaiondfpoglh/_generated_background_page.html"]
[77509:77509:0923/061826.416323:ERROR:runtime_enabled_features.cc(2498)] RuntimeEnabledFeature not recognized: ShadowDOMV0
[77529:77529:0923/061827.265385:ERROR:runtime_enabled_features.cc(2498)] RuntimeEnabledFeature not recognized: ShadowDOMV0
[77371:77371:0923/061827.314272:INFO:optimization_guide_logger.cc(42)] ../../components/optimization_guide/core/hints_manager.cc(523) Hint cache initialized
[77371:77371:0923/061828.332612:INFO:CONSOLE(23)] "deliver ok", source: https://www.amazon.com/a/addresses (23)
[77371:77371:0923/061828.333064:INFO:CONSOLE(32)] "name ok", source: https://www.amazon.com/a/addresses (32)
[77371:77371:0923/061828.333643:INFO:CONSOLE(35)] "Hello, Amy", source: https://www.amazon.com/a/addresses (35)
[77371:77371:0923/061828.334007:INFO:CONSOLE(42)] "address ok", source: https://www.amazon.com/a/addresses (42)
[77371:77371:0923/061828.334372:INFO:CONSOLE(46)] "0", source: https://www.amazon.com/a/addresses (46)
[77371:77371:0923/061828.334723:INFO:CONSOLE(46)] "1", source: https://www.amazon.com/a/addresses (46)
[77371:77371:0923/061828.335074:INFO:CONSOLE(46)] "2", source: https://www.amazon.com/a/addresses (46)
[77371:77371:0923/061828.335424:INFO:CONSOLE(55)] "language ok", source: https://www.amazon.com/a/addresses (55)
[77371:77371:0923/061828.335878:INFO:CONSOLE(59)] "EN", source: https://www.amazon.com/a/addresses (59)
[77371:77371:0923/061828.344591:INFO:CONSOLE(2472)] "Uncaught TypeError: Cannot set properties of undefined (setting 'jsError')", source: https://www.amazon.com/a/addresses (2472)
[77371:77371:0923/061828.361057:INFO:CONSOLE(2472)] "Uncaught TypeError: Cannot set properties of undefined (setting 'jsError')", source: https://www.amazon.com/a/addresses (2472)
[77548:77548:0923/061830.068064:ERROR:runtime_enabled_features.cc(2498)] RuntimeEnabledFeature not recognized: ShadowDOMV0
[77371:77371:0923/061830.091394:INFO:CONSOLE(0)] "Blocked script execution in 'https://s.amazon-adsystem.com/iu3?d=amazon.com&slot=navFooter&a1=01012fffa6ca902a819755f2529b1a9fbb581434d30392ade9914c388f13cd2955d5&a2=010191fc70327086727b873a981758a2a620ac929c50fd2a5a92568341c160ca9587&old_oo=0&ts=1694804240266&s=AeOyRtrEHvLZgwq3wGOa4bat4o3036fjp-k-CbXZC601&gdpr_consent=&gdpr_consent_avl=&cb=1694804240266' because the document's frame is sandboxed and the 'allow-scripts' permission is not set.", source: https://s.amazon-adsystem.com/iu3?d=amazon.com&slot=navFooter&a1=01012fffa6ca902a819755f2529b1a9fbb581434d30392ade9914c388f13cd2955d5&a2=010191fc70327086727b873a981758a2a620ac929c50fd2a5a92568341c160ca9587&old_oo=0&ts=1694804240266&s=AeOyRtrEHvLZgwq3wGOa4bat4o3036fjp-k-CbXZC601&gdpr_consent=&gdpr_consent_avl=&cb=1694804240266 (0)
[77371:77371:0923/061830.095278:INFO:CONSOLE(0)] "Blocked script execution in 'https://s.amazon-adsystem.com/iu3?d=amazon.com&slot=navFooter&a1=01012fffa6ca902a819755f2529b1a9fbb581434d30392ade9914c388f13cd2955d5&a2=010191fc70327086727b873a981758a2a620ac929c50fd2a5a92568341c160ca9587&old_oo=0&ts=1694804240266&s=AeOyRtrEHvLZgwq3wGOa4bat4o3036fjp-k-CbXZC601&gdpr_consent=&gdpr_consent_avl=&cb=1694804240266' because the document's frame is sandboxed and the 'allow-scripts' permission is not set.", source: https://s.amazon-adsystem.com/iu3?d=amazon.com&slot=navFooter&a1=01012fffa6ca902a819755f2529b1a9fbb581434d30392ade9914c388f13cd2955d5&a2=010191fc70327086727b873a981758a2a620ac929c50fd2a5a92568341c160ca9587&old_oo=0&ts=1694804240266&s=AeOyRtrEHvLZgwq3wGOa4bat4o3036fjp-k-CbXZC601&gdpr_consent=&gdpr_consent_avl=&cb=1694804240266 (0)
[77371:77371:0923/061830.126830:INFO:CONSOLE(0)] "Blocked script execution in 'https://s.amazon-adsystem.com/v3/pr?exlist=imdb_sx_n-sk_n-mediarithmics_n-lucid_g_n-visualiq_adelphic&fv=1.0&a=cm&dmt=1&gdpr_consent=' because the document's frame is sandboxed and the 'allow-scripts' permission is not set.", source: https://s.amazon-adsystem.com/v3/pr?exlist=imdb_sx_n-sk_n-mediarithmics_n-lucid_g_n-visualiq_adelphic&fv=1.0&a=cm&dmt=1&gdpr_consent= (0)
[77371:77371:0923/061830.127169:INFO:CONSOLE(0)] "Blocked script execution in 'https://s.amazon-adsystem.com/v3/pr?exlist=imdb_sx_n-sk_n-mediarithmics_n-lucid_g_n-visualiq_adelphic&fv=1.0&a=cm&dmt=1&gdpr_consent=' because the document's frame is sandboxed and the 'allow-scripts' permission is not set.", source: https://s.amazon-adsystem.com/v3/pr?exlist=imdb_sx_n-sk_n-mediarithmics_n-lucid_g_n-visualiq_adelphic&fv=1.0&a=cm&dmt=1&gdpr_consent= (0)
[77371:77371:0923/061830.408861:INFO:CONSOLE(235)] "FATAL Uncaught TypeError: Cannot set properties of undefined (setting 'jsError') thrown by AmazonUIComponents:a-buttons", source: https://www.amazon.com/a/addresses (235)
[77371:77371:0923/061830.415740:INFO:CONSOLE(2472)] "Uncaught TypeError: Cannot set properties of undefined (setting 'jsError')", source: https://www.amazon.com/a/addresses (2472)
[77371:77371:0923/061830.430639:INFO:CONSOLE(235)] "FATAL Uncaught TypeError: Cannot set properties of undefined (setting 'jsError') thrown by AmazonUITabs:a-tabs", source: https://www.amazon.com/a/addresses (235)
[77371:77371:0923/061830.437641:INFO:CONSOLE(2472)] "Uncaught TypeError: Cannot set properties of undefined (setting 'jsError')", source: https://www.amazon.com/a/addresses (2472)
[77371:77371:0923/061830.453923:INFO:CONSOLE(235)] "FATAL Uncaught TypeError: Cannot set properties of undefined (setting 'jsError') thrown by AmazonUISwitch:a-switch-framework", source: https://www.amazon.com/a/addresses (235)
[77371:77371:0923/061830.460591:INFO:CONSOLE(2472)] "Uncaught TypeError: Cannot set properties of undefined (setting 'jsError')", source: https://www.amazon.com/a/addresses (2472)
[77371:77371:0923/061830.484561:INFO:CONSOLE(235)] "FATAL Uncaught TypeError: Cannot set properties of undefined (setting 'jsError') thrown by AmazonUIPopover@ready:a-popover-lightbox", source: https://www.amazon.com/a/addresses (235)
[77371:77371:0923/061830.491113:INFO:CONSOLE(2472)] "Uncaught TypeError: Cannot set properties of undefined (setting 'jsError')", source: https://www.amazon.com/a/addresses (2472)
[77435:77462:0923/061830.619798:WARNING:http_cache_transaction.cc(1261)] Unable to open or create cache entry
[77435:77462:0923/061830.621864:WARNING:http_cache_transaction.cc(1261)] Unable to open or create cache entry
[77435:77462:0923/061830.623324:WARNING:http_cache_transaction.cc(1261)] Unable to open or create cache entry
[77435:77462:0923/061830.626251:WARNING:http_cache_transaction.cc(1261)] Unable to open or create cache entry
[77435:77462:0923/061830.627569:WARNING:http_cache_transaction.cc(1261)] Unable to open or create cache entry
[77435:77462:0923/061830.628801:WARNING:http_cache_transaction.cc(1261)] Unable to open or create cache entry
[77435:77462:0923/061830.629414:WARNING:http_cache_transaction.cc(1261)] Unable to open or create cache entry
[77435:77462:0923/061830.630735:WARNING:http_cache_transaction.cc(1261)] Unable to open or create cache entry
[77371:77371:0923/061830.654914:INFO:CONSOLE(0)] "Refused to load the image 'https://ib.adnxs.com/getuid?https://cookie-matching.mediarithmics.com/input?key=APX&apx_uid=$UID&opid=apx&ops=&utidl=tech:goo:CAESELCpQcYaRE7LoqyF5EDm9Qo&gdpr_consent=&gdpr=0&action=GET_ID&etid=&domid=1109' because it violates the following Content Security Policy directive: "default-src 'self' s.amazon-adsystem.com aax-eu.amazon-adsystem.com aax-fe.amazon-adsystem.com fonts.gstatic.com *.firefox.etp doubleclick.net *.imdb.com google.com *.samplicio.us serving-sys.com *.mediarithmics.com spotxchange.com samplicio.us imdb.com *.serving-sys.com *.doubleclick.net *.google.com *.myvisualiq.net myvisualiq.net *.spotxchange.com 'unsafe-inline'". Note that 'img-src' was not explicitly set, so 'default-src' is used as a fallback.
", source: https://s.amazon-adsystem.com/v3/pr?exlist=imdb_sx_n-sk_n-mediarithmics_n-lucid_g_n-visualiq_adelphic&fv=1.0&a=cm&dmt=1&gdpr_consent= (0)
[77509:77509:0923/061831.055468:INFO:local_window_proxy.cc(253)] MarkAsExtensionContext (Content Script): ["https://www.amazon.com/a/addresses"]
[77371:77371:0923/061831.205207:INFO:CONSOLE(2472)] "Uncaught TypeError: Cannot set properties of undefined (setting 'bb')", source: https://www.amazon.com/a/addresses (2472)
[77371:77371:0923/061831.278728:INFO:CONSOLE(274)] "COKN Health Info Check will operate on this site", source: chrome-extension://blcdkmjcpgjojjffbdkckaiondfpoglh/backend.js (274)
[77371:77371:0923/061836.671545:INFO:CONSOLE(0)] "Access to XMLHttpRequest at 'https://idir.uta.edu/misinfo-api/query_claimbuster?rtoks=1' from origin 'https://www.amazon.com' has been blocked by CORS policy: No 'Access-Control-Allow-Origin' header is present on the requested resource.", source: https://www.amazon.com/a/addresses (0)
[77371:77371:0923/061836.672057:INFO:CONSOLE(142)] "There was an error making the request", source: chrome-extension://blcdkmjcpgjojjffbdkckaiondfpoglh/backend.js (142)
[77435:77462:0923/061837.624993:WARNING:http_cache_transaction.cc(1261)] Unable to open or create cache entry
[77371:77371:0923/061837.667495:INFO:CONSOLE(455)] "CSM logging failed for HeadLatency - cannot log HeadLatency with value 0, it is negative or 0", source: https://images-na.ssl-images-amazon.com/images/I/41W974vG8QL._RC%7C71zzjyvEIHL.js,01QvReFeJyL.js,01phmzCOwJL.js,01eOvPdxG7L.js,71RDRWJQQQL.js,41306Iio4NL.js,115pV8Rl02L.js,01+pnQJuQ0L.js,21rDHgaooIL.js,41LFml+7fVL.js,51t-JTxfnwL.js,317BC63dC8L.js,11lEMI5MhIL.js,31c7Fn9h9gL.js,01LEzWzrPZL.js,01AqeWA7PKL.js_.js?AUIClients/NavDesktopUberAsset&lLvq0Ux1 (455)
[77371:77371:0923/061841.505953:INFO:CONSOLE(2472)] "Uncaught TypeError: Cannot set properties of undefined (setting 'jsError')", source: https://www.amazon.com/a/addresses (2472)
[77371:77371:0923/061841.772813:INFO:CONSOLE(0)] "Access to fetch at 'https://images-na.ssl-images-amazon.com/images/G/01/msa/vowels/metrics._STID762000-1694804208550_.jpg' from origin 'https://www.amazon.com' has been blocked by CORS policy: No 'Access-Control-Allow-Origin' header is present on the requested resource. If an opaque response serves your needs, set the request's mode to 'no-cors' to fetch the resource with CORS disabled.", source: https://www.amazon.com/a/addresses (0)
[77371:77371:0923/061841.814841:INFO:CONSOLE(4)] "Error logged with the Track&Report JS errors API(http://tiny/1covqr6l8/wamazindeClieUserJava): {"m":"TypeError: Failed to fetch","csm":"v5 ueLogError callee","logLevel":"WARN","attribution":"MSAVowelsJavascriptAssets","pageURL":"https://www.amazon.com/a/addresses","s":["function(b,g){g||(g=\"ERROR\");b=b&&b.stack&&b.message?b:JSON.stringify(b);d({logLevel:g,attribution:\"MSAVowelsJavascriptAssets\",message:b})}","function(a){t(\"resourceError\",1);a instanceof TypeError&&a.message&&a.message.includes(\"Failed to fetch\")?n(a,\"WARN\"):n(a,\"ERROR\")}"],"t":12550} [object Object]", source: https://images-na.ssl-images-amazon.com/images/I/31bJewCvY-L.js (4)
[77371:77371:0923/061841.847230:INFO:CONSOLE(0)] "Access to fetch at 'https://f.media-amazon.com/images/G/01/msa/vowels/metrics._STID762000-1694804208550_.jpg' from origin 'https://www.amazon.com' has been blocked by CORS policy: No 'Access-Control-Allow-Origin' header is present on the requested resource. If an opaque response serves your needs, set the request's mode to 'no-cors' to fetch the resource with CORS disabled.", source: https://www.amazon.com/a/addresses (0)
[77371:77371:0923/061841.851001:INFO:CONSOLE(4)] "Error logged with the Track&Report JS errors API(http://tiny/1covqr6l8/wamazindeClieUserJava): {"m":"TypeError: Failed to fetch","csm":"v5 ueLogError callee","logLevel":"WARN","attribution":"MSAVowelsJavascriptAssets","pageURL":"https://www.amazon.com/a/addresses","s":["function(b,g){g||(g=\"ERROR\");b=b&&b.stack&&b.message?b:JSON.stringify(b);d({logLevel:g,attribution:\"MSAVowelsJavascriptAssets\",message:b})}","function(a){n(a,\"WARN\");throw c;}"],"t":12600} [object Object]", source: https://images-na.ssl-images-amazon.com/images/I/31bJewCvY-L.js (4)
[77371:77371:0923/061841.852529:INFO:CONSOLE(0)] "Access to fetch at 'https://dk9ps7goqoeef.cloudfront.net/images/G/01/msa/vowels/metrics._STID762000-1694804208550_.jpg' from origin 'https://www.amazon.com' has been blocked by CORS policy: No 'Access-Control-Allow-Origin' header is present on the requested resource. If an opaque response serves your needs, set the request's mode to 'no-cors' to fetch the resource with CORS disabled.", source: https://www.amazon.com/a/addresses (0)
[77371:77371:0923/061841.854555:INFO:CONSOLE(4)] "Error logged with the Track&Report JS errors API(http://tiny/1covqr6l8/wamazindeClieUserJava): {"m":"TypeError: Failed to fetch","csm":"v5 ueLogError callee","logLevel":"WARN","attribution":"MSAVowelsJavascriptAssets","pageURL":"https://www.amazon.com/a/addresses","s":["function(b,g){g||(g=\"ERROR\");b=b&&b.stack&&b.message?b:JSON.stringify(b);d({logLevel:g,attribution:\"MSAVowelsJavascriptAssets\",message:b})}","function(a){n(a,\"WARN\");throw c;}"],"t":12600} [object Object]", source: https://images-na.ssl-images-amazon.com/images/I/31bJewCvY-L.js (4)
[77371:77371:0923/061841.856325:INFO:CONSOLE(0)] "Access to fetch at 'https://a.media-amazon.com/images/G/01/msa/vowels/metrics._STID762000-1694804208550_.jpg' from origin 'https://www.amazon.com' has been blocked by CORS policy: No 'Access-Control-Allow-Origin' header is present on the requested resource. If an opaque response serves your needs, set the request's mode to 'no-cors' to fetch the resource with CORS disabled.", source: https://www.amazon.com/a/addresses (0)
[77371:77371:0923/061841.857656:INFO:CONSOLE(4)] "Error logged with the Track&Report JS errors API(http://tiny/1covqr6l8/wamazindeClieUserJava): {"m":"TypeError: Failed to fetch","csm":"v5 ueLogError callee","logLevel":"WARN","attribution":"MSAVowelsJavascriptAssets","pageURL":"https://www.amazon.com/a/addresses","s":["function(b,g){g||(g=\"ERROR\");b=b&&b.stack&&b.message?b:JSON.stringify(b);d({logLevel:g,attribution:\"MSAVowelsJavascriptAssets\",message:b})}","function(a){n(a,\"WARN\");throw c;}"],"t":12600} [object Object]", source: https://images-na.ssl-images-amazon.com/images/I/31bJewCvY-L.js (4)
[77371:77371:0923/061919.203458:INFO:CONSOLE(0)] "The resource https://redirect.prod.experiment.routing.cloudfront.aws.a2z.com/x.png was preloaded using link preload but not used within a few seconds from the window's load event. Please make sure it has an appropriate `as` value and it is preloaded intentionally.", source: https://www.amazon.com/a/addresses (0)
[77371:77371:0923/061926.343493:INFO:optimization_guide_logger.cc(42)] ../../components/optimization_guide/core/hints_manager.cc(388) Received OptimizationHints component version: 413
[77371:77371:0923/061926.343552:INFO:optimization_guide_logger.cc(42)] ../../components/optimization_guide/core/hints_manager.cc(433) Processing OptimizationHints component version: 413
[77371:77371:0923/061926.343703:INFO:optimization_guide_logger.cc(42)] ../../components/optimization_guide/core/hints_manager.cc(570) Component successfully processed
[77371:77371:0923/061926.343743:INFO:optimization_guide_logger.cc(42)] ../../components/optimization_guide/core/hints_manager.cc(505) Loaded optimization filter for HistoryClusters
[77371:77371:0923/061936.787294:INFO:CONSOLE(0)] "The resource https://redirect.prod.experiment.routing.cloudfront.aws.a2z.com/x.png was preloaded using link preload but not used within a few seconds from the window's load event. Please make sure it has an appropriate `as` value and it is preloaded intentionally.", source: https://www.amazon.com/a/addresses (0)
[77371:77371:0923/061937.185772:INFO:CONSOLE(2472)] "Uncaught TypeError: Cannot set properties of undefined (setting 'jsError')", source: https://www.amazon.com/a/addresses (2472)
[77371:77371:0923/061937.352382:ERROR:background_mode_manager_aura.cc(12)] Not implemented reached in virtual void BackgroundModeManager::EnableLaunchOnStartup(bool)
[77371:77371:0923/061937.388411:WARNING:internal_linux.cc(67)] Failed to read /proc/77435/stat
[77371:77371:0923/061937.388452:ERROR:kill_posix.cc(34)] waitpid(77435): No child processes (10)
[77371:77390:0923/061937.393177:WARNING:discardable_shared_memory_manager.cc(436)] Some MojoDiscardableSharedMemoryManagerImpls are still alive. They will be leaked.
[77371:77371:0923/061937.395010:WARNING:pref_notifier_impl.cc(41)] Pref observer for media_router.cast_allow_all_ips found at shutdown.
