>>> Taint source: (invoked from api_request_handler:tabs.create:pendingUrl)
0x2ac0a85f8949 <String[45]: "https://changingroom.eco/welcome-change-maker">
** In function 0x1ebc00a40248 ``, source code:
(tab) { }
>>> END Taint source

>>> Taint source: (invoked from api_request_handler:tabs.get:pendingUrl)
0x2ac0a85fab31 <String[45]: "https://changingroom.eco/welcome-change-maker">
** In function 0x1ebc00a40248 ``, source code:
(tab) {
            console.log(tab.url);
            // get_current_brand(tab.url);
        }
>>> END Taint source

>>> Taint source: (invoked from event_emitter:tabs.onUpdated(Fire))
0x2ac0a85fb749 <String[39]: "https://mail.google.com/mail/u/0/#inbox">
** In function 0x1ebc00a40428 ``, source code:
(tabId, changeInfo, tab) {
        if (changeInfo.url == undefined) {
            return;
        }
        else {
            console.log(changeInfo.url);
            // get_current_brand(tab.url);
        }
    }
>>> END Taint source

>>> Taint source: (invoked from event_emitter:tabs.onUpdated(Fire))
0x2ac0a85fde69 <String[5]: "Gmail">
** In function 0x1ebc00a40410 ``, source code:
(tabId, changeInfo, tab) {
        if (changeInfo.url == undefined) {
            return;
        }
        else {
            console.log(changeInfo.url);
            // get_current_brand(tab.url);
        }
    }
>>> END Taint source

>>> Taint source: (invoked from event_emitter:tabs.onUpdated(Fire))
0x2ac0a85fe241 <String[39]: "https://mail.google.com/mail/u/0/#inbox">
** In function 0x1ebc00a40410 ``, source code:
(tabId, changeInfo, tab) {
        if (changeInfo.url == undefined) {
            return;
        }
        else {
            console.log(changeInfo.url);
            // get_current_brand(tab.url);
        }
    }
>>> END Taint source

>>> Taint source: (invoked from event_emitter:tabs.onUpdated(Fire))
0x2ac0a85ffe89 <String[45]: "https://changingroom.eco/welcome-change-maker">
** In function 0x1ebc00a40428 ``, source code:
(tabId, changeInfo, tab) {
        if (changeInfo.url == undefined) {
            return;
        }
        else {
            console.log(changeInfo.url);
            // get_current_brand(tab.url);
        }
    }
>>> END Taint source

>>> Taint source: (invoked from event_emitter:tabs.onUpdated(Fire))
0x12004b6c3121 <String[23]: "Welcome - Changing Room">
** In function 0x1ebc00a40410 ``, source code:
(tabId, changeInfo, tab) {
        if (changeInfo.url == undefined) {
            return;
        }
        else {
            console.log(changeInfo.url);
            // get_current_brand(tab.url);
        }
    }
>>> END Taint source

>>> Taint source: (invoked from event_emitter:tabs.onUpdated(Fire))
0x12004b6c34e9 <String[45]: "https://changingroom.eco/welcome-change-maker">
** In function 0x1ebc00a40410 ``, source code:
(tabId, changeInfo, tab) {
        if (changeInfo.url == undefined) {
            return;
        }
        else {
            console.log(changeInfo.url);
            // get_current_brand(tab.url);
        }
    }
>>> END Taint source

>>> Taint source: (invoked from event_emitter:tabs.onUpdated(Fire))
0x12004b6c54a9 <String[23]: "Welcome - Changing Room">
** In function 0x1ebc00a40410 ``, source code:
(tabId, changeInfo, tab) {
        if (changeInfo.url == undefined) {
            return;
        }
        else {
            console.log(changeInfo.url);
            // get_current_brand(tab.url);
        }
    }
>>> END Taint source

>>> Taint source: (invoked from event_emitter:tabs.onUpdated(Fire))
0x12004b6c54e9 <String[45]: "https://changingroom.eco/welcome-change-maker">
** In function 0x1ebc00a40410 ``, source code:
(tabId, changeInfo, tab) {
        if (changeInfo.url == undefined) {
            return;
        }
        else {
            console.log(changeInfo.url);
            // get_current_brand(tab.url);
        }
    }
>>> END Taint source

>>> Taint source: (invoked from event_emitter:tabs.onUpdated(Fire))
0x12004b6c7fe1 <String[23]: "Welcome - Changing Room">
** In function 0x1ebc00a40428 ``, source code:
(tabId, changeInfo, tab) {
        if (changeInfo.url == undefined) {
            return;
        }
        else {
            console.log(changeInfo.url);
            // get_current_brand(tab.url);
        }
    }
>>> END Taint source

>>> Taint source: (invoked from event_emitter:tabs.onUpdated(Fire))
0x12004b6c81e9 <String[45]: "https://changingroom.eco/welcome-change-maker">
** In function 0x1ebc00a40428 ``, source code:
(tabId, changeInfo, tab) {
        if (changeInfo.url == undefined) {
            return;
        }
        else {
            console.log(changeInfo.url);
            // get_current_brand(tab.url);
        }
    }
>>> END Taint source

>>> Taint source: (invoked from blink)
0x3a18eb4b6bd1 <String[11155]: ue"...<truncated>>">
** In function 0x1ebc002ba108 `DOMtoString`, source code:
(document_root) {
        var html = '', node = document_root.firstChild;
        while (node) {
            switch (node.nodeType) {
                case Node.ELEMENT_NODE:
                    html += node.outerHTML;
                    break;
                case Node.TEXT_NODE:
                    html += node.nodeValue;
                    break;
                case Node.CDATA_SECTION_NODE:
                    html += '<![CDATA[' + node.nodeValue + ']]>';
                    break;
                case Node.COMMENT_NODE:
                    html += '<!--' + node.nodeValue + '-->';
                    break;
                case Node.DOCUMENT_TYPE_NODE:
                    // (X)HTML documents are identified by public identifiers
                    html += "<!DOCTYPE " + node.name + (node.publicId ? ' PUBLIC "' + node.publicId + '"' : '') + (!node.publicId && node.systemId ? ' SYSTEM' : '') + (node.systemId ? ' "' + node.systemId + '"' : '') + '>\n';
                    break;
            }
            node = node.nextSibling;
        }
        return html;
    }
>>> END Taint source

>>> Taint source: (invoked from blink)
0x3a18eb4b8f21 <String[45]: e"https://changingroom.eco/welcome-change-maker">
** In function 0x1ebc002ba1c8 `sendHTMLpage`, source code:
(HTMLpage) {
        const response = await fetch(`https://www.changingroom.eco/api/html_parser`, {
            method: 'POST',
            body: JSON.stringify({ 'HTMLpage': HTMLpage,
                'current_url': location.href }),
            headers: {
                'Content-Type': 'application/json',
                Accept: "application/json",
            }
        });
        const responseJSON = await response.json();
        console.log('responseJSON', responseJSON);
        console.log('before partial', can_get_partial_score);
        // await get_partial_score(location.href)
        // console.log('after partial',can_get_partial_score)
        // if(responseJSON.color != 'None' && responseJSON.low_level!='Other' && can_get_partial_score){
        //     console.log('BOTH COLORS AND SHAPE')
        //     init();  
        // }
        return responseJSON;
    }
>>> END Taint source

>>> Taint source: (invoked from event_emitter:tabs.onUpdated(Fire))
0x12004b6cab09 <String[5]: "Gmail">
** In function 0x1ebc00a40410 ``, source code:
(tabId, changeInfo, tab) {
        if (changeInfo.url == undefined) {
            return;
        }
        else {
            console.log(changeInfo.url);
            // get_current_brand(tab.url);
        }
    }
>>> END Taint source

>>> Taint source: (invoked from event_emitter:tabs.onUpdated(Fire))
0x12004b6cab39 <String[39]: "https://mail.google.com/mail/u/0/#inbox">
** In function 0x1ebc00a40410 ``, source code:
(tabId, changeInfo, tab) {
        if (changeInfo.url == undefined) {
            return;
        }
        else {
            console.log(changeInfo.url);
            // get_current_brand(tab.url);
        }
    }
>>> END Taint source

>>> Taint source: (invoked from event_emitter:tabs.onUpdated(Fire))
0x12004b6ccb51 <String[43]: "Inbox (4) - amylee.230119@gmail.com - Gmail">
** In function 0x1ebc00a40410 ``, source code:
(tabId, changeInfo, tab) {
        if (changeInfo.url == undefined) {
            return;
        }
        else {
            console.log(changeInfo.url);
            // get_current_brand(tab.url);
        }
    }
>>> END Taint source

>>> Taint source: (invoked from event_emitter:tabs.onUpdated(Fire))
0x12004b6ccf49 <String[39]: "https://mail.google.com/mail/u/0/#inbox">
** In function 0x1ebc00a40410 ``, source code:
(tabId, changeInfo, tab) {
        if (changeInfo.url == undefined) {
            return;
        }
        else {
            console.log(changeInfo.url);
            // get_current_brand(tab.url);
        }
    }
>>> END Taint source

>>> Taint source: (invoked from api_request_handler:tabs.get:url)
0x12004b6cf931 <String[39]: "https://mail.google.com/mail/u/0/#inbox">
** In function 0x1ebc00a40230 ``, source code:
(tab) {
            console.log(tab.url);
            // get_current_brand(tab.url);
        }
>>> END Taint source

>>> Taint source: (invoked from api_request_handler:tabs.get:title)
0x12004b6cf8d9 <String[43]: "Inbox (4) - amylee.230119@gmail.com - Gmail">
** In function 0x1ebc00a40230 ``, source code:
(tab) {
            console.log(tab.url);
            // get_current_brand(tab.url);
        }
>>> END Taint source

>>> Taint source: (invoked from event_emitter:tabs.onUpdated(Fire))
0x12004b6d0891 <String[43]: "Inbox (4) - amylee.230119@gmail.com - Gmail">
** In function 0x1ebc00a40410 ``, source code:
(tabId, changeInfo, tab) {
        if (changeInfo.url == undefined) {
            return;
        }
        else {
            console.log(changeInfo.url);
            // get_current_brand(tab.url);
        }
    }
>>> END Taint source

>>> Taint source: (invoked from event_emitter:tabs.onUpdated(Fire))
0x12004b6d08e9 <String[39]: "https://mail.google.com/mail/u/0/#inbox">
** In function 0x1ebc00a40410 ``, source code:
(tabId, changeInfo, tab) {
        if (changeInfo.url == undefined) {
            return;
        }
        else {
            console.log(changeInfo.url);
            // get_current_brand(tab.url);
        }
    }
>>> END Taint source

>>> Taint source: (invoked from event_emitter:tabs.onUpdated(Fire))
0x12004b6d2d19 <String[43]: "Inbox (4) - amylee.230119@gmail.com - Gmail">
** In function 0x1ebc00a40428 ``, source code:
(tabId, changeInfo, tab) {
        if (changeInfo.url == undefined) {
            return;
        }
        else {
            console.log(changeInfo.url);
            // get_current_brand(tab.url);
        }
    }
>>> END Taint source

>>> Taint source: (invoked from event_emitter:tabs.onUpdated(Fire))
0x12004b6d2d71 <String[39]: "https://mail.google.com/mail/u/0/#inbox">
** In function 0x1ebc00a40428 ``, source code:
(tabId, changeInfo, tab) {
        if (changeInfo.url == undefined) {
            return;
        }
        else {
            console.log(changeInfo.url);
            // get_current_brand(tab.url);
        }
    }
>>> END Taint source

>>> Taint source: (invoked from blink)
0x3c9e80271771 <String[2681700]: ue"...<truncated>>">
** In function 0x1ebc002ba108 `DOMtoString`, source code:
(document_root) {
        var html = '', node = document_root.firstChild;
        while (node) {
            switch (node.nodeType) {
                case Node.ELEMENT_NODE:
                    html += node.outerHTML;
                    break;
                case Node.TEXT_NODE:
                    html += node.nodeValue;
                    break;
                case Node.CDATA_SECTION_NODE:
                    html += '<![CDATA[' + node.nodeValue + ']]>';
                    break;
                case Node.COMMENT_NODE:
                    html += '<!--' + node.nodeValue + '-->';
                    break;
                case Node.DOCUMENT_TYPE_NODE:
                    // (X)HTML documents are identified by public identifiers
                    html += "<!DOCTYPE " + node.name + (node.publicId ? ' PUBLIC "' + node.publicId + '"' : '') + (!node.publicId && node.systemId ? ' SYSTEM' : '') + (node.systemId ? ' "' + node.systemId + '"' : '') + '>\n';
                    break;
            }
            node = node.nextSibling;
        }
        return html;
    }
>>> END Taint source

>>> Taint source: (invoked from blink)
0x1a99d5e4c6d9 <String[39]: e"https://mail.google.com/mail/u/0/#inbox">
** In function 0x1ebc002ba1c8 `sendHTMLpage`, source code:
(HTMLpage) {
        const response = await fetch(`https://www.changingroom.eco/api/html_parser`, {
            method: 'POST',
            body: JSON.stringify({ 'HTMLpage': HTMLpage,
                'current_url': location.href }),
            headers: {
                'Content-Type': 'application/json',
                Accept: "application/json",
            }
        });
        const responseJSON = await response.json();
        console.log('responseJSON', responseJSON);
        console.log('before partial', can_get_partial_score);
        // await get_partial_score(location.href)
        // console.log('after partial',can_get_partial_score)
        // if(responseJSON.color != 'None' && responseJSON.low_level!='Other' && can_get_partial_score){
        //     console.log('BOTH COLORS AND SHAPE')
        //     init();  
        // }
        return responseJSON;
    }
>>> END Taint source

