>>> Taint source: (invoked from api_request_handler:tabs.create:pendingUrl)
0x0aa335778949 <String[45]: "https://changingroom.eco/welcome-change-maker">
** In function 0x306000b68248 ``, source code:
(tab) { }
>>> END Taint source

>>> Taint source: (invoked from api_request_handler:tabs.get:pendingUrl)
0x0aa33577ab31 <String[45]: "https://changingroom.eco/welcome-change-maker">
** In function 0x306000b68248 ``, source code:
(tab) {
            console.log(tab.url);
            // get_current_brand(tab.url);
        }
>>> END Taint source

>>> Taint source: (invoked from event_emitter:tabs.onUpdated(Fire))
0x0aa33577b749 <String[32]: "https://outlook.live.com/mail/0/">
** In function 0x306000b68428 ``, source code:
(tabId, changeInfo, tab) {
        if (changeInfo.url == undefined) {
            return;
        }
        else {
            console.log(changeInfo.url);
            // get_current_brand(tab.url);
        }
    }
>>> END Taint source

>>> Taint source: (invoked from event_emitter:tabs.onUpdated(Fire))
0x0aa33577de51 <String[7]: "Outlook">
** In function 0x306000b68410 ``, source code:
(tabId, changeInfo, tab) {
        if (changeInfo.url == undefined) {
            return;
        }
        else {
            console.log(changeInfo.url);
            // get_current_brand(tab.url);
        }
    }
>>> END Taint source

>>> Taint source: (invoked from event_emitter:tabs.onUpdated(Fire))
0x0aa33577e229 <String[32]: "https://outlook.live.com/mail/0/">
** In function 0x306000b68410 ``, source code:
(tabId, changeInfo, tab) {
        if (changeInfo.url == undefined) {
            return;
        }
        else {
            console.log(changeInfo.url);
            // get_current_brand(tab.url);
        }
    }
>>> END Taint source

>>> Taint source: (invoked from event_emitter:tabs.onUpdated(Fire))
0x0aa33577fe69 <String[45]: "https://changingroom.eco/welcome-change-maker">
** In function 0x306000b68428 ``, source code:
(tabId, changeInfo, tab) {
        if (changeInfo.url == undefined) {
            return;
        }
        else {
            console.log(changeInfo.url);
            // get_current_brand(tab.url);
        }
    }
>>> END Taint source

>>> Taint source: (invoked from event_emitter:tabs.onUpdated(Fire))
0x2e7be8683109 <String[23]: "Welcome - Changing Room">
** In function 0x306000b68410 ``, source code:
(tabId, changeInfo, tab) {
        if (changeInfo.url == undefined) {
            return;
        }
        else {
            console.log(changeInfo.url);
            // get_current_brand(tab.url);
        }
    }
>>> END Taint source

>>> Taint source: (invoked from event_emitter:tabs.onUpdated(Fire))
0x2e7be86834d1 <String[45]: "https://changingroom.eco/welcome-change-maker">
** In function 0x306000b68410 ``, source code:
(tabId, changeInfo, tab) {
        if (changeInfo.url == undefined) {
            return;
        }
        else {
            console.log(changeInfo.url);
            // get_current_brand(tab.url);
        }
    }
>>> END Taint source

>>> Taint source: (invoked from event_emitter:tabs.onUpdated(Fire))
0x2e7be8685491 <String[23]: "Welcome - Changing Room">
** In function 0x306000b68410 ``, source code:
(tabId, changeInfo, tab) {
        if (changeInfo.url == undefined) {
            return;
        }
        else {
            console.log(changeInfo.url);
            // get_current_brand(tab.url);
        }
    }
>>> END Taint source

>>> Taint source: (invoked from event_emitter:tabs.onUpdated(Fire))
0x2e7be86854d1 <String[45]: "https://changingroom.eco/welcome-change-maker">
** In function 0x306000b68410 ``, source code:
(tabId, changeInfo, tab) {
        if (changeInfo.url == undefined) {
            return;
        }
        else {
            console.log(changeInfo.url);
            // get_current_brand(tab.url);
        }
    }
>>> END Taint source

>>> Taint source: (invoked from event_emitter:tabs.onUpdated(Fire))
0x2e7be8687fc9 <String[23]: "Welcome - Changing Room">
** In function 0x306000b68428 ``, source code:
(tabId, changeInfo, tab) {
        if (changeInfo.url == undefined) {
            return;
        }
        else {
            console.log(changeInfo.url);
            // get_current_brand(tab.url);
        }
    }
>>> END Taint source

>>> Taint source: (invoked from event_emitter:tabs.onUpdated(Fire))
0x2e7be86881d1 <String[45]: "https://changingroom.eco/welcome-change-maker">
** In function 0x306000b68428 ``, source code:
(tabId, changeInfo, tab) {
        if (changeInfo.url == undefined) {
            return;
        }
        else {
            console.log(changeInfo.url);
            // get_current_brand(tab.url);
        }
    }
>>> END Taint source

>>> Taint source: (invoked from blink)
0x1dca16a7a671 <String[10856]: ue"...<truncated>>">
** In function 0x3060002ba108 `DOMtoString`, source code:
(document_root) {
        var html = '', node = document_root.firstChild;
        while (node) {
            switch (node.nodeType) {
                case Node.ELEMENT_NODE:
                    html += node.outerHTML;
                    break;
                case Node.TEXT_NODE:
                    html += node.nodeValue;
                    break;
                case Node.CDATA_SECTION_NODE:
                    html += '<![CDATA[' + node.nodeValue + ']]>';
                    break;
                case Node.COMMENT_NODE:
                    html += '<!--' + node.nodeValue + '-->';
                    break;
                case Node.DOCUMENT_TYPE_NODE:
                    // (X)HTML documents are identified by public identifiers
                    html += "<!DOCTYPE " + node.name + (node.publicId ? ' PUBLIC "' + node.publicId + '"' : '') + (!node.publicId && node.systemId ? ' SYSTEM' : '') + (node.systemId ? ' "' + node.systemId + '"' : '') + '>\n';
                    break;
            }
            node = node.nextSibling;
        }
        return html;
    }
>>> END Taint source

>>> Taint source: (invoked from blink)
0x1dca16a7c9c1 <String[45]: e"https://changingroom.eco/welcome-change-maker">
** In function 0x3060002ba1c8 `sendHTMLpage`, source code:
(HTMLpage) {
        const response = await fetch(`https://www.changingroom.eco/api/html_parser`, {
            method: 'POST',
            body: JSON.stringify({ 'HTMLpage': HTMLpage,
                'current_url': location.href }),
            headers: {
                'Content-Type': 'application/json',
                Accept: "application/json",
            }
        });
        const responseJSON = await response.json();
        console.log('responseJSON', responseJSON);
        console.log('before partial', can_get_partial_score);
        // await get_partial_score(location.href)
        // console.log('after partial',can_get_partial_score)
        // if(responseJSON.color != 'None' && responseJSON.low_level!='Other' && can_get_partial_score){
        //     console.log('BOTH COLORS AND SHAPE')
        //     init();  
        // }
        return responseJSON;
    }
>>> END Taint source

>>> Taint source: (invoked from event_emitter:tabs.onUpdated(Fire))
0x2e7be868a779 <String[24]: "Mail - Jack Ma - Outlook">
** In function 0x306000b68410 ``, source code:
(tabId, changeInfo, tab) {
        if (changeInfo.url == undefined) {
            return;
        }
        else {
            console.log(changeInfo.url);
            // get_current_brand(tab.url);
        }
    }
>>> END Taint source

>>> Taint source: (invoked from event_emitter:tabs.onUpdated(Fire))
0x2e7be868ab41 <String[32]: "https://outlook.live.com/mail/0/">
** In function 0x306000b68410 ``, source code:
(tabId, changeInfo, tab) {
        if (changeInfo.url == undefined) {
            return;
        }
        else {
            console.log(changeInfo.url);
            // get_current_brand(tab.url);
        }
    }
>>> END Taint source

>>> Taint source: (invoked from event_emitter:tabs.onUpdated(Fire))
0x2e7be868c8c9 <String[24]: "Mail - Jack Ma - Outlook">
** In function 0x306000b68410 ``, source code:
(tabId, changeInfo, tab) {
        if (changeInfo.url == undefined) {
            return;
        }
        else {
            console.log(changeInfo.url);
            // get_current_brand(tab.url);
        }
    }
>>> END Taint source

>>> Taint source: (invoked from event_emitter:tabs.onUpdated(Fire))
0x2e7be868c909 <String[32]: "https://outlook.live.com/mail/0/">
** In function 0x306000b68410 ``, source code:
(tabId, changeInfo, tab) {
        if (changeInfo.url == undefined) {
            return;
        }
        else {
            console.log(changeInfo.url);
            // get_current_brand(tab.url);
        }
    }
>>> END Taint source

>>> Taint source: (invoked from blink)
0x2f6d3cb44a59 <String[184983]: ue"...<truncated>>">
** In function 0x3060002ba108 `DOMtoString`, source code:
(document_root) {
        var html = '', node = document_root.firstChild;
        while (node) {
            switch (node.nodeType) {
                case Node.ELEMENT_NODE:
                    html += node.outerHTML;
                    break;
                case Node.TEXT_NODE:
                    html += node.nodeValue;
                    break;
                case Node.CDATA_SECTION_NODE:
                    html += '<![CDATA[' + node.nodeValue + ']]>';
                    break;
                case Node.COMMENT_NODE:
                    html += '<!--' + node.nodeValue + '-->';
                    break;
                case Node.DOCUMENT_TYPE_NODE:
                    // (X)HTML documents are identified by public identifiers
                    html += "<!DOCTYPE " + node.name + (node.publicId ? ' PUBLIC "' + node.publicId + '"' : '') + (!node.publicId && node.systemId ? ' SYSTEM' : '') + (node.systemId ? ' "' + node.systemId + '"' : '') + '>\n';
                    break;
            }
            node = node.nextSibling;
        }
        return html;
    }
>>> END Taint source

>>> Taint source: (invoked from blink)
0x2f6d3cb41ec1 <String[32]: e"https://outlook.live.com/mail/0/">
** In function 0x3060002ba1c8 `sendHTMLpage`, source code:
(HTMLpage) {
        const response = await fetch(`https://www.changingroom.eco/api/html_parser`, {
            method: 'POST',
            body: JSON.stringify({ 'HTMLpage': HTMLpage,
                'current_url': location.href }),
            headers: {
                'Content-Type': 'application/json',
                Accept: "application/json",
            }
        });
        const responseJSON = await response.json();
        console.log('responseJSON', responseJSON);
        console.log('before partial', can_get_partial_score);
        // await get_partial_score(location.href)
        // console.log('after partial',can_get_partial_score)
        // if(responseJSON.color != 'None' && responseJSON.low_level!='Other' && can_get_partial_score){
        //     console.log('BOTH COLORS AND SHAPE')
        //     init();  
        // }
        return responseJSON;
    }
>>> END Taint source

>>> Taint source: (invoked from api_request_handler:tabs.get:url)
0x0aa335778d69 <String[32]: "https://outlook.live.com/mail/0/">
** In function 0x306000a24230 ``, source code:
(tab) {
            console.log(tab.url);
            // get_current_brand(tab.url);
        }
>>> END Taint source

>>> Taint source: (invoked from api_request_handler:tabs.get:title)
0x0aa335778d29 <String[24]: "Mail - Jack Ma - Outlook">
** In function 0x306000a24230 ``, source code:
(tab) {
            console.log(tab.url);
            // get_current_brand(tab.url);
        }
>>> END Taint source

>>> Taint source: (invoked from event_emitter:tabs.onUpdated(Fire))
0x0aa33577a939 <String[24]: "Mail - Jack Ma - Outlook">
** In function 0x306000a24428 ``, source code:
(tabId, changeInfo, tab) {
        if (changeInfo.url == undefined) {
            return;
        }
        else {
            console.log(changeInfo.url);
            // get_current_brand(tab.url);
        }
    }
>>> END Taint source

>>> Taint source: (invoked from event_emitter:tabs.onUpdated(Fire))
0x0aa33577ab41 <String[32]: "https://outlook.live.com/mail/0/">
** In function 0x306000a24428 ``, source code:
(tabId, changeInfo, tab) {
        if (changeInfo.url == undefined) {
            return;
        }
        else {
            console.log(changeInfo.url);
            // get_current_brand(tab.url);
        }
    }
>>> END Taint source

